# JRE version: Java(TM) SE Runtime Environment (8.0_221-b11) (build 1.8.0_221-b11)
# Java VM: Java HotSpot(TM) 64-Bit Server VM (25.221-b11 mixed mode linux-amd64 compressed oops)
Heap:
 PSYoungGen      total 196096K, used 54530K [0x00000000f0000000, 0x0000000100000000, 0x0000000100000000)
  eden space 133120K, 3% used [0x00000000f0000000,0x00000000f04bf600,0x00000000f8200000)
  from space 62976K, 78% used [0x00000000fc280000,0x00000000ff301578,0x0000000100000000)
  to   space 64512K, 0% used [0x00000000f8200000,0x00000000f8200000,0x00000000fc100000)
 ParOldGen       total 524288K, used 365184K [0x00000000d0000000, 0x00000000f0000000, 0x00000000f0000000)
  object space 524288K, 69% used [0x00000000d0000000,0x00000000e64a01e8,0x00000000f0000000)
 Metaspace       used 120894K, capacity 124778K, committed 124992K, reserved 1161216K
  class space    used 11817K, capacity 13062K, committed 13120K, reserved 1048576K
GC Heap History (10 events):
Event: 38,181 GC heap before
{Heap before GC invocations=82 (full 4):
 PSYoungGen      total 193536K, used 193266K [0x00000000f0000000, 0x0000000100000000, 0x0000000100000000)
  eden space 153600K, 100% used [0x00000000f0000000,0x00000000f9600000,0x00000000f9600000)
  from space 39936K, 99% used [0x00000000f9600000,0x00000000fbcbc8d8,0x00000000fbd00000)
  to   space 54784K, 0% used [0x00000000fca80000,0x00000000fca80000,0x0000000100000000)
 ParOldGen       total 524288K, used 362704K [0x00000000d0000000, 0x00000000f0000000, 0x00000000f0000000)
  object space 524288K, 69% used [0x00000000d0000000,0x00000000e62341e8,0x00000000f0000000)
 Metaspace       used 118812K, capacity 122124K, committed 122304K, reserved 1159168K
  class space    used 11559K, capacity 12715K, committed 12736K, reserved 1048576K
Event: 38,199 GC heap after
Heap after GC invocations=82 (full 4):
 PSYoungGen      total 207872K, used 38725K [0x00000000f0000000, 0x0000000100000000, 0x0000000100000000)
  eden space 153088K, 0% used [0x00000000f0000000,0x00000000f0000000,0x00000000f9580000)
  from space 54784K, 70% used [0x00000000fca80000,0x00000000ff0514b0,0x0000000100000000)
  to   space 54272K, 0% used [0x00000000f9580000,0x00000000f9580000,0x00000000fca80000)
 ParOldGen       total 524288K, used 363504K [0x00000000d0000000, 0x00000000f0000000, 0x00000000f0000000)
  object space 524288K, 69% used [0x00000000d0000000,0x00000000e62fc1e8,0x00000000f0000000)
 Metaspace       used 118812K, capacity 122124K, committed 122304K, reserved 1159168K
  class space    used 11559K, capacity 12715K, committed 12736K, reserved 1048576K
}
Event: 48,531 GC heap before
{Heap before GC invocations=83 (full 4):
 PSYoungGen      total 207872K, used 191813K [0x00000000f0000000, 0x0000000100000000, 0x0000000100000000)
  eden space 153088K, 100% used [0x00000000f0000000,0x00000000f9580000,0x00000000f9580000)
  from space 54784K, 70% used [0x00000000fca80000,0x00000000ff0514b0,0x0000000100000000)
  to   space 54272K, 0% used [0x00000000f9580000,0x00000000f9580000,0x00000000fca80000)
 ParOldGen       total 524288K, used 363504K [0x00000000d0000000, 0x00000000f0000000, 0x00000000f0000000)
  object space 524288K, 69% used [0x00000000d0000000,0x00000000e62fc1e8,0x00000000f0000000)
 Metaspace       used 119425K, capacity 123038K, committed 123328K, reserved 1159168K
  class space    used 11663K, capacity 12877K, committed 12992K, reserved 1048576K
Event: 48,551 GC heap after
Heap after GC invocations=83 (full 4):
 PSYoungGen      total 207360K, used 40242K [0x00000000f0000000, 0x0000000100000000, 0x0000000100000000)
  eden space 153088K, 0% used [0x00000000f0000000,0x00000000f0000000,0x00000000f9580000)
  from space 54272K, 74% used [0x00000000f9580000,0x00000000fbccca70,0x00000000fca80000)
  to   space 54784K, 0% used [0x00000000fca80000,0x00000000fca80000,0x0000000100000000)
 ParOldGen       total 524288K, used 363864K [0x00000000d0000000, 0x00000000f0000000, 0x00000000f0000000)
  object space 524288K, 69% used [0x00000000d0000000,0x00000000e63561e8,0x00000000f0000000)
 Metaspace       used 119425K, capacity 123038K, committed 123328K, reserved 1159168K
  class space    used 11663K, capacity 12877K, committed 12992K, reserved 1048576K
}
Event: 52,869 GC heap before
{Heap before GC invocations=84 (full 4):
 PSYoungGen      total 207360K, used 193330K [0x00000000f0000000, 0x0000000100000000, 0x0000000100000000)
  eden space 153088K, 100% used [0x00000000f0000000,0x00000000f9580000,0x00000000f9580000)
  from space 54272K, 74% used [0x00000000f9580000,0x00000000fbccca70,0x00000000fca80000)
  to   space 54784K, 0% used [0x00000000fca80000,0x00000000fca80000,0x0000000100000000)
 ParOldGen       total 524288K, used 363864K [0x00000000d0000000, 0x00000000f0000000, 0x00000000f0000000)
  object space 524288K, 69% used [0x00000000d0000000,0x00000000e63561e8,0x00000000f0000000)
 Metaspace       used 120732K, capacity 124458K, committed 124736K, reserved 1161216K
  class space    used 11799K, capacity 13030K, committed 13120K, reserved 1048576K
Event: 52,893 GC heap after
Heap after GC invocations=84 (full 4):
 PSYoungGen      total 199168K, used 52456K [0x00000000f0000000, 0x0000000100000000, 0x0000000100000000)
  eden space 144384K, 0% used [0x00000000f0000000,0x00000000f0000000,0x00000000f8d00000)
  from space 54784K, 95% used [0x00000000fca80000,0x00000000ffdba1f0,0x0000000100000000)
  to   space 58880K, 0% used [0x00000000f8d00000,0x00000000f8d00000,0x00000000fc680000)
 ParOldGen       total 524288K, used 363872K [0x00000000d0000000, 0x00000000f0000000, 0x00000000f0000000)
  object space 524288K, 69% used [0x00000000d0000000,0x00000000e63581e8,0x00000000f0000000)
 Metaspace       used 120732K, capacity 124458K, committed 124736K, reserved 1161216K
  class space    used 11799K, capacity 13030K, committed 13120K, reserved 1048576K
}
Event: 53,204 GC heap before
{Heap before GC invocations=85 (full 4):
 PSYoungGen      total 199168K, used 196840K [0x00000000f0000000, 0x0000000100000000, 0x0000000100000000)
  eden space 144384K, 100% used [0x00000000f0000000,0x00000000f8d00000,0x00000000f8d00000)
  from space 54784K, 95% used [0x00000000fca80000,0x00000000ffdba1f0,0x0000000100000000)
  to   space 58880K, 0% used [0x00000000f8d00000,0x00000000f8d00000,0x00000000fc680000)
 ParOldGen       total 524288K, used 363872K [0x00000000d0000000, 0x00000000f0000000, 0x00000000f0000000)
  object space 524288K, 69% used [0x00000000d0000000,0x00000000e63581e8,0x00000000f0000000)
 Metaspace       used 120737K, capacity 124458K, committed 124736K, reserved 1161216K
  class space    used 11799K, capacity 13030K, committed 13120K, reserved 1048576K
Event: 53,225 GC heap after
Heap after GC invocations=85 (full 4):
 PSYoungGen      total 197632K, used 53059K [0x00000000f0000000, 0x0000000100000000, 0x0000000100000000)
  eden space 144384K, 0% used [0x00000000f0000000,0x00000000f0000000,0x00000000f8d00000)
  from space 53248K, 99% used [0x00000000f8d00000,0x00000000fc0d0e68,0x00000000fc100000)
  to   space 62976K, 0% used [0x00000000fc280000,0x00000000fc280000,0x0000000100000000)
 ParOldGen       total 524288K, used 363880K [0x00000000d0000000, 0x00000000f0000000, 0x00000000f0000000)
  object space 524288K, 69% used [0x00000000d0000000,0x00000000e635a1e8,0x00000000f0000000)
 Metaspace       used 120737K, capacity 124458K, committed 124736K, reserved 1161216K
  class space    used 11799K, capacity 13030K, committed 13120K, reserved 1048576K
}
Event: 53,922 GC heap before
{Heap before GC invocations=86 (full 4):
 PSYoungGen      total 197632K, used 197443K [0x00000000f0000000, 0x0000000100000000, 0x0000000100000000)
  eden space 144384K, 100% used [0x00000000f0000000,0x00000000f8d00000,0x00000000f8d00000)
  from space 53248K, 99% used [0x00000000f8d00000,0x00000000fc0d0e68,0x00000000fc100000)
  to   space 62976K, 0% used [0x00000000fc280000,0x00000000fc280000,0x0000000100000000)
 ParOldGen       total 524288K, used 363880K [0x00000000d0000000, 0x00000000f0000000, 0x00000000f0000000)
  object space 524288K, 69% used [0x00000000d0000000,0x00000000e635a1e8,0x00000000f0000000)
 Metaspace       used 120857K, capacity 124742K, committed 124992K, reserved 1161216K
  class space    used 11814K, capacity 13056K, committed 13120K, reserved 1048576K
Event: 53,958 GC heap after
Heap after GC invocations=86 (full 4):
 PSYoungGen      total 196096K, used 49669K [0x00000000f0000000, 0x0000000100000000, 0x0000000100000000)
  eden space 133120K, 0% used [0x00000000f0000000,0x00000000f0000000,0x00000000f8200000)
  from space 62976K, 78% used [0x00000000fc280000,0x00000000ff301578,0x0000000100000000)
  to   space 64512K, 0% used [0x00000000f8200000,0x00000000f8200000,0x00000000fc100000)
 ParOldGen       total 524288K, used 365184K [0x00000000d0000000, 0x00000000f0000000, 0x00000000f0000000)
  object space 524288K, 69% used [0x00000000d0000000,0x00000000e64a01e8,0x00000000f0000000)
 Metaspace       used 120857K, capacity 124742K, committed 124992K, reserved 1161216K
  class space    used 11814K, capacity 13056K, committed 13120K, reserved 1048576K
}

