# JRE version: Java(TM) SE Runtime Environment (8.0_221-b11) (build 1.8.0_221-b11)
# Java VM: Java HotSpot(TM) 64-Bit Server VM (25.221-b11 mixed mode linux-amd64 compressed oops)
Heap:
 PSYoungGen      total 197632K, used 67438K [0x00000000f0000000, 0x0000000100000000, 0x0000000100000000)
  eden space 132608K, 15% used [0x00000000f0000000,0x00000000f1457660,0x00000000f8180000)
  from space 65024K, 71% used [0x00000000fc080000,0x00000000fee04218,0x0000000100000000)
  to   space 64512K, 0% used [0x00000000f8180000,0x00000000f8180000,0x00000000fc080000)
 ParOldGen       total 524288K, used 407081K [0x00000000d0000000, 0x00000000f0000000, 0x00000000f0000000)
  object space 524288K, 77% used [0x00000000d0000000,0x00000000e8d8a428,0x00000000f0000000)
 Metaspace       used 120828K, capacity 124620K, committed 124736K, reserved 1161216K
  class space    used 11819K, capacity 13059K, committed 13160K, reserved 1048576K
GC Heap History (10 events):
Event: 48,450 GC heap before
{Heap before GC invocations=78 (full 4):
 PSYoungGen      total 176128K, used 176082K [0x00000000f0000000, 0x0000000100000000, 0x0000000100000000)
  eden space 129024K, 100% used [0x00000000f0000000,0x00000000f7e00000,0x00000000f7e00000)
  from space 47104K, 99% used [0x00000000f7e00000,0x00000000fabf4890,0x00000000fac00000)
  to   space 67584K, 0% used [0x00000000fbe00000,0x00000000fbe00000,0x0000000100000000)
 ParOldGen       total 524288K, used 395095K [0x00000000d0000000, 0x00000000f0000000, 0x00000000f0000000)
  object space 524288K, 75% used [0x00000000d0000000,0x00000000e81d5d20,0x00000000f0000000)
 Metaspace       used 118998K, capacity 122534K, committed 122688K, reserved 1159168K
  class space    used 11598K, capacity 12785K, committed 12904K, reserved 1048576K
Event: 48,477 GC heap after
Heap after GC invocations=78 (full 4):
 PSYoungGen      total 196608K, used 41689K [0x00000000f0000000, 0x0000000100000000, 0x0000000100000000)
  eden space 129024K, 0% used [0x00000000f0000000,0x00000000f0000000,0x00000000f7e00000)
  from space 67584K, 61% used [0x00000000fbe00000,0x00000000fe6b6428,0x0000000100000000)
  to   space 65536K, 0% used [0x00000000f7e00000,0x00000000f7e00000,0x00000000fbe00000)
 ParOldGen       total 524288K, used 399580K [0x00000000d0000000, 0x00000000f0000000, 0x00000000f0000000)
  object space 524288K, 76% used [0x00000000d0000000,0x00000000e86371c8,0x00000000f0000000)
 Metaspace       used 118998K, capacity 122534K, committed 122688K, reserved 1159168K
  class space    used 11598K, capacity 12785K, committed 12904K, reserved 1048576K
}
Event: 58,751 GC heap before
{Heap before GC invocations=79 (full 4):
 PSYoungGen      total 196608K, used 170713K [0x00000000f0000000, 0x0000000100000000, 0x0000000100000000)
  eden space 129024K, 100% used [0x00000000f0000000,0x00000000f7e00000,0x00000000f7e00000)
  from space 67584K, 61% used [0x00000000fbe00000,0x00000000fe6b6428,0x0000000100000000)
  to   space 65536K, 0% used [0x00000000f7e00000,0x00000000f7e00000,0x00000000fbe00000)
 ParOldGen       total 524288K, used 399580K [0x00000000d0000000, 0x00000000f0000000, 0x00000000f0000000)
  object space 524288K, 76% used [0x00000000d0000000,0x00000000e86371c8,0x00000000f0000000)
 Metaspace       used 119573K, capacity 123212K, committed 123456K, reserved 1159168K
  class space    used 11686K, capacity 12876K, committed 12904K, reserved 1048576K
Event: 58,765 GC heap after
Heap after GC invocations=79 (full 4):
 PSYoungGen      total 194560K, used 37296K [0x00000000f0000000, 0x0000000100000000, 0x0000000100000000)
  eden space 129024K, 0% used [0x00000000f0000000,0x00000000f0000000,0x00000000f7e00000)
  from space 65536K, 56% used [0x00000000f7e00000,0x00000000fa26c248,0x00000000fbe00000)
  to   space 63488K, 0% used [0x00000000fc200000,0x00000000fc200000,0x0000000100000000)
 ParOldGen       total 524288K, used 407057K [0x00000000d0000000, 0x00000000f0000000, 0x00000000f0000000)
  object space 524288K, 77% used [0x00000000d0000000,0x00000000e8d84428,0x00000000f0000000)
 Metaspace       used 119573K, capacity 123212K, committed 123456K, reserved 1159168K
  class space    used 11686K, capacity 12876K, committed 12904K, reserved 1048576K
}
Event: 60,596 GC heap before
{Heap before GC invocations=80 (full 4):
 PSYoungGen      total 194560K, used 166320K [0x00000000f0000000, 0x0000000100000000, 0x0000000100000000)
  eden space 129024K, 100% used [0x00000000f0000000,0x00000000f7e00000,0x00000000f7e00000)
  from space 65536K, 56% used [0x00000000f7e00000,0x00000000fa26c248,0x00000000fbe00000)
  to   space 63488K, 0% used [0x00000000fc200000,0x00000000fc200000,0x0000000100000000)
 ParOldGen       total 524288K, used 407057K [0x00000000d0000000, 0x00000000f0000000, 0x00000000f0000000)
  object space 524288K, 77% used [0x00000000d0000000,0x00000000e8d84428,0x00000000f0000000)
 Metaspace       used 120675K, capacity 124428K, committed 124608K, reserved 1161216K
  class space    used 11801K, capacity 13027K, committed 13032K, reserved 1048576K
Event: 60,616 GC heap after
Heap after GC invocations=80 (full 4):
 PSYoungGen      total 197632K, used 47332K [0x00000000f0000000, 0x0000000100000000, 0x0000000100000000)
  eden space 134144K, 0% used [0x00000000f0000000,0x00000000f0000000,0x00000000f8300000)
  from space 63488K, 74% used [0x00000000fc200000,0x00000000ff039280,0x0000000100000000)
  to   space 64000K, 0% used [0x00000000f8300000,0x00000000f8300000,0x00000000fc180000)
 ParOldGen       total 524288K, used 407065K [0x00000000d0000000, 0x00000000f0000000, 0x00000000f0000000)
  object space 524288K, 77% used [0x00000000d0000000,0x00000000e8d86428,0x00000000f0000000)
 Metaspace       used 120675K, capacity 124428K, committed 124608K, reserved 1161216K
  class space    used 11801K, capacity 13027K, committed 13032K, reserved 1048576K
}
Event: 60,869 GC heap before
{Heap before GC invocations=81 (full 4):
 PSYoungGen      total 197632K, used 181476K [0x00000000f0000000, 0x0000000100000000, 0x0000000100000000)
  eden space 134144K, 100% used [0x00000000f0000000,0x00000000f8300000,0x00000000f8300000)
  from space 63488K, 74% used [0x00000000fc200000,0x00000000ff039280,0x0000000100000000)
  to   space 64000K, 0% used [0x00000000f8300000,0x00000000f8300000,0x00000000fc180000)
 ParOldGen       total 524288K, used 407065K [0x00000000d0000000, 0x00000000f0000000, 0x00000000f0000000)
  object space 524288K, 77% used [0x00000000d0000000,0x00000000e8d86428,0x00000000f0000000)
 Metaspace       used 120677K, capacity 124428K, committed 124608K, reserved 1161216K
  class space    used 11801K, capacity 13027K, committed 13032K, reserved 1048576K
Event: 60,886 GC heap after
Heap after GC invocations=81 (full 4):
 PSYoungGen      total 182272K, used 48018K [0x00000000f0000000, 0x0000000100000000, 0x0000000100000000)
  eden space 134144K, 0% used [0x00000000f0000000,0x00000000f0000000,0x00000000f8300000)
  from space 48128K, 99% used [0x00000000f8300000,0x00000000fb1e4b80,0x00000000fb200000)
  to   space 65024K, 0% used [0x00000000fc080000,0x00000000fc080000,0x0000000100000000)
 ParOldGen       total 524288K, used 407073K [0x00000000d0000000, 0x00000000f0000000, 0x00000000f0000000)
  object space 524288K, 77% used [0x00000000d0000000,0x00000000e8d88428,0x00000000f0000000)
 Metaspace       used 120677K, capacity 124428K, committed 124608K, reserved 1161216K
  class space    used 11801K, capacity 13027K, committed 13032K, reserved 1048576K
}
Event: 61,209 GC heap before
{Heap before GC invocations=82 (full 4):
 PSYoungGen      total 182272K, used 182162K [0x00000000f0000000, 0x0000000100000000, 0x0000000100000000)
  eden space 134144K, 100% used [0x00000000f0000000,0x00000000f8300000,0x00000000f8300000)
  from space 48128K, 99% used [0x00000000f8300000,0x00000000fb1e4b80,0x00000000fb200000)
  to   space 65024K, 0% used [0x00000000fc080000,0x00000000fc080000,0x0000000100000000)
 ParOldGen       total 524288K, used 407073K [0x00000000d0000000, 0x00000000f0000000, 0x00000000f0000000)
  object space 524288K, 77% used [0x00000000d0000000,0x00000000e8d88428,0x00000000f0000000)
 Metaspace       used 120769K, capacity 124542K, committed 124736K, reserved 1161216K
  class space    used 11812K, capacity 13046K, committed 13160K, reserved 1048576K
Event: 61,232 GC heap after
Heap after GC invocations=82 (full 4):
 PSYoungGen      total 197632K, used 46608K [0x00000000f0000000, 0x0000000100000000, 0x0000000100000000)
  eden space 132608K, 0% used [0x00000000f0000000,0x00000000f0000000,0x00000000f8180000)
  from space 65024K, 71% used [0x00000000fc080000,0x00000000fee04218,0x0000000100000000)
  to   space 64512K, 0% used [0x00000000f8180000,0x00000000f8180000,0x00000000fc080000)
 ParOldGen       total 524288K, used 407081K [0x00000000d0000000, 0x00000000f0000000, 0x00000000f0000000)
  object space 524288K, 77% used [0x00000000d0000000,0x00000000e8d8a428,0x00000000f0000000)
 Metaspace       used 120769K, capacity 124542K, committed 124736K, reserved 1161216K
  class space    used 11812K, capacity 13046K, committed 13160K, reserved 1048576K
}

