# JRE version: Java(TM) SE Runtime Environment (8.0_221-b11) (build 1.8.0_221-b11)
# Java VM: Java HotSpot(TM) 64-Bit Server VM (25.221-b11 mixed mode linux-amd64 compressed oops)
Heap:
 PSYoungGen      total 211456K, used 64729K [0x00000000f0000000, 0x0000000100000000, 0x0000000100000000)
  eden space 161280K, 25% used [0x00000000f0000000,0x00000000f278db08,0x00000000f9d80000)
  from space 50176K, 48% used [0x00000000f9d80000,0x00000000fb528bf8,0x00000000fce80000)
  to   space 50176K, 0% used [0x00000000fcf00000,0x00000000fcf00000,0x0000000100000000)
 ParOldGen       total 524288K, used 463643K [0x00000000d0000000, 0x00000000f0000000, 0x00000000f0000000)
  object space 524288K, 88% used [0x00000000d0000000,0x00000000ec4c6fc8,0x00000000f0000000)
 Metaspace       used 127551K, capacity 132278K, committed 132416K, reserved 1167360K
  class space    used 12504K, capacity 13943K, committed 13952K, reserved 1048576K
GC Heap History (10 events):
Event: 454,494 GC heap before
{Heap before GC invocations=117 (full 4):
 PSYoungGen      total 205824K, used 152383K [0x00000000f0000000, 0x0000000100000000, 0x0000000100000000)
  eden space 146944K, 100% used [0x00000000f0000000,0x00000000f8f80000,0x00000000f8f80000)
  from space 58880K, 9% used [0x00000000fc680000,0x00000000fcbcff60,0x0000000100000000)
  to   space 56320K, 0% used [0x00000000f8f80000,0x00000000f8f80000,0x00000000fc680000)
 ParOldGen       total 524288K, used 463248K [0x00000000d0000000, 0x00000000f0000000, 0x00000000f0000000)
  object space 524288K, 88% used [0x00000000d0000000,0x00000000ec464158,0x00000000f0000000)
 Metaspace       used 125788K, capacity 130338K, committed 130496K, reserved 1165312K
  class space    used 12332K, capacity 13705K, committed 13824K, reserved 1048576K
Event: 454,513 GC heap after
Heap after GC invocations=117 (full 4):
 PSYoungGen      total 203264K, used 4457K [0x00000000f0000000, 0x0000000100000000, 0x0000000100000000)
  eden space 146944K, 0% used [0x00000000f0000000,0x00000000f0000000,0x00000000f8f80000)
  from space 56320K, 7% used [0x00000000f8f80000,0x00000000f93da400,0x00000000fc680000)
  to   space 54272K, 0% used [0x00000000fcb00000,0x00000000fcb00000,0x0000000100000000)
 ParOldGen       total 524288K, used 463256K [0x00000000d0000000, 0x00000000f0000000, 0x00000000f0000000)
  object space 524288K, 88% used [0x00000000d0000000,0x00000000ec466158,0x00000000f0000000)
 Metaspace       used 125788K, capacity 130338K, committed 130496K, reserved 1165312K
  class space    used 12332K, capacity 13705K, committed 13824K, reserved 1048576K
}
Event: 497,922 GC heap before
{Heap before GC invocations=118 (full 4):
 PSYoungGen      total 203264K, used 151401K [0x00000000f0000000, 0x0000000100000000, 0x0000000100000000)
  eden space 146944K, 100% used [0x00000000f0000000,0x00000000f8f80000,0x00000000f8f80000)
  from space 56320K, 7% used [0x00000000f8f80000,0x00000000f93da400,0x00000000fc680000)
  to   space 54272K, 0% used [0x00000000fcb00000,0x00000000fcb00000,0x0000000100000000)
 ParOldGen       total 524288K, used 463256K [0x00000000d0000000, 0x00000000f0000000, 0x00000000f0000000)
  object space 524288K, 88% used [0x00000000d0000000,0x00000000ec466158,0x00000000f0000000)
 Metaspace       used 125809K, capacity 130350K, committed 130496K, reserved 1165312K
  class space    used 12336K, capacity 13707K, committed 13824K, reserved 1048576K
Event: 497,928 GC heap after
Heap after GC invocations=118 (full 4):
 PSYoungGen      total 210432K, used 5540K [0x00000000f0000000, 0x0000000100000000, 0x0000000100000000)
  eden space 156160K, 0% used [0x00000000f0000000,0x00000000f0000000,0x00000000f9880000)
  from space 54272K, 10% used [0x00000000fcb00000,0x00000000fd0693d8,0x0000000100000000)
  to   space 51712K, 0% used [0x00000000f9880000,0x00000000f9880000,0x00000000fcb00000)
 ParOldGen       total 524288K, used 463264K [0x00000000d0000000, 0x00000000f0000000, 0x00000000f0000000)
  object space 524288K, 88% used [0x00000000d0000000,0x00000000ec468158,0x00000000f0000000)
 Metaspace       used 125809K, capacity 130350K, committed 130496K, reserved 1165312K
  class space    used 12336K, capacity 13707K, committed 13824K, reserved 1048576K
}
Event: 498,943 GC heap before
{Heap before GC invocations=119 (full 4):
 PSYoungGen      total 210432K, used 161700K [0x00000000f0000000, 0x0000000100000000, 0x0000000100000000)
  eden space 156160K, 100% used [0x00000000f0000000,0x00000000f9880000,0x00000000f9880000)
  from space 54272K, 10% used [0x00000000fcb00000,0x00000000fd0693d8,0x0000000100000000)
  to   space 51712K, 0% used [0x00000000f9880000,0x00000000f9880000,0x00000000fcb00000)
 ParOldGen       total 524288K, used 463264K [0x00000000d0000000, 0x00000000f0000000, 0x00000000f0000000)
  object space 524288K, 88% used [0x00000000d0000000,0x00000000ec468158,0x00000000f0000000)
 Metaspace       used 127129K, capacity 131860K, committed 132160K, reserved 1167360K
  class space    used 12471K, capacity 13896K, committed 13952K, reserved 1048576K
Event: 498,953 GC heap after
Heap after GC invocations=119 (full 4):
 PSYoungGen      total 207872K, used 21375K [0x00000000f0000000, 0x0000000100000000, 0x0000000100000000)
  eden space 156160K, 0% used [0x00000000f0000000,0x00000000f0000000,0x00000000f9880000)
  from space 51712K, 41% used [0x00000000f9880000,0x00000000fad5ffc8,0x00000000fcb00000)
  to   space 50688K, 0% used [0x00000000fce80000,0x00000000fce80000,0x0000000100000000)
 ParOldGen       total 524288K, used 463272K [0x00000000d0000000, 0x00000000f0000000, 0x00000000f0000000)
  object space 524288K, 88% used [0x00000000d0000000,0x00000000ec46a158,0x00000000f0000000)
 Metaspace       used 127129K, capacity 131860K, committed 132160K, reserved 1167360K
  class space    used 12471K, capacity 13896K, committed 13952K, reserved 1048576K
}
Event: 500,067 GC heap before
{Heap before GC invocations=120 (full 4):
 PSYoungGen      total 207872K, used 177535K [0x00000000f0000000, 0x0000000100000000, 0x0000000100000000)
  eden space 156160K, 100% used [0x00000000f0000000,0x00000000f9880000,0x00000000f9880000)
  from space 51712K, 41% used [0x00000000f9880000,0x00000000fad5ffc8,0x00000000fcb00000)
  to   space 50688K, 0% used [0x00000000fce80000,0x00000000fce80000,0x0000000100000000)
 ParOldGen       total 524288K, used 463272K [0x00000000d0000000, 0x00000000f0000000, 0x00000000f0000000)
  object space 524288K, 88% used [0x00000000d0000000,0x00000000ec46a158,0x00000000f0000000)
 Metaspace       used 127520K, capacity 132214K, committed 132416K, reserved 1167360K
  class space    used 12494K, capacity 13901K, committed 13952K, reserved 1048576K
Event: 500,080 GC heap after
Heap after GC invocations=120 (full 4):
 PSYoungGen      total 211968K, used 22672K [0x00000000f0000000, 0x0000000100000000, 0x0000000100000000)
  eden space 161280K, 0% used [0x00000000f0000000,0x00000000f0000000,0x00000000f9d80000)
  from space 50688K, 44% used [0x00000000fce80000,0x00000000fe4a40d8,0x0000000100000000)
  to   space 50176K, 0% used [0x00000000f9d80000,0x00000000f9d80000,0x00000000fce80000)
 ParOldGen       total 524288K, used 463280K [0x00000000d0000000, 0x00000000f0000000, 0x00000000f0000000)
  object space 524288K, 88% used [0x00000000d0000000,0x00000000ec46c158,0x00000000f0000000)
 Metaspace       used 127520K, capacity 132214K, committed 132416K, reserved 1167360K
  class space    used 12494K, capacity 13901K, committed 13952K, reserved 1048576K
}
Event: 500,423 GC heap before
{Heap before GC invocations=121 (full 4):
 PSYoungGen      total 211968K, used 183478K [0x00000000f0000000, 0x0000000100000000, 0x0000000100000000)
  eden space 161280K, 99% used [0x00000000f0000000,0x00000000f9d097f0,0x00000000f9d80000)
  from space 50688K, 44% used [0x00000000fce80000,0x00000000fe4a40d8,0x0000000100000000)
  to   space 50176K, 0% used [0x00000000f9d80000,0x00000000f9d80000,0x00000000fce80000)
 ParOldGen       total 524288K, used 463280K [0x00000000d0000000, 0x00000000f0000000, 0x00000000f0000000)
  object space 524288K, 88% used [0x00000000d0000000,0x00000000ec46c158,0x00000000f0000000)
 Metaspace       used 127530K, capacity 132226K, committed 132416K, reserved 1167360K
  class space    used 12495K, capacity 13904K, committed 13952K, reserved 1048576K
Event: 500,441 GC heap after
Heap after GC invocations=121 (full 4):
 PSYoungGen      total 211456K, used 24226K [0x00000000f0000000, 0x0000000100000000, 0x0000000100000000)
  eden space 161280K, 0% used [0x00000000f0000000,0x00000000f0000000,0x00000000f9d80000)
  from space 50176K, 48% used [0x00000000f9d80000,0x00000000fb528bf8,0x00000000fce80000)
  to   space 50176K, 0% used [0x00000000fcf00000,0x00000000fcf00000,0x0000000100000000)
 ParOldGen       total 524288K, used 463643K [0x00000000d0000000, 0x00000000f0000000, 0x00000000f0000000)
  object space 524288K, 88% used [0x00000000d0000000,0x00000000ec4c6fc8,0x00000000f0000000)
 Metaspace       used 127530K, capacity 132226K, committed 132416K, reserved 1167360K
  class space    used 12495K, capacity 13904K, committed 13952K, reserved 1048576K
}

