# JRE version: Java(TM) SE Runtime Environment (8.0_221-b11) (build 1.8.0_221-b11)
# Java VM: Java HotSpot(TM) 64-Bit Server VM (25.221-b11 mixed mode linux-amd64 compressed oops)
Heap:
 PSYoungGen      total 205824K, used 18856K [0x00000000f0000000, 0x0000000100000000, 0x0000000100000000)
  eden space 150528K, 2% used [0x00000000f0000000,0x00000000f03d68f0,0x00000000f9300000)
  from space 55296K, 26% used [0x00000000f9300000,0x00000000fa1939e0,0x00000000fc900000)
  to   space 54784K, 0% used [0x00000000fca80000,0x00000000fca80000,0x0000000100000000)
 ParOldGen       total 524288K, used 456763K [0x00000000d0000000, 0x00000000f0000000, 0x00000000f0000000)
  object space 524288K, 87% used [0x00000000d0000000,0x00000000ebe0ec48,0x00000000f0000000)
 Metaspace       used 126087K, capacity 130906K, committed 131136K, reserved 1167360K
  class space    used 12629K, capacity 14052K, committed 14144K, reserved 1048576K
GC Heap History (10 events):
Event: 257,340 GC heap before
{Heap before GC invocations=107 (full 4):
 PSYoungGen      total 203264K, used 166870K [0x00000000f0000000, 0x0000000100000000, 0x0000000100000000)
  eden space 143360K, 99% used [0x00000000f0000000,0x00000000f8bea5b0,0x00000000f8c00000)
  from space 59904K, 39% used [0x00000000fc580000,0x00000000fdc8b390,0x0000000100000000)
  to   space 58880K, 0% used [0x00000000f8c00000,0x00000000f8c00000,0x00000000fc580000)
 ParOldGen       total 524288K, used 447516K [0x00000000d0000000, 0x00000000f0000000, 0x00000000f0000000)
  object space 524288K, 85% used [0x00000000d0000000,0x00000000eb5071c8,0x00000000f0000000)
 Metaspace       used 125796K, capacity 130504K, committed 130880K, reserved 1165312K
  class space    used 12610K, capacity 14019K, committed 14144K, reserved 1048576K
Event: 257,352 GC heap after
Heap after GC invocations=107 (full 4):
 PSYoungGen      total 202240K, used 20673K [0x00000000f0000000, 0x0000000100000000, 0x0000000100000000)
  eden space 143360K, 0% used [0x00000000f0000000,0x00000000f0000000,0x00000000f8c00000)
  from space 58880K, 35% used [0x00000000f8c00000,0x00000000fa030590,0x00000000fc580000)
  to   space 57856K, 0% used [0x00000000fc780000,0x00000000fc780000,0x0000000100000000)
 ParOldGen       total 524288K, used 451306K [0x00000000d0000000, 0x00000000f0000000, 0x00000000f0000000)
  object space 524288K, 86% used [0x00000000d0000000,0x00000000eb8baa40,0x00000000f0000000)
 Metaspace       used 125796K, capacity 130504K, committed 130880K, reserved 1165312K
  class space    used 12610K, capacity 14019K, committed 14144K, reserved 1048576K
}
Event: 257,611 GC heap before
{Heap before GC invocations=108 (full 4):
 PSYoungGen      total 202240K, used 164033K [0x00000000f0000000, 0x0000000100000000, 0x0000000100000000)
  eden space 143360K, 100% used [0x00000000f0000000,0x00000000f8c00000,0x00000000f8c00000)
  from space 58880K, 35% used [0x00000000f8c00000,0x00000000fa030590,0x00000000fc580000)
  to   space 57856K, 0% used [0x00000000fc780000,0x00000000fc780000,0x0000000100000000)
 ParOldGen       total 524288K, used 451306K [0x00000000d0000000, 0x00000000f0000000, 0x00000000f0000000)
  object space 524288K, 86% used [0x00000000d0000000,0x00000000eb8baa40,0x00000000f0000000)
 Metaspace       used 125796K, capacity 130504K, committed 130880K, reserved 1165312K
  class space    used 12610K, capacity 14019K, committed 14144K, reserved 1048576K
Event: 257,620 GC heap after
Heap after GC invocations=108 (full 4):
 PSYoungGen      total 205312K, used 21337K [0x00000000f0000000, 0x0000000100000000, 0x0000000100000000)
  eden space 147456K, 0% used [0x00000000f0000000,0x00000000f0000000,0x00000000f9000000)
  from space 57856K, 36% used [0x00000000fc780000,0x00000000fdc565e8,0x0000000100000000)
  to   space 56832K, 0% used [0x00000000f9000000,0x00000000f9000000,0x00000000fc780000)
 ParOldGen       total 524288K, used 452434K [0x00000000d0000000, 0x00000000f0000000, 0x00000000f0000000)
  object space 524288K, 86% used [0x00000000d0000000,0x00000000eb9d4a40,0x00000000f0000000)
 Metaspace       used 125796K, capacity 130504K, committed 130880K, reserved 1165312K
  class space    used 12610K, capacity 14019K, committed 14144K, reserved 1048576K
}
Event: 258,164 GC heap before
{Heap before GC invocations=109 (full 4):
 PSYoungGen      total 205312K, used 168783K [0x00000000f0000000, 0x0000000100000000, 0x0000000100000000)
  eden space 147456K, 99% used [0x00000000f0000000,0x00000000f8ffd740,0x00000000f9000000)
  from space 57856K, 36% used [0x00000000fc780000,0x00000000fdc565e8,0x0000000100000000)
  to   space 56832K, 0% used [0x00000000f9000000,0x00000000f9000000,0x00000000fc780000)
 ParOldGen       total 524288K, used 452434K [0x00000000d0000000, 0x00000000f0000000, 0x00000000f0000000)
  object space 524288K, 86% used [0x00000000d0000000,0x00000000eb9d4a40,0x00000000f0000000)
 Metaspace       used 125935K, capacity 130710K, committed 130880K, reserved 1165312K
  class space    used 12617K, capacity 14032K, committed 14144K, reserved 1048576K
Event: 258,182 GC heap after
Heap after GC invocations=109 (full 4):
 PSYoungGen      total 204288K, used 18961K [0x00000000f0000000, 0x0000000100000000, 0x0000000100000000)
  eden space 147456K, 0% used [0x00000000f0000000,0x00000000f0000000,0x00000000f9000000)
  from space 56832K, 33% used [0x00000000f9000000,0x00000000fa2844f8,0x00000000fc780000)
  to   space 56320K, 0% used [0x00000000fc900000,0x00000000fc900000,0x0000000100000000)
 ParOldGen       total 524288K, used 452666K [0x00000000d0000000, 0x00000000f0000000, 0x00000000f0000000)
  object space 524288K, 86% used [0x00000000d0000000,0x00000000eba0ea40,0x00000000f0000000)
 Metaspace       used 125935K, capacity 130710K, committed 130880K, reserved 1165312K
  class space    used 12617K, capacity 14032K, committed 14144K, reserved 1048576K
}
Event: 260,222 GC heap before
{Heap before GC invocations=110 (full 4):
 PSYoungGen      total 204288K, used 166417K [0x00000000f0000000, 0x0000000100000000, 0x0000000100000000)
  eden space 147456K, 100% used [0x00000000f0000000,0x00000000f9000000,0x00000000f9000000)
  from space 56832K, 33% used [0x00000000f9000000,0x00000000fa2844f8,0x00000000fc780000)
  to   space 56320K, 0% used [0x00000000fc900000,0x00000000fc900000,0x0000000100000000)
 ParOldGen       total 524288K, used 452666K [0x00000000d0000000, 0x00000000f0000000, 0x00000000f0000000)
  object space 524288K, 86% used [0x00000000d0000000,0x00000000eba0ea40,0x00000000f0000000)
 Metaspace       used 126011K, capacity 130766K, committed 130880K, reserved 1165312K
  class space    used 12622K, capacity 14040K, committed 14144K, reserved 1048576K
Event: 260,231 GC heap after
Heap after GC invocations=110 (full 4):
 PSYoungGen      total 206848K, used 19035K [0x00000000f0000000, 0x0000000100000000, 0x0000000100000000)
  eden space 150528K, 0% used [0x00000000f0000000,0x00000000f0000000,0x00000000f9300000)
  from space 56320K, 33% used [0x00000000fc900000,0x00000000fdb96d60,0x0000000100000000)
  to   space 55296K, 0% used [0x00000000f9300000,0x00000000f9300000,0x00000000fc900000)
 ParOldGen       total 524288K, used 454710K [0x00000000d0000000, 0x00000000f0000000, 0x00000000f0000000)
  object space 524288K, 86% used [0x00000000d0000000,0x00000000ebc0d9b8,0x00000000f0000000)
 Metaspace       used 126011K, capacity 130766K, committed 130880K, reserved 1165312K
  class space    used 12622K, capacity 14040K, committed 14144K, reserved 1048576K
}
Event: 260,782 GC heap before
{Heap before GC invocations=111 (full 4):
 PSYoungGen      total 206848K, used 169563K [0x00000000f0000000, 0x0000000100000000, 0x0000000100000000)
  eden space 150528K, 100% used [0x00000000f0000000,0x00000000f9300000,0x00000000f9300000)
  from space 56320K, 33% used [0x00000000fc900000,0x00000000fdb96d60,0x0000000100000000)
  to   space 55296K, 0% used [0x00000000f9300000,0x00000000f9300000,0x00000000fc900000)
 ParOldGen       total 524288K, used 454710K [0x00000000d0000000, 0x00000000f0000000, 0x00000000f0000000)
  object space 524288K, 86% used [0x00000000d0000000,0x00000000ebc0d9b8,0x00000000f0000000)
 Metaspace       used 126085K, capacity 130900K, committed 131136K, reserved 1167360K
  class space    used 12628K, capacity 14051K, committed 14144K, reserved 1048576K
Event: 260,797 GC heap after
Heap after GC invocations=111 (full 4):
 PSYoungGen      total 205824K, used 14926K [0x00000000f0000000, 0x0000000100000000, 0x0000000100000000)
  eden space 150528K, 0% used [0x00000000f0000000,0x00000000f0000000,0x00000000f9300000)
  from space 55296K, 26% used [0x00000000f9300000,0x00000000fa1939e0,0x00000000fc900000)
  to   space 54784K, 0% used [0x00000000fca80000,0x00000000fca80000,0x0000000100000000)
 ParOldGen       total 524288K, used 456763K [0x00000000d0000000, 0x00000000f0000000, 0x00000000f0000000)
  object space 524288K, 87% used [0x00000000d0000000,0x00000000ebe0ec48,0x00000000f0000000)
 Metaspace       used 126085K, capacity 130900K, committed 131136K, reserved 1167360K
  class space    used 12628K, capacity 14051K, committed 14144K, reserved 1048576K
}

