# JRE version: Java(TM) SE Runtime Environment (8.0_221-b11) (build 1.8.0_221-b11)
# Java VM: Java HotSpot(TM) 64-Bit Server VM (25.221-b11 mixed mode linux-amd64 compressed oops)
Heap:
 PSYoungGen      total 155136K, used 137017K [0x00000000f0000000, 0x0000000100000000, 0x0000000100000000)
  eden space 91136K, 80% used [0x00000000f0000000,0x00000000f47b1830,0x00000000f5900000)
  from space 64000K, 99% used [0x00000000f5900000,0x00000000f971cca8,0x00000000f9780000)
  to   space 87040K, 0% used [0x00000000fab00000,0x00000000fab00000,0x0000000100000000)
 ParOldGen       total 524288K, used 409992K [0x00000000d0000000, 0x00000000f0000000, 0x00000000f0000000)
  object space 524288K, 78% used [0x00000000d0000000,0x00000000e90623b0,0x00000000f0000000)
 Metaspace       used 124324K, capacity 128100K, committed 128192K, reserved 1165312K
  class space    used 12014K, capacity 13276K, committed 13312K, reserved 1048576K
GC Heap History (10 events):
Event: 86,545 GC heap before
{Heap before GC invocations=87 (full 4):
 PSYoungGen      total 174080K, used 151780K [0x00000000f0000000, 0x0000000100000000, 0x0000000100000000)
  eden space 91136K, 100% used [0x00000000f0000000,0x00000000f5900000,0x00000000f5900000)
  from space 82944K, 73% used [0x00000000faf00000,0x00000000fea39208,0x0000000100000000)
  to   space 85504K, 0% used [0x00000000f5900000,0x00000000f5900000,0x00000000fac80000)
 ParOldGen       total 524288K, used 397553K [0x00000000d0000000, 0x00000000f0000000, 0x00000000f0000000)
  object space 524288K, 75% used [0x00000000d0000000,0x00000000e843c568,0x00000000f0000000)
 Metaspace       used 122096K, capacity 125678K, committed 126016K, reserved 1163264K
  class space    used 11824K, capacity 13059K, committed 13184K, reserved 1048576K
Event: 86,565 GC heap after
Heap after GC invocations=87 (full 4):
 PSYoungGen      total 149504K, used 58047K [0x00000000f0000000, 0x0000000100000000, 0x0000000100000000)
  eden space 91136K, 0% used [0x00000000f0000000,0x00000000f0000000,0x00000000f5900000)
  from space 58368K, 99% used [0x00000000f5900000,0x00000000f91afec8,0x00000000f9200000)
  to   space 86528K, 0% used [0x00000000fab80000,0x00000000fab80000,0x0000000100000000)
 ParOldGen       total 524288K, used 399073K [0x00000000d0000000, 0x00000000f0000000, 0x00000000f0000000)
  object space 524288K, 76% used [0x00000000d0000000,0x00000000e85b8568,0x00000000f0000000)
 Metaspace       used 122096K, capacity 125678K, committed 126016K, reserved 1163264K
  class space    used 11824K, capacity 13059K, committed 13184K, reserved 1048576K
}
Event: 117,270 GC heap before
{Heap before GC invocations=88 (full 4):
 PSYoungGen      total 149504K, used 149183K [0x00000000f0000000, 0x0000000100000000, 0x0000000100000000)
  eden space 91136K, 100% used [0x00000000f0000000,0x00000000f5900000,0x00000000f5900000)
  from space 58368K, 99% used [0x00000000f5900000,0x00000000f91afec8,0x00000000f9200000)
  to   space 86528K, 0% used [0x00000000fab80000,0x00000000fab80000,0x0000000100000000)
 ParOldGen       total 524288K, used 399073K [0x00000000d0000000, 0x00000000f0000000, 0x00000000f0000000)
  object space 524288K, 76% used [0x00000000d0000000,0x00000000e85b8568,0x00000000f0000000)
 Metaspace       used 122215K, capacity 125866K, committed 126016K, reserved 1163264K
  class space    used 11838K, capacity 13071K, committed 13184K, reserved 1048576K
Event: 117,304 GC heap after
Heap after GC invocations=88 (full 4):
 PSYoungGen      total 177152K, used 52013K [0x00000000f0000000, 0x0000000100000000, 0x0000000100000000)
  eden space 90624K, 0% used [0x00000000f0000000,0x00000000f0000000,0x00000000f5880000)
  from space 86528K, 60% used [0x00000000fab80000,0x00000000fde4b790,0x0000000100000000)
  to   space 84992K, 0% used [0x00000000f5880000,0x00000000f5880000,0x00000000fab80000)
 ParOldGen       total 524288K, used 405228K [0x00000000d0000000, 0x00000000f0000000, 0x00000000f0000000)
  object space 524288K, 77% used [0x00000000d0000000,0x00000000e8bbb098,0x00000000f0000000)
 Metaspace       used 122215K, capacity 125866K, committed 126016K, reserved 1163264K
  class space    used 11838K, capacity 13071K, committed 13184K, reserved 1048576K
}
Event: 143,942 GC heap before
{Heap before GC invocations=89 (full 4):
 PSYoungGen      total 177152K, used 142637K [0x00000000f0000000, 0x0000000100000000, 0x0000000100000000)
  eden space 90624K, 100% used [0x00000000f0000000,0x00000000f5880000,0x00000000f5880000)
  from space 86528K, 60% used [0x00000000fab80000,0x00000000fde4b790,0x0000000100000000)
  to   space 84992K, 0% used [0x00000000f5880000,0x00000000f5880000,0x00000000fab80000)
 ParOldGen       total 524288K, used 405228K [0x00000000d0000000, 0x00000000f0000000, 0x00000000f0000000)
  object space 524288K, 77% used [0x00000000d0000000,0x00000000e8bbb098,0x00000000f0000000)
 Metaspace       used 122624K, capacity 126272K, committed 126528K, reserved 1163264K
  class space    used 11879K, capacity 13112K, committed 13184K, reserved 1048576K
Event: 143,958 GC heap after
Heap after GC invocations=89 (full 4):
 PSYoungGen      total 175616K, used 52718K [0x00000000f0000000, 0x0000000100000000, 0x0000000100000000)
  eden space 90624K, 0% used [0x00000000f0000000,0x00000000f0000000,0x00000000f5880000)
  from space 84992K, 62% used [0x00000000f5880000,0x00000000f8bfba40,0x00000000fab80000)
  to   space 83456K, 0% used [0x00000000fae80000,0x00000000fae80000,0x0000000100000000)
 ParOldGen       total 524288K, used 409976K [0x00000000d0000000, 0x00000000f0000000, 0x00000000f0000000)
  object space 524288K, 78% used [0x00000000d0000000,0x00000000e905e3b0,0x00000000f0000000)
 Metaspace       used 122624K, capacity 126272K, committed 126528K, reserved 1163264K
  class space    used 11879K, capacity 13112K, committed 13184K, reserved 1048576K
}
Event: 144,981 GC heap before
{Heap before GC invocations=90 (full 4):
 PSYoungGen      total 175616K, used 143342K [0x00000000f0000000, 0x0000000100000000, 0x0000000100000000)
  eden space 90624K, 100% used [0x00000000f0000000,0x00000000f5880000,0x00000000f5880000)
  from space 84992K, 62% used [0x00000000f5880000,0x00000000f8bfba40,0x00000000fab80000)
  to   space 83456K, 0% used [0x00000000fae80000,0x00000000fae80000,0x0000000100000000)
 ParOldGen       total 524288K, used 409976K [0x00000000d0000000, 0x00000000f0000000, 0x00000000f0000000)
  object space 524288K, 78% used [0x00000000d0000000,0x00000000e905e3b0,0x00000000f0000000)
 Metaspace       used 123229K, capacity 126968K, committed 127168K, reserved 1163264K
  class space    used 11944K, capacity 13188K, committed 13312K, reserved 1048576K
Event: 145,000 GC heap after
Heap after GC invocations=90 (full 4):
 PSYoungGen      total 174592K, used 62538K [0x00000000f0000000, 0x0000000100000000, 0x0000000100000000)
  eden space 91136K, 0% used [0x00000000f0000000,0x00000000f0000000,0x00000000f5900000)
  from space 83456K, 74% used [0x00000000fae80000,0x00000000feb92898,0x0000000100000000)
  to   space 85504K, 0% used [0x00000000f5900000,0x00000000f5900000,0x00000000fac80000)
 ParOldGen       total 524288K, used 409984K [0x00000000d0000000, 0x00000000f0000000, 0x00000000f0000000)
  object space 524288K, 78% used [0x00000000d0000000,0x00000000e90603b0,0x00000000f0000000)
 Metaspace       used 123229K, capacity 126968K, committed 127168K, reserved 1163264K
  class space    used 11944K, capacity 13188K, committed 13312K, reserved 1048576K
}
Event: 162,365 GC heap before
{Heap before GC invocations=91 (full 4):
 PSYoungGen      total 174592K, used 153674K [0x00000000f0000000, 0x0000000100000000, 0x0000000100000000)
  eden space 91136K, 100% used [0x00000000f0000000,0x00000000f5900000,0x00000000f5900000)
  from space 83456K, 74% used [0x00000000fae80000,0x00000000feb92898,0x0000000100000000)
  to   space 85504K, 0% used [0x00000000f5900000,0x00000000f5900000,0x00000000fac80000)
 ParOldGen       total 524288K, used 409984K [0x00000000d0000000, 0x00000000f0000000, 0x00000000f0000000)
  object space 524288K, 78% used [0x00000000d0000000,0x00000000e90603b0,0x00000000f0000000)
 Metaspace       used 123830K, capacity 127568K, committed 127680K, reserved 1163264K
  class space    used 11988K, capacity 13260K, committed 13312K, reserved 1048576K
Event: 162,382 GC heap after
Heap after GC invocations=91 (full 4):
 PSYoungGen      total 155136K, used 63603K [0x00000000f0000000, 0x0000000100000000, 0x0000000100000000)
  eden space 91136K, 0% used [0x00000000f0000000,0x00000000f0000000,0x00000000f5900000)
  from space 64000K, 99% used [0x00000000f5900000,0x00000000f971cca8,0x00000000f9780000)
  to   space 87040K, 0% used [0x00000000fab00000,0x00000000fab00000,0x0000000100000000)
 ParOldGen       total 524288K, used 409992K [0x00000000d0000000, 0x00000000f0000000, 0x00000000f0000000)
  object space 524288K, 78% used [0x00000000d0000000,0x00000000e90623b0,0x00000000f0000000)
 Metaspace       used 123830K, capacity 127568K, committed 127680K, reserved 1163264K
  class space    used 11988K, capacity 13260K, committed 13312K, reserved 1048576K
}

