# JRE version: Java(TM) SE Runtime Environment (8.0_221-b11) (build 1.8.0_221-b11)
# Java VM: Java HotSpot(TM) 64-Bit Server VM (25.221-b11 mixed mode linux-amd64 compressed oops)
Heap:
 PSYoungGen      total 194048K, used 59079K [0x00000000f0000000, 0x0000000100000000, 0x0000000100000000)
  eden space 128000K, 14% used [0x00000000f0000000,0x00000000f11bf9e8,0x00000000f7d00000)
  from space 66048K, 61% used [0x00000000f7d00000,0x00000000fa4f2348,0x00000000fbd80000)
  to   space 64000K, 0% used [0x00000000fc180000,0x00000000fc180000,0x0000000100000000)
 ParOldGen       total 524288K, used 404272K [0x00000000d0000000, 0x00000000f0000000, 0x00000000f0000000)
  object space 524288K, 77% used [0x00000000d0000000,0x00000000e8acc0f0,0x00000000f0000000)
 Metaspace       used 122163K, capacity 126012K, committed 126272K, reserved 1163264K
  class space    used 11943K, capacity 13117K, committed 13160K, reserved 1048576K
GC Heap History (10 events):
Event: 281,634 GC heap before
{Heap before GC invocations=89 (full 4):
 PSYoungGen      total 194560K, used 184835K [0x00000000f0000000, 0x0000000100000000, 0x0000000100000000)
  eden space 132096K, 100% used [0x00000000f0000000,0x00000000f8100000,0x00000000f8100000)
  from space 62464K, 84% used [0x00000000fc300000,0x00000000ff680fa8,0x0000000100000000)
  to   space 65024K, 0% used [0x00000000f8100000,0x00000000f8100000,0x00000000fc080000)
 ParOldGen       total 524288K, used 391441K [0x00000000d0000000, 0x00000000f0000000, 0x00000000f0000000)
  object space 524288K, 74% used [0x00000000d0000000,0x00000000e7e445a0,0x00000000f0000000)
 Metaspace       used 122002K, capacity 125804K, committed 126016K, reserved 1163264K
  class space    used 11924K, capacity 13083K, committed 13160K, reserved 1048576K
Event: 281,653 GC heap after
Heap after GC invocations=89 (full 4):
 PSYoungGen      total 186368K, used 54062K [0x00000000f0000000, 0x0000000100000000, 0x0000000100000000)
  eden space 132096K, 0% used [0x00000000f0000000,0x00000000f0000000,0x00000000f8100000)
  from space 54272K, 99% used [0x00000000f8100000,0x00000000fb5cbb48,0x00000000fb600000)
  to   space 68096K, 0% used [0x00000000fbd80000,0x00000000fbd80000,0x0000000100000000)
 ParOldGen       total 524288K, used 391449K [0x00000000d0000000, 0x00000000f0000000, 0x00000000f0000000)
  object space 524288K, 74% used [0x00000000d0000000,0x00000000e7e465a0,0x00000000f0000000)
 Metaspace       used 122002K, capacity 125804K, committed 126016K, reserved 1163264K
  class space    used 11924K, capacity 13083K, committed 13160K, reserved 1048576K
}
Event: 281,843 GC heap before
{Heap before GC invocations=90 (full 4):
 PSYoungGen      total 186368K, used 186158K [0x00000000f0000000, 0x0000000100000000, 0x0000000100000000)
  eden space 132096K, 100% used [0x00000000f0000000,0x00000000f8100000,0x00000000f8100000)
  from space 54272K, 99% used [0x00000000f8100000,0x00000000fb5cbb48,0x00000000fb600000)
  to   space 68096K, 0% used [0x00000000fbd80000,0x00000000fbd80000,0x0000000100000000)
 ParOldGen       total 524288K, used 391449K [0x00000000d0000000, 0x00000000f0000000, 0x00000000f0000000)
  object space 524288K, 74% used [0x00000000d0000000,0x00000000e7e465a0,0x00000000f0000000)
 Metaspace       used 122002K, capacity 125804K, committed 126016K, reserved 1163264K
  class space    used 11924K, capacity 13083K, committed 13160K, reserved 1048576K
Event: 281,861 GC heap after
Heap after GC invocations=90 (full 4):
 PSYoungGen      total 190976K, used 53003K [0x00000000f0000000, 0x0000000100000000, 0x0000000100000000)
  eden space 122880K, 0% used [0x00000000f0000000,0x00000000f0000000,0x00000000f7800000)
  from space 68096K, 77% used [0x00000000fbd80000,0x00000000ff142f10,0x0000000100000000)
  to   space 69632K, 0% used [0x00000000f7800000,0x00000000f7800000,0x00000000fbc00000)
 ParOldGen       total 524288K, used 394843K [0x00000000d0000000, 0x00000000f0000000, 0x00000000f0000000)
  object space 524288K, 75% used [0x00000000d0000000,0x00000000e8196d08,0x00000000f0000000)
 Metaspace       used 122002K, capacity 125804K, committed 126016K, reserved 1163264K
  class space    used 11924K, capacity 13083K, committed 13160K, reserved 1048576K
}
Event: 284,425 GC heap before
{Heap before GC invocations=91 (full 4):
 PSYoungGen      total 190976K, used 175883K [0x00000000f0000000, 0x0000000100000000, 0x0000000100000000)
  eden space 122880K, 100% used [0x00000000f0000000,0x00000000f7800000,0x00000000f7800000)
  from space 68096K, 77% used [0x00000000fbd80000,0x00000000ff142f10,0x0000000100000000)
  to   space 69632K, 0% used [0x00000000f7800000,0x00000000f7800000,0x00000000fbc00000)
 ParOldGen       total 524288K, used 394843K [0x00000000d0000000, 0x00000000f0000000, 0x00000000f0000000)
  object space 524288K, 75% used [0x00000000d0000000,0x00000000e8196d08,0x00000000f0000000)
 Metaspace       used 122100K, capacity 125966K, committed 126016K, reserved 1163264K
  class space    used 11939K, capacity 13110K, committed 13160K, reserved 1048576K
Event: 284,443 GC heap after
Heap after GC invocations=91 (full 4):
 PSYoungGen      total 192512K, used 46351K [0x00000000f0000000, 0x0000000100000000, 0x0000000100000000)
  eden space 122880K, 0% used [0x00000000f0000000,0x00000000f0000000,0x00000000f7800000)
  from space 69632K, 66% used [0x00000000f7800000,0x00000000fa543d60,0x00000000fbc00000)
  to   space 68096K, 0% used [0x00000000fbd80000,0x00000000fbd80000,0x0000000100000000)
 ParOldGen       total 524288K, used 399501K [0x00000000d0000000, 0x00000000f0000000, 0x00000000f0000000)
  object space 524288K, 76% used [0x00000000d0000000,0x00000000e8623548,0x00000000f0000000)
 Metaspace       used 122100K, capacity 125966K, committed 126016K, reserved 1163264K
  class space    used 11939K, capacity 13110K, committed 13160K, reserved 1048576K
}
Event: 284,630 GC heap before
{Heap before GC invocations=92 (full 4):
 PSYoungGen      total 192512K, used 169231K [0x00000000f0000000, 0x0000000100000000, 0x0000000100000000)
  eden space 122880K, 100% used [0x00000000f0000000,0x00000000f7800000,0x00000000f7800000)
  from space 69632K, 66% used [0x00000000f7800000,0x00000000fa543d60,0x00000000fbc00000)
  to   space 68096K, 0% used [0x00000000fbd80000,0x00000000fbd80000,0x0000000100000000)
 ParOldGen       total 524288K, used 399501K [0x00000000d0000000, 0x00000000f0000000, 0x00000000f0000000)
  object space 524288K, 76% used [0x00000000d0000000,0x00000000e8623548,0x00000000f0000000)
 Metaspace       used 122101K, capacity 125970K, committed 126272K, reserved 1163264K
  class space    used 11939K, capacity 13110K, committed 13160K, reserved 1048576K
Event: 284,650 GC heap after
Heap after GC invocations=92 (full 4):
 PSYoungGen      total 196096K, used 43979K [0x00000000f0000000, 0x0000000100000000, 0x0000000100000000)
  eden space 128000K, 0% used [0x00000000f0000000,0x00000000f0000000,0x00000000f7d00000)
  from space 68096K, 64% used [0x00000000fbd80000,0x00000000fe872c80,0x0000000100000000)
  to   space 66048K, 0% used [0x00000000f7d00000,0x00000000f7d00000,0x00000000fbd80000)
 ParOldGen       total 524288K, used 403108K [0x00000000d0000000, 0x00000000f0000000, 0x00000000f0000000)
  object space 524288K, 76% used [0x00000000d0000000,0x00000000e89a90e0,0x00000000f0000000)
 Metaspace       used 122101K, capacity 125970K, committed 126272K, reserved 1163264K
  class space    used 11939K, capacity 13110K, committed 13160K, reserved 1048576K
}
Event: 284,937 GC heap before
{Heap before GC invocations=93 (full 4):
 PSYoungGen      total 196096K, used 171614K [0x00000000f0000000, 0x0000000100000000, 0x0000000100000000)
  eden space 128000K, 99% used [0x00000000f0000000,0x00000000f7ca4ea8,0x00000000f7d00000)
  from space 68096K, 64% used [0x00000000fbd80000,0x00000000fe872c80,0x0000000100000000)
  to   space 66048K, 0% used [0x00000000f7d00000,0x00000000f7d00000,0x00000000fbd80000)
 ParOldGen       total 524288K, used 403108K [0x00000000d0000000, 0x00000000f0000000, 0x00000000f0000000)
  object space 524288K, 76% used [0x00000000d0000000,0x00000000e89a90e0,0x00000000f0000000)
 Metaspace       used 122146K, capacity 125988K, committed 126272K, reserved 1163264K
  class space    used 11941K, capacity 13113K, committed 13160K, reserved 1048576K
Event: 284,955 GC heap after
Heap after GC invocations=93 (full 4):
 PSYoungGen      total 194048K, used 40904K [0x00000000f0000000, 0x0000000100000000, 0x0000000100000000)
  eden space 128000K, 0% used [0x00000000f0000000,0x00000000f0000000,0x00000000f7d00000)
  from space 66048K, 61% used [0x00000000f7d00000,0x00000000fa4f2348,0x00000000fbd80000)
  to   space 64000K, 0% used [0x00000000fc180000,0x00000000fc180000,0x0000000100000000)
 ParOldGen       total 524288K, used 404272K [0x00000000d0000000, 0x00000000f0000000, 0x00000000f0000000)
  object space 524288K, 77% used [0x00000000d0000000,0x00000000e8acc0f0,0x00000000f0000000)
 Metaspace       used 122146K, capacity 125988K, committed 126272K, reserved 1163264K
  class space    used 11941K, capacity 13113K, committed 13160K, reserved 1048576K
}

