# JRE version: Java(TM) SE Runtime Environment (8.0_221-b11) (build 1.8.0_221-b11)
# Java VM: Java HotSpot(TM) 64-Bit Server VM (25.221-b11 mixed mode linux-amd64 compressed oops)
Heap:
 PSYoungGen      total 200704K, used 130289K [0x00000000f0000000, 0x0000000100000000, 0x0000000100000000)
  eden space 137728K, 62% used [0x00000000f0000000,0x00000000f548c108,0x00000000f8680000)
  from space 62976K, 69% used [0x00000000fc280000,0x00000000fed303a0,0x0000000100000000)
  to   space 61440K, 0% used [0x00000000f8680000,0x00000000f8680000,0x00000000fc280000)
 ParOldGen       total 524288K, used 407428K [0x00000000d0000000, 0x00000000f0000000, 0x00000000f0000000)
  object space 524288K, 77% used [0x00000000d0000000,0x00000000e8de1330,0x00000000f0000000)
 Metaspace       used 126402K, capacity 130486K, committed 130520K, reserved 1167360K
  class space    used 12326K, capacity 13562K, committed 13568K, reserved 1048576K
GC Heap History (10 events):
Event: 67,360 GC heap before
{Heap before GC invocations=90 (full 4):
 PSYoungGen      total 179712K, used 179288K [0x00000000f0000000, 0x0000000100000000, 0x0000000100000000)
  eden space 129024K, 100% used [0x00000000f0000000,0x00000000f7e00000,0x00000000f7e00000)
  from space 50688K, 99% used [0x00000000f7e00000,0x00000000faf162a8,0x00000000faf80000)
  to   space 67584K, 0% used [0x00000000fbe00000,0x00000000fbe00000,0x0000000100000000)
 ParOldGen       total 524288K, used 392803K [0x00000000d0000000, 0x00000000f0000000, 0x00000000f0000000)
  object space 524288K, 74% used [0x00000000d0000000,0x00000000e7f98e80,0x00000000f0000000)
 Metaspace       used 121952K, capacity 125776K, committed 126040K, reserved 1163264K
  class space    used 11908K, capacity 13119K, committed 13184K, reserved 1048576K
Event: 67,386 GC heap after
Heap after GC invocations=90 (full 4):
 PSYoungGen      total 195584K, used 45127K [0x00000000f0000000, 0x0000000100000000, 0x0000000100000000)
  eden space 128000K, 0% used [0x00000000f0000000,0x00000000f0000000,0x00000000f7d00000)
  from space 67584K, 66% used [0x00000000fbe00000,0x00000000fea11e70,0x0000000100000000)
  to   space 66560K, 0% used [0x00000000f7d00000,0x00000000f7d00000,0x00000000fbe00000)
 ParOldGen       total 524288K, used 396027K [0x00000000d0000000, 0x00000000f0000000, 0x00000000f0000000)
  object space 524288K, 75% used [0x00000000d0000000,0x00000000e82beee0,0x00000000f0000000)
 Metaspace       used 121952K, capacity 125776K, committed 126040K, reserved 1163264K
  class space    used 11908K, capacity 13119K, committed 13184K, reserved 1048576K
}
Event: 74,594 GC heap before
{Heap before GC invocations=91 (full 4):
 PSYoungGen      total 195584K, used 173127K [0x00000000f0000000, 0x0000000100000000, 0x0000000100000000)
  eden space 128000K, 100% used [0x00000000f0000000,0x00000000f7d00000,0x00000000f7d00000)
  from space 67584K, 66% used [0x00000000fbe00000,0x00000000fea11e70,0x0000000100000000)
  to   space 66560K, 0% used [0x00000000f7d00000,0x00000000f7d00000,0x00000000fbe00000)
 ParOldGen       total 524288K, used 396027K [0x00000000d0000000, 0x00000000f0000000, 0x00000000f0000000)
  object space 524288K, 75% used [0x00000000d0000000,0x00000000e82beee0,0x00000000f0000000)
 Metaspace       used 122049K, capacity 125948K, committed 126040K, reserved 1163264K
  class space    used 11920K, capacity 13137K, committed 13184K, reserved 1048576K
Event: 74,608 GC heap after
Heap after GC invocations=91 (full 4):
 PSYoungGen      total 194560K, used 44303K [0x00000000f0000000, 0x0000000100000000, 0x0000000100000000)
  eden space 128000K, 0% used [0x00000000f0000000,0x00000000f0000000,0x00000000f7d00000)
  from space 66560K, 66% used [0x00000000f7d00000,0x00000000fa843f88,0x00000000fbe00000)
  to   space 65024K, 0% used [0x00000000fc080000,0x00000000fc080000,0x0000000100000000)
 ParOldGen       total 524288K, used 398999K [0x00000000d0000000, 0x00000000f0000000, 0x00000000f0000000)
  object space 524288K, 76% used [0x00000000d0000000,0x00000000e85a5f48,0x00000000f0000000)
 Metaspace       used 122049K, capacity 125948K, committed 126040K, reserved 1163264K
  class space    used 11920K, capacity 13137K, committed 13184K, reserved 1048576K
}
Event: 106,878 GC heap before
{Heap before GC invocations=92 (full 4):
 PSYoungGen      total 194560K, used 172303K [0x00000000f0000000, 0x0000000100000000, 0x0000000100000000)
  eden space 128000K, 100% used [0x00000000f0000000,0x00000000f7d00000,0x00000000f7d00000)
  from space 66560K, 66% used [0x00000000f7d00000,0x00000000fa843f88,0x00000000fbe00000)
  to   space 65024K, 0% used [0x00000000fc080000,0x00000000fc080000,0x0000000100000000)
 ParOldGen       total 524288K, used 398999K [0x00000000d0000000, 0x00000000f0000000, 0x00000000f0000000)
  object space 524288K, 76% used [0x00000000d0000000,0x00000000e85a5f48,0x00000000f0000000)
 Metaspace       used 124645K, capacity 128586K, committed 128856K, reserved 1165312K
  class space    used 12172K, capacity 13374K, committed 13440K, reserved 1048576K
Event: 106,894 GC heap after
Heap after GC invocations=92 (full 4):
 PSYoungGen      total 198144K, used 44869K [0x00000000f0000000, 0x0000000100000000, 0x0000000100000000)
  eden space 133120K, 0% used [0x00000000f0000000,0x00000000f0000000,0x00000000f8200000)
  from space 65024K, 69% used [0x00000000fc080000,0x00000000fec51428,0x0000000100000000)
  to   space 64000K, 0% used [0x00000000f8200000,0x00000000f8200000,0x00000000fc080000)
 ParOldGen       total 524288K, used 403277K [0x00000000d0000000, 0x00000000f0000000, 0x00000000f0000000)
  object space 524288K, 76% used [0x00000000d0000000,0x00000000e89d3720,0x00000000f0000000)
 Metaspace       used 124645K, capacity 128586K, committed 128856K, reserved 1165312K
  class space    used 12172K, capacity 13374K, committed 13440K, reserved 1048576K
}
Event: 110,132 GC heap before
{Heap before GC invocations=93 (full 4):
 PSYoungGen      total 198144K, used 177989K [0x00000000f0000000, 0x0000000100000000, 0x0000000100000000)
  eden space 133120K, 100% used [0x00000000f0000000,0x00000000f8200000,0x00000000f8200000)
  from space 65024K, 69% used [0x00000000fc080000,0x00000000fec51428,0x0000000100000000)
  to   space 64000K, 0% used [0x00000000f8200000,0x00000000f8200000,0x00000000fc080000)
 ParOldGen       total 524288K, used 403277K [0x00000000d0000000, 0x00000000f0000000, 0x00000000f0000000)
  object space 524288K, 76% used [0x00000000d0000000,0x00000000e89d3720,0x00000000f0000000)
 Metaspace       used 126310K, capacity 130362K, committed 130520K, reserved 1167360K
  class space    used 12321K, capacity 13552K, committed 13568K, reserved 1048576K
Event: 110,151 GC heap after
Heap after GC invocations=93 (full 4):
 PSYoungGen      total 197120K, used 45782K [0x00000000f0000000, 0x0000000100000000, 0x0000000100000000)
  eden space 133120K, 0% used [0x00000000f0000000,0x00000000f0000000,0x00000000f8200000)
  from space 64000K, 71% used [0x00000000f8200000,0x00000000faeb5880,0x00000000fc080000)
  to   space 62976K, 0% used [0x00000000fc280000,0x00000000fc280000,0x0000000100000000)
 ParOldGen       total 524288K, used 406496K [0x00000000d0000000, 0x00000000f0000000, 0x00000000f0000000)
  object space 524288K, 77% used [0x00000000d0000000,0x00000000e8cf82b8,0x00000000f0000000)
 Metaspace       used 126310K, capacity 130362K, committed 130520K, reserved 1167360K
  class space    used 12321K, capacity 13552K, committed 13568K, reserved 1048576K
}
Event: 110,417 GC heap before
{Heap before GC invocations=94 (full 4):
 PSYoungGen      total 197120K, used 178902K [0x00000000f0000000, 0x0000000100000000, 0x0000000100000000)
  eden space 133120K, 100% used [0x00000000f0000000,0x00000000f8200000,0x00000000f8200000)
  from space 64000K, 71% used [0x00000000f8200000,0x00000000faeb5880,0x00000000fc080000)
  to   space 62976K, 0% used [0x00000000fc280000,0x00000000fc280000,0x0000000100000000)
 ParOldGen       total 524288K, used 406496K [0x00000000d0000000, 0x00000000f0000000, 0x00000000f0000000)
  object space 524288K, 77% used [0x00000000d0000000,0x00000000e8cf82b8,0x00000000f0000000)
 Metaspace       used 126317K, capacity 130374K, committed 130520K, reserved 1167360K
  class space    used 12322K, capacity 13554K, committed 13568K, reserved 1048576K
Event: 110,459 GC heap after
Heap after GC invocations=94 (full 4):
 PSYoungGen      total 200704K, used 43712K [0x00000000f0000000, 0x0000000100000000, 0x0000000100000000)
  eden space 137728K, 0% used [0x00000000f0000000,0x00000000f0000000,0x00000000f8680000)
  from space 62976K, 69% used [0x00000000fc280000,0x00000000fed303a0,0x0000000100000000)
  to   space 61440K, 0% used [0x00000000f8680000,0x00000000f8680000,0x00000000fc280000)
 ParOldGen       total 524288K, used 407428K [0x00000000d0000000, 0x00000000f0000000, 0x00000000f0000000)
  object space 524288K, 77% used [0x00000000d0000000,0x00000000e8de1330,0x00000000f0000000)
 Metaspace       used 126317K, capacity 130374K, committed 130520K, reserved 1167360K
  class space    used 12322K, capacity 13554K, committed 13568K, reserved 1048576K
}

