# JRE version: Java(TM) SE Runtime Environment (8.0_221-b11) (build 1.8.0_221-b11)
# Java VM: Java HotSpot(TM) 64-Bit Server VM (25.221-b11 mixed mode linux-amd64 compressed oops)
Heap:
 PSYoungGen      total 203264K, used 154882K [0x00000000f0000000, 0x0000000100000000, 0x0000000100000000)
  eden space 159744K, 75% used [0x00000000f0000000,0x00000000f7560910,0x00000000f9c00000)
  from space 43520K, 79% used [0x00000000fd580000,0x00000000ff75ff78,0x0000000100000000)
  to   space 51200K, 0% used [0x00000000f9c00000,0x00000000f9c00000,0x00000000fce00000)
 ParOldGen       total 524288K, used 453845K [0x00000000d0000000, 0x00000000f0000000, 0x00000000f0000000)
  object space 524288K, 86% used [0x00000000d0000000,0x00000000ebb35520,0x00000000f0000000)
 Metaspace       used 135478K, capacity 138785K, committed 152960K, reserved 1187840K
  class space    used 12309K, capacity 13455K, committed 14464K, reserved 1048576K
GC Heap History (10 events):
Event: 15038,077 GC heap before
{Heap before GC invocations=199 (full 5):
 PSYoungGen      total 212992K, used 212903K [0x00000000f0000000, 0x0000000100000000, 0x0000000100000000)
  eden space 186368K, 100% used [0x00000000f0000000,0x00000000fb600000,0x00000000fb600000)
  from space 26624K, 99% used [0x00000000fb600000,0x00000000fcfe9d80,0x00000000fd000000)
  to   space 38400K, 0% used [0x00000000fda80000,0x00000000fda80000,0x0000000100000000)
 ParOldGen       total 524288K, used 450055K [0x00000000d0000000, 0x00000000f0000000, 0x00000000f0000000)
  object space 524288K, 85% used [0x00000000d0000000,0x00000000eb781d10,0x00000000f0000000)
 Metaspace       used 133894K, capacity 136789K, committed 152960K, reserved 1187840K
  class space    used 12025K, capacity 13081K, committed 14464K, reserved 1048576K
Event: 15038,086 GC heap after
Heap after GC invocations=199 (full 5):
 PSYoungGen      total 220672K, used 29683K [0x00000000f0000000, 0x0000000100000000, 0x0000000100000000)
  eden space 182272K, 0% used [0x00000000f0000000,0x00000000f0000000,0x00000000fb200000)
  from space 38400K, 77% used [0x00000000fda80000,0x00000000ff77ceb0,0x0000000100000000)
  to   space 39936K, 0% used [0x00000000fb200000,0x00000000fb200000,0x00000000fd900000)
 ParOldGen       total 524288K, used 450063K [0x00000000d0000000, 0x00000000f0000000, 0x00000000f0000000)
  object space 524288K, 85% used [0x00000000d0000000,0x00000000eb783d10,0x00000000f0000000)
 Metaspace       used 133894K, capacity 136789K, committed 152960K, reserved 1187840K
  class space    used 12025K, capacity 13081K, committed 14464K, reserved 1048576K
}
Event: 15038,434 GC heap before
{Heap before GC invocations=200 (full 5):
 PSYoungGen      total 220672K, used 211955K [0x00000000f0000000, 0x0000000100000000, 0x0000000100000000)
  eden space 182272K, 100% used [0x00000000f0000000,0x00000000fb200000,0x00000000fb200000)
  from space 38400K, 77% used [0x00000000fda80000,0x00000000ff77ceb0,0x0000000100000000)
  to   space 39936K, 0% used [0x00000000fb200000,0x00000000fb200000,0x00000000fd900000)
 ParOldGen       total 524288K, used 450063K [0x00000000d0000000, 0x00000000f0000000, 0x00000000f0000000)
  object space 524288K, 85% used [0x00000000d0000000,0x00000000eb783d10,0x00000000f0000000)
 Metaspace       used 134390K, capacity 137293K, committed 152960K, reserved 1187840K
  class space    used 12148K, capacity 13181K, committed 14464K, reserved 1048576K
Event: 15038,444 GC heap after
Heap after GC invocations=200 (full 5):
 PSYoungGen      total 214016K, used 31644K [0x00000000f0000000, 0x0000000100000000, 0x0000000100000000)
  eden space 182272K, 0% used [0x00000000f0000000,0x00000000f0000000,0x00000000fb200000)
  from space 31744K, 99% used [0x00000000fb200000,0x00000000fd0e7078,0x00000000fd100000)
  to   space 41984K, 0% used [0x00000000fd700000,0x00000000fd700000,0x0000000100000000)
 ParOldGen       total 524288K, used 450071K [0x00000000d0000000, 0x00000000f0000000, 0x00000000f0000000)
  object space 524288K, 85% used [0x00000000d0000000,0x00000000eb785d10,0x00000000f0000000)
 Metaspace       used 134390K, capacity 137293K, committed 152960K, reserved 1187840K
  class space    used 12148K, capacity 13181K, committed 14464K, reserved 1048576K
}
Event: 15038,824 GC heap before
{Heap before GC invocations=201 (full 5):
 PSYoungGen      total 214016K, used 213916K [0x00000000f0000000, 0x0000000100000000, 0x0000000100000000)
  eden space 182272K, 100% used [0x00000000f0000000,0x00000000fb200000,0x00000000fb200000)
  from space 31744K, 99% used [0x00000000fb200000,0x00000000fd0e7078,0x00000000fd100000)
  to   space 41984K, 0% used [0x00000000fd700000,0x00000000fd700000,0x0000000100000000)
 ParOldGen       total 524288K, used 450071K [0x00000000d0000000, 0x00000000f0000000, 0x00000000f0000000)
  object space 524288K, 85% used [0x00000000d0000000,0x00000000eb785d10,0x00000000f0000000)
 Metaspace       used 134536K, capacity 137515K, committed 152960K, reserved 1187840K
  class space    used 12180K, capacity 13270K, committed 14464K, reserved 1048576K
Event: 15038,834 GC heap after
Heap after GC invocations=201 (full 5):
 PSYoungGen      total 217088K, used 32194K [0x00000000f0000000, 0x0000000100000000, 0x0000000100000000)
  eden space 175104K, 0% used [0x00000000f0000000,0x00000000f0000000,0x00000000fab00000)
  from space 41984K, 76% used [0x00000000fd700000,0x00000000ff670968,0x0000000100000000)
  to   space 43520K, 0% used [0x00000000fab00000,0x00000000fab00000,0x00000000fd580000)
 ParOldGen       total 524288K, used 450079K [0x00000000d0000000, 0x00000000f0000000, 0x00000000f0000000)
  object space 524288K, 85% used [0x00000000d0000000,0x00000000eb787d10,0x00000000f0000000)
 Metaspace       used 134536K, capacity 137515K, committed 152960K, reserved 1187840K
  class space    used 12180K, capacity 13270K, committed 14464K, reserved 1048576K
}
Event: 15040,086 GC heap before
{Heap before GC invocations=202 (full 5):
 PSYoungGen      total 217088K, used 207298K [0x00000000f0000000, 0x0000000100000000, 0x0000000100000000)
  eden space 175104K, 100% used [0x00000000f0000000,0x00000000fab00000,0x00000000fab00000)
  from space 41984K, 76% used [0x00000000fd700000,0x00000000ff670968,0x0000000100000000)
  to   space 43520K, 0% used [0x00000000fab00000,0x00000000fab00000,0x00000000fd580000)
 ParOldGen       total 524288K, used 450079K [0x00000000d0000000, 0x00000000f0000000, 0x00000000f0000000)
  object space 524288K, 85% used [0x00000000d0000000,0x00000000eb787d10,0x00000000f0000000)
 Metaspace       used 135171K, capacity 138451K, committed 152960K, reserved 1187840K
  class space    used 12281K, capacity 13436K, committed 14464K, reserved 1048576K
Event: 15040,104 GC heap after
Heap after GC invocations=202 (full 5):
 PSYoungGen      total 218624K, used 43509K [0x00000000f0000000, 0x0000000100000000, 0x0000000100000000)
  eden space 175104K, 0% used [0x00000000f0000000,0x00000000f0000000,0x00000000fab00000)
  from space 43520K, 99% used [0x00000000fab00000,0x00000000fd57d5a0,0x00000000fd580000)
  to   space 43520K, 0% used [0x00000000fd580000,0x00000000fd580000,0x0000000100000000)
 ParOldGen       total 524288K, used 453837K [0x00000000d0000000, 0x00000000f0000000, 0x00000000f0000000)
  object space 524288K, 86% used [0x00000000d0000000,0x00000000ebb33520,0x00000000f0000000)
 Metaspace       used 135171K, capacity 138451K, committed 152960K, reserved 1187840K
  class space    used 12281K, capacity 13436K, committed 14464K, reserved 1048576K
}
Event: 15042,453 GC heap before
{Heap before GC invocations=203 (full 5):
 PSYoungGen      total 218624K, used 218613K [0x00000000f0000000, 0x0000000100000000, 0x0000000100000000)
  eden space 175104K, 100% used [0x00000000f0000000,0x00000000fab00000,0x00000000fab00000)
  from space 43520K, 99% used [0x00000000fab00000,0x00000000fd57d5a0,0x00000000fd580000)
  to   space 43520K, 0% used [0x00000000fd580000,0x00000000fd580000,0x0000000100000000)
 ParOldGen       total 524288K, used 453837K [0x00000000d0000000, 0x00000000f0000000, 0x00000000f0000000)
  object space 524288K, 86% used [0x00000000d0000000,0x00000000ebb33520,0x00000000f0000000)
 Metaspace       used 135287K, capacity 138621K, committed 152960K, reserved 1187840K
  class space    used 12291K, capacity 13445K, committed 14464K, reserved 1048576K
Event: 15042,464 GC heap after
Heap after GC invocations=203 (full 5):
 PSYoungGen      total 203264K, used 34687K [0x00000000f0000000, 0x0000000100000000, 0x0000000100000000)
  eden space 159744K, 0% used [0x00000000f0000000,0x00000000f0000000,0x00000000f9c00000)
  from space 43520K, 79% used [0x00000000fd580000,0x00000000ff75ff78,0x0000000100000000)
  to   space 51200K, 0% used [0x00000000f9c00000,0x00000000f9c00000,0x00000000fce00000)
 ParOldGen       total 524288K, used 453845K [0x00000000d0000000, 0x00000000f0000000, 0x00000000f0000000)
  object space 524288K, 86% used [0x00000000d0000000,0x00000000ebb35520,0x00000000f0000000)
 Metaspace       used 135287K, capacity 138621K, committed 152960K, reserved 1187840K
  class space    used 12291K, capacity 13445K, committed 14464K, reserved 1048576K
}

