# JRE version: Java(TM) SE Runtime Environment (8.0_221-b11) (build 1.8.0_221-b11)
# Java VM: Java HotSpot(TM) 64-Bit Server VM (25.221-b11 mixed mode linux-amd64 compressed oops)
Heap:
 PSYoungGen      total 193024K, used 138211K [0x00000000f0000000, 0x0000000100000000, 0x0000000100000000)
  eden space 142336K, 61% used [0x00000000f0000000,0x00000000f55a3ee8,0x00000000f8b00000)
  from space 50688K, 99% used [0x00000000f8b00000,0x00000000fbc54d68,0x00000000fbc80000)
  to   space 62464K, 0% used [0x00000000fc300000,0x00000000fc300000,0x0000000100000000)
 ParOldGen       total 524288K, used 354970K [0x00000000d0000000, 0x00000000f0000000, 0x00000000f0000000)
  object space 524288K, 67% used [0x00000000d0000000,0x00000000e5aa6a90,0x00000000f0000000)
 Metaspace       used 120964K, capacity 124782K, committed 124924K, reserved 1161216K
  class space    used 11827K, capacity 13039K, committed 13056K, reserved 1048576K
GC Heap History (10 events):
Event: 68,118 GC heap before
{Heap before GC invocations=89 (full 4):
 PSYoungGen      total 211456K, used 202650K [0x00000000f0000000, 0x0000000100000000, 0x0000000100000000)
  eden space 163840K, 100% used [0x00000000f0000000,0x00000000fa000000,0x00000000fa000000)
  from space 47616K, 81% used [0x00000000fd180000,0x00000000ff766878,0x0000000100000000)
  to   space 49152K, 0% used [0x00000000fa000000,0x00000000fa000000,0x00000000fd000000)
 ParOldGen       total 524288K, used 352710K [0x00000000d0000000, 0x00000000f0000000, 0x00000000f0000000)
  object space 524288K, 67% used [0x00000000d0000000,0x00000000e5871a80,0x00000000f0000000)
 Metaspace       used 118709K, capacity 121874K, committed 121980K, reserved 1159168K
  class space    used 11546K, capacity 12612K, committed 12672K, reserved 1048576K
Event: 68,132 GC heap after
Heap after GC invocations=89 (full 4):
 PSYoungGen      total 204800K, used 40536K [0x00000000f0000000, 0x0000000100000000, 0x0000000100000000)
  eden space 163840K, 0% used [0x00000000f0000000,0x00000000f0000000,0x00000000fa000000)
  from space 40960K, 98% used [0x00000000fa000000,0x00000000fc7963b8,0x00000000fc800000)
  to   space 50688K, 0% used [0x00000000fce80000,0x00000000fce80000,0x0000000100000000)
 ParOldGen       total 524288K, used 352718K [0x00000000d0000000, 0x00000000f0000000, 0x00000000f0000000)
  object space 524288K, 67% used [0x00000000d0000000,0x00000000e5873a80,0x00000000f0000000)
 Metaspace       used 118709K, capacity 121874K, committed 121980K, reserved 1159168K
  class space    used 11546K, capacity 12612K, committed 12672K, reserved 1048576K
}
Event: 68,553 GC heap before
{Heap before GC invocations=90 (full 4):
 PSYoungGen      total 204800K, used 204376K [0x00000000f0000000, 0x0000000100000000, 0x0000000100000000)
  eden space 163840K, 100% used [0x00000000f0000000,0x00000000fa000000,0x00000000fa000000)
  from space 40960K, 98% used [0x00000000fa000000,0x00000000fc7963b8,0x00000000fc800000)
  to   space 50688K, 0% used [0x00000000fce80000,0x00000000fce80000,0x0000000100000000)
 ParOldGen       total 524288K, used 352718K [0x00000000d0000000, 0x00000000f0000000, 0x00000000f0000000)
  object space 524288K, 67% used [0x00000000d0000000,0x00000000e5873a80,0x00000000f0000000)
 Metaspace       used 119072K, capacity 122560K, committed 122620K, reserved 1159168K
  class space    used 11602K, capacity 12762K, committed 12800K, reserved 1048576K
Event: 68,579 GC heap after
Heap after GC invocations=90 (full 4):
 PSYoungGen      total 209408K, used 40640K [0x00000000f0000000, 0x0000000100000000, 0x0000000100000000)
  eden space 158720K, 0% used [0x00000000f0000000,0x00000000f0000000,0x00000000f9b00000)
  from space 50688K, 80% used [0x00000000fce80000,0x00000000ff6300f0,0x0000000100000000)
  to   space 51712K, 0% used [0x00000000f9b00000,0x00000000f9b00000,0x00000000fcd80000)
 ParOldGen       total 524288K, used 352866K [0x00000000d0000000, 0x00000000f0000000, 0x00000000f0000000)
  object space 524288K, 67% used [0x00000000d0000000,0x00000000e5898a90,0x00000000f0000000)
 Metaspace       used 119072K, capacity 122560K, committed 122620K, reserved 1159168K
  class space    used 11602K, capacity 12762K, committed 12800K, reserved 1048576K
}
Event: 85,207 GC heap before
{Heap before GC invocations=91 (full 4):
 PSYoungGen      total 209408K, used 199360K [0x00000000f0000000, 0x0000000100000000, 0x0000000100000000)
  eden space 158720K, 100% used [0x00000000f0000000,0x00000000f9b00000,0x00000000f9b00000)
  from space 50688K, 80% used [0x00000000fce80000,0x00000000ff6300f0,0x0000000100000000)
  to   space 51712K, 0% used [0x00000000f9b00000,0x00000000f9b00000,0x00000000fcd80000)
 ParOldGen       total 524288K, used 352866K [0x00000000d0000000, 0x00000000f0000000, 0x00000000f0000000)
  object space 524288K, 67% used [0x00000000d0000000,0x00000000e5898a90,0x00000000f0000000)
 Metaspace       used 119983K, capacity 123652K, committed 123772K, reserved 1161216K
  class space    used 11732K, capacity 12922K, committed 12928K, reserved 1048576K
Event: 85,223 GC heap after
Heap after GC invocations=91 (full 4):
 PSYoungGen      total 207872K, used 48859K [0x00000000f0000000, 0x0000000100000000, 0x0000000100000000)
  eden space 158720K, 0% used [0x00000000f0000000,0x00000000f0000000,0x00000000f9b00000)
  from space 49152K, 99% used [0x00000000f9b00000,0x00000000fcab6c80,0x00000000fcb00000)
  to   space 54272K, 0% used [0x00000000fcb00000,0x00000000fcb00000,0x0000000100000000)
 ParOldGen       total 524288K, used 353586K [0x00000000d0000000, 0x00000000f0000000, 0x00000000f0000000)
  object space 524288K, 67% used [0x00000000d0000000,0x00000000e594ca90,0x00000000f0000000)
 Metaspace       used 119983K, capacity 123652K, committed 123772K, reserved 1161216K
  class space    used 11732K, capacity 12922K, committed 12928K, reserved 1048576K
}
Event: 87,430 GC heap before
{Heap before GC invocations=92 (full 4):
 PSYoungGen      total 207872K, used 207579K [0x00000000f0000000, 0x0000000100000000, 0x0000000100000000)
  eden space 158720K, 100% used [0x00000000f0000000,0x00000000f9b00000,0x00000000f9b00000)
  from space 49152K, 99% used [0x00000000f9b00000,0x00000000fcab6c80,0x00000000fcb00000)
  to   space 54272K, 0% used [0x00000000fcb00000,0x00000000fcb00000,0x0000000100000000)
 ParOldGen       total 524288K, used 353586K [0x00000000d0000000, 0x00000000f0000000, 0x00000000f0000000)
  object space 524288K, 67% used [0x00000000d0000000,0x00000000e594ca90,0x00000000f0000000)
 Metaspace       used 120816K, capacity 124526K, committed 124668K, reserved 1161216K
  class space    used 11810K, capacity 13007K, committed 13056K, reserved 1048576K
Event: 87,451 GC heap after
Heap after GC invocations=92 (full 4):
 PSYoungGen      total 196608K, used 51745K [0x00000000f0000000, 0x0000000100000000, 0x0000000100000000)
  eden space 142336K, 0% used [0x00000000f0000000,0x00000000f0000000,0x00000000f8b00000)
  from space 54272K, 95% used [0x00000000fcb00000,0x00000000ffd88700,0x0000000100000000)
  to   space 59904K, 0% used [0x00000000f8b00000,0x00000000f8b00000,0x00000000fc580000)
 ParOldGen       total 524288K, used 354586K [0x00000000d0000000, 0x00000000f0000000, 0x00000000f0000000)
  object space 524288K, 67% used [0x00000000d0000000,0x00000000e5a46a90,0x00000000f0000000)
 Metaspace       used 120816K, capacity 124526K, committed 124668K, reserved 1161216K
  class space    used 11810K, capacity 13007K, committed 13056K, reserved 1048576K
}
Event: 87,719 GC heap before
{Heap before GC invocations=93 (full 4):
 PSYoungGen      total 196608K, used 194081K [0x00000000f0000000, 0x0000000100000000, 0x0000000100000000)
  eden space 142336K, 100% used [0x00000000f0000000,0x00000000f8b00000,0x00000000f8b00000)
  from space 54272K, 95% used [0x00000000fcb00000,0x00000000ffd88700,0x0000000100000000)
  to   space 59904K, 0% used [0x00000000f8b00000,0x00000000f8b00000,0x00000000fc580000)
 ParOldGen       total 524288K, used 354586K [0x00000000d0000000, 0x00000000f0000000, 0x00000000f0000000)
  object space 524288K, 67% used [0x00000000d0000000,0x00000000e5a46a90,0x00000000f0000000)
 Metaspace       used 120862K, capacity 124598K, committed 124668K, reserved 1161216K
  class space    used 11816K, capacity 13019K, committed 13056K, reserved 1048576K
Event: 87,741 GC heap after
Heap after GC invocations=93 (full 4):
 PSYoungGen      total 193024K, used 50515K [0x00000000f0000000, 0x0000000100000000, 0x0000000100000000)
  eden space 142336K, 0% used [0x00000000f0000000,0x00000000f0000000,0x00000000f8b00000)
  from space 50688K, 99% used [0x00000000f8b00000,0x00000000fbc54d68,0x00000000fbc80000)
  to   space 62464K, 0% used [0x00000000fc300000,0x00000000fc300000,0x0000000100000000)
 ParOldGen       total 524288K, used 354970K [0x00000000d0000000, 0x00000000f0000000, 0x00000000f0000000)
  object space 524288K, 67% used [0x00000000d0000000,0x00000000e5aa6a90,0x00000000f0000000)
 Metaspace       used 120862K, capacity 124598K, committed 124668K, reserved 1161216K
  class space    used 11816K, capacity 13019K, committed 13056K, reserved 1048576K
}

