# JRE version: Java(TM) SE Runtime Environment (8.0_221-b11) (build 1.8.0_221-b11)
# Java VM: Java HotSpot(TM) 64-Bit Server VM (25.221-b11 mixed mode linux-amd64 compressed oops)
Heap:
 PSYoungGen      total 175104K, used 108530K [0x00000000f0000000, 0x0000000100000000, 0x0000000100000000)
  eden space 89088K, 61% used [0x00000000f0000000,0x00000000f35966b0,0x00000000f5700000)
  from space 86016K, 62% used [0x00000000f5700000,0x00000000f8b662f0,0x00000000fab00000)
  to   space 83456K, 0% used [0x00000000fae80000,0x00000000fae80000,0x0000000100000000)
 ParOldGen       total 524288K, used 391713K [0x00000000d0000000, 0x00000000f0000000, 0x00000000f0000000)
  object space 524288K, 74% used [0x00000000d0000000,0x00000000e7e887e0,0x00000000f0000000)
 Metaspace       used 123647K, capacity 127586K, committed 127704K, reserved 1163264K
  class space    used 12033K, capacity 13266K, committed 13312K, reserved 1048576K
GC Heap History (10 events):
Event: 137,493 GC heap before
{Heap before GC invocations=85 (full 4):
 PSYoungGen      total 175616K, used 161517K [0x00000000f0000000, 0x0000000100000000, 0x0000000100000000)
  eden space 97280K, 100% used [0x00000000f0000000,0x00000000f5f00000,0x00000000f5f00000)
  from space 78336K, 82% used [0x00000000fb380000,0x00000000ff23b648,0x0000000100000000)
  to   space 82432K, 0% used [0x00000000f5f00000,0x00000000f5f00000,0x00000000faf80000)
 ParOldGen       total 524288K, used 378028K [0x00000000d0000000, 0x00000000f0000000, 0x00000000f0000000)
  object space 524288K, 72% used [0x00000000d0000000,0x00000000e712b0d8,0x00000000f0000000)
 Metaspace       used 121248K, capacity 124952K, committed 125144K, reserved 1161216K
  class space    used 11815K, capacity 13002K, committed 13056K, reserved 1048576K
Event: 137,512 GC heap after
Heap after GC invocations=85 (full 4):
 PSYoungGen      total 164352K, used 66961K [0x00000000f0000000, 0x0000000100000000, 0x0000000100000000)
  eden space 97280K, 0% used [0x00000000f0000000,0x00000000f0000000,0x00000000f5f00000)
  from space 67072K, 99% used [0x00000000f5f00000,0x00000000fa0644e0,0x00000000fa080000)
  to   space 86528K, 0% used [0x00000000fab80000,0x00000000fab80000,0x0000000100000000)
 ParOldGen       total 524288K, used 378036K [0x00000000d0000000, 0x00000000f0000000, 0x00000000f0000000)
  object space 524288K, 72% used [0x00000000d0000000,0x00000000e712d0d8,0x00000000f0000000)
 Metaspace       used 121248K, capacity 124952K, committed 125144K, reserved 1161216K
  class space    used 11815K, capacity 13002K, committed 13056K, reserved 1048576K
}
Event: 138,712 GC heap before
{Heap before GC invocations=86 (full 4):
 PSYoungGen      total 164352K, used 164241K [0x00000000f0000000, 0x0000000100000000, 0x0000000100000000)
  eden space 97280K, 100% used [0x00000000f0000000,0x00000000f5f00000,0x00000000f5f00000)
  from space 67072K, 99% used [0x00000000f5f00000,0x00000000fa0644e0,0x00000000fa080000)
  to   space 86528K, 0% used [0x00000000fab80000,0x00000000fab80000,0x0000000100000000)
 ParOldGen       total 524288K, used 378036K [0x00000000d0000000, 0x00000000f0000000, 0x00000000f0000000)
  object space 524288K, 72% used [0x00000000d0000000,0x00000000e712d0d8,0x00000000f0000000)
 Metaspace       used 123307K, capacity 127100K, committed 127448K, reserved 1163264K
  class space    used 11996K, capacity 13201K, committed 13312K, reserved 1048576K
Event: 138,730 GC heap after
Heap after GC invocations=86 (full 4):
 PSYoungGen      total 174592K, used 64741K [0x00000000f0000000, 0x0000000100000000, 0x0000000100000000)
  eden space 88064K, 0% used [0x00000000f0000000,0x00000000f0000000,0x00000000f5600000)
  from space 86528K, 74% used [0x00000000fab80000,0x00000000feab94f8,0x0000000100000000)
  to   space 87040K, 0% used [0x00000000f5600000,0x00000000f5600000,0x00000000fab00000)
 ParOldGen       total 524288K, used 380406K [0x00000000d0000000, 0x00000000f0000000, 0x00000000f0000000)
  object space 524288K, 72% used [0x00000000d0000000,0x00000000e737dab8,0x00000000f0000000)
 Metaspace       used 123307K, capacity 127100K, committed 127448K, reserved 1163264K
  class space    used 11996K, capacity 13201K, committed 13312K, reserved 1048576K
}
Event: 140,389 GC heap before
{Heap before GC invocations=87 (full 4):
 PSYoungGen      total 174592K, used 152805K [0x00000000f0000000, 0x0000000100000000, 0x0000000100000000)
  eden space 88064K, 100% used [0x00000000f0000000,0x00000000f5600000,0x00000000f5600000)
  from space 86528K, 74% used [0x00000000fab80000,0x00000000feab94f8,0x0000000100000000)
  to   space 87040K, 0% used [0x00000000f5600000,0x00000000f5600000,0x00000000fab00000)
 ParOldGen       total 524288K, used 380406K [0x00000000d0000000, 0x00000000f0000000, 0x00000000f0000000)
  object space 524288K, 72% used [0x00000000d0000000,0x00000000e737dab8,0x00000000f0000000)
 Metaspace       used 123521K, capacity 127284K, committed 127448K, reserved 1163264K
  class space    used 12017K, capacity 13237K, committed 13312K, reserved 1048576K
Event: 140,411 GC heap after
Heap after GC invocations=87 (full 4):
 PSYoungGen      total 175104K, used 57794K [0x00000000f0000000, 0x0000000100000000, 0x0000000100000000)
  eden space 88064K, 0% used [0x00000000f0000000,0x00000000f0000000,0x00000000f5600000)
  from space 87040K, 66% used [0x00000000f5600000,0x00000000f8e70bd0,0x00000000fab00000)
  to   space 87040K, 0% used [0x00000000fab00000,0x00000000fab00000,0x0000000100000000)
 ParOldGen       total 524288K, used 388099K [0x00000000d0000000, 0x00000000f0000000, 0x00000000f0000000)
  object space 524288K, 74% used [0x00000000d0000000,0x00000000e7b00c60,0x00000000f0000000)
 Metaspace       used 123521K, capacity 127284K, committed 127448K, reserved 1163264K
  class space    used 12017K, capacity 13237K, committed 13312K, reserved 1048576K
}
Event: 140,568 GC heap before
{Heap before GC invocations=88 (full 4):
 PSYoungGen      total 175104K, used 145858K [0x00000000f0000000, 0x0000000100000000, 0x0000000100000000)
  eden space 88064K, 100% used [0x00000000f0000000,0x00000000f5600000,0x00000000f5600000)
  from space 87040K, 66% used [0x00000000f5600000,0x00000000f8e70bd0,0x00000000fab00000)
  to   space 87040K, 0% used [0x00000000fab00000,0x00000000fab00000,0x0000000100000000)
 ParOldGen       total 524288K, used 388099K [0x00000000d0000000, 0x00000000f0000000, 0x00000000f0000000)
  object space 524288K, 74% used [0x00000000d0000000,0x00000000e7b00c60,0x00000000f0000000)
 Metaspace       used 123521K, capacity 127284K, committed 127448K, reserved 1163264K
  class space    used 12017K, capacity 13237K, committed 13312K, reserved 1048576K
Event: 140,586 GC heap after
Heap after GC invocations=88 (full 4):
 PSYoungGen      total 176128K, used 55873K [0x00000000f0000000, 0x0000000100000000, 0x0000000100000000)
  eden space 89088K, 0% used [0x00000000f0000000,0x00000000f0000000,0x00000000f5700000)
  from space 87040K, 64% used [0x00000000fab00000,0x00000000fe190540,0x0000000100000000)
  to   space 86016K, 0% used [0x00000000f5700000,0x00000000f5700000,0x00000000fab00000)
 ParOldGen       total 524288K, used 391705K [0x00000000d0000000, 0x00000000f0000000, 0x00000000f0000000)
  object space 524288K, 74% used [0x00000000d0000000,0x00000000e7e867e0,0x00000000f0000000)
 Metaspace       used 123521K, capacity 127284K, committed 127448K, reserved 1163264K
  class space    used 12017K, capacity 13237K, committed 13312K, reserved 1048576K
}
Event: 140,833 GC heap before
{Heap before GC invocations=89 (full 4):
 PSYoungGen      total 176128K, used 144961K [0x00000000f0000000, 0x0000000100000000, 0x0000000100000000)
  eden space 89088K, 100% used [0x00000000f0000000,0x00000000f5700000,0x00000000f5700000)
  from space 87040K, 64% used [0x00000000fab00000,0x00000000fe190540,0x0000000100000000)
  to   space 86016K, 0% used [0x00000000f5700000,0x00000000f5700000,0x00000000fab00000)
 ParOldGen       total 524288K, used 391705K [0x00000000d0000000, 0x00000000f0000000, 0x00000000f0000000)
  object space 524288K, 74% used [0x00000000d0000000,0x00000000e7e867e0,0x00000000f0000000)
 Metaspace       used 123579K, capacity 127398K, committed 127704K, reserved 1163264K
  class space    used 12027K, capacity 13256K, committed 13312K, reserved 1048576K
Event: 140,855 GC heap after
Heap after GC invocations=89 (full 4):
 PSYoungGen      total 175104K, used 53656K [0x00000000f0000000, 0x0000000100000000, 0x0000000100000000)
  eden space 89088K, 0% used [0x00000000f0000000,0x00000000f0000000,0x00000000f5700000)
  from space 86016K, 62% used [0x00000000f5700000,0x00000000f8b662f0,0x00000000fab00000)
  to   space 83456K, 0% used [0x00000000fae80000,0x00000000fae80000,0x0000000100000000)
 ParOldGen       total 524288K, used 391713K [0x00000000d0000000, 0x00000000f0000000, 0x00000000f0000000)
  object space 524288K, 74% used [0x00000000d0000000,0x00000000e7e887e0,0x00000000f0000000)
 Metaspace       used 123579K, capacity 127398K, committed 127704K, reserved 1163264K
  class space    used 12027K, capacity 13256K, committed 13312K, reserved 1048576K
}

