# JRE version: Java(TM) SE Runtime Environment (8.0_221-b11) (build 1.8.0_221-b11)
# Java VM: Java HotSpot(TM) 64-Bit Server VM (25.221-b11 mixed mode linux-amd64 compressed oops)
Heap:
 PSYoungGen      total 243712K, used 237779K [0x00000000f0000000, 0x0000000100000000, 0x0000000100000000)
  eden space 225280K, 97% used [0x00000000f0000000,0x00000000fd63b000,0x00000000fdc00000)
  from space 18432K, 99% used [0x00000000fdc00000,0x00000000fedf9ea0,0x00000000fee00000)
  to   space 18432K, 0% used [0x00000000fee00000,0x00000000fee00000,0x0000000100000000)
 ParOldGen       total 524288K, used 381505K [0x00000000d0000000, 0x00000000f0000000, 0x00000000f0000000)
  object space 524288K, 72% used [0x00000000d0000000,0x00000000e7490550,0x00000000f0000000)
 Metaspace       used 139726K, capacity 146554K, committed 147520K, reserved 1179648K
  class space    used 14229K, capacity 16189K, committed 16512K, reserved 1048576K
GC Heap History (10 events):
Event: 1497,165 GC heap before
{Heap before GC invocations=243 (full 5):
 PSYoungGen      total 244224K, used 237119K [0x00000000f0000000, 0x0000000100000000, 0x0000000100000000)
  eden space 225792K, 100% used [0x00000000f0000000,0x00000000fdc80000,0x00000000fdc80000)
  from space 18432K, 61% used [0x00000000fee00000,0x00000000ff90fc30,0x0000000100000000)
  to   space 17920K, 0% used [0x00000000fdc80000,0x00000000fdc80000,0x00000000fee00000)
 ParOldGen       total 524288K, used 376984K [0x00000000d0000000, 0x00000000f0000000, 0x00000000f0000000)
  object space 524288K, 71% used [0x00000000d0000000,0x00000000e7026298,0x00000000f0000000)
 Metaspace       used 136911K, capacity 143640K, committed 144704K, reserved 1177600K
  class space    used 13984K, capacity 15900K, committed 16256K, reserved 1048576K
Event: 1497,173 GC heap after
Heap after GC invocations=243 (full 5):
 PSYoungGen      total 243712K, used 11367K [0x00000000f0000000, 0x0000000100000000, 0x0000000100000000)
  eden space 225792K, 0% used [0x00000000f0000000,0x00000000f0000000,0x00000000fdc80000)
  from space 17920K, 63% used [0x00000000fdc80000,0x00000000fe799f10,0x00000000fee00000)
  to   space 17920K, 0% used [0x00000000fee80000,0x00000000fee80000,0x0000000100000000)
 ParOldGen       total 524288K, used 379281K [0x00000000d0000000, 0x00000000f0000000, 0x00000000f0000000)
  object space 524288K, 72% used [0x00000000d0000000,0x00000000e7264638,0x00000000f0000000)
 Metaspace       used 136911K, capacity 143640K, committed 144704K, reserved 1177600K
  class space    used 13984K, capacity 15900K, committed 16256K, reserved 1048576K
}
Event: 1510,735 GC heap before
{Heap before GC invocations=244 (full 5):
 PSYoungGen      total 243712K, used 237088K [0x00000000f0000000, 0x0000000100000000, 0x0000000100000000)
  eden space 225792K, 99% used [0x00000000f0000000,0x00000000fdc6e298,0x00000000fdc80000)
  from space 17920K, 63% used [0x00000000fdc80000,0x00000000fe799f10,0x00000000fee00000)
  to   space 17920K, 0% used [0x00000000fee80000,0x00000000fee80000,0x0000000100000000)
 ParOldGen       total 524288K, used 379281K [0x00000000d0000000, 0x00000000f0000000, 0x00000000f0000000)
  object space 524288K, 72% used [0x00000000d0000000,0x00000000e7264638,0x00000000f0000000)
 Metaspace       used 136911K, capacity 143640K, committed 144704K, reserved 1177600K
  class space    used 13984K, capacity 15900K, committed 16256K, reserved 1048576K
Event: 1510,741 GC heap after
Heap after GC invocations=244 (full 5):
 PSYoungGen      total 244736K, used 9259K [0x00000000f0000000, 0x0000000100000000, 0x0000000100000000)
  eden space 226816K, 0% used [0x00000000f0000000,0x00000000f0000000,0x00000000fdd80000)
  from space 17920K, 51% used [0x00000000fee80000,0x00000000ff78afe8,0x0000000100000000)
  to   space 17408K, 0% used [0x00000000fdd80000,0x00000000fdd80000,0x00000000fee80000)
 ParOldGen       total 524288K, used 379415K [0x00000000d0000000, 0x00000000f0000000, 0x00000000f0000000)
  object space 524288K, 72% used [0x00000000d0000000,0x00000000e7285e98,0x00000000f0000000)
 Metaspace       used 136911K, capacity 143640K, committed 144704K, reserved 1177600K
  class space    used 13984K, capacity 15900K, committed 16256K, reserved 1048576K
}
Event: 1511,120 GC heap before
{Heap before GC invocations=245 (full 5):
 PSYoungGen      total 244736K, used 236075K [0x00000000f0000000, 0x0000000100000000, 0x0000000100000000)
  eden space 226816K, 100% used [0x00000000f0000000,0x00000000fdd80000,0x00000000fdd80000)
  from space 17920K, 51% used [0x00000000fee80000,0x00000000ff78afe8,0x0000000100000000)
  to   space 17408K, 0% used [0x00000000fdd80000,0x00000000fdd80000,0x00000000fee80000)
 ParOldGen       total 524288K, used 379415K [0x00000000d0000000, 0x00000000f0000000, 0x00000000f0000000)
  object space 524288K, 72% used [0x00000000d0000000,0x00000000e7285e98,0x00000000f0000000)
 Metaspace       used 136911K, capacity 143640K, committed 144704K, reserved 1177600K
  class space    used 13984K, capacity 15900K, committed 16256K, reserved 1048576K
Event: 1511,128 GC heap after
Heap after GC invocations=245 (full 5):
 PSYoungGen      total 244224K, used 7022K [0x00000000f0000000, 0x0000000100000000, 0x0000000100000000)
  eden space 226816K, 0% used [0x00000000f0000000,0x00000000f0000000,0x00000000fdd80000)
  from space 17408K, 40% used [0x00000000fdd80000,0x00000000fe45b938,0x00000000fee80000)
  to   space 16896K, 0% used [0x00000000fef80000,0x00000000fef80000,0x0000000100000000)
 ParOldGen       total 524288K, used 380806K [0x00000000d0000000, 0x00000000f0000000, 0x00000000f0000000)
  object space 524288K, 72% used [0x00000000d0000000,0x00000000e73e1970,0x00000000f0000000)
 Metaspace       used 136911K, capacity 143640K, committed 144704K, reserved 1177600K
  class space    used 13984K, capacity 15900K, committed 16256K, reserved 1048576K
}
Event: 1604,781 GC heap before
{Heap before GC invocations=246 (full 5):
 PSYoungGen      total 244224K, used 233838K [0x00000000f0000000, 0x0000000100000000, 0x0000000100000000)
  eden space 226816K, 100% used [0x00000000f0000000,0x00000000fdd80000,0x00000000fdd80000)
  from space 17408K, 40% used [0x00000000fdd80000,0x00000000fe45b938,0x00000000fee80000)
  to   space 16896K, 0% used [0x00000000fef80000,0x00000000fef80000,0x0000000100000000)
 ParOldGen       total 524288K, used 380806K [0x00000000d0000000, 0x00000000f0000000, 0x00000000f0000000)
  object space 524288K, 72% used [0x00000000d0000000,0x00000000e73e1970,0x00000000f0000000)
 Metaspace       used 137100K, capacity 143926K, committed 144960K, reserved 1177600K
  class space    used 14011K, capacity 15953K, committed 16256K, reserved 1048576K
Event: 1604,789 GC heap after
Heap after GC invocations=246 (full 5):
 PSYoungGen      total 242176K, used 15689K [0x00000000f0000000, 0x0000000100000000, 0x0000000100000000)
  eden space 225280K, 0% used [0x00000000f0000000,0x00000000f0000000,0x00000000fdc00000)
  from space 16896K, 92% used [0x00000000fef80000,0x00000000ffed24e8,0x0000000100000000)
  to   space 18432K, 0% used [0x00000000fdc00000,0x00000000fdc00000,0x00000000fee00000)
 ParOldGen       total 524288K, used 380814K [0x00000000d0000000, 0x00000000f0000000, 0x00000000f0000000)
  object space 524288K, 72% used [0x00000000d0000000,0x00000000e73e3970,0x00000000f0000000)
 Metaspace       used 137100K, capacity 143926K, committed 144960K, reserved 1177600K
  class space    used 14011K, capacity 15953K, committed 16256K, reserved 1048576K
}
Event: 1615,556 GC heap before
{Heap before GC invocations=247 (full 5):
 PSYoungGen      total 242176K, used 240969K [0x00000000f0000000, 0x0000000100000000, 0x0000000100000000)
  eden space 225280K, 100% used [0x00000000f0000000,0x00000000fdc00000,0x00000000fdc00000)
  from space 16896K, 92% used [0x00000000fef80000,0x00000000ffed24e8,0x0000000100000000)
  to   space 18432K, 0% used [0x00000000fdc00000,0x00000000fdc00000,0x00000000fee00000)
 ParOldGen       total 524288K, used 380814K [0x00000000d0000000, 0x00000000f0000000, 0x00000000f0000000)
  object space 524288K, 72% used [0x00000000d0000000,0x00000000e73e3970,0x00000000f0000000)
 Metaspace       used 139722K, capacity 146548K, committed 147520K, reserved 1179648K
  class space    used 14228K, capacity 16187K, committed 16512K, reserved 1048576K
Event: 1615,565 GC heap after
Heap after GC invocations=247 (full 5):
 PSYoungGen      total 243712K, used 18407K [0x00000000f0000000, 0x0000000100000000, 0x0000000100000000)
  eden space 225280K, 0% used [0x00000000f0000000,0x00000000f0000000,0x00000000fdc00000)
  from space 18432K, 99% used [0x00000000fdc00000,0x00000000fedf9ea0,0x00000000fee00000)
  to   space 18432K, 0% used [0x00000000fee00000,0x00000000fee00000,0x0000000100000000)
 ParOldGen       total 524288K, used 381505K [0x00000000d0000000, 0x00000000f0000000, 0x00000000f0000000)
  object space 524288K, 72% used [0x00000000d0000000,0x00000000e7490550,0x00000000f0000000)
 Metaspace       used 139722K, capacity 146548K, committed 147520K, reserved 1179648K
  class space    used 14228K, capacity 16187K, committed 16512K, reserved 1048576K
}

