# JRE version: Java(TM) SE Runtime Environment (8.0_221-b11) (build 1.8.0_221-b11)
# Java VM: Java HotSpot(TM) 64-Bit Server VM (25.221-b11 mixed mode linux-amd64 compressed oops)
Heap:
 PSYoungGen      total 185344K, used 108851K [0x00000000f0000000, 0x0000000100000000, 0x0000000100000000)
  eden space 112640K, 48% used [0x00000000f0000000,0x00000000f34ece70,0x00000000f6e00000)
  from space 72704K, 75% used [0x00000000fb900000,0x00000000fee60028,0x0000000100000000)
  to   space 74752K, 0% used [0x00000000f6e00000,0x00000000f6e00000,0x00000000fb700000)
 ParOldGen       total 524288K, used 371686K [0x00000000d0000000, 0x00000000f0000000, 0x00000000f0000000)
  object space 524288K, 70% used [0x00000000d0000000,0x00000000e6af9b00,0x00000000f0000000)
 Metaspace       used 120832K, capacity 124758K, committed 124992K, reserved 1161216K
  class space    used 11824K, capacity 13097K, committed 13120K, reserved 1048576K
GC Heap History (10 events):
Event: 213,478 GC heap before
{Heap before GC invocations=88 (full 4):
 PSYoungGen      total 190976K, used 190769K [0x00000000f0000000, 0x0000000100000000, 0x0000000100000000)
  eden space 143360K, 100% used [0x00000000f0000000,0x00000000f8c00000,0x00000000f8c00000)
  from space 47616K, 99% used [0x00000000f8c00000,0x00000000fba4c6c8,0x00000000fba80000)
  to   space 61440K, 0% used [0x00000000fc400000,0x00000000fc400000,0x0000000100000000)
 ParOldGen       total 524288K, used 366514K [0x00000000d0000000, 0x00000000f0000000, 0x00000000f0000000)
  object space 524288K, 69% used [0x00000000d0000000,0x00000000e65ecad0,0x00000000f0000000)
 Metaspace       used 118987K, capacity 122532K, committed 122688K, reserved 1159168K
  class space    used 11602K, capacity 12821K, committed 12864K, reserved 1048576K
Event: 213,499 GC heap after
Heap after GC invocations=88 (full 4):
 PSYoungGen      total 197632K, used 47122K [0x00000000f0000000, 0x0000000100000000, 0x0000000100000000)
  eden space 136192K, 0% used [0x00000000f0000000,0x00000000f0000000,0x00000000f8500000)
  from space 61440K, 76% used [0x00000000fc400000,0x00000000ff204bc0,0x0000000100000000)
  to   space 62976K, 0% used [0x00000000f8500000,0x00000000f8500000,0x00000000fc280000)
 ParOldGen       total 524288K, used 367090K [0x00000000d0000000, 0x00000000f0000000, 0x00000000f0000000)
  object space 524288K, 70% used [0x00000000d0000000,0x00000000e667cad0,0x00000000f0000000)
 Metaspace       used 118987K, capacity 122532K, committed 122688K, reserved 1159168K
  class space    used 11602K, capacity 12821K, committed 12864K, reserved 1048576K
}
Event: 220,038 GC heap before
{Heap before GC invocations=89 (full 4):
 PSYoungGen      total 197632K, used 183314K [0x00000000f0000000, 0x0000000100000000, 0x0000000100000000)
  eden space 136192K, 100% used [0x00000000f0000000,0x00000000f8500000,0x00000000f8500000)
  from space 61440K, 76% used [0x00000000fc400000,0x00000000ff204bc0,0x0000000100000000)
  to   space 62976K, 0% used [0x00000000f8500000,0x00000000f8500000,0x00000000fc280000)
 ParOldGen       total 524288K, used 367090K [0x00000000d0000000, 0x00000000f0000000, 0x00000000f0000000)
  object space 524288K, 70% used [0x00000000d0000000,0x00000000e667cad0,0x00000000f0000000)
 Metaspace       used 119467K, capacity 123216K, committed 123328K, reserved 1159168K
  class space    used 11675K, capacity 12913K, committed 12992K, reserved 1048576K
Event: 220,053 GC heap after
Heap after GC invocations=89 (full 4):
 PSYoungGen      total 183808K, used 47588K [0x00000000f0000000, 0x0000000100000000, 0x0000000100000000)
  eden space 136192K, 0% used [0x00000000f0000000,0x00000000f0000000,0x00000000f8500000)
  from space 47616K, 99% used [0x00000000f8500000,0x00000000fb379208,0x00000000fb380000)
  to   space 64512K, 0% used [0x00000000fc100000,0x00000000fc100000,0x0000000100000000)
 ParOldGen       total 524288K, used 367946K [0x00000000d0000000, 0x00000000f0000000, 0x00000000f0000000)
  object space 524288K, 70% used [0x00000000d0000000,0x00000000e6752af0,0x00000000f0000000)
 Metaspace       used 119467K, capacity 123216K, committed 123328K, reserved 1159168K
  class space    used 11675K, capacity 12913K, committed 12992K, reserved 1048576K
}
Event: 222,105 GC heap before
{Heap before GC invocations=90 (full 4):
 PSYoungGen      total 183808K, used 183780K [0x00000000f0000000, 0x0000000100000000, 0x0000000100000000)
  eden space 136192K, 100% used [0x00000000f0000000,0x00000000f8500000,0x00000000f8500000)
  from space 47616K, 99% used [0x00000000f8500000,0x00000000fb379208,0x00000000fb380000)
  to   space 64512K, 0% used [0x00000000fc100000,0x00000000fc100000,0x0000000100000000)
 ParOldGen       total 524288K, used 367946K [0x00000000d0000000, 0x00000000f0000000, 0x00000000f0000000)
  object space 524288K, 70% used [0x00000000d0000000,0x00000000e6752af0,0x00000000f0000000)
 Metaspace       used 120693K, capacity 124572K, committed 124736K, reserved 1161216K
  class space    used 11807K, capacity 13066K, committed 13120K, reserved 1048576K
Event: 222,133 GC heap after
Heap after GC invocations=90 (full 4):
 PSYoungGen      total 188416K, used 58394K [0x00000000f0000000, 0x0000000100000000, 0x0000000100000000)
  eden space 123904K, 0% used [0x00000000f0000000,0x00000000f0000000,0x00000000f7900000)
  from space 64512K, 90% used [0x00000000fc100000,0x00000000ffa06a78,0x0000000100000000)
  to   space 69120K, 0% used [0x00000000f7900000,0x00000000f7900000,0x00000000fbc80000)
 ParOldGen       total 524288K, used 368586K [0x00000000d0000000, 0x00000000f0000000, 0x00000000f0000000)
  object space 524288K, 70% used [0x00000000d0000000,0x00000000e67f2af0,0x00000000f0000000)
 Metaspace       used 120693K, capacity 124572K, committed 124736K, reserved 1161216K
  class space    used 11807K, capacity 13066K, committed 13120K, reserved 1048576K
}
Event: 222,382 GC heap before
{Heap before GC invocations=91 (full 4):
 PSYoungGen      total 188416K, used 182298K [0x00000000f0000000, 0x0000000100000000, 0x0000000100000000)
  eden space 123904K, 100% used [0x00000000f0000000,0x00000000f7900000,0x00000000f7900000)
  from space 64512K, 90% used [0x00000000fc100000,0x00000000ffa06a78,0x0000000100000000)
  to   space 69120K, 0% used [0x00000000f7900000,0x00000000f7900000,0x00000000fbc80000)
 ParOldGen       total 524288K, used 368586K [0x00000000d0000000, 0x00000000f0000000, 0x00000000f0000000)
  object space 524288K, 70% used [0x00000000d0000000,0x00000000e67f2af0,0x00000000f0000000)
 Metaspace       used 120696K, capacity 124572K, committed 124736K, reserved 1161216K
  class space    used 11807K, capacity 13066K, committed 13120K, reserved 1048576K
Event: 222,402 GC heap after
Heap after GC invocations=91 (full 4):
 PSYoungGen      total 182272K, used 58109K [0x00000000f0000000, 0x0000000100000000, 0x0000000100000000)
  eden space 123904K, 0% used [0x00000000f0000000,0x00000000f0000000,0x00000000f7900000)
  from space 58368K, 99% used [0x00000000f7900000,0x00000000fb1bf718,0x00000000fb200000)
  to   space 72704K, 0% used [0x00000000fb900000,0x00000000fb900000,0x0000000100000000)
 ParOldGen       total 524288K, used 369098K [0x00000000d0000000, 0x00000000f0000000, 0x00000000f0000000)
  object space 524288K, 70% used [0x00000000d0000000,0x00000000e6872af0,0x00000000f0000000)
 Metaspace       used 120696K, capacity 124572K, committed 124736K, reserved 1161216K
  class space    used 11807K, capacity 13066K, committed 13120K, reserved 1048576K
}
Event: 222,689 GC heap before
{Heap before GC invocations=92 (full 4):
 PSYoungGen      total 182272K, used 182013K [0x00000000f0000000, 0x0000000100000000, 0x0000000100000000)
  eden space 123904K, 100% used [0x00000000f0000000,0x00000000f7900000,0x00000000f7900000)
  from space 58368K, 99% used [0x00000000f7900000,0x00000000fb1bf718,0x00000000fb200000)
  to   space 72704K, 0% used [0x00000000fb900000,0x00000000fb900000,0x0000000100000000)
 ParOldGen       total 524288K, used 369098K [0x00000000d0000000, 0x00000000f0000000, 0x00000000f0000000)
  object space 524288K, 70% used [0x00000000d0000000,0x00000000e6872af0,0x00000000f0000000)
 Metaspace       used 120762K, capacity 124686K, committed 124736K, reserved 1161216K
  class space    used 11817K, capacity 13085K, committed 13120K, reserved 1048576K
Event: 222,715 GC heap after
Heap after GC invocations=92 (full 4):
 PSYoungGen      total 185344K, used 54656K [0x00000000f0000000, 0x0000000100000000, 0x0000000100000000)
  eden space 112640K, 0% used [0x00000000f0000000,0x00000000f0000000,0x00000000f6e00000)
  from space 72704K, 75% used [0x00000000fb900000,0x00000000fee60028,0x0000000100000000)
  to   space 74752K, 0% used [0x00000000f6e00000,0x00000000f6e00000,0x00000000fb700000)
 ParOldGen       total 524288K, used 371686K [0x00000000d0000000, 0x00000000f0000000, 0x00000000f0000000)
  object space 524288K, 70% used [0x00000000d0000000,0x00000000e6af9b00,0x00000000f0000000)
 Metaspace       used 120762K, capacity 124686K, committed 124736K, reserved 1161216K
  class space    used 11817K, capacity 13085K, committed 13120K, reserved 1048576K
}

