# JRE version: Java(TM) SE Runtime Environment (8.0_221-b11) (build 1.8.0_221-b11)
# Java VM: Java HotSpot(TM) 64-Bit Server VM (25.221-b11 mixed mode linux-amd64 compressed oops)
Heap:
 PSYoungGen      total 241664K, used 231446K [0x00000000f0000000, 0x0000000100000000, 0x0000000100000000)
  eden space 224768K, 95% used [0x00000000f0000000,0x00000000fd18d9a8,0x00000000fdb80000)
  from space 16896K, 99% used [0x00000000fdf00000,0x00000000fef781c8,0x00000000fef80000)
  to   space 16896K, 0% used [0x00000000fef80000,0x00000000fef80000,0x0000000100000000)
 ParOldGen       total 524288K, used 430395K [0x00000000d0000000, 0x00000000f0000000, 0x00000000f0000000)
  object space 524288K, 82% used [0x00000000d0000000,0x00000000ea44ed58,0x00000000f0000000)
 Metaspace       used 146468K, capacity 152500K, committed 152640K, reserved 1185792K
  class space    used 15222K, capacity 16943K, committed 16960K, reserved 1048576K
GC Heap History (10 events):
Event: 962,807 GC heap before
{Heap before GC invocations=143 (full 4):
 PSYoungGen      total 244224K, used 232495K [0x00000000f0000000, 0x0000000100000000, 0x0000000100000000)
  eden space 225280K, 99% used [0x00000000f0000000,0x00000000fdbca738,0x00000000fdc00000)
  from space 18944K, 39% used [0x00000000fed80000,0x00000000ff4c14c8,0x0000000100000000)
  to   space 17920K, 0% used [0x00000000fdc00000,0x00000000fdc00000,0x00000000fed80000)
 ParOldGen       total 524288K, used 427446K [0x00000000d0000000, 0x00000000f0000000, 0x00000000f0000000)
  object space 524288K, 81% used [0x00000000d0000000,0x00000000ea16daa0,0x00000000f0000000)
 Metaspace       used 145011K, capacity 150930K, committed 151232K, reserved 1183744K
  class space    used 15067K, capacity 16772K, committed 16832K, reserved 1048576K
Event: 962,824 GC heap after
Heap after GC invocations=143 (full 4):
 PSYoungGen      total 243200K, used 7274K [0x00000000f0000000, 0x0000000100000000, 0x0000000100000000)
  eden space 225280K, 0% used [0x00000000f0000000,0x00000000f0000000,0x00000000fdc00000)
  from space 17920K, 40% used [0x00000000fdc00000,0x00000000fe31a840,0x00000000fed80000)
  to   space 16896K, 0% used [0x00000000fef80000,0x00000000fef80000,0x0000000100000000)
 ParOldGen       total 524288K, used 427478K [0x00000000d0000000, 0x00000000f0000000, 0x00000000f0000000)
  object space 524288K, 81% used [0x00000000d0000000,0x00000000ea175aa0,0x00000000f0000000)
 Metaspace       used 145011K, capacity 150930K, committed 151232K, reserved 1183744K
  class space    used 15067K, capacity 16772K, committed 16832K, reserved 1048576K
}
Event: 974,216 GC heap before
{Heap before GC invocations=144 (full 4):
 PSYoungGen      total 243200K, used 232527K [0x00000000f0000000, 0x0000000100000000, 0x0000000100000000)
  eden space 225280K, 99% used [0x00000000f0000000,0x00000000fdbf9548,0x00000000fdc00000)
  from space 17920K, 40% used [0x00000000fdc00000,0x00000000fe31a840,0x00000000fed80000)
  to   space 16896K, 0% used [0x00000000fef80000,0x00000000fef80000,0x0000000100000000)
 ParOldGen       total 524288K, used 427478K [0x00000000d0000000, 0x00000000f0000000, 0x00000000f0000000)
  object space 524288K, 81% used [0x00000000d0000000,0x00000000ea175aa0,0x00000000f0000000)
 Metaspace       used 145131K, capacity 151048K, committed 151232K, reserved 1183744K
  class space    used 15078K, capacity 16783K, committed 16832K, reserved 1048576K
Event: 974,224 GC heap after
Heap after GC invocations=144 (full 4):
 PSYoungGen      total 244224K, used 10544K [0x00000000f0000000, 0x0000000100000000, 0x0000000100000000)
  eden space 227328K, 0% used [0x00000000f0000000,0x00000000f0000000,0x00000000fde00000)
  from space 16896K, 62% used [0x00000000fef80000,0x00000000ff9cc2a0,0x0000000100000000)
  to   space 17408K, 0% used [0x00000000fde00000,0x00000000fde00000,0x00000000fef00000)
 ParOldGen       total 524288K, used 427510K [0x00000000d0000000, 0x00000000f0000000, 0x00000000f0000000)
  object space 524288K, 81% used [0x00000000d0000000,0x00000000ea17daa0,0x00000000f0000000)
 Metaspace       used 145131K, capacity 151048K, committed 151232K, reserved 1183744K
  class space    used 15078K, capacity 16783K, committed 16832K, reserved 1048576K
}
Event: 976,649 GC heap before
{Heap before GC invocations=145 (full 4):
 PSYoungGen      total 244224K, used 237606K [0x00000000f0000000, 0x0000000100000000, 0x0000000100000000)
  eden space 227328K, 99% used [0x00000000f0000000,0x00000000fddbd7d0,0x00000000fde00000)
  from space 16896K, 62% used [0x00000000fef80000,0x00000000ff9cc2a0,0x0000000100000000)
  to   space 17408K, 0% used [0x00000000fde00000,0x00000000fde00000,0x00000000fef00000)
 ParOldGen       total 524288K, used 427510K [0x00000000d0000000, 0x00000000f0000000, 0x00000000f0000000)
  object space 524288K, 81% used [0x00000000d0000000,0x00000000ea17daa0,0x00000000f0000000)
 Metaspace       used 145138K, capacity 151072K, committed 151232K, reserved 1183744K
  class space    used 15080K, capacity 16787K, committed 16832K, reserved 1048576K
Event: 976,658 GC heap after
Heap after GC invocations=145 (full 4):
 PSYoungGen      total 244736K, used 9031K [0x00000000f0000000, 0x0000000100000000, 0x0000000100000000)
  eden space 227328K, 0% used [0x00000000f0000000,0x00000000f0000000,0x00000000fde00000)
  from space 17408K, 51% used [0x00000000fde00000,0x00000000fe6d1c68,0x00000000fef00000)
  to   space 16896K, 0% used [0x00000000fef80000,0x00000000fef80000,0x0000000100000000)
 ParOldGen       total 524288K, used 427566K [0x00000000d0000000, 0x00000000f0000000, 0x00000000f0000000)
  object space 524288K, 81% used [0x00000000d0000000,0x00000000ea18baa0,0x00000000f0000000)
 Metaspace       used 145138K, capacity 151072K, committed 151232K, reserved 1183744K
  class space    used 15080K, capacity 16787K, committed 16832K, reserved 1048576K
}
Event: 996,814 GC heap before
{Heap before GC invocations=146 (full 4):
 PSYoungGen      total 244736K, used 236359K [0x00000000f0000000, 0x0000000100000000, 0x0000000100000000)
  eden space 227328K, 100% used [0x00000000f0000000,0x00000000fde00000,0x00000000fde00000)
  from space 17408K, 51% used [0x00000000fde00000,0x00000000fe6d1c68,0x00000000fef00000)
  to   space 16896K, 0% used [0x00000000fef80000,0x00000000fef80000,0x0000000100000000)
 ParOldGen       total 524288K, used 427566K [0x00000000d0000000, 0x00000000f0000000, 0x00000000f0000000)
  object space 524288K, 81% used [0x00000000d0000000,0x00000000ea18baa0,0x00000000f0000000)
 Metaspace       used 145365K, capacity 151320K, committed 151488K, reserved 1183744K
  class space    used 15107K, capacity 16823K, committed 16832K, reserved 1048576K
Event: 996,822 GC heap after
Heap after GC invocations=146 (full 4):
 PSYoungGen      total 245248K, used 9620K [0x00000000f0000000, 0x0000000100000000, 0x0000000100000000)
  eden space 228352K, 0% used [0x00000000f0000000,0x00000000f0000000,0x00000000fdf00000)
  from space 16896K, 56% used [0x00000000fef80000,0x00000000ff8e52a8,0x0000000100000000)
  to   space 16896K, 0% used [0x00000000fdf00000,0x00000000fdf00000,0x00000000fef80000)
 ParOldGen       total 524288K, used 427630K [0x00000000d0000000, 0x00000000f0000000, 0x00000000f0000000)
  object space 524288K, 81% used [0x00000000d0000000,0x00000000ea19baa0,0x00000000f0000000)
 Metaspace       used 145365K, capacity 151320K, committed 151488K, reserved 1183744K
  class space    used 15107K, capacity 16823K, committed 16832K, reserved 1048576K
}
Event: 1090,407 GC heap before
{Heap before GC invocations=147 (full 4):
 PSYoungGen      total 245248K, used 237972K [0x00000000f0000000, 0x0000000100000000, 0x0000000100000000)
  eden space 228352K, 100% used [0x00000000f0000000,0x00000000fdf00000,0x00000000fdf00000)
  from space 16896K, 56% used [0x00000000fef80000,0x00000000ff8e52a8,0x0000000100000000)
  to   space 16896K, 0% used [0x00000000fdf00000,0x00000000fdf00000,0x00000000fef80000)
 ParOldGen       total 524288K, used 427630K [0x00000000d0000000, 0x00000000f0000000, 0x00000000f0000000)
  object space 524288K, 81% used [0x00000000d0000000,0x00000000ea19baa0,0x00000000f0000000)
 Metaspace       used 146458K, capacity 152488K, committed 152640K, reserved 1185792K
  class space    used 15221K, capacity 16941K, committed 16960K, reserved 1048576K
Event: 1090,420 GC heap after
Heap after GC invocations=147 (full 4):
 PSYoungGen      total 241664K, used 16864K [0x00000000f0000000, 0x0000000100000000, 0x0000000100000000)
  eden space 224768K, 0% used [0x00000000f0000000,0x00000000f0000000,0x00000000fdb80000)
  from space 16896K, 99% used [0x00000000fdf00000,0x00000000fef781c8,0x00000000fef80000)
  to   space 16896K, 0% used [0x00000000fef80000,0x00000000fef80000,0x0000000100000000)
 ParOldGen       total 524288K, used 430395K [0x00000000d0000000, 0x00000000f0000000, 0x00000000f0000000)
  object space 524288K, 82% used [0x00000000d0000000,0x00000000ea44ed58,0x00000000f0000000)
 Metaspace       used 146458K, capacity 152488K, committed 152640K, reserved 1185792K
  class space    used 15221K, capacity 16941K, committed 16960K, reserved 1048576K
}

