# JRE version: Java(TM) SE Runtime Environment (8.0_221-b11) (build 1.8.0_221-b11)
# Java VM: Java HotSpot(TM) 64-Bit Server VM (25.221-b11 mixed mode linux-amd64 compressed oops)
Heap:
 PSYoungGen      total 228864K, used 121426K [0x00000000f0000000, 0x0000000100000000, 0x0000000100000000)
  eden space 196608K, 53% used [0x00000000f0000000,0x00000000f66ac118,0x00000000fc000000)
  from space 32256K, 50% used [0x00000000fe080000,0x00000000ff0687b8,0x0000000100000000)
  to   space 32768K, 0% used [0x00000000fc000000,0x00000000fc000000,0x00000000fe000000)
 ParOldGen       total 524288K, used 405247K [0x00000000d0000000, 0x00000000f0000000, 0x00000000f0000000)
  object space 524288K, 77% used [0x00000000d0000000,0x00000000e8bbfd90,0x00000000f0000000)
 Metaspace       used 123011K, capacity 127924K, committed 128088K, reserved 1163264K
  class space    used 12175K, capacity 13612K, committed 13696K, reserved 1048576K
GC Heap History (10 events):
Event: 857,856 GC heap before
{Heap before GC invocations=112 (full 4):
 PSYoungGen      total 220672K, used 184310K [0x00000000f0000000, 0x0000000100000000, 0x0000000100000000)
  eden space 181248K, 100% used [0x00000000f0000000,0x00000000fb100000,0x00000000fb100000)
  from space 39424K, 7% used [0x00000000fb100000,0x00000000fb3fdbf0,0x00000000fd780000)
  to   space 37888K, 0% used [0x00000000fdb00000,0x00000000fdb00000,0x0000000100000000)
 ParOldGen       total 524288K, used 404863K [0x00000000d0000000, 0x00000000f0000000, 0x00000000f0000000)
  object space 524288K, 77% used [0x00000000d0000000,0x00000000e8b5fe70,0x00000000f0000000)
 Metaspace       used 121677K, capacity 126470K, committed 126552K, reserved 1163264K
  class space    used 12034K, capacity 13425K, committed 13440K, reserved 1048576K
Event: 857,861 GC heap after
Heap after GC invocations=112 (full 4):
 PSYoungGen      total 226304K, used 5616K [0x00000000f0000000, 0x0000000100000000, 0x0000000100000000)
  eden space 188416K, 0% used [0x00000000f0000000,0x00000000f0000000,0x00000000fb800000)
  from space 37888K, 14% used [0x00000000fdb00000,0x00000000fe07c330,0x0000000100000000)
  to   space 35840K, 0% used [0x00000000fb800000,0x00000000fb800000,0x00000000fdb00000)
 ParOldGen       total 524288K, used 404927K [0x00000000d0000000, 0x00000000f0000000, 0x00000000f0000000)
  object space 524288K, 77% used [0x00000000d0000000,0x00000000e8b6fe70,0x00000000f0000000)
 Metaspace       used 121677K, capacity 126470K, committed 126552K, reserved 1163264K
  class space    used 12034K, capacity 13425K, committed 13440K, reserved 1048576K
}
Event: 858,841 GC heap before
{Heap before GC invocations=113 (full 4):
 PSYoungGen      total 226304K, used 194032K [0x00000000f0000000, 0x0000000100000000, 0x0000000100000000)
  eden space 188416K, 100% used [0x00000000f0000000,0x00000000fb800000,0x00000000fb800000)
  from space 37888K, 14% used [0x00000000fdb00000,0x00000000fe07c330,0x0000000100000000)
  to   space 35840K, 0% used [0x00000000fb800000,0x00000000fb800000,0x00000000fdb00000)
 ParOldGen       total 524288K, used 404927K [0x00000000d0000000, 0x00000000f0000000, 0x00000000f0000000)
  object space 524288K, 77% used [0x00000000d0000000,0x00000000e8b6fe70,0x00000000f0000000)
 Metaspace       used 121677K, capacity 126470K, committed 126552K, reserved 1163264K
  class space    used 12034K, capacity 13425K, committed 13440K, reserved 1048576K
Event: 858,846 GC heap after
Heap after GC invocations=113 (full 4):
 PSYoungGen      total 224256K, used 3478K [0x00000000f0000000, 0x0000000100000000, 0x0000000100000000)
  eden space 188416K, 0% used [0x00000000f0000000,0x00000000f0000000,0x00000000fb800000)
  from space 35840K, 9% used [0x00000000fb800000,0x00000000fbb65bf0,0x00000000fdb00000)
  to   space 33792K, 0% used [0x00000000fdf00000,0x00000000fdf00000,0x0000000100000000)
 ParOldGen       total 524288K, used 405175K [0x00000000d0000000, 0x00000000f0000000, 0x00000000f0000000)
  object space 524288K, 77% used [0x00000000d0000000,0x00000000e8badd90,0x00000000f0000000)
 Metaspace       used 121677K, capacity 126470K, committed 126552K, reserved 1163264K
  class space    used 12034K, capacity 13425K, committed 13440K, reserved 1048576K
}
Event: 859,704 GC heap before
{Heap before GC invocations=114 (full 4):
 PSYoungGen      total 224256K, used 191894K [0x00000000f0000000, 0x0000000100000000, 0x0000000100000000)
  eden space 188416K, 100% used [0x00000000f0000000,0x00000000fb800000,0x00000000fb800000)
  from space 35840K, 9% used [0x00000000fb800000,0x00000000fbb65bf0,0x00000000fdb00000)
  to   space 33792K, 0% used [0x00000000fdf00000,0x00000000fdf00000,0x0000000100000000)
 ParOldGen       total 524288K, used 405175K [0x00000000d0000000, 0x00000000f0000000, 0x00000000f0000000)
  object space 524288K, 77% used [0x00000000d0000000,0x00000000e8badd90,0x00000000f0000000)
 Metaspace       used 121679K, capacity 126470K, committed 126552K, reserved 1163264K
  class space    used 12034K, capacity 13425K, committed 13440K, reserved 1048576K
Event: 859,709 GC heap after
Heap after GC invocations=114 (full 4):
 PSYoungGen      total 230400K, used 4544K [0x00000000f0000000, 0x0000000100000000, 0x0000000100000000)
  eden space 196608K, 0% used [0x00000000f0000000,0x00000000f0000000,0x00000000fc000000)
  from space 33792K, 13% used [0x00000000fdf00000,0x00000000fe370000,0x0000000100000000)
  to   space 31744K, 0% used [0x00000000fc000000,0x00000000fc000000,0x00000000fdf00000)
 ParOldGen       total 524288K, used 405183K [0x00000000d0000000, 0x00000000f0000000, 0x00000000f0000000)
  object space 524288K, 77% used [0x00000000d0000000,0x00000000e8bafd90,0x00000000f0000000)
 Metaspace       used 121679K, capacity 126470K, committed 126552K, reserved 1163264K
  class space    used 12034K, capacity 13425K, committed 13440K, reserved 1048576K
}
Event: 900,893 GC heap before
{Heap before GC invocations=115 (full 4):
 PSYoungGen      total 230400K, used 201152K [0x00000000f0000000, 0x0000000100000000, 0x0000000100000000)
  eden space 196608K, 100% used [0x00000000f0000000,0x00000000fc000000,0x00000000fc000000)
  from space 33792K, 13% used [0x00000000fdf00000,0x00000000fe370000,0x0000000100000000)
  to   space 31744K, 0% used [0x00000000fc000000,0x00000000fc000000,0x00000000fdf00000)
 ParOldGen       total 524288K, used 405183K [0x00000000d0000000, 0x00000000f0000000, 0x00000000f0000000)
  object space 524288K, 77% used [0x00000000d0000000,0x00000000e8bafd90,0x00000000f0000000)
 Metaspace       used 123000K, capacity 127906K, committed 128088K, reserved 1163264K
  class space    used 12173K, capacity 13609K, committed 13696K, reserved 1048576K
Event: 900,907 GC heap after
Heap after GC invocations=115 (full 4):
 PSYoungGen      total 228352K, used 14787K [0x00000000f0000000, 0x0000000100000000, 0x0000000100000000)
  eden space 196608K, 0% used [0x00000000f0000000,0x00000000f0000000,0x00000000fc000000)
  from space 31744K, 46% used [0x00000000fc000000,0x00000000fce70c40,0x00000000fdf00000)
  to   space 32256K, 0% used [0x00000000fe080000,0x00000000fe080000,0x0000000100000000)
 ParOldGen       total 524288K, used 405239K [0x00000000d0000000, 0x00000000f0000000, 0x00000000f0000000)
  object space 524288K, 77% used [0x00000000d0000000,0x00000000e8bbdd90,0x00000000f0000000)
 Metaspace       used 123000K, capacity 127906K, committed 128088K, reserved 1163264K
  class space    used 12173K, capacity 13609K, committed 13696K, reserved 1048576K
}
Event: 901,279 GC heap before
{Heap before GC invocations=116 (full 4):
 PSYoungGen      total 228352K, used 211395K [0x00000000f0000000, 0x0000000100000000, 0x0000000100000000)
  eden space 196608K, 100% used [0x00000000f0000000,0x00000000fc000000,0x00000000fc000000)
  from space 31744K, 46% used [0x00000000fc000000,0x00000000fce70c40,0x00000000fdf00000)
  to   space 32256K, 0% used [0x00000000fe080000,0x00000000fe080000,0x0000000100000000)
 ParOldGen       total 524288K, used 405239K [0x00000000d0000000, 0x00000000f0000000, 0x00000000f0000000)
  object space 524288K, 77% used [0x00000000d0000000,0x00000000e8bbdd90,0x00000000f0000000)
 Metaspace       used 123000K, capacity 127906K, committed 128088K, reserved 1163264K
  class space    used 12173K, capacity 13609K, committed 13696K, reserved 1048576K
Event: 901,287 GC heap after
Heap after GC invocations=116 (full 4):
 PSYoungGen      total 228864K, used 16289K [0x00000000f0000000, 0x0000000100000000, 0x0000000100000000)
  eden space 196608K, 0% used [0x00000000f0000000,0x00000000f0000000,0x00000000fc000000)
  from space 32256K, 50% used [0x00000000fe080000,0x00000000ff0687b8,0x0000000100000000)
  to   space 32768K, 0% used [0x00000000fc000000,0x00000000fc000000,0x00000000fe000000)
 ParOldGen       total 524288K, used 405247K [0x00000000d0000000, 0x00000000f0000000, 0x00000000f0000000)
  object space 524288K, 77% used [0x00000000d0000000,0x00000000e8bbfd90,0x00000000f0000000)
 Metaspace       used 123000K, capacity 127906K, committed 128088K, reserved 1163264K
  class space    used 12173K, capacity 13609K, committed 13696K, reserved 1048576K
}

