# JRE version: Java(TM) SE Runtime Environment (8.0_221-b11) (build 1.8.0_221-b11)
# Java VM: Java HotSpot(TM) 64-Bit Server VM (25.221-b11 mixed mode linux-amd64 compressed oops)
Heap:
 PSYoungGen      total 247808K, used 210979K [0x00000000f0000000, 0x0000000100000000, 0x0000000100000000)
  eden space 236544K, 85% used [0x00000000f0000000,0x00000000fc4b3998,0x00000000fe700000)
  from space 11264K, 84% used [0x00000000ff500000,0x00000000ffe55518,0x0000000100000000)
  to   space 12800K, 0% used [0x00000000fe700000,0x00000000fe700000,0x00000000ff380000)
 ParOldGen       total 524288K, used 458170K [0x00000000d0000000, 0x00000000f0000000, 0x00000000f0000000)
  object space 524288K, 87% used [0x00000000d0000000,0x00000000ebf6ea38,0x00000000f0000000)
 Metaspace       used 163979K, capacity 173293K, committed 173440K, reserved 1202176K
  class space    used 18126K, capacity 21051K, committed 21120K, reserved 1048576K
GC Heap History (10 events):
Event: 12454,330 GC heap before
{Heap before GC invocations=281 (full 5):
 PSYoungGen      total 254464K, used 254112K [0x00000000f0000000, 0x0000000100000000, 0x0000000100000000)
  eden space 246784K, 100% used [0x00000000f0000000,0x00000000ff100000,0x00000000ff100000)
  from space 7680K, 95% used [0x00000000ff100000,0x00000000ff8282a8,0x00000000ff880000)
  to   space 7680K, 0% used [0x00000000ff880000,0x00000000ff880000,0x0000000100000000)
 ParOldGen       total 524288K, used 458090K [0x00000000d0000000, 0x00000000f0000000, 0x00000000f0000000)
  object space 524288K, 87% used [0x00000000d0000000,0x00000000ebf5aa38,0x00000000f0000000)
 Metaspace       used 163268K, capacity 172497K, committed 172800K, reserved 1202176K
  class space    used 18014K, capacity 20878K, committed 20992K, reserved 1048576K
Event: 12454,339 GC heap after
Heap after GC invocations=281 (full 5):
 PSYoungGen      total 251392K, used 5639K [0x00000000f0000000, 0x0000000100000000, 0x0000000100000000)
  eden space 243712K, 0% used [0x00000000f0000000,0x00000000f0000000,0x00000000fee00000)
  from space 7680K, 73% used [0x00000000ff880000,0x00000000ffe01d40,0x0000000100000000)
  to   space 9216K, 0% used [0x00000000fee00000,0x00000000fee00000,0x00000000ff700000)
 ParOldGen       total 524288K, used 458098K [0x00000000d0000000, 0x00000000f0000000, 0x00000000f0000000)
  object space 524288K, 87% used [0x00000000d0000000,0x00000000ebf5ca38,0x00000000f0000000)
 Metaspace       used 163268K, capacity 172497K, committed 172800K, reserved 1202176K
  class space    used 18014K, capacity 20878K, committed 20992K, reserved 1048576K
}
Event: 12457,108 GC heap before
{Heap before GC invocations=282 (full 5):
 PSYoungGen      total 251392K, used 249351K [0x00000000f0000000, 0x0000000100000000, 0x0000000100000000)
  eden space 243712K, 100% used [0x00000000f0000000,0x00000000fee00000,0x00000000fee00000)
  from space 7680K, 73% used [0x00000000ff880000,0x00000000ffe01d40,0x0000000100000000)
  to   space 9216K, 0% used [0x00000000fee00000,0x00000000fee00000,0x00000000ff700000)
 ParOldGen       total 524288K, used 458098K [0x00000000d0000000, 0x00000000f0000000, 0x00000000f0000000)
  object space 524288K, 87% used [0x00000000d0000000,0x00000000ebf5ca38,0x00000000f0000000)
 Metaspace       used 163528K, capacity 172807K, committed 173184K, reserved 1202176K
  class space    used 18069K, capacity 20957K, committed 21120K, reserved 1048576K
Event: 12457,115 GC heap after
Heap after GC invocations=282 (full 5):
 PSYoungGen      total 251392K, used 7655K [0x00000000f0000000, 0x0000000100000000, 0x0000000100000000)
  eden space 243712K, 0% used [0x00000000f0000000,0x00000000f0000000,0x00000000fee00000)
  from space 7680K, 99% used [0x00000000fee00000,0x00000000ff579c10,0x00000000ff580000)
  to   space 9728K, 0% used [0x00000000ff680000,0x00000000ff680000,0x0000000100000000)
 ParOldGen       total 524288K, used 458114K [0x00000000d0000000, 0x00000000f0000000, 0x00000000f0000000)
  object space 524288K, 87% used [0x00000000d0000000,0x00000000ebf60a38,0x00000000f0000000)
 Metaspace       used 163528K, capacity 172807K, committed 173184K, reserved 1202176K
  class space    used 18069K, capacity 20957K, committed 21120K, reserved 1048576K
}
Event: 12470,073 GC heap before
{Heap before GC invocations=283 (full 5):
 PSYoungGen      total 251392K, used 251367K [0x00000000f0000000, 0x0000000100000000, 0x0000000100000000)
  eden space 243712K, 100% used [0x00000000f0000000,0x00000000fee00000,0x00000000fee00000)
  from space 7680K, 99% used [0x00000000fee00000,0x00000000ff579c10,0x00000000ff580000)
  to   space 9728K, 0% used [0x00000000ff680000,0x00000000ff680000,0x0000000100000000)
 ParOldGen       total 524288K, used 458114K [0x00000000d0000000, 0x00000000f0000000, 0x00000000f0000000)
  object space 524288K, 87% used [0x00000000d0000000,0x00000000ebf60a38,0x00000000f0000000)
 Metaspace       used 163528K, capacity 172807K, committed 173184K, reserved 1202176K
  class space    used 18069K, capacity 20957K, committed 21120K, reserved 1048576K
Event: 12470,092 GC heap after
Heap after GC invocations=283 (full 5):
 PSYoungGen      total 251392K, used 6960K [0x00000000f0000000, 0x0000000100000000, 0x0000000100000000)
  eden space 241664K, 0% used [0x00000000f0000000,0x00000000f0000000,0x00000000fec00000)
  from space 9728K, 71% used [0x00000000ff680000,0x00000000ffd4c288,0x0000000100000000)
  to   space 10240K, 0% used [0x00000000fec00000,0x00000000fec00000,0x00000000ff600000)
 ParOldGen       total 524288K, used 458122K [0x00000000d0000000, 0x00000000f0000000, 0x00000000f0000000)
  object space 524288K, 87% used [0x00000000d0000000,0x00000000ebf62a38,0x00000000f0000000)
 Metaspace       used 163528K, capacity 172807K, committed 173184K, reserved 1202176K
  class space    used 18069K, capacity 20957K, committed 21120K, reserved 1048576K
}
Event: 12526,677 GC heap before
{Heap before GC invocations=284 (full 5):
 PSYoungGen      total 251392K, used 248202K [0x00000000f0000000, 0x0000000100000000, 0x0000000100000000)
  eden space 241664K, 99% used [0x00000000f0000000,0x00000000feb967e0,0x00000000fec00000)
  from space 9728K, 71% used [0x00000000ff680000,0x00000000ffd4c288,0x0000000100000000)
  to   space 10240K, 0% used [0x00000000fec00000,0x00000000fec00000,0x00000000ff600000)
 ParOldGen       total 524288K, used 458122K [0x00000000d0000000, 0x00000000f0000000, 0x00000000f0000000)
  object space 524288K, 87% used [0x00000000d0000000,0x00000000ebf62a38,0x00000000f0000000)
 Metaspace       used 163670K, capacity 172947K, committed 173184K, reserved 1202176K
  class space    used 18074K, capacity 20959K, committed 21120K, reserved 1048576K
Event: 12526,685 GC heap after
Heap after GC invocations=284 (full 5):
 PSYoungGen      total 250880K, used 8861K [0x00000000f0000000, 0x0000000100000000, 0x0000000100000000)
  eden space 241664K, 0% used [0x00000000f0000000,0x00000000f0000000,0x00000000fec00000)
  from space 9216K, 96% used [0x00000000fec00000,0x00000000ff4a7488,0x00000000ff500000)
  to   space 11264K, 0% used [0x00000000ff500000,0x00000000ff500000,0x0000000100000000)
 ParOldGen       total 524288K, used 458154K [0x00000000d0000000, 0x00000000f0000000, 0x00000000f0000000)
  object space 524288K, 87% used [0x00000000d0000000,0x00000000ebf6aa38,0x00000000f0000000)
 Metaspace       used 163670K, capacity 172947K, committed 173184K, reserved 1202176K
  class space    used 18074K, capacity 20959K, committed 21120K, reserved 1048576K
}
Event: 12527,143 GC heap before
{Heap before GC invocations=285 (full 5):
 PSYoungGen      total 250880K, used 250167K [0x00000000f0000000, 0x0000000100000000, 0x0000000100000000)
  eden space 241664K, 99% used [0x00000000f0000000,0x00000000feba69d8,0x00000000fec00000)
  from space 9216K, 96% used [0x00000000fec00000,0x00000000ff4a7488,0x00000000ff500000)
  to   space 11264K, 0% used [0x00000000ff500000,0x00000000ff500000,0x0000000100000000)
 ParOldGen       total 524288K, used 458154K [0x00000000d0000000, 0x00000000f0000000, 0x00000000f0000000)
  object space 524288K, 87% used [0x00000000d0000000,0x00000000ebf6aa38,0x00000000f0000000)
 Metaspace       used 163670K, capacity 172947K, committed 173184K, reserved 1202176K
  class space    used 18074K, capacity 20959K, committed 21120K, reserved 1048576K
Event: 12527,159 GC heap after
Heap after GC invocations=285 (full 5):
 PSYoungGen      total 247808K, used 9557K [0x00000000f0000000, 0x0000000100000000, 0x0000000100000000)
  eden space 236544K, 0% used [0x00000000f0000000,0x00000000f0000000,0x00000000fe700000)
  from space 11264K, 84% used [0x00000000ff500000,0x00000000ffe55518,0x0000000100000000)
  to   space 12800K, 0% used [0x00000000fe700000,0x00000000fe700000,0x00000000ff380000)
 ParOldGen       total 524288K, used 458170K [0x00000000d0000000, 0x00000000f0000000, 0x00000000f0000000)
  object space 524288K, 87% used [0x00000000d0000000,0x00000000ebf6ea38,0x00000000f0000000)
 Metaspace       used 163670K, capacity 172947K, committed 173184K, reserved 1202176K
  class space    used 18074K, capacity 20959K, committed 21120K, reserved 1048576K
}

