# JRE version: Java(TM) SE Runtime Environment (8.0_221-b11) (build 1.8.0_221-b11)
# Java VM: Java HotSpot(TM) 64-Bit Server VM (25.221-b11 mixed mode linux-amd64 compressed oops)
Heap:
 PSYoungGen      total 189440K, used 61442K [0x00000000f0000000, 0x0000000100000000, 0x0000000100000000)
  eden space 115200K, 9% used [0x00000000f0000000,0x00000000f0acbad0,0x00000000f7080000)
  from space 74240K, 67% used [0x00000000fb780000,0x00000000fe8b4ef8,0x0000000100000000)
  to   space 72704K, 0% used [0x00000000f7080000,0x00000000f7080000,0x00000000fb780000)
 ParOldGen       total 524288K, used 401272K [0x00000000d0000000, 0x00000000f0000000, 0x00000000f0000000)
  object space 524288K, 76% used [0x00000000d0000000,0x00000000e87de348,0x00000000f0000000)
 Metaspace       used 120984K, capacity 124946K, committed 125248K, reserved 1161216K
  class space    used 11831K, capacity 13041K, committed 13160K, reserved 1048576K
GC Heap History (10 events):
Event: 51,832 GC heap before
{Heap before GC invocations=86 (full 4):
 PSYoungGen      total 182272K, used 154722K [0x00000000f0000000, 0x0000000100000000, 0x0000000100000000)
  eden space 104960K, 100% used [0x00000000f0000000,0x00000000f6680000,0x00000000f6680000)
  from space 77312K, 64% used [0x00000000f6680000,0x00000000f9718a90,0x00000000fb200000)
  to   space 75776K, 0% used [0x00000000fb600000,0x00000000fb600000,0x0000000100000000)
 ParOldGen       total 524288K, used 393974K [0x00000000d0000000, 0x00000000f0000000, 0x00000000f0000000)
  object space 524288K, 75% used [0x00000000d0000000,0x00000000e80bda58,0x00000000f0000000)
 Metaspace       used 119568K, capacity 123322K, committed 123456K, reserved 1159168K
  class space    used 11685K, capacity 12876K, committed 12904K, reserved 1048576K
Event: 51,854 GC heap after
Heap after GC invocations=86 (full 4):
 PSYoungGen      total 188928K, used 43273K [0x00000000f0000000, 0x0000000100000000, 0x0000000100000000)
  eden space 113152K, 0% used [0x00000000f0000000,0x00000000f0000000,0x00000000f6e80000)
  from space 75776K, 57% used [0x00000000fb600000,0x00000000fe0426f0,0x0000000100000000)
  to   space 73216K, 0% used [0x00000000f6e80000,0x00000000f6e80000,0x00000000fb600000)
 ParOldGen       total 524288K, used 397581K [0x00000000d0000000, 0x00000000f0000000, 0x00000000f0000000)
  object space 524288K, 75% used [0x00000000d0000000,0x00000000e84437f8,0x00000000f0000000)
 Metaspace       used 119568K, capacity 123322K, committed 123456K, reserved 1159168K
  class space    used 11685K, capacity 12876K, committed 12904K, reserved 1048576K
}
Event: 56,974 GC heap before
{Heap before GC invocations=87 (full 4):
 PSYoungGen      total 188928K, used 156425K [0x00000000f0000000, 0x0000000100000000, 0x0000000100000000)
  eden space 113152K, 100% used [0x00000000f0000000,0x00000000f6e80000,0x00000000f6e80000)
  from space 75776K, 57% used [0x00000000fb600000,0x00000000fe0426f0,0x0000000100000000)
  to   space 73216K, 0% used [0x00000000f6e80000,0x00000000f6e80000,0x00000000fb600000)
 ParOldGen       total 524288K, used 397581K [0x00000000d0000000, 0x00000000f0000000, 0x00000000f0000000)
  object space 524288K, 75% used [0x00000000d0000000,0x00000000e84437f8,0x00000000f0000000)
 Metaspace       used 120529K, capacity 124308K, committed 124352K, reserved 1161216K
  class space    used 11793K, capacity 12995K, committed 13032K, reserved 1048576K
Event: 57,000 GC heap after
Heap after GC invocations=87 (full 4):
 PSYoungGen      total 186368K, used 54396K [0x00000000f0000000, 0x0000000100000000, 0x0000000100000000)
  eden space 113152K, 0% used [0x00000000f0000000,0x00000000f0000000,0x00000000f6e80000)
  from space 73216K, 74% used [0x00000000f6e80000,0x00000000fa39f148,0x00000000fb600000)
  to   space 73728K, 0% used [0x00000000fb800000,0x00000000fb800000,0x0000000100000000)
 ParOldGen       total 524288K, used 397589K [0x00000000d0000000, 0x00000000f0000000, 0x00000000f0000000)
  object space 524288K, 75% used [0x00000000d0000000,0x00000000e84457f8,0x00000000f0000000)
 Metaspace       used 120529K, capacity 124308K, committed 124352K, reserved 1161216K
  class space    used 11793K, capacity 12995K, committed 13032K, reserved 1048576K
}
Event: 58,116 GC heap before
{Heap before GC invocations=88 (full 4):
 PSYoungGen      total 186368K, used 167548K [0x00000000f0000000, 0x0000000100000000, 0x0000000100000000)
  eden space 113152K, 100% used [0x00000000f0000000,0x00000000f6e80000,0x00000000f6e80000)
  from space 73216K, 74% used [0x00000000f6e80000,0x00000000fa39f148,0x00000000fb600000)
  to   space 73728K, 0% used [0x00000000fb800000,0x00000000fb800000,0x0000000100000000)
 ParOldGen       total 524288K, used 397589K [0x00000000d0000000, 0x00000000f0000000, 0x00000000f0000000)
  object space 524288K, 75% used [0x00000000d0000000,0x00000000e84457f8,0x00000000f0000000)
 Metaspace       used 120896K, capacity 124816K, committed 124864K, reserved 1161216K
  class space    used 11825K, capacity 13030K, committed 13032K, reserved 1048576K
Event: 58,132 GC heap after
Heap after GC invocations=88 (full 4):
 PSYoungGen      total 187392K, used 54655K [0x00000000f0000000, 0x0000000100000000, 0x0000000100000000)
  eden space 113664K, 0% used [0x00000000f0000000,0x00000000f0000000,0x00000000f6f00000)
  from space 73728K, 74% used [0x00000000fb800000,0x00000000fed5ff68,0x0000000100000000)
  to   space 74240K, 0% used [0x00000000f6f00000,0x00000000f6f00000,0x00000000fb780000)
 ParOldGen       total 524288K, used 397597K [0x00000000d0000000, 0x00000000f0000000, 0x00000000f0000000)
  object space 524288K, 75% used [0x00000000d0000000,0x00000000e84477f8,0x00000000f0000000)
 Metaspace       used 120896K, capacity 124816K, committed 124864K, reserved 1161216K
  class space    used 11825K, capacity 13030K, committed 13032K, reserved 1048576K
}
Event: 58,322 GC heap before
{Heap before GC invocations=89 (full 4):
 PSYoungGen      total 187392K, used 168319K [0x00000000f0000000, 0x0000000100000000, 0x0000000100000000)
  eden space 113664K, 100% used [0x00000000f0000000,0x00000000f6f00000,0x00000000f6f00000)
  from space 73728K, 74% used [0x00000000fb800000,0x00000000fed5ff68,0x0000000100000000)
  to   space 74240K, 0% used [0x00000000f6f00000,0x00000000f6f00000,0x00000000fb780000)
 ParOldGen       total 524288K, used 397597K [0x00000000d0000000, 0x00000000f0000000, 0x00000000f0000000)
  object space 524288K, 75% used [0x00000000d0000000,0x00000000e84477f8,0x00000000f0000000)
 Metaspace       used 120896K, capacity 124816K, committed 124864K, reserved 1161216K
  class space    used 11825K, capacity 13030K, committed 13032K, reserved 1048576K
Event: 58,340 GC heap after
Heap after GC invocations=89 (full 4):
 PSYoungGen      total 187904K, used 55166K [0x00000000f0000000, 0x0000000100000000, 0x0000000100000000)
  eden space 113664K, 0% used [0x00000000f0000000,0x00000000f0000000,0x00000000f6f00000)
  from space 74240K, 74% used [0x00000000f6f00000,0x00000000fa4dfb58,0x00000000fb780000)
  to   space 74240K, 0% used [0x00000000fb780000,0x00000000fb780000,0x0000000100000000)
 ParOldGen       total 524288K, used 399132K [0x00000000d0000000, 0x00000000f0000000, 0x00000000f0000000)
  object space 524288K, 76% used [0x00000000d0000000,0x00000000e85c72f8,0x00000000f0000000)
 Metaspace       used 120896K, capacity 124816K, committed 124864K, reserved 1161216K
  class space    used 11825K, capacity 13030K, committed 13032K, reserved 1048576K
}
Event: 58,624 GC heap before
{Heap before GC invocations=90 (full 4):
 PSYoungGen      total 187904K, used 168830K [0x00000000f0000000, 0x0000000100000000, 0x0000000100000000)
  eden space 113664K, 100% used [0x00000000f0000000,0x00000000f6f00000,0x00000000f6f00000)
  from space 74240K, 74% used [0x00000000f6f00000,0x00000000fa4dfb58,0x00000000fb780000)
  to   space 74240K, 0% used [0x00000000fb780000,0x00000000fb780000,0x0000000100000000)
 ParOldGen       total 524288K, used 399132K [0x00000000d0000000, 0x00000000f0000000, 0x00000000f0000000)
  object space 524288K, 76% used [0x00000000d0000000,0x00000000e85c72f8,0x00000000f0000000)
 Metaspace       used 120929K, capacity 124834K, committed 124992K, reserved 1161216K
  class space    used 11826K, capacity 13033K, committed 13160K, reserved 1048576K
Event: 58,650 GC heap after
Heap after GC invocations=90 (full 4):
 PSYoungGen      total 189440K, used 50387K [0x00000000f0000000, 0x0000000100000000, 0x0000000100000000)
  eden space 115200K, 0% used [0x00000000f0000000,0x00000000f0000000,0x00000000f7080000)
  from space 74240K, 67% used [0x00000000fb780000,0x00000000fe8b4ef8,0x0000000100000000)
  to   space 72704K, 0% used [0x00000000f7080000,0x00000000f7080000,0x00000000fb780000)
 ParOldGen       total 524288K, used 401272K [0x00000000d0000000, 0x00000000f0000000, 0x00000000f0000000)
  object space 524288K, 76% used [0x00000000d0000000,0x00000000e87de348,0x00000000f0000000)
 Metaspace       used 120929K, capacity 124834K, committed 124992K, reserved 1161216K
  class space    used 11826K, capacity 13033K, committed 13160K, reserved 1048576K
}

