# JRE version: Java(TM) SE Runtime Environment (8.0_221-b11) (build 1.8.0_221-b11)
# Java VM: Java HotSpot(TM) 64-Bit Server VM (25.221-b11 mixed mode linux-amd64 compressed oops)
Heap:
 PSYoungGen      total 198144K, used 78231K [0x00000000f0000000, 0x0000000100000000, 0x0000000100000000)
  eden space 133120K, 23% used [0x00000000f0000000,0x00000000f1edbcf8,0x00000000f8200000)
  from space 65024K, 71% used [0x00000000fc080000,0x00000000fee0a250,0x0000000100000000)
  to   space 64000K, 0% used [0x00000000f8200000,0x00000000f8200000,0x00000000fc080000)
 ParOldGen       total 524288K, used 408475K [0x00000000d0000000, 0x00000000f0000000, 0x00000000f0000000)
  object space 524288K, 77% used [0x00000000d0000000,0x00000000e8ee6c38,0x00000000f0000000)
 Metaspace       used 121124K, capacity 125028K, committed 125248K, reserved 1161216K
  class space    used 11859K, capacity 13103K, committed 13120K, reserved 1048576K
GC Heap History (10 events):
Event: 97,573 GC heap before
{Heap before GC invocations=92 (full 4):
 PSYoungGen      total 173568K, used 173099K [0x00000000f0000000, 0x0000000100000000, 0x0000000100000000)
  eden space 122880K, 100% used [0x00000000f0000000,0x00000000f7800000,0x00000000f7800000)
  from space 50688K, 99% used [0x00000000f7800000,0x00000000fa90af88,0x00000000fa980000)
  to   space 70144K, 0% used [0x00000000fbb80000,0x00000000fbb80000,0x0000000100000000)
 ParOldGen       total 524288K, used 393297K [0x00000000d0000000, 0x00000000f0000000, 0x00000000f0000000)
  object space 524288K, 75% used [0x00000000d0000000,0x00000000e80145b0,0x00000000f0000000)
 Metaspace       used 119610K, capacity 123348K, committed 123584K, reserved 1159168K
  class space    used 11699K, capacity 12889K, committed 12992K, reserved 1048576K
Event: 97,595 GC heap after
Heap after GC invocations=92 (full 4):
 PSYoungGen      total 194048K, used 44578K [0x00000000f0000000, 0x0000000100000000, 0x0000000100000000)
  eden space 123904K, 0% used [0x00000000f0000000,0x00000000f0000000,0x00000000f7900000)
  from space 70144K, 63% used [0x00000000fbb80000,0x00000000fe7088e0,0x0000000100000000)
  to   space 68096K, 0% used [0x00000000f7900000,0x00000000f7900000,0x00000000fbb80000)
 ParOldGen       total 524288K, used 396481K [0x00000000d0000000, 0x00000000f0000000, 0x00000000f0000000)
  object space 524288K, 75% used [0x00000000d0000000,0x00000000e83305d0,0x00000000f0000000)
 Metaspace       used 119610K, capacity 123348K, committed 123584K, reserved 1159168K
  class space    used 11699K, capacity 12889K, committed 12992K, reserved 1048576K
}
Event: 430,328 GC heap before
{Heap before GC invocations=93 (full 4):
 PSYoungGen      total 194048K, used 168482K [0x00000000f0000000, 0x0000000100000000, 0x0000000100000000)
  eden space 123904K, 100% used [0x00000000f0000000,0x00000000f7900000,0x00000000f7900000)
  from space 70144K, 63% used [0x00000000fbb80000,0x00000000fe7088e0,0x0000000100000000)
  to   space 68096K, 0% used [0x00000000f7900000,0x00000000f7900000,0x00000000fbb80000)
 ParOldGen       total 524288K, used 396481K [0x00000000d0000000, 0x00000000f0000000, 0x00000000f0000000)
  object space 524288K, 75% used [0x00000000d0000000,0x00000000e83305d0,0x00000000f0000000)
 Metaspace       used 119968K, capacity 123732K, committed 123840K, reserved 1161216K
  class space    used 11739K, capacity 12937K, committed 12992K, reserved 1048576K
Event: 430,342 GC heap after
Heap after GC invocations=93 (full 4):
 PSYoungGen      total 192000K, used 43866K [0x00000000f0000000, 0x0000000100000000, 0x0000000100000000)
  eden space 123904K, 0% used [0x00000000f0000000,0x00000000f0000000,0x00000000f7900000)
  from space 68096K, 64% used [0x00000000f7900000,0x00000000fa3d6a78,0x00000000fbb80000)
  to   space 66048K, 0% used [0x00000000fbf80000,0x00000000fbf80000,0x0000000100000000)
 ParOldGen       total 524288K, used 399318K [0x00000000d0000000, 0x00000000f0000000, 0x00000000f0000000)
  object space 524288K, 76% used [0x00000000d0000000,0x00000000e85f58b8,0x00000000f0000000)
 Metaspace       used 119968K, capacity 123732K, committed 123840K, reserved 1161216K
  class space    used 11739K, capacity 12937K, committed 12992K, reserved 1048576K
}
Event: 434,873 GC heap before
{Heap before GC invocations=94 (full 4):
 PSYoungGen      total 192000K, used 167770K [0x00000000f0000000, 0x0000000100000000, 0x0000000100000000)
  eden space 123904K, 100% used [0x00000000f0000000,0x00000000f7900000,0x00000000f7900000)
  from space 68096K, 64% used [0x00000000f7900000,0x00000000fa3d6a78,0x00000000fbb80000)
  to   space 66048K, 0% used [0x00000000fbf80000,0x00000000fbf80000,0x0000000100000000)
 ParOldGen       total 524288K, used 399318K [0x00000000d0000000, 0x00000000f0000000, 0x00000000f0000000)
  object space 524288K, 76% used [0x00000000d0000000,0x00000000e85f58b8,0x00000000f0000000)
 Metaspace       used 121040K, capacity 124968K, committed 125248K, reserved 1161216K
  class space    used 11852K, capacity 13093K, committed 13120K, reserved 1048576K
Event: 434,893 GC heap after
Heap after GC invocations=94 (full 4):
 PSYoungGen      total 196096K, used 49044K [0x00000000f0000000, 0x0000000100000000, 0x0000000100000000)
  eden space 130048K, 0% used [0x00000000f0000000,0x00000000f0000000,0x00000000f7f00000)
  from space 66048K, 74% used [0x00000000fbf80000,0x00000000fef651a8,0x0000000100000000)
  to   space 66048K, 0% used [0x00000000f7f00000,0x00000000f7f00000,0x00000000fbf80000)
 ParOldGen       total 524288K, used 404199K [0x00000000d0000000, 0x00000000f0000000, 0x00000000f0000000)
  object space 524288K, 77% used [0x00000000d0000000,0x00000000e8ab9fe8,0x00000000f0000000)
 Metaspace       used 121040K, capacity 124968K, committed 125248K, reserved 1161216K
  class space    used 11852K, capacity 13093K, committed 13120K, reserved 1048576K
}
Event: 435,173 GC heap before
{Heap before GC invocations=95 (full 4):
 PSYoungGen      total 196096K, used 179092K [0x00000000f0000000, 0x0000000100000000, 0x0000000100000000)
  eden space 130048K, 100% used [0x00000000f0000000,0x00000000f7f00000,0x00000000f7f00000)
  from space 66048K, 74% used [0x00000000fbf80000,0x00000000fef651a8,0x0000000100000000)
  to   space 66048K, 0% used [0x00000000f7f00000,0x00000000f7f00000,0x00000000fbf80000)
 ParOldGen       total 524288K, used 404199K [0x00000000d0000000, 0x00000000f0000000, 0x00000000f0000000)
  object space 524288K, 77% used [0x00000000d0000000,0x00000000e8ab9fe8,0x00000000f0000000)
 Metaspace       used 121048K, capacity 124968K, committed 125248K, reserved 1161216K
  class space    used 11852K, capacity 13093K, committed 13120K, reserved 1048576K
Event: 435,189 GC heap after
Heap after GC invocations=95 (full 4):
 PSYoungGen      total 196096K, used 46403K [0x00000000f0000000, 0x0000000100000000, 0x0000000100000000)
  eden space 130048K, 0% used [0x00000000f0000000,0x00000000f0000000,0x00000000f7f00000)
  from space 66048K, 70% used [0x00000000f7f00000,0x00000000fac50f20,0x00000000fbf80000)
  to   space 65024K, 0% used [0x00000000fc080000,0x00000000fc080000,0x0000000100000000)
 ParOldGen       total 524288K, used 407622K [0x00000000d0000000, 0x00000000f0000000, 0x00000000f0000000)
  object space 524288K, 77% used [0x00000000d0000000,0x00000000e8e11ba0,0x00000000f0000000)
 Metaspace       used 121048K, capacity 124968K, committed 125248K, reserved 1161216K
  class space    used 11852K, capacity 13093K, committed 13120K, reserved 1048576K
}
Event: 435,496 GC heap before
{Heap before GC invocations=96 (full 4):
 PSYoungGen      total 196096K, used 176315K [0x00000000f0000000, 0x0000000100000000, 0x0000000100000000)
  eden space 130048K, 99% used [0x00000000f0000000,0x00000000f7ede010,0x00000000f7f00000)
  from space 66048K, 70% used [0x00000000f7f00000,0x00000000fac50f20,0x00000000fbf80000)
  to   space 65024K, 0% used [0x00000000fc080000,0x00000000fc080000,0x0000000100000000)
 ParOldGen       total 524288K, used 407622K [0x00000000d0000000, 0x00000000f0000000, 0x00000000f0000000)
  object space 524288K, 77% used [0x00000000d0000000,0x00000000e8e11ba0,0x00000000f0000000)
 Metaspace       used 121087K, capacity 125004K, committed 125248K, reserved 1161216K
  class space    used 11856K, capacity 13099K, committed 13120K, reserved 1048576K
Event: 435,518 GC heap after
Heap after GC invocations=96 (full 4):
 PSYoungGen      total 198144K, used 46632K [0x00000000f0000000, 0x0000000100000000, 0x0000000100000000)
  eden space 133120K, 0% used [0x00000000f0000000,0x00000000f0000000,0x00000000f8200000)
  from space 65024K, 71% used [0x00000000fc080000,0x00000000fee0a250,0x0000000100000000)
  to   space 64000K, 0% used [0x00000000f8200000,0x00000000f8200000,0x00000000fc080000)
 ParOldGen       total 524288K, used 408475K [0x00000000d0000000, 0x00000000f0000000, 0x00000000f0000000)
  object space 524288K, 77% used [0x00000000d0000000,0x00000000e8ee6c38,0x00000000f0000000)
 Metaspace       used 121087K, capacity 125004K, committed 125248K, reserved 1161216K
  class space    used 11856K, capacity 13099K, committed 13120K, reserved 1048576K
}

