# JRE version: Java(TM) SE Runtime Environment (8.0_221-b11) (build 1.8.0_221-b11)
# Java VM: Java HotSpot(TM) 64-Bit Server VM (25.221-b11 mixed mode linux-amd64 compressed oops)
Heap:
 PSYoungGen      total 193024K, used 44946K [0x00000000f0000000, 0x0000000100000000, 0x0000000100000000)
  eden space 126464K, 1% used [0x00000000f0000000,0x00000000f0172620,0x00000000f7b80000)
  from space 66560K, 65% used [0x00000000f7b80000,0x00000000fa5f2520,0x00000000fbc80000)
  to   space 64512K, 0% used [0x00000000fc100000,0x00000000fc100000,0x0000000100000000)
 ParOldGen       total 524288K, used 396885K [0x00000000d0000000, 0x00000000f0000000, 0x00000000f0000000)
  object space 524288K, 75% used [0x00000000d0000000,0x00000000e83954d0,0x00000000f0000000)
 Metaspace       used 125097K, capacity 129106K, committed 129344K, reserved 1165312K
  class space    used 12080K, capacity 13406K, committed 13440K, reserved 1048576K
GC Heap History (10 events):
Event: 292,816 GC heap before
{Heap before GC invocations=99 (full 4):
 PSYoungGen      total 189952K, used 177274K [0x00000000f0000000, 0x0000000100000000, 0x0000000100000000)
  eden space 122880K, 100% used [0x00000000f0000000,0x00000000f7800000,0x00000000f7800000)
  from space 67072K, 81% used [0x00000000fbe80000,0x00000000ff39e860,0x0000000100000000)
  to   space 69632K, 0% used [0x00000000f7800000,0x00000000f7800000,0x00000000fbc00000)
 ParOldGen       total 524288K, used 381978K [0x00000000d0000000, 0x00000000f0000000, 0x00000000f0000000)
  object space 524288K, 72% used [0x00000000d0000000,0x00000000e7506b10,0x00000000f0000000)
 Metaspace       used 123608K, capacity 127362K, committed 127680K, reserved 1163264K
  class space    used 11933K, capacity 13196K, committed 13312K, reserved 1048576K
Event: 292,832 GC heap after
Heap after GC invocations=99 (full 4):
 PSYoungGen      total 174080K, used 50690K [0x00000000f0000000, 0x0000000100000000, 0x0000000100000000)
  eden space 122880K, 0% used [0x00000000f0000000,0x00000000f0000000,0x00000000f7800000)
  from space 51200K, 99% used [0x00000000f7800000,0x00000000fa980928,0x00000000faa00000)
  to   space 70144K, 0% used [0x00000000fbb80000,0x00000000fbb80000,0x0000000100000000)
 ParOldGen       total 524288K, used 385220K [0x00000000d0000000, 0x00000000f0000000, 0x00000000f0000000)
  object space 524288K, 73% used [0x00000000d0000000,0x00000000e7831298,0x00000000f0000000)
 Metaspace       used 123608K, capacity 127362K, committed 127680K, reserved 1163264K
  class space    used 11933K, capacity 13196K, committed 13312K, reserved 1048576K
}
Event: 296,966 GC heap before
{Heap before GC invocations=100 (full 4):
 PSYoungGen      total 174080K, used 173566K [0x00000000f0000000, 0x0000000100000000, 0x0000000100000000)
  eden space 122880K, 99% used [0x00000000f0000000,0x00000000f77fefb0,0x00000000f7800000)
  from space 51200K, 99% used [0x00000000f7800000,0x00000000fa980928,0x00000000faa00000)
  to   space 70144K, 0% used [0x00000000fbb80000,0x00000000fbb80000,0x0000000100000000)
 ParOldGen       total 524288K, used 385220K [0x00000000d0000000, 0x00000000f0000000, 0x00000000f0000000)
  object space 524288K, 73% used [0x00000000d0000000,0x00000000e7831298,0x00000000f0000000)
 Metaspace       used 123998K, capacity 127738K, committed 127936K, reserved 1163264K
  class space    used 11954K, capacity 13232K, committed 13312K, reserved 1048576K
Event: 296,987 GC heap after
Heap after GC invocations=100 (full 4):
 PSYoungGen      total 192512K, used 49176K [0x00000000f0000000, 0x0000000100000000, 0x0000000100000000)
  eden space 122368K, 0% used [0x00000000f0000000,0x00000000f0000000,0x00000000f7780000)
  from space 70144K, 70% used [0x00000000fbb80000,0x00000000feb860e0,0x0000000100000000)
  to   space 69632K, 0% used [0x00000000f7780000,0x00000000f7780000,0x00000000fbb80000)
 ParOldGen       total 524288K, used 388219K [0x00000000d0000000, 0x00000000f0000000, 0x00000000f0000000)
  object space 524288K, 74% used [0x00000000d0000000,0x00000000e7b1ec78,0x00000000f0000000)
 Metaspace       used 123998K, capacity 127738K, committed 127936K, reserved 1163264K
  class space    used 11954K, capacity 13232K, committed 13312K, reserved 1048576K
}
Event: 297,212 GC heap before
{Heap before GC invocations=101 (full 4):
 PSYoungGen      total 192512K, used 171544K [0x00000000f0000000, 0x0000000100000000, 0x0000000100000000)
  eden space 122368K, 100% used [0x00000000f0000000,0x00000000f7780000,0x00000000f7780000)
  from space 70144K, 70% used [0x00000000fbb80000,0x00000000feb860e0,0x0000000100000000)
  to   space 69632K, 0% used [0x00000000f7780000,0x00000000f7780000,0x00000000fbb80000)
 ParOldGen       total 524288K, used 388219K [0x00000000d0000000, 0x00000000f0000000, 0x00000000f0000000)
  object space 524288K, 74% used [0x00000000d0000000,0x00000000e7b1ec78,0x00000000f0000000)
 Metaspace       used 123998K, capacity 127738K, committed 127936K, reserved 1163264K
  class space    used 11954K, capacity 13232K, committed 13312K, reserved 1048576K
Event: 297,233 GC heap after
Heap after GC invocations=101 (full 4):
 PSYoungGen      total 192000K, used 48971K [0x00000000f0000000, 0x0000000100000000, 0x0000000100000000)
  eden space 122368K, 0% used [0x00000000f0000000,0x00000000f0000000,0x00000000f7780000)
  from space 69632K, 70% used [0x00000000f7780000,0x00000000fa752fb0,0x00000000fbb80000)
  to   space 69120K, 0% used [0x00000000fbc80000,0x00000000fbc80000,0x0000000100000000)
 ParOldGen       total 524288K, used 390468K [0x00000000d0000000, 0x00000000f0000000, 0x00000000f0000000)
  object space 524288K, 74% used [0x00000000d0000000,0x00000000e7d511f0,0x00000000f0000000)
 Metaspace       used 123998K, capacity 127738K, committed 127936K, reserved 1163264K
  class space    used 11954K, capacity 13232K, committed 13312K, reserved 1048576K
}
Event: 297,632 GC heap before
{Heap before GC invocations=102 (full 4):
 PSYoungGen      total 192000K, used 171339K [0x00000000f0000000, 0x0000000100000000, 0x0000000100000000)
  eden space 122368K, 99% used [0x00000000f0000000,0x00000000f777ff80,0x00000000f7780000)
  from space 69632K, 70% used [0x00000000f7780000,0x00000000fa752fb0,0x00000000fbb80000)
  to   space 69120K, 0% used [0x00000000fbc80000,0x00000000fbc80000,0x0000000100000000)
 ParOldGen       total 524288K, used 390468K [0x00000000d0000000, 0x00000000f0000000, 0x00000000f0000000)
  object space 524288K, 74% used [0x00000000d0000000,0x00000000e7d511f0,0x00000000f0000000)
 Metaspace       used 124172K, capacity 127944K, committed 128192K, reserved 1165312K
  class space    used 11967K, capacity 13246K, committed 13312K, reserved 1048576K
Event: 297,664 GC heap after
Heap after GC invocations=102 (full 4):
 PSYoungGen      total 195584K, used 44740K [0x00000000f0000000, 0x0000000100000000, 0x0000000100000000)
  eden space 126464K, 0% used [0x00000000f0000000,0x00000000f0000000,0x00000000f7b80000)
  from space 69120K, 64% used [0x00000000fbc80000,0x00000000fe8310e0,0x0000000100000000)
  to   space 66560K, 0% used [0x00000000f7b80000,0x00000000f7b80000,0x00000000fbc80000)
 ParOldGen       total 524288K, used 393205K [0x00000000d0000000, 0x00000000f0000000, 0x00000000f0000000)
  object space 524288K, 74% used [0x00000000d0000000,0x00000000e7ffd4e8,0x00000000f0000000)
 Metaspace       used 124172K, capacity 127944K, committed 128192K, reserved 1165312K
  class space    used 11967K, capacity 13246K, committed 13312K, reserved 1048576K
}
Event: 298,446 GC heap before
{Heap before GC invocations=103 (full 4):
 PSYoungGen      total 195584K, used 171204K [0x00000000f0000000, 0x0000000100000000, 0x0000000100000000)
  eden space 126464K, 100% used [0x00000000f0000000,0x00000000f7b80000,0x00000000f7b80000)
  from space 69120K, 64% used [0x00000000fbc80000,0x00000000fe8310e0,0x0000000100000000)
  to   space 66560K, 0% used [0x00000000f7b80000,0x00000000f7b80000,0x00000000fbc80000)
 ParOldGen       total 524288K, used 393205K [0x00000000d0000000, 0x00000000f0000000, 0x00000000f0000000)
  object space 524288K, 74% used [0x00000000d0000000,0x00000000e7ffd4e8,0x00000000f0000000)
 Metaspace       used 125071K, capacity 129062K, committed 129344K, reserved 1165312K
  class space    used 12073K, capacity 13396K, committed 13440K, reserved 1048576K
Event: 298,471 GC heap after
Heap after GC invocations=103 (full 4):
 PSYoungGen      total 193024K, used 43465K [0x00000000f0000000, 0x0000000100000000, 0x0000000100000000)
  eden space 126464K, 0% used [0x00000000f0000000,0x00000000f0000000,0x00000000f7b80000)
  from space 66560K, 65% used [0x00000000f7b80000,0x00000000fa5f2520,0x00000000fbc80000)
  to   space 64512K, 0% used [0x00000000fc100000,0x00000000fc100000,0x0000000100000000)
 ParOldGen       total 524288K, used 396885K [0x00000000d0000000, 0x00000000f0000000, 0x00000000f0000000)
  object space 524288K, 75% used [0x00000000d0000000,0x00000000e83954d0,0x00000000f0000000)
 Metaspace       used 125071K, capacity 129062K, committed 129344K, reserved 1165312K
  class space    used 12073K, capacity 13396K, committed 13440K, reserved 1048576K
}

