# JRE version: Java(TM) SE Runtime Environment (8.0_221-b11) (build 1.8.0_221-b11)
# Java VM: Java HotSpot(TM) 64-Bit Server VM (25.221-b11 mixed mode linux-amd64 compressed oops)
Heap:
 PSYoungGen      total 242176K, used 84707K [0x00000000f0000000, 0x0000000100000000, 0x0000000100000000)
  eden space 227328K, 31% used [0x00000000f0000000,0x00000000f45e22f8,0x00000000fde00000)
  from space 14848K, 88% used [0x00000000ff180000,0x00000000ffe569b0,0x0000000100000000)
  to   space 17408K, 0% used [0x00000000fde00000,0x00000000fde00000,0x00000000fef00000)
 ParOldGen       total 524288K, used 461430K [0x00000000d0000000, 0x00000000f0000000, 0x00000000f0000000)
  object space 524288K, 88% used [0x00000000d0000000,0x00000000ec29db48,0x00000000f0000000)
 Metaspace       used 130163K, capacity 136496K, committed 136576K, reserved 1171456K
  class space    used 13367K, capacity 15174K, committed 15232K, reserved 1048576K
GC Heap History (10 events):
Event: 5650,553 GC heap before
{Heap before GC invocations=142 (full 4):
 PSYoungGen      total 244736K, used 234191K [0x00000000f0000000, 0x0000000100000000, 0x0000000100000000)
  eden space 228352K, 100% used [0x00000000f0000000,0x00000000fdf00000,0x00000000fdf00000)
  from space 16384K, 35% used [0x00000000fdf00000,0x00000000fe4b3e78,0x00000000fef00000)
  to   space 15360K, 0% used [0x00000000ff100000,0x00000000ff100000,0x0000000100000000)
 ParOldGen       total 524288K, used 460566K [0x00000000d0000000, 0x00000000f0000000, 0x00000000f0000000)
  object space 524288K, 87% used [0x00000000d0000000,0x00000000ec1c5b48,0x00000000f0000000)
 Metaspace       used 127490K, capacity 133194K, committed 133376K, reserved 1167360K
  class space    used 12878K, capacity 14567K, committed 14592K, reserved 1048576K
Event: 5650,558 GC heap after
Heap after GC invocations=142 (full 4):
 PSYoungGen      total 247296K, used 5889K [0x00000000f0000000, 0x0000000100000000, 0x0000000100000000)
  eden space 231936K, 0% used [0x00000000f0000000,0x00000000f0000000,0x00000000fe280000)
  from space 15360K, 38% used [0x00000000ff100000,0x00000000ff6c07f8,0x0000000100000000)
  to   space 14848K, 0% used [0x00000000fe280000,0x00000000fe280000,0x00000000ff100000)
 ParOldGen       total 524288K, used 460958K [0x00000000d0000000, 0x00000000f0000000, 0x00000000f0000000)
  object space 524288K, 87% used [0x00000000d0000000,0x00000000ec227b48,0x00000000f0000000)
 Metaspace       used 127490K, capacity 133194K, committed 133376K, reserved 1167360K
  class space    used 12878K, capacity 14567K, committed 14592K, reserved 1048576K
}
Event: 5651,351 GC heap before
{Heap before GC invocations=143 (full 4):
 PSYoungGen      total 247296K, used 237825K [0x00000000f0000000, 0x0000000100000000, 0x0000000100000000)
  eden space 231936K, 100% used [0x00000000f0000000,0x00000000fe280000,0x00000000fe280000)
  from space 15360K, 38% used [0x00000000ff100000,0x00000000ff6c07f8,0x0000000100000000)
  to   space 14848K, 0% used [0x00000000fe280000,0x00000000fe280000,0x00000000ff100000)
 ParOldGen       total 524288K, used 460958K [0x00000000d0000000, 0x00000000f0000000, 0x00000000f0000000)
  object space 524288K, 87% used [0x00000000d0000000,0x00000000ec227b48,0x00000000f0000000)
 Metaspace       used 127580K, capacity 133494K, committed 133760K, reserved 1169408K
  class space    used 12905K, capacity 14617K, committed 14720K, reserved 1048576K
Event: 5651,361 GC heap after
Heap after GC invocations=143 (full 4):
 PSYoungGen      total 246784K, used 5467K [0x00000000f0000000, 0x0000000100000000, 0x0000000100000000)
  eden space 231936K, 0% used [0x00000000f0000000,0x00000000f0000000,0x00000000fe280000)
  from space 14848K, 36% used [0x00000000fe280000,0x00000000fe7d6c80,0x00000000ff100000)
  to   space 13824K, 0% used [0x00000000ff280000,0x00000000ff280000,0x0000000100000000)
 ParOldGen       total 524288K, used 460974K [0x00000000d0000000, 0x00000000f0000000, 0x00000000f0000000)
  object space 524288K, 87% used [0x00000000d0000000,0x00000000ec22bb48,0x00000000f0000000)
 Metaspace       used 127580K, capacity 133494K, committed 133760K, reserved 1169408K
  class space    used 12905K, capacity 14617K, committed 14720K, reserved 1048576K
}
Event: 5653,585 GC heap before
{Heap before GC invocations=144 (full 4):
 PSYoungGen      total 246784K, used 237403K [0x00000000f0000000, 0x0000000100000000, 0x0000000100000000)
  eden space 231936K, 100% used [0x00000000f0000000,0x00000000fe280000,0x00000000fe280000)
  from space 14848K, 36% used [0x00000000fe280000,0x00000000fe7d6c80,0x00000000ff100000)
  to   space 13824K, 0% used [0x00000000ff280000,0x00000000ff280000,0x0000000100000000)
 ParOldGen       total 524288K, used 460974K [0x00000000d0000000, 0x00000000f0000000, 0x00000000f0000000)
  object space 524288K, 87% used [0x00000000d0000000,0x00000000ec22bb48,0x00000000f0000000)
 Metaspace       used 128227K, capacity 134202K, committed 134400K, reserved 1169408K
  class space    used 13060K, capacity 14788K, committed 14848K, reserved 1048576K
Event: 5653,592 GC heap after
Heap after GC invocations=144 (full 4):
 PSYoungGen      total 247296K, used 9099K [0x00000000f0000000, 0x0000000100000000, 0x0000000100000000)
  eden space 233472K, 0% used [0x00000000f0000000,0x00000000f0000000,0x00000000fe400000)
  from space 13824K, 65% used [0x00000000ff280000,0x00000000ffb62cb8,0x0000000100000000)
  to   space 14336K, 0% used [0x00000000fe400000,0x00000000fe400000,0x00000000ff200000)
 ParOldGen       total 524288K, used 461006K [0x00000000d0000000, 0x00000000f0000000, 0x00000000f0000000)
  object space 524288K, 87% used [0x00000000d0000000,0x00000000ec233b48,0x00000000f0000000)
 Metaspace       used 128227K, capacity 134202K, committed 134400K, reserved 1169408K
  class space    used 13060K, capacity 14788K, committed 14848K, reserved 1048576K
}
Event: 5654,260 GC heap before
{Heap before GC invocations=145 (full 4):
 PSYoungGen      total 247296K, used 242571K [0x00000000f0000000, 0x0000000100000000, 0x0000000100000000)
  eden space 233472K, 100% used [0x00000000f0000000,0x00000000fe400000,0x00000000fe400000)
  from space 13824K, 65% used [0x00000000ff280000,0x00000000ffb62cb8,0x0000000100000000)
  to   space 14336K, 0% used [0x00000000fe400000,0x00000000fe400000,0x00000000ff200000)
 ParOldGen       total 524288K, used 461006K [0x00000000d0000000, 0x00000000f0000000, 0x00000000f0000000)
  object space 524288K, 87% used [0x00000000d0000000,0x00000000ec233b48,0x00000000f0000000)
 Metaspace       used 129476K, capacity 135580K, committed 135680K, reserved 1169408K
  class space    used 13301K, capacity 15025K, committed 15104K, reserved 1048576K
Event: 5654,267 GC heap after
Heap after GC invocations=145 (full 4):
 PSYoungGen      total 243712K, used 13793K [0x00000000f0000000, 0x0000000100000000, 0x0000000100000000)
  eden space 229888K, 0% used [0x00000000f0000000,0x00000000f0000000,0x00000000fe080000)
  from space 13824K, 99% used [0x00000000fe400000,0x00000000ff1787a0,0x00000000ff180000)
  to   space 14848K, 0% used [0x00000000ff180000,0x00000000ff180000,0x0000000100000000)
 ParOldGen       total 524288K, used 461398K [0x00000000d0000000, 0x00000000f0000000, 0x00000000f0000000)
  object space 524288K, 88% used [0x00000000d0000000,0x00000000ec295b48,0x00000000f0000000)
 Metaspace       used 129476K, capacity 135580K, committed 135680K, reserved 1169408K
  class space    used 13301K, capacity 15025K, committed 15104K, reserved 1048576K
}
Event: 5654,850 GC heap before
{Heap before GC invocations=146 (full 4):
 PSYoungGen      total 243712K, used 242878K [0x00000000f0000000, 0x0000000100000000, 0x0000000100000000)
  eden space 229888K, 99% used [0x00000000f0000000,0x00000000fdfb7398,0x00000000fe080000)
  from space 13824K, 99% used [0x00000000fe400000,0x00000000ff1787a0,0x00000000ff180000)
  to   space 14848K, 0% used [0x00000000ff180000,0x00000000ff180000,0x0000000100000000)
 ParOldGen       total 524288K, used 461398K [0x00000000d0000000, 0x00000000f0000000, 0x00000000f0000000)
  object space 524288K, 88% used [0x00000000d0000000,0x00000000ec295b48,0x00000000f0000000)
 Metaspace       used 129477K, capacity 135580K, committed 135680K, reserved 1169408K
  class space    used 13301K, capacity 15025K, committed 15104K, reserved 1048576K
Event: 5654,864 GC heap after
Heap after GC invocations=146 (full 4):
 PSYoungGen      total 242176K, used 13146K [0x00000000f0000000, 0x0000000100000000, 0x0000000100000000)
  eden space 227328K, 0% used [0x00000000f0000000,0x00000000f0000000,0x00000000fde00000)
  from space 14848K, 88% used [0x00000000ff180000,0x00000000ffe569b0,0x0000000100000000)
  to   space 17408K, 0% used [0x00000000fde00000,0x00000000fde00000,0x00000000fef00000)
 ParOldGen       total 524288K, used 461430K [0x00000000d0000000, 0x00000000f0000000, 0x00000000f0000000)
  object space 524288K, 88% used [0x00000000d0000000,0x00000000ec29db48,0x00000000f0000000)
 Metaspace       used 129477K, capacity 135580K, committed 135680K, reserved 1169408K
  class space    used 13301K, capacity 15025K, committed 15104K, reserved 1048576K
}

