# JRE version: Java(TM) SE Runtime Environment (8.0_221-b11) (build 1.8.0_221-b11)
# Java VM: Java HotSpot(TM) 64-Bit Server VM (25.221-b11 mixed mode linux-amd64 compressed oops)
Heap:
 PSYoungGen      total 190976K, used 126298K [0x00000000f0000000, 0x0000000100000000, 0x0000000100000000)
  eden space 121856K, 63% used [0x00000000f0000000,0x00000000f4b2c638,0x00000000f7700000)
  from space 69120K, 71% used [0x00000000fbc80000,0x00000000fecaa2c0,0x0000000100000000)
  to   space 70144K, 0% used [0x00000000f7700000,0x00000000f7700000,0x00000000fbb80000)
 ParOldGen       total 524288K, used 379859K [0x00000000d0000000, 0x00000000f0000000, 0x00000000f0000000)
  object space 524288K, 72% used [0x00000000d0000000,0x00000000e72f4cb8,0x00000000f0000000)
 Metaspace       used 122463K, capacity 125852K, committed 126016K, reserved 1163264K
  class space    used 11684K, capacity 12863K, committed 12928K, reserved 1048576K
GC Heap History (10 events):
Event: 51,972 GC heap before
{Heap before GC invocations=88 (full 4):
 PSYoungGen      total 207872K, used 207667K [0x00000000f0000000, 0x0000000100000000, 0x0000000100000000)
  eden space 165888K, 100% used [0x00000000f0000000,0x00000000fa200000,0x00000000fa200000)
  from space 41984K, 99% used [0x00000000fa200000,0x00000000fcaccc50,0x00000000fcb00000)
  to   space 51200K, 0% used [0x00000000fce00000,0x00000000fce00000,0x0000000100000000)
 ParOldGen       total 524288K, used 361174K [0x00000000d0000000, 0x00000000f0000000, 0x00000000f0000000)
  object space 524288K, 68% used [0x00000000d0000000,0x00000000e60b5be0,0x00000000f0000000)
 Metaspace       used 119294K, capacity 121644K, committed 121920K, reserved 1159168K
  class space    used 11100K, capacity 11858K, committed 11904K, reserved 1048576K
Event: 51,990 GC heap after
Heap after GC invocations=88 (full 4):
 PSYoungGen      total 206848K, used 42092K [0x00000000f0000000, 0x0000000100000000, 0x0000000100000000)
  eden space 155648K, 0% used [0x00000000f0000000,0x00000000f0000000,0x00000000f9800000)
  from space 51200K, 82% used [0x00000000fce00000,0x00000000ff71b368,0x0000000100000000)
  to   space 53248K, 0% used [0x00000000f9800000,0x00000000f9800000,0x00000000fcc00000)
 ParOldGen       total 524288K, used 361642K [0x00000000d0000000, 0x00000000f0000000, 0x00000000f0000000)
  object space 524288K, 68% used [0x00000000d0000000,0x00000000e612abf0,0x00000000f0000000)
 Metaspace       used 119294K, capacity 121644K, committed 121920K, reserved 1159168K
  class space    used 11100K, capacity 11858K, committed 11904K, reserved 1048576K
}
Event: 52,356 GC heap before
{Heap before GC invocations=89 (full 4):
 PSYoungGen      total 206848K, used 197740K [0x00000000f0000000, 0x0000000100000000, 0x0000000100000000)
  eden space 155648K, 100% used [0x00000000f0000000,0x00000000f9800000,0x00000000f9800000)
  from space 51200K, 82% used [0x00000000fce00000,0x00000000ff71b368,0x0000000100000000)
  to   space 53248K, 0% used [0x00000000f9800000,0x00000000f9800000,0x00000000fcc00000)
 ParOldGen       total 524288K, used 361642K [0x00000000d0000000, 0x00000000f0000000, 0x00000000f0000000)
  object space 524288K, 68% used [0x00000000d0000000,0x00000000e612abf0,0x00000000f0000000)
 Metaspace       used 120127K, capacity 122736K, committed 122944K, reserved 1161216K
  class space    used 11260K, capacity 12078K, committed 12160K, reserved 1048576K
Event: 52,377 GC heap after
Heap after GC invocations=89 (full 4):
 PSYoungGen      total 200704K, used 44661K [0x00000000f0000000, 0x0000000100000000, 0x0000000100000000)
  eden space 155648K, 0% used [0x00000000f0000000,0x00000000f0000000,0x00000000f9800000)
  from space 45056K, 99% used [0x00000000f9800000,0x00000000fc39d748,0x00000000fc400000)
  to   space 55808K, 0% used [0x00000000fc980000,0x00000000fc980000,0x0000000100000000)
 ParOldGen       total 524288K, used 362290K [0x00000000d0000000, 0x00000000f0000000, 0x00000000f0000000)
  object space 524288K, 69% used [0x00000000d0000000,0x00000000e61ccbf0,0x00000000f0000000)
 Metaspace       used 120127K, capacity 122736K, committed 122944K, reserved 1161216K
  class space    used 11260K, capacity 12078K, committed 12160K, reserved 1048576K
}
Event: 52,598 GC heap before
{Heap before GC invocations=90 (full 4):
 PSYoungGen      total 200704K, used 200309K [0x00000000f0000000, 0x0000000100000000, 0x0000000100000000)
  eden space 155648K, 100% used [0x00000000f0000000,0x00000000f9800000,0x00000000f9800000)
  from space 45056K, 99% used [0x00000000f9800000,0x00000000fc39d748,0x00000000fc400000)
  to   space 55808K, 0% used [0x00000000fc980000,0x00000000fc980000,0x0000000100000000)
 ParOldGen       total 524288K, used 362290K [0x00000000d0000000, 0x00000000f0000000, 0x00000000f0000000)
  object space 524288K, 69% used [0x00000000d0000000,0x00000000e61ccbf0,0x00000000f0000000)
 Metaspace       used 120827K, capacity 123926K, committed 124096K, reserved 1161216K
  class space    used 11418K, capacity 12491K, committed 12544K, reserved 1048576K
Event: 52,627 GC heap after
Heap after GC invocations=90 (full 4):
 PSYoungGen      total 181760K, used 55800K [0x00000000f0000000, 0x0000000100000000, 0x0000000100000000)
  eden space 125952K, 0% used [0x00000000f0000000,0x00000000f0000000,0x00000000f7b00000)
  from space 55808K, 99% used [0x00000000fc980000,0x00000000ffffe398,0x0000000100000000)
  to   space 68096K, 0% used [0x00000000f7b00000,0x00000000f7b00000,0x00000000fbd80000)
 ParOldGen       total 524288K, used 377507K [0x00000000d0000000, 0x00000000f0000000, 0x00000000f0000000)
  object space 524288K, 72% used [0x00000000d0000000,0x00000000e70a8cb8,0x00000000f0000000)
 Metaspace       used 120827K, capacity 123926K, committed 124096K, reserved 1161216K
  class space    used 11418K, capacity 12491K, committed 12544K, reserved 1048576K
}
Event: 52,680 GC heap before
{Heap before GC invocations=91 (full 4):
 PSYoungGen      total 181760K, used 181752K [0x00000000f0000000, 0x0000000100000000, 0x0000000100000000)
  eden space 125952K, 100% used [0x00000000f0000000,0x00000000f7b00000,0x00000000f7b00000)
  from space 55808K, 99% used [0x00000000fc980000,0x00000000ffffe398,0x0000000100000000)
  to   space 68096K, 0% used [0x00000000f7b00000,0x00000000f7b00000,0x00000000fbd80000)
 ParOldGen       total 524288K, used 377507K [0x00000000d0000000, 0x00000000f0000000, 0x00000000f0000000)
  object space 524288K, 72% used [0x00000000d0000000,0x00000000e70a8cb8,0x00000000f0000000)
 Metaspace       used 120907K, capacity 123984K, committed 124096K, reserved 1161216K
  class space    used 11441K, capacity 12502K, committed 12544K, reserved 1048576K
Event: 52,703 GC heap after
Heap after GC invocations=91 (full 4):
 PSYoungGen      total 174592K, used 48295K [0x00000000f0000000, 0x0000000100000000, 0x0000000100000000)
  eden space 125952K, 0% used [0x00000000f0000000,0x00000000f0000000,0x00000000f7b00000)
  from space 48640K, 99% used [0x00000000f7b00000,0x00000000faa29cb0,0x00000000faa80000)
  to   space 69120K, 0% used [0x00000000fbc80000,0x00000000fbc80000,0x0000000100000000)
 ParOldGen       total 524288K, used 378763K [0x00000000d0000000, 0x00000000f0000000, 0x00000000f0000000)
  object space 524288K, 72% used [0x00000000d0000000,0x00000000e71e2cb8,0x00000000f0000000)
 Metaspace       used 120907K, capacity 123984K, committed 124096K, reserved 1161216K
  class space    used 11441K, capacity 12502K, committed 12544K, reserved 1048576K
}
Event: 55,997 GC heap before
{Heap before GC invocations=92 (full 4):
 PSYoungGen      total 174592K, used 174247K [0x00000000f0000000, 0x0000000100000000, 0x0000000100000000)
  eden space 125952K, 100% used [0x00000000f0000000,0x00000000f7b00000,0x00000000f7b00000)
  from space 48640K, 99% used [0x00000000f7b00000,0x00000000faa29cb0,0x00000000faa80000)
  to   space 69120K, 0% used [0x00000000fbc80000,0x00000000fbc80000,0x0000000100000000)
 ParOldGen       total 524288K, used 378763K [0x00000000d0000000, 0x00000000f0000000, 0x00000000f0000000)
  object space 524288K, 72% used [0x00000000d0000000,0x00000000e71e2cb8,0x00000000f0000000)
 Metaspace       used 121570K, capacity 124848K, committed 124992K, reserved 1161216K
  class space    used 11544K, capacity 12669K, committed 12672K, reserved 1048576K
Event: 56,016 GC heap after
Heap after GC invocations=92 (full 4):
 PSYoungGen      total 190976K, used 49320K [0x00000000f0000000, 0x0000000100000000, 0x0000000100000000)
  eden space 121856K, 0% used [0x00000000f0000000,0x00000000f0000000,0x00000000f7700000)
  from space 69120K, 71% used [0x00000000fbc80000,0x00000000fecaa2c0,0x0000000100000000)
  to   space 70144K, 0% used [0x00000000f7700000,0x00000000f7700000,0x00000000fbb80000)
 ParOldGen       total 524288K, used 379859K [0x00000000d0000000, 0x00000000f0000000, 0x00000000f0000000)
  object space 524288K, 72% used [0x00000000d0000000,0x00000000e72f4cb8,0x00000000f0000000)
 Metaspace       used 121570K, capacity 124848K, committed 124992K, reserved 1161216K
  class space    used 11544K, capacity 12669K, committed 12672K, reserved 1048576K
}

