# JRE version: Java(TM) SE Runtime Environment (8.0_221-b11) (build 1.8.0_221-b11)
# Java VM: Java HotSpot(TM) 64-Bit Server VM (25.221-b11 mixed mode linux-amd64 compressed oops)
Heap:
 PSYoungGen      total 247808K, used 168479K [0x00000000f0000000, 0x0000000100000000, 0x0000000100000000)
  eden space 235520K, 67% used [0x00000000f0000000,0x00000000f9a724d8,0x00000000fe600000)
  from space 12288K, 84% used [0x00000000ff400000,0x00000000ffe159f0,0x0000000100000000)
  to   space 13312K, 0% used [0x00000000fe600000,0x00000000fe600000,0x00000000ff300000)
 ParOldGen       total 524288K, used 399516K [0x00000000d0000000, 0x00000000f0000000, 0x00000000f0000000)
  object space 524288K, 76% used [0x00000000d0000000,0x00000000e86272e8,0x00000000f0000000)
 Metaspace       used 137815K, capacity 143970K, committed 144512K, reserved 1177600K
  class space    used 13607K, capacity 15375K, committed 15744K, reserved 1048576K
GC Heap History (10 events):
Event: 10061,052 GC heap before
{Heap before GC invocations=197 (full 5):
 PSYoungGen      total 249856K, used 239072K [0x00000000f0000000, 0x0000000100000000, 0x0000000100000000)
  eden space 238080K, 100% used [0x00000000f0000000,0x00000000fe880000,0x00000000fe880000)
  from space 11776K, 8% used [0x00000000fe880000,0x00000000fe978000,0x00000000ff400000)
  to   space 11776K, 0% used [0x00000000ff480000,0x00000000ff480000,0x0000000100000000)
 ParOldGen       total 524288K, used 399228K [0x00000000d0000000, 0x00000000f0000000, 0x00000000f0000000)
  object space 524288K, 76% used [0x00000000d0000000,0x00000000e85df2e8,0x00000000f0000000)
 Metaspace       used 137045K, capacity 143000K, committed 143616K, reserved 1177600K
  class space    used 13554K, capacity 15319K, committed 15616K, reserved 1048576K
Event: 10061,057 GC heap after
Heap after GC invocations=197 (full 5):
 PSYoungGen      total 250368K, used 6366K [0x00000000f0000000, 0x0000000100000000, 0x0000000100000000)
  eden space 238592K, 0% used [0x00000000f0000000,0x00000000f0000000,0x00000000fe900000)
  from space 11776K, 54% used [0x00000000ff480000,0x00000000ffab78b0,0x0000000100000000)
  to   space 11776K, 0% used [0x00000000fe900000,0x00000000fe900000,0x00000000ff480000)
 ParOldGen       total 524288K, used 399292K [0x00000000d0000000, 0x00000000f0000000, 0x00000000f0000000)
  object space 524288K, 76% used [0x00000000d0000000,0x00000000e85ef2e8,0x00000000f0000000)
 Metaspace       used 137045K, capacity 143000K, committed 143616K, reserved 1177600K
  class space    used 13554K, capacity 15319K, committed 15616K, reserved 1048576K
}
Event: 10538,503 GC heap before
{Heap before GC invocations=198 (full 5):
 PSYoungGen      total 250368K, used 244958K [0x00000000f0000000, 0x0000000100000000, 0x0000000100000000)
  eden space 238592K, 100% used [0x00000000f0000000,0x00000000fe900000,0x00000000fe900000)
  from space 11776K, 54% used [0x00000000ff480000,0x00000000ffab78b0,0x0000000100000000)
  to   space 11776K, 0% used [0x00000000fe900000,0x00000000fe900000,0x00000000ff480000)
 ParOldGen       total 524288K, used 399292K [0x00000000d0000000, 0x00000000f0000000, 0x00000000f0000000)
  object space 524288K, 76% used [0x00000000d0000000,0x00000000e85ef2e8,0x00000000f0000000)
 Metaspace       used 137535K, capacity 143530K, committed 144128K, reserved 1177600K
  class space    used 13573K, capacity 15322K, committed 15616K, reserved 1048576K
Event: 10538,512 GC heap after
Heap after GC invocations=198 (full 5):
 PSYoungGen      total 250368K, used 5195K [0x00000000f0000000, 0x0000000100000000, 0x0000000100000000)
  eden space 238592K, 0% used [0x00000000f0000000,0x00000000f0000000,0x00000000fe900000)
  from space 11776K, 44% used [0x00000000fe900000,0x00000000fee12d48,0x00000000ff480000)
  to   space 11776K, 0% used [0x00000000ff480000,0x00000000ff480000,0x0000000100000000)
 ParOldGen       total 524288K, used 399380K [0x00000000d0000000, 0x00000000f0000000, 0x00000000f0000000)
  object space 524288K, 76% used [0x00000000d0000000,0x00000000e86052e8,0x00000000f0000000)
 Metaspace       used 137535K, capacity 143530K, committed 144128K, reserved 1177600K
  class space    used 13573K, capacity 15322K, committed 15616K, reserved 1048576K
}
Event: 10712,522 GC heap before
{Heap before GC invocations=199 (full 5):
 PSYoungGen      total 250368K, used 243787K [0x00000000f0000000, 0x0000000100000000, 0x0000000100000000)
  eden space 238592K, 100% used [0x00000000f0000000,0x00000000fe900000,0x00000000fe900000)
  from space 11776K, 44% used [0x00000000fe900000,0x00000000fee12d48,0x00000000ff480000)
  to   space 11776K, 0% used [0x00000000ff480000,0x00000000ff480000,0x0000000100000000)
 ParOldGen       total 524288K, used 399380K [0x00000000d0000000, 0x00000000f0000000, 0x00000000f0000000)
  object space 524288K, 76% used [0x00000000d0000000,0x00000000e86052e8,0x00000000f0000000)
 Metaspace       used 137536K, capacity 143530K, committed 144128K, reserved 1177600K
  class space    used 13573K, capacity 15322K, committed 15616K, reserved 1048576K
Event: 10712,528 GC heap after
Heap after GC invocations=199 (full 5):
 PSYoungGen      total 250368K, used 6395K [0x00000000f0000000, 0x0000000100000000, 0x0000000100000000)
  eden space 238592K, 0% used [0x00000000f0000000,0x00000000f0000000,0x00000000fe900000)
  from space 11776K, 54% used [0x00000000ff480000,0x00000000ffabef20,0x0000000100000000)
  to   space 11776K, 0% used [0x00000000fe900000,0x00000000fe900000,0x00000000ff480000)
 ParOldGen       total 524288K, used 399436K [0x00000000d0000000, 0x00000000f0000000, 0x00000000f0000000)
  object space 524288K, 76% used [0x00000000d0000000,0x00000000e86132e8,0x00000000f0000000)
 Metaspace       used 137536K, capacity 143530K, committed 144128K, reserved 1177600K
  class space    used 13573K, capacity 15322K, committed 15616K, reserved 1048576K
}
Event: 10713,398 GC heap before
{Heap before GC invocations=200 (full 5):
 PSYoungGen      total 250368K, used 244987K [0x00000000f0000000, 0x0000000100000000, 0x0000000100000000)
  eden space 238592K, 100% used [0x00000000f0000000,0x00000000fe900000,0x00000000fe900000)
  from space 11776K, 54% used [0x00000000ff480000,0x00000000ffabef20,0x0000000100000000)
  to   space 11776K, 0% used [0x00000000fe900000,0x00000000fe900000,0x00000000ff480000)
 ParOldGen       total 524288K, used 399436K [0x00000000d0000000, 0x00000000f0000000, 0x00000000f0000000)
  object space 524288K, 76% used [0x00000000d0000000,0x00000000e86132e8,0x00000000f0000000)
 Metaspace       used 137555K, capacity 143596K, committed 144128K, reserved 1177600K
  class space    used 13579K, capacity 15333K, committed 15616K, reserved 1048576K
Event: 10713,414 GC heap after
Heap after GC invocations=200 (full 5):
 PSYoungGen      total 246784K, used 7911K [0x00000000f0000000, 0x0000000100000000, 0x0000000100000000)
  eden space 238592K, 0% used [0x00000000f0000000,0x00000000f0000000,0x00000000fe900000)
  from space 8192K, 96% used [0x00000000fe900000,0x00000000ff0b9f90,0x00000000ff100000)
  to   space 12288K, 0% used [0x00000000ff400000,0x00000000ff400000,0x0000000100000000)
 ParOldGen       total 524288K, used 399444K [0x00000000d0000000, 0x00000000f0000000, 0x00000000f0000000)
  object space 524288K, 76% used [0x00000000d0000000,0x00000000e86152e8,0x00000000f0000000)
 Metaspace       used 137555K, capacity 143596K, committed 144128K, reserved 1177600K
  class space    used 13579K, capacity 15333K, committed 15616K, reserved 1048576K
}
Event: 10737,235 GC heap before
{Heap before GC invocations=201 (full 5):
 PSYoungGen      total 246784K, used 246503K [0x00000000f0000000, 0x0000000100000000, 0x0000000100000000)
  eden space 238592K, 100% used [0x00000000f0000000,0x00000000fe900000,0x00000000fe900000)
  from space 8192K, 96% used [0x00000000fe900000,0x00000000ff0b9f90,0x00000000ff100000)
  to   space 12288K, 0% used [0x00000000ff400000,0x00000000ff400000,0x0000000100000000)
 ParOldGen       total 524288K, used 399444K [0x00000000d0000000, 0x00000000f0000000, 0x00000000f0000000)
  object space 524288K, 76% used [0x00000000d0000000,0x00000000e86152e8,0x00000000f0000000)
 Metaspace       used 137732K, capacity 143778K, committed 144384K, reserved 1177600K
  class space    used 13589K, capacity 15343K, committed 15616K, reserved 1048576K
Event: 10737,241 GC heap after
Heap after GC invocations=201 (full 5):
 PSYoungGen      total 247808K, used 10326K [0x00000000f0000000, 0x0000000100000000, 0x0000000100000000)
  eden space 235520K, 0% used [0x00000000f0000000,0x00000000f0000000,0x00000000fe600000)
  from space 12288K, 84% used [0x00000000ff400000,0x00000000ffe159f0,0x0000000100000000)
  to   space 13312K, 0% used [0x00000000fe600000,0x00000000fe600000,0x00000000ff300000)
 ParOldGen       total 524288K, used 399516K [0x00000000d0000000, 0x00000000f0000000, 0x00000000f0000000)
  object space 524288K, 76% used [0x00000000d0000000,0x00000000e86272e8,0x00000000f0000000)
 Metaspace       used 137732K, capacity 143778K, committed 144384K, reserved 1177600K
  class space    used 13589K, capacity 15343K, committed 15616K, reserved 1048576K
}

