# JRE version: Java(TM) SE Runtime Environment (8.0_221-b11) (build 1.8.0_221-b11)
# Java VM: Java HotSpot(TM) 64-Bit Server VM (25.221-b11 mixed mode linux-amd64 compressed oops)
Heap:
 PSYoungGen      total 221696K, used 80756K [0x00000000f0000000, 0x0000000100000000, 0x0000000100000000)
  eden space 181760K, 39% used [0x00000000f0000000,0x00000000f46689e8,0x00000000fb180000)
  from space 39936K, 21% used [0x00000000fb180000,0x00000000fb9f4950,0x00000000fd880000)
  to   space 39936K, 0% used [0x00000000fd900000,0x00000000fd900000,0x0000000100000000)
 ParOldGen       total 524288K, used 459399K [0x00000000d0000000, 0x00000000f0000000, 0x00000000f0000000)
  object space 524288K, 87% used [0x00000000d0000000,0x00000000ec0a1da0,0x00000000f0000000)
 Metaspace       used 132553K, capacity 137780K, committed 138048K, reserved 1173504K
  class space    used 13020K, capacity 14609K, committed 14696K, reserved 1048576K
GC Heap History (10 events):
Event: 2556,751 GC heap before
{Heap before GC invocations=119 (full 4):
 PSYoungGen      total 219136K, used 200429K [0x00000000f0000000, 0x0000000100000000, 0x0000000100000000)
  eden space 175616K, 100% used [0x00000000f0000000,0x00000000fab80000,0x00000000fab80000)
  from space 43520K, 57% used [0x00000000fd580000,0x00000000fedbb750,0x0000000100000000)
  to   space 43008K, 0% used [0x00000000fab80000,0x00000000fab80000,0x00000000fd580000)
 ParOldGen       total 524288K, used 444003K [0x00000000d0000000, 0x00000000f0000000, 0x00000000f0000000)
  object space 524288K, 84% used [0x00000000d0000000,0x00000000eb198ec0,0x00000000f0000000)
 Metaspace       used 129846K, capacity 134940K, committed 135104K, reserved 1169408K
  class space    used 12753K, capacity 14296K, committed 14312K, reserved 1048576K
Event: 2556,765 GC heap after
Heap after GC invocations=119 (full 4):
 PSYoungGen      total 218624K, used 25173K [0x00000000f0000000, 0x0000000100000000, 0x0000000100000000)
  eden space 175616K, 0% used [0x00000000f0000000,0x00000000f0000000,0x00000000fab80000)
  from space 43008K, 58% used [0x00000000fab80000,0x00000000fc415590,0x00000000fd580000)
  to   space 41984K, 0% used [0x00000000fd700000,0x00000000fd700000,0x0000000100000000)
 ParOldGen       total 524288K, used 444317K [0x00000000d0000000, 0x00000000f0000000, 0x00000000f0000000)
  object space 524288K, 84% used [0x00000000d0000000,0x00000000eb1e7510,0x00000000f0000000)
 Metaspace       used 129846K, capacity 134940K, committed 135104K, reserved 1169408K
  class space    used 12753K, capacity 14296K, committed 14312K, reserved 1048576K
}
Event: 3302,586 GC heap before
{Heap before GC invocations=120 (full 4):
 PSYoungGen      total 218624K, used 200789K [0x00000000f0000000, 0x0000000100000000, 0x0000000100000000)
  eden space 175616K, 100% used [0x00000000f0000000,0x00000000fab80000,0x00000000fab80000)
  from space 43008K, 58% used [0x00000000fab80000,0x00000000fc415590,0x00000000fd580000)
  to   space 41984K, 0% used [0x00000000fd700000,0x00000000fd700000,0x0000000100000000)
 ParOldGen       total 524288K, used 444317K [0x00000000d0000000, 0x00000000f0000000, 0x00000000f0000000)
  object space 524288K, 84% used [0x00000000d0000000,0x00000000eb1e7510,0x00000000f0000000)
 Metaspace       used 129846K, capacity 134940K, committed 135104K, reserved 1169408K
  class space    used 12753K, capacity 14296K, committed 14312K, reserved 1048576K
Event: 3302,599 GC heap after
Heap after GC invocations=120 (full 4):
 PSYoungGen      total 221184K, used 23285K [0x00000000f0000000, 0x0000000100000000, 0x0000000100000000)
  eden space 179200K, 0% used [0x00000000f0000000,0x00000000f0000000,0x00000000faf00000)
  from space 41984K, 55% used [0x00000000fd700000,0x00000000fedbd570,0x0000000100000000)
  to   space 40960K, 0% used [0x00000000faf00000,0x00000000faf00000,0x00000000fd700000)
 ParOldGen       total 524288K, used 444341K [0x00000000d0000000, 0x00000000f0000000, 0x00000000f0000000)
  object space 524288K, 84% used [0x00000000d0000000,0x00000000eb1ed510,0x00000000f0000000)
 Metaspace       used 129846K, capacity 134940K, committed 135104K, reserved 1169408K
  class space    used 12753K, capacity 14296K, committed 14312K, reserved 1048576K
}
Event: 3325,001 GC heap before
{Heap before GC invocations=121 (full 4):
 PSYoungGen      total 221184K, used 202485K [0x00000000f0000000, 0x0000000100000000, 0x0000000100000000)
  eden space 179200K, 100% used [0x00000000f0000000,0x00000000faf00000,0x00000000faf00000)
  from space 41984K, 55% used [0x00000000fd700000,0x00000000fedbd570,0x0000000100000000)
  to   space 40960K, 0% used [0x00000000faf00000,0x00000000faf00000,0x00000000fd700000)
 ParOldGen       total 524288K, used 444341K [0x00000000d0000000, 0x00000000f0000000, 0x00000000f0000000)
  object space 524288K, 84% used [0x00000000d0000000,0x00000000eb1ed510,0x00000000f0000000)
 Metaspace       used 132385K, capacity 137506K, committed 137664K, reserved 1173504K
  class space    used 12983K, capacity 14554K, committed 14568K, reserved 1048576K
Event: 3325,015 GC heap after
Heap after GC invocations=121 (full 4):
 PSYoungGen      total 220160K, used 13500K [0x00000000f0000000, 0x0000000100000000, 0x0000000100000000)
  eden space 179200K, 0% used [0x00000000f0000000,0x00000000f0000000,0x00000000faf00000)
  from space 40960K, 32% used [0x00000000faf00000,0x00000000fbc2f220,0x00000000fd700000)
  to   space 40448K, 0% used [0x00000000fd880000,0x00000000fd880000,0x0000000100000000)
 ParOldGen       total 524288K, used 454100K [0x00000000d0000000, 0x00000000f0000000, 0x00000000f0000000)
  object space 524288K, 86% used [0x00000000d0000000,0x00000000ebb750f8,0x00000000f0000000)
 Metaspace       used 132385K, capacity 137506K, committed 137664K, reserved 1173504K
  class space    used 12983K, capacity 14554K, committed 14568K, reserved 1048576K
}
Event: 3330,970 GC heap before
{Heap before GC invocations=122 (full 4):
 PSYoungGen      total 220160K, used 192700K [0x00000000f0000000, 0x0000000100000000, 0x0000000100000000)
  eden space 179200K, 100% used [0x00000000f0000000,0x00000000faf00000,0x00000000faf00000)
  from space 40960K, 32% used [0x00000000faf00000,0x00000000fbc2f220,0x00000000fd700000)
  to   space 40448K, 0% used [0x00000000fd880000,0x00000000fd880000,0x0000000100000000)
 ParOldGen       total 524288K, used 454100K [0x00000000d0000000, 0x00000000f0000000, 0x00000000f0000000)
  object space 524288K, 86% used [0x00000000d0000000,0x00000000ebb750f8,0x00000000f0000000)
 Metaspace       used 132520K, capacity 137720K, committed 138048K, reserved 1173504K
  class space    used 13014K, capacity 14599K, committed 14696K, reserved 1048576K
Event: 3330,978 GC heap after
Heap after GC invocations=122 (full 4):
 PSYoungGen      total 222208K, used 12264K [0x00000000f0000000, 0x0000000100000000, 0x0000000100000000)
  eden space 181760K, 0% used [0x00000000f0000000,0x00000000f0000000,0x00000000fb180000)
  from space 40448K, 30% used [0x00000000fd880000,0x00000000fe47a310,0x0000000100000000)
  to   space 39936K, 0% used [0x00000000fb180000,0x00000000fb180000,0x00000000fd880000)
 ParOldGen       total 524288K, used 455734K [0x00000000d0000000, 0x00000000f0000000, 0x00000000f0000000)
  object space 524288K, 86% used [0x00000000d0000000,0x00000000ebd0d930,0x00000000f0000000)
 Metaspace       used 132520K, capacity 137720K, committed 138048K, reserved 1173504K
  class space    used 13014K, capacity 14599K, committed 14696K, reserved 1048576K
}
Event: 3331,301 GC heap before
{Heap before GC invocations=123 (full 4):
 PSYoungGen      total 222208K, used 193996K [0x00000000f0000000, 0x0000000100000000, 0x0000000100000000)
  eden space 181760K, 99% used [0x00000000f0000000,0x00000000fb178dc0,0x00000000fb180000)
  from space 40448K, 30% used [0x00000000fd880000,0x00000000fe47a310,0x0000000100000000)
  to   space 39936K, 0% used [0x00000000fb180000,0x00000000fb180000,0x00000000fd880000)
 ParOldGen       total 524288K, used 455734K [0x00000000d0000000, 0x00000000f0000000, 0x00000000f0000000)
  object space 524288K, 86% used [0x00000000d0000000,0x00000000ebd0d930,0x00000000f0000000)
 Metaspace       used 132526K, capacity 137732K, committed 138048K, reserved 1173504K
  class space    used 13015K, capacity 14601K, committed 14696K, reserved 1048576K
Event: 3331,311 GC heap after
Heap after GC invocations=123 (full 4):
 PSYoungGen      total 221696K, used 8658K [0x00000000f0000000, 0x0000000100000000, 0x0000000100000000)
  eden space 181760K, 0% used [0x00000000f0000000,0x00000000f0000000,0x00000000fb180000)
  from space 39936K, 21% used [0x00000000fb180000,0x00000000fb9f4950,0x00000000fd880000)
  to   space 39936K, 0% used [0x00000000fd900000,0x00000000fd900000,0x0000000100000000)
 ParOldGen       total 524288K, used 459399K [0x00000000d0000000, 0x00000000f0000000, 0x00000000f0000000)
  object space 524288K, 87% used [0x00000000d0000000,0x00000000ec0a1da0,0x00000000f0000000)
 Metaspace       used 132526K, capacity 137732K, committed 138048K, reserved 1173504K
  class space    used 13015K, capacity 14601K, committed 14696K, reserved 1048576K
}

