# JRE version: Java(TM) SE Runtime Environment (8.0_221-b11) (build 1.8.0_221-b11)
# Java VM: Java HotSpot(TM) 64-Bit Server VM (25.221-b11 mixed mode linux-amd64 compressed oops)
Heap:
 PSYoungGen      total 247296K, used 179830K [0x00000000f0000000, 0x0000000100000000, 0x0000000100000000)
  eden space 232448K, 74% used [0x00000000f0000000,0x00000000fa988088,0x00000000fe300000)
  from space 14848K, 41% used [0x00000000fe300000,0x00000000fe915910,0x00000000ff180000)
  to   space 14336K, 0% used [0x00000000ff200000,0x00000000ff200000,0x0000000100000000)
 ParOldGen       total 524288K, used 455391K [0x00000000d0000000, 0x00000000f0000000, 0x00000000f0000000)
  object space 524288K, 86% used [0x00000000d0000000,0x00000000ebcb7d60,0x00000000f0000000)
 Metaspace       used 134743K, capacity 141728K, committed 141888K, reserved 1175552K
  class space    used 13752K, capacity 15734K, committed 15744K, reserved 1048576K
GC Heap History (10 events):
Event: 1008,979 GC heap before
{Heap before GC invocations=185 (full 4):
 PSYoungGen      total 245760K, used 234896K [0x00000000f0000000, 0x0000000100000000, 0x0000000100000000)
  eden space 228352K, 100% used [0x00000000f0000000,0x00000000fdf00000,0x00000000fdf00000)
  from space 17408K, 37% used [0x00000000fef00000,0x00000000ff5640d0,0x0000000100000000)
  to   space 16384K, 0% used [0x00000000fdf00000,0x00000000fdf00000,0x00000000fef00000)
 ParOldGen       total 524288K, used 455127K [0x00000000d0000000, 0x00000000f0000000, 0x00000000f0000000)
  object space 524288K, 86% used [0x00000000d0000000,0x00000000ebc75d60,0x00000000f0000000)
 Metaspace       used 132777K, capacity 139606K, committed 139712K, reserved 1173504K
  class space    used 13556K, capacity 15527K, committed 15616K, reserved 1048576K
Event: 1008,984 GC heap after
Heap after GC invocations=185 (full 4):
 PSYoungGen      total 244736K, used 7061K [0x00000000f0000000, 0x0000000100000000, 0x0000000100000000)
  eden space 228352K, 0% used [0x00000000f0000000,0x00000000f0000000,0x00000000fdf00000)
  from space 16384K, 43% used [0x00000000fdf00000,0x00000000fe5e5700,0x00000000fef00000)
  to   space 15872K, 0% used [0x00000000ff080000,0x00000000ff080000,0x0000000100000000)
 ParOldGen       total 524288K, used 455151K [0x00000000d0000000, 0x00000000f0000000, 0x00000000f0000000)
  object space 524288K, 86% used [0x00000000d0000000,0x00000000ebc7bd60,0x00000000f0000000)
 Metaspace       used 132777K, capacity 139606K, committed 139712K, reserved 1173504K
  class space    used 13556K, capacity 15527K, committed 15616K, reserved 1048576K
}
Event: 1009,307 GC heap before
{Heap before GC invocations=186 (full 4):
 PSYoungGen      total 244736K, used 235413K [0x00000000f0000000, 0x0000000100000000, 0x0000000100000000)
  eden space 228352K, 100% used [0x00000000f0000000,0x00000000fdf00000,0x00000000fdf00000)
  from space 16384K, 43% used [0x00000000fdf00000,0x00000000fe5e5700,0x00000000fef00000)
  to   space 15872K, 0% used [0x00000000ff080000,0x00000000ff080000,0x0000000100000000)
 ParOldGen       total 524288K, used 455151K [0x00000000d0000000, 0x00000000f0000000, 0x00000000f0000000)
  object space 524288K, 86% used [0x00000000d0000000,0x00000000ebc7bd60,0x00000000f0000000)
 Metaspace       used 132777K, capacity 139606K, committed 139712K, reserved 1173504K
  class space    used 13556K, capacity 15527K, committed 15616K, reserved 1048576K
Event: 1009,315 GC heap after
Heap after GC invocations=186 (full 4):
 PSYoungGen      total 246784K, used 2523K [0x00000000f0000000, 0x0000000100000000, 0x0000000100000000)
  eden space 230912K, 0% used [0x00000000f0000000,0x00000000f0000000,0x00000000fe180000)
  from space 15872K, 15% used [0x00000000ff080000,0x00000000ff2f6d98,0x0000000100000000)
  to   space 15360K, 0% used [0x00000000fe180000,0x00000000fe180000,0x00000000ff080000)
 ParOldGen       total 524288K, used 455151K [0x00000000d0000000, 0x00000000f0000000, 0x00000000f0000000)
  object space 524288K, 86% used [0x00000000d0000000,0x00000000ebc7bd60,0x00000000f0000000)
 Metaspace       used 132777K, capacity 139606K, committed 139712K, reserved 1173504K
  class space    used 13556K, capacity 15527K, committed 15616K, reserved 1048576K
}
Event: 1018,365 GC heap before
{Heap before GC invocations=187 (full 4):
 PSYoungGen      total 246784K, used 233435K [0x00000000f0000000, 0x0000000100000000, 0x0000000100000000)
  eden space 230912K, 100% used [0x00000000f0000000,0x00000000fe180000,0x00000000fe180000)
  from space 15872K, 15% used [0x00000000ff080000,0x00000000ff2f6d98,0x0000000100000000)
  to   space 15360K, 0% used [0x00000000fe180000,0x00000000fe180000,0x00000000ff080000)
 ParOldGen       total 524288K, used 455151K [0x00000000d0000000, 0x00000000f0000000, 0x00000000f0000000)
  object space 524288K, 86% used [0x00000000d0000000,0x00000000ebc7bd60,0x00000000f0000000)
 Metaspace       used 132779K, capacity 139612K, committed 139712K, reserved 1173504K
  class space    used 13556K, capacity 15528K, committed 15616K, reserved 1048576K
Event: 1018,371 GC heap after
Heap after GC invocations=187 (full 4):
 PSYoungGen      total 246272K, used 4371K [0x00000000f0000000, 0x0000000100000000, 0x0000000100000000)
  eden space 230912K, 0% used [0x00000000f0000000,0x00000000f0000000,0x00000000fe180000)
  from space 15360K, 28% used [0x00000000fe180000,0x00000000fe5c4d10,0x00000000ff080000)
  to   space 14848K, 0% used [0x00000000ff180000,0x00000000ff180000,0x0000000100000000)
 ParOldGen       total 524288K, used 455167K [0x00000000d0000000, 0x00000000f0000000, 0x00000000f0000000)
  object space 524288K, 86% used [0x00000000d0000000,0x00000000ebc7fd60,0x00000000f0000000)
 Metaspace       used 132779K, capacity 139612K, committed 139712K, reserved 1173504K
  class space    used 13556K, capacity 15528K, committed 15616K, reserved 1048576K
}
Event: 1018,580 GC heap before
{Heap before GC invocations=188 (full 4):
 PSYoungGen      total 246272K, used 235283K [0x00000000f0000000, 0x0000000100000000, 0x0000000100000000)
  eden space 230912K, 100% used [0x00000000f0000000,0x00000000fe180000,0x00000000fe180000)
  from space 15360K, 28% used [0x00000000fe180000,0x00000000fe5c4d10,0x00000000ff080000)
  to   space 14848K, 0% used [0x00000000ff180000,0x00000000ff180000,0x0000000100000000)
 ParOldGen       total 524288K, used 455167K [0x00000000d0000000, 0x00000000f0000000, 0x00000000f0000000)
  object space 524288K, 86% used [0x00000000d0000000,0x00000000ebc7fd60,0x00000000f0000000)
 Metaspace       used 132779K, capacity 139612K, committed 139712K, reserved 1173504K
  class space    used 13556K, capacity 15528K, committed 15616K, reserved 1048576K
Event: 1018,587 GC heap after
Heap after GC invocations=188 (full 4):
 PSYoungGen      total 247296K, used 8622K [0x00000000f0000000, 0x0000000100000000, 0x0000000100000000)
  eden space 232448K, 0% used [0x00000000f0000000,0x00000000f0000000,0x00000000fe300000)
  from space 14848K, 58% used [0x00000000ff180000,0x00000000ff9eb928,0x0000000100000000)
  to   space 14848K, 0% used [0x00000000fe300000,0x00000000fe300000,0x00000000ff180000)
 ParOldGen       total 524288K, used 455239K [0x00000000d0000000, 0x00000000f0000000, 0x00000000f0000000)
  object space 524288K, 86% used [0x00000000d0000000,0x00000000ebc91d60,0x00000000f0000000)
 Metaspace       used 132779K, capacity 139612K, committed 139712K, reserved 1173504K
  class space    used 13556K, capacity 15528K, committed 15616K, reserved 1048576K
}
Event: 1115,472 GC heap before
{Heap before GC invocations=189 (full 4):
 PSYoungGen      total 247296K, used 241070K [0x00000000f0000000, 0x0000000100000000, 0x0000000100000000)
  eden space 232448K, 100% used [0x00000000f0000000,0x00000000fe300000,0x00000000fe300000)
  from space 14848K, 58% used [0x00000000ff180000,0x00000000ff9eb928,0x0000000100000000)
  to   space 14848K, 0% used [0x00000000fe300000,0x00000000fe300000,0x00000000ff180000)
 ParOldGen       total 524288K, used 455239K [0x00000000d0000000, 0x00000000f0000000, 0x00000000f0000000)
  object space 524288K, 86% used [0x00000000d0000000,0x00000000ebc91d60,0x00000000f0000000)
 Metaspace       used 133006K, capacity 139854K, committed 139968K, reserved 1173504K
  class space    used 13582K, capacity 15563K, committed 15616K, reserved 1048576K
Event: 1115,478 GC heap after
Heap after GC invocations=189 (full 4):
 PSYoungGen      total 247296K, used 6230K [0x00000000f0000000, 0x0000000100000000, 0x0000000100000000)
  eden space 232448K, 0% used [0x00000000f0000000,0x00000000f0000000,0x00000000fe300000)
  from space 14848K, 41% used [0x00000000fe300000,0x00000000fe915910,0x00000000ff180000)
  to   space 14336K, 0% used [0x00000000ff200000,0x00000000ff200000,0x0000000100000000)
 ParOldGen       total 524288K, used 455391K [0x00000000d0000000, 0x00000000f0000000, 0x00000000f0000000)
  object space 524288K, 86% used [0x00000000d0000000,0x00000000ebcb7d60,0x00000000f0000000)
 Metaspace       used 133006K, capacity 139854K, committed 139968K, reserved 1173504K
  class space    used 13582K, capacity 15563K, committed 15616K, reserved 1048576K
}

