# JRE version: Java(TM) SE Runtime Environment (8.0_221-b11) (build 1.8.0_221-b11)
# Java VM: Java HotSpot(TM) 64-Bit Server VM (25.221-b11 mixed mode linux-amd64 compressed oops)
Heap:
 PSYoungGen      total 205312K, used 171676K [0x00000000f0000000, 0x0000000100000000, 0x0000000100000000)
  eden space 146432K, 91% used [0x00000000f0000000,0x00000000f8245a40,0x00000000f8f00000)
  from space 58880K, 65% used [0x00000000fc680000,0x00000000febe18b8,0x0000000100000000)
  to   space 56832K, 0% used [0x00000000f8f00000,0x00000000f8f00000,0x00000000fc680000)
 ParOldGen       total 524288K, used 372418K [0x00000000d0000000, 0x00000000f0000000, 0x00000000f0000000)
  object space 524288K, 71% used [0x00000000d0000000,0x00000000e6bb0980,0x00000000f0000000)
 Metaspace       used 121650K, capacity 125660K, committed 125784K, reserved 1161216K
  class space    used 11880K, capacity 13135K, committed 13184K, reserved 1048576K
GC Heap History (10 events):
Event: 77,382 GC heap before
{Heap before GC invocations=84 (full 4):
 PSYoungGen      total 197120K, used 196688K [0x00000000f0000000, 0x0000000100000000, 0x0000000100000000)
  eden space 152576K, 100% used [0x00000000f0000000,0x00000000f9500000,0x00000000f9500000)
  from space 44544K, 99% used [0x00000000f9500000,0x00000000fc014180,0x00000000fc080000)
  to   space 56320K, 0% used [0x00000000fc900000,0x00000000fc900000,0x0000000100000000)
 ParOldGen       total 524288K, used 354019K [0x00000000d0000000, 0x00000000f0000000, 0x00000000f0000000)
  object space 524288K, 67% used [0x00000000d0000000,0x00000000e59b8fc0,0x00000000f0000000)
 Metaspace       used 120951K, capacity 124846K, committed 125016K, reserved 1161216K
  class space    used 11826K, capacity 13071K, committed 13184K, reserved 1048576K
Event: 77,407 GC heap after
Heap after GC invocations=84 (full 4):
 PSYoungGen      total 199680K, used 51242K [0x00000000f0000000, 0x0000000100000000, 0x0000000100000000)
  eden space 143360K, 0% used [0x00000000f0000000,0x00000000f0000000,0x00000000f8c00000)
  from space 56320K, 90% used [0x00000000fc900000,0x00000000ffb0aab0,0x0000000100000000)
  to   space 59392K, 0% used [0x00000000f8c00000,0x00000000f8c00000,0x00000000fc600000)
 ParOldGen       total 524288K, used 355655K [0x00000000d0000000, 0x00000000f0000000, 0x00000000f0000000)
  object space 524288K, 67% used [0x00000000d0000000,0x00000000e5b51fd0,0x00000000f0000000)
 Metaspace       used 120951K, capacity 124846K, committed 125016K, reserved 1161216K
  class space    used 11826K, capacity 13071K, committed 13184K, reserved 1048576K
}
Event: 77,656 GC heap before
{Heap before GC invocations=85 (full 4):
 PSYoungGen      total 199680K, used 194602K [0x00000000f0000000, 0x0000000100000000, 0x0000000100000000)
  eden space 143360K, 100% used [0x00000000f0000000,0x00000000f8c00000,0x00000000f8c00000)
  from space 56320K, 90% used [0x00000000fc900000,0x00000000ffb0aab0,0x0000000100000000)
  to   space 59392K, 0% used [0x00000000f8c00000,0x00000000f8c00000,0x00000000fc600000)
 ParOldGen       total 524288K, used 355655K [0x00000000d0000000, 0x00000000f0000000, 0x00000000f0000000)
  object space 524288K, 67% used [0x00000000d0000000,0x00000000e5b51fd0,0x00000000f0000000)
 Metaspace       used 120951K, capacity 124846K, committed 125016K, reserved 1161216K
  class space    used 11826K, capacity 13071K, committed 13184K, reserved 1048576K
Event: 77,674 GC heap after
Heap after GC invocations=85 (full 4):
 PSYoungGen      total 193024K, used 49308K [0x00000000f0000000, 0x0000000100000000, 0x0000000100000000)
  eden space 143360K, 0% used [0x00000000f0000000,0x00000000f0000000,0x00000000f8c00000)
  from space 49664K, 99% used [0x00000000f8c00000,0x00000000fbc27048,0x00000000fbc80000)
  to   space 61440K, 0% used [0x00000000fc400000,0x00000000fc400000,0x0000000100000000)
 ParOldGen       total 524288K, used 359653K [0x00000000d0000000, 0x00000000f0000000, 0x00000000f0000000)
  object space 524288K, 68% used [0x00000000d0000000,0x00000000e5f39478,0x00000000f0000000)
 Metaspace       used 120951K, capacity 124846K, committed 125016K, reserved 1161216K
  class space    used 11826K, capacity 13071K, committed 13184K, reserved 1048576K
}
Event: 78,497 GC heap before
{Heap before GC invocations=86 (full 4):
 PSYoungGen      total 193024K, used 192668K [0x00000000f0000000, 0x0000000100000000, 0x0000000100000000)
  eden space 143360K, 100% used [0x00000000f0000000,0x00000000f8c00000,0x00000000f8c00000)
  from space 49664K, 99% used [0x00000000f8c00000,0x00000000fbc27048,0x00000000fbc80000)
  to   space 61440K, 0% used [0x00000000fc400000,0x00000000fc400000,0x0000000100000000)
 ParOldGen       total 524288K, used 359653K [0x00000000d0000000, 0x00000000f0000000, 0x00000000f0000000)
  object space 524288K, 68% used [0x00000000d0000000,0x00000000e5f39478,0x00000000f0000000)
 Metaspace       used 121125K, capacity 125108K, committed 125272K, reserved 1161216K
  class space    used 11846K, capacity 13106K, committed 13184K, reserved 1048576K
Event: 78,522 GC heap after
Heap after GC invocations=86 (full 4):
 PSYoungGen      total 201728K, used 42603K [0x00000000f0000000, 0x0000000100000000, 0x0000000100000000)
  eden space 140288K, 0% used [0x00000000f0000000,0x00000000f0000000,0x00000000f8900000)
  from space 61440K, 69% used [0x00000000fc400000,0x00000000fed9adb8,0x0000000100000000)
  to   space 60416K, 0% used [0x00000000f8900000,0x00000000f8900000,0x00000000fc400000)
 ParOldGen       total 524288K, used 364095K [0x00000000d0000000, 0x00000000f0000000, 0x00000000f0000000)
  object space 524288K, 69% used [0x00000000d0000000,0x00000000e638fdf8,0x00000000f0000000)
 Metaspace       used 121125K, capacity 125108K, committed 125272K, reserved 1161216K
  class space    used 11846K, capacity 13106K, committed 13184K, reserved 1048576K
}
Event: 101,164 GC heap before
{Heap before GC invocations=87 (full 4):
 PSYoungGen      total 201728K, used 182891K [0x00000000f0000000, 0x0000000100000000, 0x0000000100000000)
  eden space 140288K, 100% used [0x00000000f0000000,0x00000000f8900000,0x00000000f8900000)
  from space 61440K, 69% used [0x00000000fc400000,0x00000000fed9adb8,0x0000000100000000)
  to   space 60416K, 0% used [0x00000000f8900000,0x00000000f8900000,0x00000000fc400000)
 ParOldGen       total 524288K, used 364095K [0x00000000d0000000, 0x00000000f0000000, 0x00000000f0000000)
  object space 524288K, 69% used [0x00000000d0000000,0x00000000e638fdf8,0x00000000f0000000)
 Metaspace       used 121621K, capacity 125600K, committed 125784K, reserved 1161216K
  class space    used 11874K, capacity 13124K, committed 13184K, reserved 1048576K
Event: 101,181 GC heap after
Heap after GC invocations=87 (full 4):
 PSYoungGen      total 200704K, used 40239K [0x00000000f0000000, 0x0000000100000000, 0x0000000100000000)
  eden space 140288K, 0% used [0x00000000f0000000,0x00000000f0000000,0x00000000f8900000)
  from space 60416K, 66% used [0x00000000f8900000,0x00000000fb04bcc8,0x00000000fc400000)
  to   space 58880K, 0% used [0x00000000fc680000,0x00000000fc680000,0x0000000100000000)
 ParOldGen       total 524288K, used 368989K [0x00000000d0000000, 0x00000000f0000000, 0x00000000f0000000)
  object space 524288K, 70% used [0x00000000d0000000,0x00000000e6857718,0x00000000f0000000)
 Metaspace       used 121621K, capacity 125600K, committed 125784K, reserved 1161216K
  class space    used 11874K, capacity 13124K, committed 13184K, reserved 1048576K
}
Event: 101,397 GC heap before
{Heap before GC invocations=88 (full 4):
 PSYoungGen      total 200704K, used 180527K [0x00000000f0000000, 0x0000000100000000, 0x0000000100000000)
  eden space 140288K, 100% used [0x00000000f0000000,0x00000000f8900000,0x00000000f8900000)
  from space 60416K, 66% used [0x00000000f8900000,0x00000000fb04bcc8,0x00000000fc400000)
  to   space 58880K, 0% used [0x00000000fc680000,0x00000000fc680000,0x0000000100000000)
 ParOldGen       total 524288K, used 368989K [0x00000000d0000000, 0x00000000f0000000, 0x00000000f0000000)
  object space 524288K, 70% used [0x00000000d0000000,0x00000000e6857718,0x00000000f0000000)
 Metaspace       used 121621K, capacity 125600K, committed 125784K, reserved 1161216K
  class space    used 11874K, capacity 13124K, committed 13184K, reserved 1048576K
Event: 101,412 GC heap after
Heap after GC invocations=88 (full 4):
 PSYoungGen      total 205312K, used 38278K [0x00000000f0000000, 0x0000000100000000, 0x0000000100000000)
  eden space 146432K, 0% used [0x00000000f0000000,0x00000000f0000000,0x00000000f8f00000)
  from space 58880K, 65% used [0x00000000fc680000,0x00000000febe18b8,0x0000000100000000)
  to   space 56832K, 0% used [0x00000000f8f00000,0x00000000f8f00000,0x00000000fc680000)
 ParOldGen       total 524288K, used 372418K [0x00000000d0000000, 0x00000000f0000000, 0x00000000f0000000)
  object space 524288K, 71% used [0x00000000d0000000,0x00000000e6bb0980,0x00000000f0000000)
 Metaspace       used 121621K, capacity 125600K, committed 125784K, reserved 1161216K
  class space    used 11874K, capacity 13124K, committed 13184K, reserved 1048576K
}

