# JRE version: Java(TM) SE Runtime Environment (8.0_221-b11) (build 1.8.0_221-b11)
# Java VM: Java HotSpot(TM) 64-Bit Server VM (25.221-b11 mixed mode linux-amd64 compressed oops)
Heap:
 PSYoungGen      total 225280K, used 51544K [0x00000000f0000000, 0x0000000100000000, 0x0000000100000000)
  eden space 189440K, 26% used [0x00000000f0000000,0x00000000f307e348,0x00000000fb900000)
  from space 35840K, 5% used [0x00000000fdd00000,0x00000000fded7e50,0x0000000100000000)
  to   space 36352K, 0% used [0x00000000fb900000,0x00000000fb900000,0x00000000fdc80000)
 ParOldGen       total 524288K, used 438187K [0x00000000d0000000, 0x00000000f0000000, 0x00000000f0000000)
  object space 524288K, 83% used [0x00000000d0000000,0x00000000eabeae38,0x00000000f0000000)
 Metaspace       used 148261K, capacity 154048K, committed 176640K, reserved 1204224K
  class space    used 14119K, capacity 15690K, committed 22016K, reserved 1048576K
GC Heap History (10 events):
Event: 19547,201 GC heap before
{Heap before GC invocations=431 (full 20):
 PSYoungGen      total 227328K, used 207610K [0x00000000f0000000, 0x0000000100000000, 0x0000000100000000)
  eden space 190464K, 100% used [0x00000000f0000000,0x00000000fba00000,0x00000000fba00000)
  from space 36864K, 46% used [0x00000000fdc00000,0x00000000fecbebc8,0x0000000100000000)
  to   space 34816K, 0% used [0x00000000fba00000,0x00000000fba00000,0x00000000fdc00000)
 ParOldGen       total 524288K, used 438009K [0x00000000d0000000, 0x00000000f0000000, 0x00000000f0000000)
  object space 524288K, 83% used [0x00000000d0000000,0x00000000eabbe608,0x00000000f0000000)
 Metaspace       used 150533K, capacity 156230K, committed 178688K, reserved 1206272K
  class space    used 14179K, capacity 15702K, committed 22016K, reserved 1048576K
Event: 19547,228 GC heap after
Heap after GC invocations=431 (full 20):
 PSYoungGen      total 227328K, used 207610K [0x00000000f0000000, 0x0000000100000000, 0x0000000100000000)
  eden space 190464K, 100% used [0x00000000f0000000,0x00000000fba00000,0x00000000fba00000)
  from space 36864K, 46% used [0x00000000fdc00000,0x00000000fecbebc8,0x0000000100000000)
  to   space 34816K, 99% used [0x00000000fba00000,0x00000000fdbfff68,0x00000000fdc00000)
 ParOldGen       total 524288K, used 524269K [0x00000000d0000000, 0x00000000f0000000, 0x00000000f0000000)
  object space 524288K, 99% used [0x00000000d0000000,0x00000000efffb660,0x00000000f0000000)
 Metaspace       used 150533K, capacity 156230K, committed 178688K, reserved 1206272K
  class space    used 14179K, capacity 15702K, committed 22016K, reserved 1048576K
}
Event: 19547,228 GC heap before
{Heap before GC invocations=432 (full 21):
 PSYoungGen      total 227328K, used 207610K [0x00000000f0000000, 0x0000000100000000, 0x0000000100000000)
  eden space 190464K, 100% used [0x00000000f0000000,0x00000000fba00000,0x00000000fba00000)
  from space 36864K, 46% used [0x00000000fdc00000,0x00000000fecbebc8,0x0000000100000000)
  to   space 34816K, 99% used [0x00000000fba00000,0x00000000fdbfff68,0x00000000fdc00000)
 ParOldGen       total 524288K, used 524269K [0x00000000d0000000, 0x00000000f0000000, 0x00000000f0000000)
  object space 524288K, 99% used [0x00000000d0000000,0x00000000efffb660,0x00000000f0000000)
 Metaspace       used 150533K, capacity 156230K, committed 178688K, reserved 1206272K
  class space    used 14179K, capacity 15702K, committed 22016K, reserved 1048576K
Event: 19548,025 GC heap after
Heap after GC invocations=432 (full 21):
 PSYoungGen      total 227328K, used 115335K [0x00000000f0000000, 0x0000000100000000, 0x0000000100000000)
  eden space 190464K, 60% used [0x00000000f0000000,0x00000000f70a1c60,0x00000000fba00000)
  from space 36864K, 0% used [0x00000000fdc00000,0x00000000fdc00000,0x0000000100000000)
  to   space 34816K, 0% used [0x00000000fba00000,0x00000000fba00000,0x00000000fdc00000)
 ParOldGen       total 524288K, used 524161K [0x00000000d0000000, 0x00000000f0000000, 0x00000000f0000000)
  object space 524288K, 99% used [0x00000000d0000000,0x00000000effe0620,0x00000000f0000000)
 Metaspace       used 148109K, capacity 153770K, committed 176640K, reserved 1204224K
  class space    used 14063K, capacity 15567K, committed 22016K, reserved 1048576K
}
Event: 19548,595 GC heap before
{Heap before GC invocations=433 (full 22):
 PSYoungGen      total 227328K, used 190464K [0x00000000f0000000, 0x0000000100000000, 0x0000000100000000)
  eden space 190464K, 100% used [0x00000000f0000000,0x00000000fba00000,0x00000000fba00000)
  from space 36864K, 0% used [0x00000000fdc00000,0x00000000fdc00000,0x0000000100000000)
  to   space 34816K, 0% used [0x00000000fba00000,0x00000000fba00000,0x00000000fdc00000)
 ParOldGen       total 524288K, used 524161K [0x00000000d0000000, 0x00000000f0000000, 0x00000000f0000000)
  object space 524288K, 99% used [0x00000000d0000000,0x00000000effe0620,0x00000000f0000000)
 Metaspace       used 148141K, capacity 153850K, committed 176640K, reserved 1204224K
  class space    used 14074K, capacity 15607K, committed 22016K, reserved 1048576K
Event: 19548,864 GC heap after
Heap after GC invocations=433 (full 22):
 PSYoungGen      total 227328K, used 0K [0x00000000f0000000, 0x0000000100000000, 0x0000000100000000)
  eden space 190464K, 0% used [0x00000000f0000000,0x00000000f0000000,0x00000000fba00000)
  from space 36864K, 0% used [0x00000000fdc00000,0x00000000fdc00000,0x0000000100000000)
  to   space 34816K, 0% used [0x00000000fba00000,0x00000000fba00000,0x00000000fdc00000)
 ParOldGen       total 524288K, used 438187K [0x00000000d0000000, 0x00000000f0000000, 0x00000000f0000000)
  object space 524288K, 83% used [0x00000000d0000000,0x00000000eabeae38,0x00000000f0000000)
 Metaspace       used 148141K, capacity 153850K, committed 176640K, reserved 1204224K
  class space    used 14074K, capacity 15607K, committed 22016K, reserved 1048576K
}
Event: 19549,311 GC heap before
{Heap before GC invocations=434 (full 22):
 PSYoungGen      total 227328K, used 190464K [0x00000000f0000000, 0x0000000100000000, 0x0000000100000000)
  eden space 190464K, 100% used [0x00000000f0000000,0x00000000fba00000,0x00000000fba00000)
  from space 36864K, 0% used [0x00000000fdc00000,0x00000000fdc00000,0x0000000100000000)
  to   space 34816K, 0% used [0x00000000fba00000,0x00000000fba00000,0x00000000fdc00000)
 ParOldGen       total 524288K, used 438187K [0x00000000d0000000, 0x00000000f0000000, 0x00000000f0000000)
  object space 524288K, 83% used [0x00000000d0000000,0x00000000eabeae38,0x00000000f0000000)
 Metaspace       used 148162K, capacity 153878K, committed 176640K, reserved 1204224K
  class space    used 14082K, capacity 15615K, committed 22016K, reserved 1048576K
Event: 19549,315 GC heap after
Heap after GC invocations=434 (full 22):
 PSYoungGen      total 225280K, used 736K [0x00000000f0000000, 0x0000000100000000, 0x0000000100000000)
  eden space 190464K, 0% used [0x00000000f0000000,0x00000000f0000000,0x00000000fba00000)
  from space 34816K, 2% used [0x00000000fba00000,0x00000000fbab8000,0x00000000fdc00000)
  to   space 35840K, 0% used [0x00000000fdd00000,0x00000000fdd00000,0x0000000100000000)
 ParOldGen       total 524288K, used 438187K [0x00000000d0000000, 0x00000000f0000000, 0x00000000f0000000)
  object space 524288K, 83% used [0x00000000d0000000,0x00000000eabeae38,0x00000000f0000000)
 Metaspace       used 148162K, capacity 153878K, committed 176640K, reserved 1204224K
  class space    used 14082K, capacity 15615K, committed 22016K, reserved 1048576K
}
Event: 19549,751 GC heap before
{Heap before GC invocations=435 (full 22):
 PSYoungGen      total 225280K, used 191200K [0x00000000f0000000, 0x0000000100000000, 0x0000000100000000)
  eden space 190464K, 100% used [0x00000000f0000000,0x00000000fba00000,0x00000000fba00000)
  from space 34816K, 2% used [0x00000000fba00000,0x00000000fbab8000,0x00000000fdc00000)
  to   space 35840K, 0% used [0x00000000fdd00000,0x00000000fdd00000,0x0000000100000000)
 ParOldGen       total 524288K, used 438187K [0x00000000d0000000, 0x00000000f0000000, 0x00000000f0000000)
  object space 524288K, 83% used [0x00000000d0000000,0x00000000eabeae38,0x00000000f0000000)
 Metaspace       used 148218K, capacity 153950K, committed 176640K, reserved 1204224K
  class space    used 14104K, capacity 15642K, committed 22016K, reserved 1048576K
Event: 19549,756 GC heap after
Heap after GC invocations=435 (full 22):
 PSYoungGen      total 225280K, used 1887K [0x00000000f0000000, 0x0000000100000000, 0x0000000100000000)
  eden space 189440K, 0% used [0x00000000f0000000,0x00000000f0000000,0x00000000fb900000)
  from space 35840K, 5% used [0x00000000fdd00000,0x00000000fded7e50,0x0000000100000000)
  to   space 36352K, 0% used [0x00000000fb900000,0x00000000fb900000,0x00000000fdc80000)
 ParOldGen       total 524288K, used 438187K [0x00000000d0000000, 0x00000000f0000000, 0x00000000f0000000)
  object space 524288K, 83% used [0x00000000d0000000,0x00000000eabeae38,0x00000000f0000000)
 Metaspace       used 148218K, capacity 153950K, committed 176640K, reserved 1204224K
  class space    used 14104K, capacity 15642K, committed 22016K, reserved 1048576K
}

