# JRE version: Java(TM) SE Runtime Environment (8.0_221-b11) (build 1.8.0_221-b11)
# Java VM: Java HotSpot(TM) 64-Bit Server VM (25.221-b11 mixed mode linux-amd64 compressed oops)
Heap:
 PSYoungGen      total 167936K, used 71002K [0x00000000f0000000, 0x0000000100000000, 0x0000000100000000)
  eden space 124928K, 22% used [0x00000000f0000000,0x00000000f1bba738,0x00000000f7a00000)
  from space 43008K, 99% used [0x00000000f7a00000,0x00000000fa39c450,0x00000000fa400000)
  to   space 69632K, 0% used [0x00000000fbc00000,0x00000000fbc00000,0x0000000100000000)
 ParOldGen       total 524288K, used 414260K [0x00000000d0000000, 0x00000000f0000000, 0x00000000f0000000)
  object space 524288K, 79% used [0x00000000d0000000,0x00000000e948d0a0,0x00000000f0000000)
 Metaspace       used 148307K, capacity 155708K, committed 164160K, reserved 1196032K
  class space    used 14667K, capacity 16929K, committed 18304K, reserved 1048576K
GC Heap History (10 events):
Event: 8334,052 GC heap before
{Heap before GC invocations=386 (full 5):
 PSYoungGen      total 210432K, used 210429K [0x00000000f0000000, 0x0000000100000000, 0x0000000100000000)
  eden space 171008K, 100% used [0x00000000f0000000,0x00000000fa700000,0x00000000fa700000)
  from space 39424K, 99% used [0x00000000fd980000,0x00000000fffff7c0,0x0000000100000000)
  to   space 45568K, 0% used [0x00000000fa700000,0x00000000fa700000,0x00000000fd380000)
 ParOldGen       total 524288K, used 398938K [0x00000000d0000000, 0x00000000f0000000, 0x00000000f0000000)
  object space 524288K, 76% used [0x00000000d0000000,0x00000000e8596ae0,0x00000000f0000000)
 Metaspace       used 145646K, capacity 152890K, committed 164160K, reserved 1196032K
  class space    used 14528K, capacity 16725K, committed 18304K, reserved 1048576K
Event: 8334,076 GC heap after
Heap after GC invocations=386 (full 5):
 PSYoungGen      total 214528K, used 43011K [0x00000000f0000000, 0x0000000100000000, 0x0000000100000000)
  eden space 171008K, 0% used [0x00000000f0000000,0x00000000f0000000,0x00000000fa700000)
  from space 43520K, 98% used [0x00000000fa700000,0x00000000fd100d98,0x00000000fd180000)
  to   space 47616K, 0% used [0x00000000fd180000,0x00000000fd180000,0x0000000100000000)
 ParOldGen       total 524288K, used 402607K [0x00000000d0000000, 0x00000000f0000000, 0x00000000f0000000)
  object space 524288K, 76% used [0x00000000d0000000,0x00000000e892bf98,0x00000000f0000000)
 Metaspace       used 145646K, capacity 152890K, committed 164160K, reserved 1196032K
  class space    used 14528K, capacity 16725K, committed 18304K, reserved 1048576K
}
Event: 8336,479 GC heap before
{Heap before GC invocations=387 (full 5):
 PSYoungGen      total 214528K, used 214019K [0x00000000f0000000, 0x0000000100000000, 0x0000000100000000)
  eden space 171008K, 100% used [0x00000000f0000000,0x00000000fa700000,0x00000000fa700000)
  from space 43520K, 98% used [0x00000000fa700000,0x00000000fd100d98,0x00000000fd180000)
  to   space 47616K, 0% used [0x00000000fd180000,0x00000000fd180000,0x0000000100000000)
 ParOldGen       total 524288K, used 402607K [0x00000000d0000000, 0x00000000f0000000, 0x00000000f0000000)
  object space 524288K, 76% used [0x00000000d0000000,0x00000000e892bf98,0x00000000f0000000)
 Metaspace       used 148205K, capacity 155530K, committed 164160K, reserved 1196032K
  class space    used 14655K, capacity 16892K, committed 18304K, reserved 1048576K
Event: 8336,503 GC heap after
Heap after GC invocations=387 (full 5):
 PSYoungGen      total 189952K, used 47604K [0x00000000f0000000, 0x0000000100000000, 0x0000000100000000)
  eden space 142336K, 0% used [0x00000000f0000000,0x00000000f0000000,0x00000000f8b00000)
  from space 47616K, 99% used [0x00000000fd180000,0x00000000ffffd3f8,0x0000000100000000)
  to   space 59904K, 0% used [0x00000000f8b00000,0x00000000f8b00000,0x00000000fc580000)
 ParOldGen       total 524288K, used 407210K [0x00000000d0000000, 0x00000000f0000000, 0x00000000f0000000)
  object space 524288K, 77% used [0x00000000d0000000,0x00000000e8daabb0,0x00000000f0000000)
 Metaspace       used 148205K, capacity 155530K, committed 164160K, reserved 1196032K
  class space    used 14655K, capacity 16892K, committed 18304K, reserved 1048576K
}
Event: 8336,738 GC heap before
{Heap before GC invocations=388 (full 5):
 PSYoungGen      total 189952K, used 189940K [0x00000000f0000000, 0x0000000100000000, 0x0000000100000000)
  eden space 142336K, 100% used [0x00000000f0000000,0x00000000f8b00000,0x00000000f8b00000)
  from space 47616K, 99% used [0x00000000fd180000,0x00000000ffffd3f8,0x0000000100000000)
  to   space 59904K, 0% used [0x00000000f8b00000,0x00000000f8b00000,0x00000000fc580000)
 ParOldGen       total 524288K, used 407210K [0x00000000d0000000, 0x00000000f0000000, 0x00000000f0000000)
  object space 524288K, 77% used [0x00000000d0000000,0x00000000e8daabb0,0x00000000f0000000)
 Metaspace       used 148260K, capacity 155626K, committed 164160K, reserved 1196032K
  class space    used 14659K, capacity 16924K, committed 18304K, reserved 1048576K
Event: 8336,768 GC heap after
Heap after GC invocations=388 (full 5):
 PSYoungGen      total 190464K, used 47625K [0x00000000f0000000, 0x0000000100000000, 0x0000000100000000)
  eden space 142336K, 0% used [0x00000000f0000000,0x00000000f0000000,0x00000000f8b00000)
  from space 48128K, 98% used [0x00000000f8b00000,0x00000000fb982590,0x00000000fba00000)
  to   space 65024K, 0% used [0x00000000fc080000,0x00000000fc080000,0x0000000100000000)
 ParOldGen       total 524288K, used 409010K [0x00000000d0000000, 0x00000000f0000000, 0x00000000f0000000)
  object space 524288K, 78% used [0x00000000d0000000,0x00000000e8f6ca38,0x00000000f0000000)
 Metaspace       used 148260K, capacity 155626K, committed 164160K, reserved 1196032K
  class space    used 14659K, capacity 16924K, committed 18304K, reserved 1048576K
}
Event: 8337,044 GC heap before
{Heap before GC invocations=389 (full 5):
 PSYoungGen      total 190464K, used 189961K [0x00000000f0000000, 0x0000000100000000, 0x0000000100000000)
  eden space 142336K, 100% used [0x00000000f0000000,0x00000000f8b00000,0x00000000f8b00000)
  from space 48128K, 98% used [0x00000000f8b00000,0x00000000fb982590,0x00000000fba00000)
  to   space 65024K, 0% used [0x00000000fc080000,0x00000000fc080000,0x0000000100000000)
 ParOldGen       total 524288K, used 409010K [0x00000000d0000000, 0x00000000f0000000, 0x00000000f0000000)
  object space 524288K, 78% used [0x00000000d0000000,0x00000000e8f6ca38,0x00000000f0000000)
 Metaspace       used 148279K, capacity 155626K, committed 164160K, reserved 1196032K
  class space    used 14663K, capacity 16924K, committed 18304K, reserved 1048576K
Event: 8337,068 GC heap after
Heap after GC invocations=389 (full 5):
 PSYoungGen      total 189952K, used 47748K [0x00000000f0000000, 0x0000000100000000, 0x0000000100000000)
  eden space 124928K, 0% used [0x00000000f0000000,0x00000000f0000000,0x00000000f7a00000)
  from space 65024K, 73% used [0x00000000fc080000,0x00000000fef212a0,0x0000000100000000)
  to   space 68608K, 0% used [0x00000000f7a00000,0x00000000f7a00000,0x00000000fbd00000)
 ParOldGen       total 524288K, used 411396K [0x00000000d0000000, 0x00000000f0000000, 0x00000000f0000000)
  object space 524288K, 78% used [0x00000000d0000000,0x00000000e91c10a0,0x00000000f0000000)
 Metaspace       used 148279K, capacity 155626K, committed 164160K, reserved 1196032K
  class space    used 14663K, capacity 16924K, committed 18304K, reserved 1048576K
}
Event: 8337,357 GC heap before
{Heap before GC invocations=390 (full 5):
 PSYoungGen      total 189952K, used 172676K [0x00000000f0000000, 0x0000000100000000, 0x0000000100000000)
  eden space 124928K, 100% used [0x00000000f0000000,0x00000000f7a00000,0x00000000f7a00000)
  from space 65024K, 73% used [0x00000000fc080000,0x00000000fef212a0,0x0000000100000000)
  to   space 68608K, 0% used [0x00000000f7a00000,0x00000000f7a00000,0x00000000fbd00000)
 ParOldGen       total 524288K, used 411396K [0x00000000d0000000, 0x00000000f0000000, 0x00000000f0000000)
  object space 524288K, 78% used [0x00000000d0000000,0x00000000e91c10a0,0x00000000f0000000)
 Metaspace       used 148279K, capacity 155626K, committed 164160K, reserved 1196032K
  class space    used 14663K, capacity 16924K, committed 18304K, reserved 1048576K
Event: 8337,389 GC heap after
Heap after GC invocations=390 (full 5):
 PSYoungGen      total 167936K, used 42609K [0x00000000f0000000, 0x0000000100000000, 0x0000000100000000)
  eden space 124928K, 0% used [0x00000000f0000000,0x00000000f0000000,0x00000000f7a00000)
  from space 43008K, 99% used [0x00000000f7a00000,0x00000000fa39c450,0x00000000fa400000)
  to   space 69632K, 0% used [0x00000000fbc00000,0x00000000fbc00000,0x0000000100000000)
 ParOldGen       total 524288K, used 414260K [0x00000000d0000000, 0x00000000f0000000, 0x00000000f0000000)
  object space 524288K, 79% used [0x00000000d0000000,0x00000000e948d0a0,0x00000000f0000000)
 Metaspace       used 148279K, capacity 155626K, committed 164160K, reserved 1196032K
  class space    used 14663K, capacity 16924K, committed 18304K, reserved 1048576K
}

