# JRE version: Java(TM) SE Runtime Environment (8.0_221-b11) (build 1.8.0_221-b11)
# Java VM: Java HotSpot(TM) 64-Bit Server VM (25.221-b11 mixed mode linux-amd64 compressed oops)
Heap:
 PSYoungGen      total 177152K, used 64657K [0x00000000f0000000, 0x0000000100000000, 0x0000000100000000)
  eden space 100352K, 2% used [0x00000000f0000000,0x00000000f02cfda8,0x00000000f6200000)
  from space 76800K, 80% used [0x00000000fb500000,0x00000000ff154698,0x0000000100000000)
  to   space 80896K, 0% used [0x00000000f6200000,0x00000000f6200000,0x00000000fb100000)
 ParOldGen       total 524288K, used 380457K [0x00000000d0000000, 0x00000000f0000000, 0x00000000f0000000)
  object space 524288K, 72% used [0x00000000d0000000,0x00000000e738a568,0x00000000f0000000)
 Metaspace       used 122684K, capacity 126080K, committed 126272K, reserved 1163264K
  class space    used 11698K, capacity 12869K, committed 12928K, reserved 1048576K
GC Heap History (10 events):
Event: 97,693 GC heap before
{Heap before GC invocations=84 (full 4):
 PSYoungGen      total 202752K, used 202296K [0x00000000f0000000, 0x0000000100000000, 0x0000000100000000)
  eden space 160768K, 100% used [0x00000000f0000000,0x00000000f9d00000,0x00000000f9d00000)
  from space 41984K, 98% used [0x00000000f9d00000,0x00000000fc58e0a0,0x00000000fc600000)
  to   space 52736K, 0% used [0x00000000fcc80000,0x00000000fcc80000,0x0000000100000000)
 ParOldGen       total 524288K, used 359878K [0x00000000d0000000, 0x00000000f0000000, 0x00000000f0000000)
  object space 524288K, 68% used [0x00000000d0000000,0x00000000e5f718e0,0x00000000f0000000)
 Metaspace       used 120291K, capacity 122938K, committed 123200K, reserved 1161216K
  class space    used 11280K, capacity 12085K, committed 12160K, reserved 1048576K
Event: 97,715 GC heap after
Heap after GC invocations=84 (full 4):
 PSYoungGen      total 204288K, used 44265K [0x00000000f0000000, 0x0000000100000000, 0x0000000100000000)
  eden space 151552K, 0% used [0x00000000f0000000,0x00000000f0000000,0x00000000f9400000)
  from space 52736K, 83% used [0x00000000fcc80000,0x00000000ff7ba578,0x0000000100000000)
  to   space 55296K, 0% used [0x00000000f9400000,0x00000000f9400000,0x00000000fca00000)
 ParOldGen       total 524288K, used 360194K [0x00000000d0000000, 0x00000000f0000000, 0x00000000f0000000)
  object space 524288K, 68% used [0x00000000d0000000,0x00000000e5fc08f0,0x00000000f0000000)
 Metaspace       used 120291K, capacity 122938K, committed 123200K, reserved 1161216K
  class space    used 11280K, capacity 12085K, committed 12160K, reserved 1048576K
}
Event: 97,999 GC heap before
{Heap before GC invocations=85 (full 4):
 PSYoungGen      total 204288K, used 195817K [0x00000000f0000000, 0x0000000100000000, 0x0000000100000000)
  eden space 151552K, 100% used [0x00000000f0000000,0x00000000f9400000,0x00000000f9400000)
  from space 52736K, 83% used [0x00000000fcc80000,0x00000000ff7ba578,0x0000000100000000)
  to   space 55296K, 0% used [0x00000000f9400000,0x00000000f9400000,0x00000000fca00000)
 ParOldGen       total 524288K, used 360194K [0x00000000d0000000, 0x00000000f0000000, 0x00000000f0000000)
  object space 524288K, 68% used [0x00000000d0000000,0x00000000e5fc08f0,0x00000000f0000000)
 Metaspace       used 120927K, capacity 123976K, committed 124096K, reserved 1161216K
  class space    used 11424K, capacity 12462K, committed 12544K, reserved 1048576K
Event: 98,023 GC heap after
Heap after GC invocations=85 (full 4):
 PSYoungGen      total 206848K, used 55273K [0x00000000f0000000, 0x0000000100000000, 0x0000000100000000)
  eden space 151552K, 0% used [0x00000000f0000000,0x00000000f0000000,0x00000000f9400000)
  from space 55296K, 99% used [0x00000000f9400000,0x00000000fc9fa710,0x00000000fca00000)
  to   space 55296K, 0% used [0x00000000fca00000,0x00000000fca00000,0x0000000100000000)
 ParOldGen       total 524288K, used 371134K [0x00000000d0000000, 0x00000000f0000000, 0x00000000f0000000)
  object space 524288K, 70% used [0x00000000d0000000,0x00000000e6a6f830,0x00000000f0000000)
 Metaspace       used 120927K, capacity 123976K, committed 124096K, reserved 1161216K
  class space    used 11424K, capacity 12462K, committed 12544K, reserved 1048576K
}
Event: 98,103 GC heap before
{Heap before GC invocations=86 (full 4):
 PSYoungGen      total 206848K, used 205727K [0x00000000f0000000, 0x0000000100000000, 0x0000000100000000)
  eden space 151552K, 99% used [0x00000000f0000000,0x00000000f92ed5d0,0x00000000f9400000)
  from space 55296K, 99% used [0x00000000f9400000,0x00000000fc9fa710,0x00000000fca00000)
  to   space 55296K, 0% used [0x00000000fca00000,0x00000000fca00000,0x0000000100000000)
 ParOldGen       total 524288K, used 371134K [0x00000000d0000000, 0x00000000f0000000, 0x00000000f0000000)
  object space 524288K, 70% used [0x00000000d0000000,0x00000000e6a6f830,0x00000000f0000000)
 Metaspace       used 121059K, capacity 124200K, committed 124352K, reserved 1161216K
  class space    used 11454K, capacity 12542K, committed 12544K, reserved 1048576K
Event: 98,131 GC heap after
Heap after GC invocations=86 (full 4):
 PSYoungGen      total 172032K, used 55273K [0x00000000f0000000, 0x0000000100000000, 0x0000000100000000)
  eden space 116736K, 0% used [0x00000000f0000000,0x00000000f0000000,0x00000000f7200000)
  from space 55296K, 99% used [0x00000000fca00000,0x00000000ffffa7a0,0x0000000100000000)
  to   space 72704K, 0% used [0x00000000f7200000,0x00000000f7200000,0x00000000fb900000)
 ParOldGen       total 524288K, used 378849K [0x00000000d0000000, 0x00000000f0000000, 0x00000000f0000000)
  object space 524288K, 72% used [0x00000000d0000000,0x00000000e71f8568,0x00000000f0000000)
 Metaspace       used 121059K, capacity 124200K, committed 124352K, reserved 1161216K
  class space    used 11454K, capacity 12542K, committed 12544K, reserved 1048576K
}
Event: 101,002 GC heap before
{Heap before GC invocations=87 (full 4):
 PSYoungGen      total 172032K, used 172009K [0x00000000f0000000, 0x0000000100000000, 0x0000000100000000)
  eden space 116736K, 100% used [0x00000000f0000000,0x00000000f7200000,0x00000000f7200000)
  from space 55296K, 99% used [0x00000000fca00000,0x00000000ffffa7a0,0x0000000100000000)
  to   space 72704K, 0% used [0x00000000f7200000,0x00000000f7200000,0x00000000fb900000)
 ParOldGen       total 524288K, used 378849K [0x00000000d0000000, 0x00000000f0000000, 0x00000000f0000000)
  object space 524288K, 72% used [0x00000000d0000000,0x00000000e71f8568,0x00000000f0000000)
 Metaspace       used 121596K, capacity 124830K, committed 124992K, reserved 1161216K
  class space    used 11532K, capacity 12636K, committed 12672K, reserved 1048576K
Event: 101,022 GC heap after
Heap after GC invocations=87 (full 4):
 PSYoungGen      total 176128K, used 59023K [0x00000000f0000000, 0x0000000100000000, 0x0000000100000000)
  eden space 116736K, 0% used [0x00000000f0000000,0x00000000f0000000,0x00000000f7200000)
  from space 59392K, 99% used [0x00000000f7200000,0x00000000faba3c20,0x00000000fac00000)
  to   space 76800K, 0% used [0x00000000fb500000,0x00000000fb500000,0x0000000100000000)
 ParOldGen       total 524288K, used 379673K [0x00000000d0000000, 0x00000000f0000000, 0x00000000f0000000)
  object space 524288K, 72% used [0x00000000d0000000,0x00000000e72c6568,0x00000000f0000000)
 Metaspace       used 121596K, capacity 124830K, committed 124992K, reserved 1161216K
  class space    used 11532K, capacity 12636K, committed 12672K, reserved 1048576K
}
Event: 101,516 GC heap before
{Heap before GC invocations=88 (full 4):
 PSYoungGen      total 176128K, used 175759K [0x00000000f0000000, 0x0000000100000000, 0x0000000100000000)
  eden space 116736K, 100% used [0x00000000f0000000,0x00000000f7200000,0x00000000f7200000)
  from space 59392K, 99% used [0x00000000f7200000,0x00000000faba3c20,0x00000000fac00000)
  to   space 76800K, 0% used [0x00000000fb500000,0x00000000fb500000,0x0000000100000000)
 ParOldGen       total 524288K, used 379673K [0x00000000d0000000, 0x00000000f0000000, 0x00000000f0000000)
  object space 524288K, 72% used [0x00000000d0000000,0x00000000e72c6568,0x00000000f0000000)
 Metaspace       used 122621K, capacity 126000K, committed 126272K, reserved 1163264K
  class space    used 11690K, capacity 12866K, committed 12928K, reserved 1048576K
Event: 101,540 GC heap after
Heap after GC invocations=88 (full 4):
 PSYoungGen      total 177152K, used 61777K [0x00000000f0000000, 0x0000000100000000, 0x0000000100000000)
  eden space 100352K, 0% used [0x00000000f0000000,0x00000000f0000000,0x00000000f6200000)
  from space 76800K, 80% used [0x00000000fb500000,0x00000000ff154698,0x0000000100000000)
  to   space 80896K, 0% used [0x00000000f6200000,0x00000000f6200000,0x00000000fb100000)
 ParOldGen       total 524288K, used 380457K [0x00000000d0000000, 0x00000000f0000000, 0x00000000f0000000)
  object space 524288K, 72% used [0x00000000d0000000,0x00000000e738a568,0x00000000f0000000)
 Metaspace       used 122621K, capacity 126000K, committed 126272K, reserved 1163264K
  class space    used 11690K, capacity 12866K, committed 12928K, reserved 1048576K
}

