# JRE version: Java(TM) SE Runtime Environment (8.0_221-b11) (build 1.8.0_221-b11)
# Java VM: Java HotSpot(TM) 64-Bit Server VM (25.221-b11 mixed mode linux-amd64 compressed oops)
Heap:
 PSYoungGen      total 227328K, used 29718K [0x00000000f0000000, 0x0000000100000000, 0x0000000100000000)
  eden space 194048K, 6% used [0x00000000f0000000,0x00000000f0bf82a8,0x00000000fbd80000)
  from space 33280K, 52% used [0x00000000fbd80000,0x00000000fce8d6d0,0x00000000fde00000)
  to   space 31744K, 0% used [0x00000000fe100000,0x00000000fe100000,0x0000000100000000)
 ParOldGen       total 524288K, used 432180K [0x00000000d0000000, 0x00000000f0000000, 0x00000000f0000000)
  object space 524288K, 82% used [0x00000000d0000000,0x00000000ea60d340,0x00000000f0000000)
 Metaspace       used 129260K, capacity 134970K, committed 135104K, reserved 1169408K
  class space    used 13070K, capacity 14659K, committed 14784K, reserved 1048576K
GC Heap History (10 events):
Event: 157,082 GC heap before
{Heap before GC invocations=117 (full 4):
 PSYoungGen      total 224768K, used 201772K [0x00000000f0000000, 0x0000000100000000, 0x0000000100000000)
  eden space 186880K, 100% used [0x00000000f0000000,0x00000000fb680000,0x00000000fb680000)
  from space 37888K, 39% used [0x00000000fdb00000,0x00000000fe98b030,0x0000000100000000)
  to   space 37376K, 0% used [0x00000000fb680000,0x00000000fb680000,0x00000000fdb00000)
 ParOldGen       total 524288K, used 426762K [0x00000000d0000000, 0x00000000f0000000, 0x00000000f0000000)
  object space 524288K, 81% used [0x00000000d0000000,0x00000000ea0c2b40,0x00000000f0000000)
 Metaspace       used 127894K, capacity 133410K, committed 133568K, reserved 1169408K
  class space    used 12921K, capacity 14456K, committed 14528K, reserved 1048576K
Event: 157,090 GC heap after
Heap after GC invocations=117 (full 4):
 PSYoungGen      total 224256K, used 12016K [0x00000000f0000000, 0x0000000100000000, 0x0000000100000000)
  eden space 186880K, 0% used [0x00000000f0000000,0x00000000f0000000,0x00000000fb680000)
  from space 37376K, 32% used [0x00000000fb680000,0x00000000fc23c2c8,0x00000000fdb00000)
  to   space 36864K, 0% used [0x00000000fdc00000,0x00000000fdc00000,0x0000000100000000)
 ParOldGen       total 524288K, used 426770K [0x00000000d0000000, 0x00000000f0000000, 0x00000000f0000000)
  object space 524288K, 81% used [0x00000000d0000000,0x00000000ea0c4b40,0x00000000f0000000)
 Metaspace       used 127894K, capacity 133410K, committed 133568K, reserved 1169408K
  class space    used 12921K, capacity 14456K, committed 14528K, reserved 1048576K
}
Event: 157,376 GC heap before
{Heap before GC invocations=118 (full 4):
 PSYoungGen      total 224256K, used 198896K [0x00000000f0000000, 0x0000000100000000, 0x0000000100000000)
  eden space 186880K, 100% used [0x00000000f0000000,0x00000000fb680000,0x00000000fb680000)
  from space 37376K, 32% used [0x00000000fb680000,0x00000000fc23c2c8,0x00000000fdb00000)
  to   space 36864K, 0% used [0x00000000fdc00000,0x00000000fdc00000,0x0000000100000000)
 ParOldGen       total 524288K, used 426770K [0x00000000d0000000, 0x00000000f0000000, 0x00000000f0000000)
  object space 524288K, 81% used [0x00000000d0000000,0x00000000ea0c4b40,0x00000000f0000000)
 Metaspace       used 127894K, capacity 133410K, committed 133568K, reserved 1169408K
  class space    used 12921K, capacity 14456K, committed 14528K, reserved 1048576K
Event: 157,383 GC heap after
Heap after GC invocations=118 (full 4):
 PSYoungGen      total 226304K, used 14513K [0x00000000f0000000, 0x0000000100000000, 0x0000000100000000)
  eden space 189440K, 0% used [0x00000000f0000000,0x00000000f0000000,0x00000000fb900000)
  from space 36864K, 39% used [0x00000000fdc00000,0x00000000fea2c7c8,0x0000000100000000)
  to   space 35840K, 0% used [0x00000000fb900000,0x00000000fb900000,0x00000000fdc00000)
 ParOldGen       total 524288K, used 426970K [0x00000000d0000000, 0x00000000f0000000, 0x00000000f0000000)
  object space 524288K, 81% used [0x00000000d0000000,0x00000000ea0f6b70,0x00000000f0000000)
 Metaspace       used 127894K, capacity 133410K, committed 133568K, reserved 1169408K
  class space    used 12921K, capacity 14456K, committed 14528K, reserved 1048576K
}
Event: 178,913 GC heap before
{Heap before GC invocations=119 (full 4):
 PSYoungGen      total 226304K, used 203953K [0x00000000f0000000, 0x0000000100000000, 0x0000000100000000)
  eden space 189440K, 100% used [0x00000000f0000000,0x00000000fb900000,0x00000000fb900000)
  from space 36864K, 39% used [0x00000000fdc00000,0x00000000fea2c7c8,0x0000000100000000)
  to   space 35840K, 0% used [0x00000000fb900000,0x00000000fb900000,0x00000000fdc00000)
 ParOldGen       total 524288K, used 426970K [0x00000000d0000000, 0x00000000f0000000, 0x00000000f0000000)
  object space 524288K, 81% used [0x00000000d0000000,0x00000000ea0f6b70,0x00000000f0000000)
 Metaspace       used 128372K, capacity 133936K, committed 134208K, reserved 1169408K
  class space    used 12979K, capacity 14533K, committed 14656K, reserved 1048576K
Event: 178,925 GC heap after
Heap after GC invocations=119 (full 4):
 PSYoungGen      total 225280K, used 17003K [0x00000000f0000000, 0x0000000100000000, 0x0000000100000000)
  eden space 189440K, 0% used [0x00000000f0000000,0x00000000f0000000,0x00000000fb900000)
  from space 35840K, 47% used [0x00000000fb900000,0x00000000fc99ac98,0x00000000fdc00000)
  to   space 34816K, 0% used [0x00000000fde00000,0x00000000fde00000,0x0000000100000000)
 ParOldGen       total 524288K, used 429466K [0x00000000d0000000, 0x00000000f0000000, 0x00000000f0000000)
  object space 524288K, 81% used [0x00000000d0000000,0x00000000ea366838,0x00000000f0000000)
 Metaspace       used 128372K, capacity 133936K, committed 134208K, reserved 1169408K
  class space    used 12979K, capacity 14533K, committed 14656K, reserved 1048576K
}
Event: 180,926 GC heap before
{Heap before GC invocations=120 (full 4):
 PSYoungGen      total 225280K, used 206443K [0x00000000f0000000, 0x0000000100000000, 0x0000000100000000)
  eden space 189440K, 100% used [0x00000000f0000000,0x00000000fb900000,0x00000000fb900000)
  from space 35840K, 47% used [0x00000000fb900000,0x00000000fc99ac98,0x00000000fdc00000)
  to   space 34816K, 0% used [0x00000000fde00000,0x00000000fde00000,0x0000000100000000)
 ParOldGen       total 524288K, used 429466K [0x00000000d0000000, 0x00000000f0000000, 0x00000000f0000000)
  object space 524288K, 81% used [0x00000000d0000000,0x00000000ea366838,0x00000000f0000000)
 Metaspace       used 129251K, capacity 134958K, committed 135104K, reserved 1169408K
  class space    used 13068K, capacity 14657K, committed 14784K, reserved 1048576K
Event: 180,938 GC heap after
Heap after GC invocations=120 (full 4):
 PSYoungGen      total 228864K, used 19126K [0x00000000f0000000, 0x0000000100000000, 0x0000000100000000)
  eden space 194048K, 0% used [0x00000000f0000000,0x00000000f0000000,0x00000000fbd80000)
  from space 34816K, 54% used [0x00000000fde00000,0x00000000ff0adab0,0x0000000100000000)
  to   space 33280K, 0% used [0x00000000fbd80000,0x00000000fbd80000,0x00000000fde00000)
 ParOldGen       total 524288K, used 431860K [0x00000000d0000000, 0x00000000f0000000, 0x00000000f0000000)
  object space 524288K, 82% used [0x00000000d0000000,0x00000000ea5bd340,0x00000000f0000000)
 Metaspace       used 129251K, capacity 134958K, committed 135104K, reserved 1169408K
  class space    used 13068K, capacity 14657K, committed 14784K, reserved 1048576K
}
Event: 181,277 GC heap before
{Heap before GC invocations=121 (full 4):
 PSYoungGen      total 228864K, used 213174K [0x00000000f0000000, 0x0000000100000000, 0x0000000100000000)
  eden space 194048K, 100% used [0x00000000f0000000,0x00000000fbd80000,0x00000000fbd80000)
  from space 34816K, 54% used [0x00000000fde00000,0x00000000ff0adab0,0x0000000100000000)
  to   space 33280K, 0% used [0x00000000fbd80000,0x00000000fbd80000,0x00000000fde00000)
 ParOldGen       total 524288K, used 431860K [0x00000000d0000000, 0x00000000f0000000, 0x00000000f0000000)
  object space 524288K, 82% used [0x00000000d0000000,0x00000000ea5bd340,0x00000000f0000000)
 Metaspace       used 129251K, capacity 134958K, committed 135104K, reserved 1169408K
  class space    used 13068K, capacity 14657K, committed 14784K, reserved 1048576K
Event: 181,294 GC heap after
Heap after GC invocations=121 (full 4):
 PSYoungGen      total 227328K, used 17461K [0x00000000f0000000, 0x0000000100000000, 0x0000000100000000)
  eden space 194048K, 0% used [0x00000000f0000000,0x00000000f0000000,0x00000000fbd80000)
  from space 33280K, 52% used [0x00000000fbd80000,0x00000000fce8d6d0,0x00000000fde00000)
  to   space 31744K, 0% used [0x00000000fe100000,0x00000000fe100000,0x0000000100000000)
 ParOldGen       total 524288K, used 432180K [0x00000000d0000000, 0x00000000f0000000, 0x00000000f0000000)
  object space 524288K, 82% used [0x00000000d0000000,0x00000000ea60d340,0x00000000f0000000)
 Metaspace       used 129251K, capacity 134958K, committed 135104K, reserved 1169408K
  class space    used 13068K, capacity 14657K, committed 14784K, reserved 1048576K
}

