# JRE version: Java(TM) SE Runtime Environment (8.0_221-b11) (build 1.8.0_221-b11)
# Java VM: Java HotSpot(TM) 64-Bit Server VM (25.221-b11 mixed mode linux-amd64 compressed oops)
Heap:
 PSYoungGen      total 243712K, used 71976K [0x00000000f0000000, 0x0000000100000000, 0x0000000100000000)
  eden space 225280K, 25% used [0x00000000f0000000,0x00000000f3814018,0x00000000fdc00000)
  from space 18432K, 78% used [0x00000000fee00000,0x00000000ffc36088,0x0000000100000000)
  to   space 18432K, 0% used [0x00000000fdc00000,0x00000000fdc00000,0x00000000fee00000)
 ParOldGen       total 524288K, used 409327K [0x00000000d0000000, 0x00000000f0000000, 0x00000000f0000000)
  object space 524288K, 78% used [0x00000000d0000000,0x00000000e8fbbe60,0x00000000f0000000)
 Metaspace       used 153808K, capacity 160092K, committed 160320K, reserved 1191936K
  class space    used 15141K, capacity 17081K, committed 17280K, reserved 1048576K
GC Heap History (10 events):
Event: 4699,458 GC heap before
{Heap before GC invocations=227 (full 5):
 PSYoungGen      total 242688K, used 233362K [0x00000000f0000000, 0x0000000100000000, 0x0000000100000000)
  eden space 223232K, 100% used [0x00000000f0000000,0x00000000fda00000,0x00000000fda00000)
  from space 19456K, 52% used [0x00000000fda00000,0x00000000fe3e4938,0x00000000fed00000)
  to   space 18944K, 0% used [0x00000000fed80000,0x00000000fed80000,0x0000000100000000)
 ParOldGen       total 524288K, used 406959K [0x00000000d0000000, 0x00000000f0000000, 0x00000000f0000000)
  object space 524288K, 77% used [0x00000000d0000000,0x00000000e8d6bcd8,0x00000000f0000000)
 Metaspace       used 153725K, capacity 159978K, committed 160320K, reserved 1191936K
  class space    used 15125K, capacity 17056K, committed 17280K, reserved 1048576K
Event: 4699,470 GC heap after
Heap after GC invocations=227 (full 5):
 PSYoungGen      total 243712K, used 11446K [0x00000000f0000000, 0x0000000100000000, 0x0000000100000000)
  eden space 224768K, 0% used [0x00000000f0000000,0x00000000f0000000,0x00000000fdb80000)
  from space 18944K, 60% used [0x00000000fed80000,0x00000000ff8ad8e0,0x0000000100000000)
  to   space 18432K, 0% used [0x00000000fdb80000,0x00000000fdb80000,0x00000000fed80000)
 ParOldGen       total 524288K, used 407015K [0x00000000d0000000, 0x00000000f0000000, 0x00000000f0000000)
  object space 524288K, 77% used [0x00000000d0000000,0x00000000e8d79cd8,0x00000000f0000000)
 Metaspace       used 153725K, capacity 159978K, committed 160320K, reserved 1191936K
  class space    used 15125K, capacity 17056K, committed 17280K, reserved 1048576K
}
Event: 4703,687 GC heap before
{Heap before GC invocations=228 (full 5):
 PSYoungGen      total 243712K, used 234513K [0x00000000f0000000, 0x0000000100000000, 0x0000000100000000)
  eden space 224768K, 99% used [0x00000000f0000000,0x00000000fd9d6e00,0x00000000fdb80000)
  from space 18944K, 60% used [0x00000000fed80000,0x00000000ff8ad8e0,0x0000000100000000)
  to   space 18432K, 0% used [0x00000000fdb80000,0x00000000fdb80000,0x00000000fed80000)
 ParOldGen       total 524288K, used 407015K [0x00000000d0000000, 0x00000000f0000000, 0x00000000f0000000)
  object space 524288K, 77% used [0x00000000d0000000,0x00000000e8d79cd8,0x00000000f0000000)
 Metaspace       used 153756K, capacity 159994K, committed 160320K, reserved 1191936K
  class space    used 15127K, capacity 17058K, committed 17280K, reserved 1048576K
Event: 4703,696 GC heap after
Heap after GC invocations=228 (full 5):
 PSYoungGen      total 243200K, used 15143K [0x00000000f0000000, 0x0000000100000000, 0x0000000100000000)
  eden space 224768K, 0% used [0x00000000f0000000,0x00000000f0000000,0x00000000fdb80000)
  from space 18432K, 82% used [0x00000000fdb80000,0x00000000fea49ee0,0x00000000fed80000)
  to   space 18944K, 0% used [0x00000000fed80000,0x00000000fed80000,0x0000000100000000)
 ParOldGen       total 524288K, used 407079K [0x00000000d0000000, 0x00000000f0000000, 0x00000000f0000000)
  object space 524288K, 77% used [0x00000000d0000000,0x00000000e8d89cd8,0x00000000f0000000)
 Metaspace       used 153756K, capacity 159994K, committed 160320K, reserved 1191936K
  class space    used 15127K, capacity 17058K, committed 17280K, reserved 1048576K
}
Event: 4704,442 GC heap before
{Heap before GC invocations=229 (full 5):
 PSYoungGen      total 243200K, used 239911K [0x00000000f0000000, 0x0000000100000000, 0x0000000100000000)
  eden space 224768K, 100% used [0x00000000f0000000,0x00000000fdb80000,0x00000000fdb80000)
  from space 18432K, 82% used [0x00000000fdb80000,0x00000000fea49ee0,0x00000000fed80000)
  to   space 18944K, 0% used [0x00000000fed80000,0x00000000fed80000,0x0000000100000000)
 ParOldGen       total 524288K, used 407079K [0x00000000d0000000, 0x00000000f0000000, 0x00000000f0000000)
  object space 524288K, 77% used [0x00000000d0000000,0x00000000e8d89cd8,0x00000000f0000000)
 Metaspace       used 153776K, capacity 160044K, committed 160320K, reserved 1191936K
  class space    used 15134K, capacity 17068K, committed 17280K, reserved 1048576K
Event: 4704,454 GC heap after
Heap after GC invocations=229 (full 5):
 PSYoungGen      total 243712K, used 11959K [0x00000000f0000000, 0x0000000100000000, 0x0000000100000000)
  eden space 224768K, 0% used [0x00000000f0000000,0x00000000f0000000,0x00000000fdb80000)
  from space 18944K, 63% used [0x00000000fed80000,0x00000000ff92df88,0x0000000100000000)
  to   space 18432K, 0% used [0x00000000fdb80000,0x00000000fdb80000,0x00000000fed80000)
 ParOldGen       total 524288K, used 409263K [0x00000000d0000000, 0x00000000f0000000, 0x00000000f0000000)
  object space 524288K, 78% used [0x00000000d0000000,0x00000000e8fabe60,0x00000000f0000000)
 Metaspace       used 153776K, capacity 160044K, committed 160320K, reserved 1191936K
  class space    used 15134K, capacity 17068K, committed 17280K, reserved 1048576K
}
Event: 4704,737 GC heap before
{Heap before GC invocations=230 (full 5):
 PSYoungGen      total 243712K, used 236727K [0x00000000f0000000, 0x0000000100000000, 0x0000000100000000)
  eden space 224768K, 100% used [0x00000000f0000000,0x00000000fdb80000,0x00000000fdb80000)
  from space 18944K, 63% used [0x00000000fed80000,0x00000000ff92df88,0x0000000100000000)
  to   space 18432K, 0% used [0x00000000fdb80000,0x00000000fdb80000,0x00000000fed80000)
 ParOldGen       total 524288K, used 409263K [0x00000000d0000000, 0x00000000f0000000, 0x00000000f0000000)
  object space 524288K, 78% used [0x00000000d0000000,0x00000000e8fabe60,0x00000000f0000000)
 Metaspace       used 153776K, capacity 160044K, committed 160320K, reserved 1191936K
  class space    used 15134K, capacity 17068K, committed 17280K, reserved 1048576K
Event: 4704,748 GC heap after
Heap after GC invocations=230 (full 5):
 PSYoungGen      total 243200K, used 14120K [0x00000000f0000000, 0x0000000100000000, 0x0000000100000000)
  eden space 224768K, 0% used [0x00000000f0000000,0x00000000f0000000,0x00000000fdb80000)
  from space 18432K, 76% used [0x00000000fdb80000,0x00000000fe94a098,0x00000000fed80000)
  to   space 18432K, 0% used [0x00000000fee00000,0x00000000fee00000,0x0000000100000000)
 ParOldGen       total 524288K, used 409271K [0x00000000d0000000, 0x00000000f0000000, 0x00000000f0000000)
  object space 524288K, 78% used [0x00000000d0000000,0x00000000e8fade60,0x00000000f0000000)
 Metaspace       used 153776K, capacity 160044K, committed 160320K, reserved 1191936K
  class space    used 15134K, capacity 17068K, committed 17280K, reserved 1048576K
}
Event: 4704,958 GC heap before
{Heap before GC invocations=231 (full 5):
 PSYoungGen      total 243200K, used 238888K [0x00000000f0000000, 0x0000000100000000, 0x0000000100000000)
  eden space 224768K, 100% used [0x00000000f0000000,0x00000000fdb80000,0x00000000fdb80000)
  from space 18432K, 76% used [0x00000000fdb80000,0x00000000fe94a098,0x00000000fed80000)
  to   space 18432K, 0% used [0x00000000fee00000,0x00000000fee00000,0x0000000100000000)
 ParOldGen       total 524288K, used 409271K [0x00000000d0000000, 0x00000000f0000000, 0x00000000f0000000)
  object space 524288K, 78% used [0x00000000d0000000,0x00000000e8fade60,0x00000000f0000000)
 Metaspace       used 153776K, capacity 160044K, committed 160320K, reserved 1191936K
  class space    used 15134K, capacity 17068K, committed 17280K, reserved 1048576K
Event: 4704,968 GC heap after
Heap after GC invocations=231 (full 5):
 PSYoungGen      total 243712K, used 14552K [0x00000000f0000000, 0x0000000100000000, 0x0000000100000000)
  eden space 225280K, 0% used [0x00000000f0000000,0x00000000f0000000,0x00000000fdc00000)
  from space 18432K, 78% used [0x00000000fee00000,0x00000000ffc36088,0x0000000100000000)
  to   space 18432K, 0% used [0x00000000fdc00000,0x00000000fdc00000,0x00000000fee00000)
 ParOldGen       total 524288K, used 409327K [0x00000000d0000000, 0x00000000f0000000, 0x00000000f0000000)
  object space 524288K, 78% used [0x00000000d0000000,0x00000000e8fbbe60,0x00000000f0000000)
 Metaspace       used 153776K, capacity 160044K, committed 160320K, reserved 1191936K
  class space    used 15134K, capacity 17068K, committed 17280K, reserved 1048576K
}

