# JRE version: Java(TM) SE Runtime Environment (8.0_221-b11) (build 1.8.0_221-b11)
# Java VM: Java HotSpot(TM) 64-Bit Server VM (25.221-b11 mixed mode linux-amd64 compressed oops)
Heap:
 PSYoungGen      total 202240K, used 143867K [0x00000000f0000000, 0x0000000100000000, 0x0000000100000000)
  eden space 140800K, 74% used [0x00000000f0000000,0x00000000f66b96b0,0x00000000f8980000)
  from space 61440K, 62% used [0x00000000fc400000,0x00000000fe9c5588,0x0000000100000000)
  to   space 59904K, 0% used [0x00000000f8980000,0x00000000f8980000,0x00000000fc400000)
 ParOldGen       total 524288K, used 418816K [0x00000000d0000000, 0x00000000f0000000, 0x00000000f0000000)
  object space 524288K, 79% used [0x00000000d0000000,0x00000000e9900080,0x00000000f0000000)
 Metaspace       used 121596K, capacity 125586K, committed 125760K, reserved 1161216K
  class space    used 11897K, capacity 13160K, committed 13160K, reserved 1048576K
GC Heap History (10 events):
Event: 62,182 GC heap before
{Heap before GC invocations=94 (full 4):
 PSYoungGen      total 191488K, used 167193K [0x00000000f0000000, 0x0000000100000000, 0x0000000100000000)
  eden space 122368K, 100% used [0x00000000f0000000,0x00000000f7780000,0x00000000f7780000)
  from space 69120K, 64% used [0x00000000f7780000,0x00000000fa3466f8,0x00000000fbb00000)
  to   space 67072K, 0% used [0x00000000fbe80000,0x00000000fbe80000,0x0000000100000000)
 ParOldGen       total 524288K, used 399141K [0x00000000d0000000, 0x00000000f0000000, 0x00000000f0000000)
  object space 524288K, 76% used [0x00000000d0000000,0x00000000e85c9590,0x00000000f0000000)
 Metaspace       used 119876K, capacity 123608K, committed 123840K, reserved 1161216K
  class space    used 11713K, capacity 12915K, committed 13032K, reserved 1048576K
Event: 62,196 GC heap after
Heap after GC invocations=94 (full 4):
 PSYoungGen      total 197120K, used 40536K [0x00000000f0000000, 0x0000000100000000, 0x0000000100000000)
  eden space 130048K, 0% used [0x00000000f0000000,0x00000000f0000000,0x00000000f7f00000)
  from space 67072K, 60% used [0x00000000fbe80000,0x00000000fe6161b8,0x0000000100000000)
  to   space 65024K, 0% used [0x00000000f7f00000,0x00000000f7f00000,0x00000000fbe80000)
 ParOldGen       total 524288K, used 404736K [0x00000000d0000000, 0x00000000f0000000, 0x00000000f0000000)
  object space 524288K, 77% used [0x00000000d0000000,0x00000000e8b40288,0x00000000f0000000)
 Metaspace       used 119876K, capacity 123608K, committed 123840K, reserved 1161216K
  class space    used 11713K, capacity 12915K, committed 13032K, reserved 1048576K
}
Event: 62,515 GC heap before
{Heap before GC invocations=95 (full 4):
 PSYoungGen      total 197120K, used 170584K [0x00000000f0000000, 0x0000000100000000, 0x0000000100000000)
  eden space 130048K, 100% used [0x00000000f0000000,0x00000000f7f00000,0x00000000f7f00000)
  from space 67072K, 60% used [0x00000000fbe80000,0x00000000fe6161b8,0x0000000100000000)
  to   space 65024K, 0% used [0x00000000f7f00000,0x00000000f7f00000,0x00000000fbe80000)
 ParOldGen       total 524288K, used 404736K [0x00000000d0000000, 0x00000000f0000000, 0x00000000f0000000)
  object space 524288K, 77% used [0x00000000d0000000,0x00000000e8b40288,0x00000000f0000000)
 Metaspace       used 119976K, capacity 123720K, committed 123840K, reserved 1161216K
  class space    used 11719K, capacity 12923K, committed 13032K, reserved 1048576K
Event: 62,532 GC heap after
Heap after GC invocations=95 (full 4):
 PSYoungGen      total 195072K, used 36518K [0x00000000f0000000, 0x0000000100000000, 0x0000000100000000)
  eden space 130048K, 0% used [0x00000000f0000000,0x00000000f0000000,0x00000000f7f00000)
  from space 65024K, 56% used [0x00000000f7f00000,0x00000000fa2a9860,0x00000000fbe80000)
  to   space 64000K, 0% used [0x00000000fc180000,0x00000000fc180000,0x0000000100000000)
 ParOldGen       total 524288K, used 407545K [0x00000000d0000000, 0x00000000f0000000, 0x00000000f0000000)
  object space 524288K, 77% used [0x00000000d0000000,0x00000000e8dfe620,0x00000000f0000000)
 Metaspace       used 119976K, capacity 123720K, committed 123840K, reserved 1161216K
  class space    used 11719K, capacity 12923K, committed 13032K, reserved 1048576K
}
Event: 91,645 GC heap before
{Heap before GC invocations=96 (full 4):
 PSYoungGen      total 195072K, used 166566K [0x00000000f0000000, 0x0000000100000000, 0x0000000100000000)
  eden space 130048K, 100% used [0x00000000f0000000,0x00000000f7f00000,0x00000000f7f00000)
  from space 65024K, 56% used [0x00000000f7f00000,0x00000000fa2a9860,0x00000000fbe80000)
  to   space 64000K, 0% used [0x00000000fc180000,0x00000000fc180000,0x0000000100000000)
 ParOldGen       total 524288K, used 407545K [0x00000000d0000000, 0x00000000f0000000, 0x00000000f0000000)
  object space 524288K, 77% used [0x00000000d0000000,0x00000000e8dfe620,0x00000000f0000000)
 Metaspace       used 120726K, capacity 124554K, committed 124608K, reserved 1161216K
  class space    used 11813K, capacity 13022K, committed 13032K, reserved 1048576K
Event: 91,660 GC heap after
Heap after GC invocations=96 (full 4):
 PSYoungGen      total 199680K, used 43678K [0x00000000f0000000, 0x0000000100000000, 0x0000000100000000)
  eden space 135680K, 0% used [0x00000000f0000000,0x00000000f0000000,0x00000000f8480000)
  from space 64000K, 68% used [0x00000000fc180000,0x00000000fec27ad0,0x0000000100000000)
  to   space 62464K, 0% used [0x00000000f8480000,0x00000000f8480000,0x00000000fc180000)
 ParOldGen       total 524288K, used 409084K [0x00000000d0000000, 0x00000000f0000000, 0x00000000f0000000)
  object space 524288K, 78% used [0x00000000d0000000,0x00000000e8f7f058,0x00000000f0000000)
 Metaspace       used 120726K, capacity 124554K, committed 124608K, reserved 1161216K
  class space    used 11813K, capacity 13022K, committed 13032K, reserved 1048576K
}
Event: 93,691 GC heap before
{Heap before GC invocations=97 (full 4):
 PSYoungGen      total 199680K, used 179358K [0x00000000f0000000, 0x0000000100000000, 0x0000000100000000)
  eden space 135680K, 100% used [0x00000000f0000000,0x00000000f8480000,0x00000000f8480000)
  from space 64000K, 68% used [0x00000000fc180000,0x00000000fec27ad0,0x0000000100000000)
  to   space 62464K, 0% used [0x00000000f8480000,0x00000000f8480000,0x00000000fc180000)
 ParOldGen       total 524288K, used 409084K [0x00000000d0000000, 0x00000000f0000000, 0x00000000f0000000)
  object space 524288K, 78% used [0x00000000d0000000,0x00000000e8f7f058,0x00000000f0000000)
 Metaspace       used 121509K, capacity 125472K, committed 125504K, reserved 1161216K
  class space    used 11887K, capacity 13141K, committed 13160K, reserved 1048576K
Event: 93,706 GC heap after
Heap after GC invocations=97 (full 4):
 PSYoungGen      total 198144K, used 44857K [0x00000000f0000000, 0x0000000100000000, 0x0000000100000000)
  eden space 135680K, 0% used [0x00000000f0000000,0x00000000f0000000,0x00000000f8480000)
  from space 62464K, 71% used [0x00000000f8480000,0x00000000fb04e768,0x00000000fc180000)
  to   space 61440K, 0% used [0x00000000fc400000,0x00000000fc400000,0x0000000100000000)
 ParOldGen       total 524288K, used 410756K [0x00000000d0000000, 0x00000000f0000000, 0x00000000f0000000)
  object space 524288K, 78% used [0x00000000d0000000,0x00000000e9121078,0x00000000f0000000)
 Metaspace       used 121509K, capacity 125472K, committed 125504K, reserved 1161216K
  class space    used 11887K, capacity 13141K, committed 13160K, reserved 1048576K
}
Event: 93,907 GC heap before
{Heap before GC invocations=98 (full 4):
 PSYoungGen      total 198144K, used 180537K [0x00000000f0000000, 0x0000000100000000, 0x0000000100000000)
  eden space 135680K, 100% used [0x00000000f0000000,0x00000000f8480000,0x00000000f8480000)
  from space 62464K, 71% used [0x00000000f8480000,0x00000000fb04e768,0x00000000fc180000)
  to   space 61440K, 0% used [0x00000000fc400000,0x00000000fc400000,0x0000000100000000)
 ParOldGen       total 524288K, used 410756K [0x00000000d0000000, 0x00000000f0000000, 0x00000000f0000000)
  object space 524288K, 78% used [0x00000000d0000000,0x00000000e9121078,0x00000000f0000000)
 Metaspace       used 121517K, capacity 125472K, committed 125504K, reserved 1161216K
  class space    used 11887K, capacity 13141K, committed 13160K, reserved 1048576K
Event: 93,924 GC heap after
Heap after GC invocations=98 (full 4):
 PSYoungGen      total 202240K, used 38677K [0x00000000f0000000, 0x0000000100000000, 0x0000000100000000)
  eden space 140800K, 0% used [0x00000000f0000000,0x00000000f0000000,0x00000000f8980000)
  from space 61440K, 62% used [0x00000000fc400000,0x00000000fe9c5588,0x0000000100000000)
  to   space 59904K, 0% used [0x00000000f8980000,0x00000000f8980000,0x00000000fc400000)
 ParOldGen       total 524288K, used 418816K [0x00000000d0000000, 0x00000000f0000000, 0x00000000f0000000)
  object space 524288K, 79% used [0x00000000d0000000,0x00000000e9900080,0x00000000f0000000)
 Metaspace       used 121517K, capacity 125472K, committed 125504K, reserved 1161216K
  class space    used 11887K, capacity 13141K, committed 13160K, reserved 1048576K
}

