# JRE version: Java(TM) SE Runtime Environment (8.0_221-b11) (build 1.8.0_221-b11)
# Java VM: Java HotSpot(TM) 64-Bit Server VM (25.221-b11 mixed mode linux-amd64 compressed oops)
Heap:
 PSYoungGen      total 227840K, used 110999K [0x00000000f0000000, 0x0000000100000000, 0x0000000100000000)
  eden space 194560K, 48% used [0x00000000f0000000,0x00000000f5b89238,0x00000000fbe00000)
  from space 33280K, 51% used [0x00000000fbe00000,0x00000000fcedcb90,0x00000000fde80000)
  to   space 32256K, 0% used [0x00000000fe080000,0x00000000fe080000,0x0000000100000000)
 ParOldGen       total 524288K, used 470856K [0x00000000d0000000, 0x00000000f0000000, 0x00000000f0000000)
  object space 524288K, 89% used [0x00000000d0000000,0x00000000ecbd2080,0x00000000f0000000)
 Metaspace       used 129671K, capacity 135524K, committed 135872K, reserved 1171456K
  class space    used 13103K, capacity 14709K, committed 14824K, reserved 1048576K
GC Heap History (10 events):
Event: 284,177 GC heap before
{Heap before GC invocations=131 (full 4):
 PSYoungGen      total 224256K, used 208764K [0x00000000f0000000, 0x0000000100000000, 0x0000000100000000)
  eden space 185856K, 100% used [0x00000000f0000000,0x00000000fb580000,0x00000000fb580000)
  from space 38400K, 59% used [0x00000000fda80000,0x00000000ff0df2f0,0x0000000100000000)
  to   space 37888K, 0% used [0x00000000fb580000,0x00000000fb580000,0x00000000fda80000)
 ParOldGen       total 524288K, used 461102K [0x00000000d0000000, 0x00000000f0000000, 0x00000000f0000000)
  object space 524288K, 87% used [0x00000000d0000000,0x00000000ec24ba88,0x00000000f0000000)
 Metaspace       used 129210K, capacity 134936K, committed 134976K, reserved 1169408K
  class space    used 13069K, capacity 14673K, committed 14696K, reserved 1048576K
Event: 284,193 GC heap after
Heap after GC invocations=131 (full 4):
 PSYoungGen      total 223744K, used 17791K [0x00000000f0000000, 0x0000000100000000, 0x0000000100000000)
  eden space 185856K, 0% used [0x00000000f0000000,0x00000000f0000000,0x00000000fb580000)
  from space 37888K, 46% used [0x00000000fb580000,0x00000000fc6dfd50,0x00000000fda80000)
  to   space 36352K, 0% used [0x00000000fdc80000,0x00000000fdc80000,0x0000000100000000)
 ParOldGen       total 524288K, used 464998K [0x00000000d0000000, 0x00000000f0000000, 0x00000000f0000000)
  object space 524288K, 88% used [0x00000000d0000000,0x00000000ec619a60,0x00000000f0000000)
 Metaspace       used 129210K, capacity 134936K, committed 134976K, reserved 1169408K
  class space    used 13069K, capacity 14673K, committed 14696K, reserved 1048576K
}
Event: 290,653 GC heap before
{Heap before GC invocations=132 (full 4):
 PSYoungGen      total 223744K, used 203647K [0x00000000f0000000, 0x0000000100000000, 0x0000000100000000)
  eden space 185856K, 100% used [0x00000000f0000000,0x00000000fb580000,0x00000000fb580000)
  from space 37888K, 46% used [0x00000000fb580000,0x00000000fc6dfd50,0x00000000fda80000)
  to   space 36352K, 0% used [0x00000000fdc80000,0x00000000fdc80000,0x0000000100000000)
 ParOldGen       total 524288K, used 464998K [0x00000000d0000000, 0x00000000f0000000, 0x00000000f0000000)
  object space 524288K, 88% used [0x00000000d0000000,0x00000000ec619a60,0x00000000f0000000)
 Metaspace       used 129255K, capacity 135050K, committed 135232K, reserved 1169408K
  class space    used 13079K, capacity 14692K, committed 14696K, reserved 1048576K
Event: 290,667 GC heap after
Heap after GC invocations=132 (full 4):
 PSYoungGen      total 227328K, used 16606K [0x00000000f0000000, 0x0000000100000000, 0x0000000100000000)
  eden space 190976K, 0% used [0x00000000f0000000,0x00000000f0000000,0x00000000fba80000)
  from space 36352K, 45% used [0x00000000fdc80000,0x00000000fecb7898,0x0000000100000000)
  to   space 34816K, 0% used [0x00000000fba80000,0x00000000fba80000,0x00000000fdc80000)
 ParOldGen       total 524288K, used 466718K [0x00000000d0000000, 0x00000000f0000000, 0x00000000f0000000)
  object space 524288K, 89% used [0x00000000d0000000,0x00000000ec7c7b48,0x00000000f0000000)
 Metaspace       used 129255K, capacity 135050K, committed 135232K, reserved 1169408K
  class space    used 13079K, capacity 14692K, committed 14696K, reserved 1048576K
}
Event: 291,071 GC heap before
{Heap before GC invocations=133 (full 4):
 PSYoungGen      total 227328K, used 207582K [0x00000000f0000000, 0x0000000100000000, 0x0000000100000000)
  eden space 190976K, 100% used [0x00000000f0000000,0x00000000fba80000,0x00000000fba80000)
  from space 36352K, 45% used [0x00000000fdc80000,0x00000000fecb7898,0x0000000100000000)
  to   space 34816K, 0% used [0x00000000fba80000,0x00000000fba80000,0x00000000fdc80000)
 ParOldGen       total 524288K, used 466718K [0x00000000d0000000, 0x00000000f0000000, 0x00000000f0000000)
  object space 524288K, 89% used [0x00000000d0000000,0x00000000ec7c7b48,0x00000000f0000000)
 Metaspace       used 129255K, capacity 135050K, committed 135232K, reserved 1169408K
  class space    used 13079K, capacity 14692K, committed 14696K, reserved 1048576K
Event: 291,085 GC heap after
Heap after GC invocations=133 (full 4):
 PSYoungGen      total 225792K, used 12339K [0x00000000f0000000, 0x0000000100000000, 0x0000000100000000)
  eden space 190976K, 0% used [0x00000000f0000000,0x00000000f0000000,0x00000000fba80000)
  from space 34816K, 35% used [0x00000000fba80000,0x00000000fc68cf10,0x00000000fdc80000)
  to   space 34304K, 0% used [0x00000000fde80000,0x00000000fde80000,0x0000000100000000)
 ParOldGen       total 524288K, used 470592K [0x00000000d0000000, 0x00000000f0000000, 0x00000000f0000000)
  object space 524288K, 89% used [0x00000000d0000000,0x00000000ecb90080,0x00000000f0000000)
 Metaspace       used 129255K, capacity 135050K, committed 135232K, reserved 1169408K
  class space    used 13079K, capacity 14692K, committed 14696K, reserved 1048576K
}
Event: 315,998 GC heap before
{Heap before GC invocations=134 (full 4):
 PSYoungGen      total 225792K, used 203255K [0x00000000f0000000, 0x0000000100000000, 0x0000000100000000)
  eden space 190976K, 99% used [0x00000000f0000000,0x00000000fba71020,0x00000000fba80000)
  from space 34816K, 35% used [0x00000000fba80000,0x00000000fc68cf10,0x00000000fdc80000)
  to   space 34304K, 0% used [0x00000000fde80000,0x00000000fde80000,0x0000000100000000)
 ParOldGen       total 524288K, used 470592K [0x00000000d0000000, 0x00000000f0000000, 0x00000000f0000000)
  object space 524288K, 89% used [0x00000000d0000000,0x00000000ecb90080,0x00000000f0000000)
 Metaspace       used 129662K, capacity 135512K, committed 135872K, reserved 1171456K
  class space    used 13100K, capacity 14705K, committed 14824K, reserved 1048576K
Event: 316,008 GC heap after
Heap after GC invocations=134 (full 4):
 PSYoungGen      total 228864K, used 15042K [0x00000000f0000000, 0x0000000100000000, 0x0000000100000000)
  eden space 194560K, 0% used [0x00000000f0000000,0x00000000f0000000,0x00000000fbe00000)
  from space 34304K, 43% used [0x00000000fde80000,0x00000000fed30a28,0x0000000100000000)
  to   space 33280K, 0% used [0x00000000fbe00000,0x00000000fbe00000,0x00000000fde80000)
 ParOldGen       total 524288K, used 470856K [0x00000000d0000000, 0x00000000f0000000, 0x00000000f0000000)
  object space 524288K, 89% used [0x00000000d0000000,0x00000000ecbd2080,0x00000000f0000000)
 Metaspace       used 129662K, capacity 135512K, committed 135872K, reserved 1171456K
  class space    used 13100K, capacity 14705K, committed 14824K, reserved 1048576K
}
Event: 316,361 GC heap before
{Heap before GC invocations=135 (full 4):
 PSYoungGen      total 228864K, used 209602K [0x00000000f0000000, 0x0000000100000000, 0x0000000100000000)
  eden space 194560K, 100% used [0x00000000f0000000,0x00000000fbe00000,0x00000000fbe00000)
  from space 34304K, 43% used [0x00000000fde80000,0x00000000fed30a28,0x0000000100000000)
  to   space 33280K, 0% used [0x00000000fbe00000,0x00000000fbe00000,0x00000000fde80000)
 ParOldGen       total 524288K, used 470856K [0x00000000d0000000, 0x00000000f0000000, 0x00000000f0000000)
  object space 524288K, 89% used [0x00000000d0000000,0x00000000ecbd2080,0x00000000f0000000)
 Metaspace       used 129662K, capacity 135512K, committed 135872K, reserved 1171456K
  class space    used 13100K, capacity 14705K, committed 14824K, reserved 1048576K
Event: 316,370 GC heap after
Heap after GC invocations=135 (full 4):
 PSYoungGen      total 227840K, used 17266K [0x00000000f0000000, 0x0000000100000000, 0x0000000100000000)
  eden space 194560K, 0% used [0x00000000f0000000,0x00000000f0000000,0x00000000fbe00000)
  from space 33280K, 51% used [0x00000000fbe00000,0x00000000fcedcb90,0x00000000fde80000)
  to   space 32256K, 0% used [0x00000000fe080000,0x00000000fe080000,0x0000000100000000)
 ParOldGen       total 524288K, used 470856K [0x00000000d0000000, 0x00000000f0000000, 0x00000000f0000000)
  object space 524288K, 89% used [0x00000000d0000000,0x00000000ecbd2080,0x00000000f0000000)
 Metaspace       used 129662K, capacity 135512K, committed 135872K, reserved 1171456K
  class space    used 13100K, capacity 14705K, committed 14824K, reserved 1048576K
}

