# JRE version: Java(TM) SE Runtime Environment (8.0_221-b11) (build 1.8.0_221-b11)
# Java VM: Java HotSpot(TM) 64-Bit Server VM (25.221-b11 mixed mode linux-amd64 compressed oops)
Heap:
 PSYoungGen      total 107520K, used 50064K [0x00000000f0000000, 0x0000000100000000, 0x0000000100000000)
  eden space 90112K, 36% used [0x00000000f0000000,0x00000000f2028db0,0x00000000f5800000)
  from space 17408K, 98% used [0x00000000f5800000,0x00000000f68bb340,0x00000000f6900000)
  to   space 87040K, 0% used [0x00000000fab00000,0x00000000fab00000,0x0000000100000000)
 ParOldGen       total 524288K, used 435863K [0x00000000d0000000, 0x00000000f0000000, 0x00000000f0000000)
  object space 524288K, 83% used [0x00000000d0000000,0x00000000ea9a5d40,0x00000000f0000000)
 Metaspace       used 121670K, capacity 125560K, committed 125888K, reserved 1161216K
  class space    used 11930K, capacity 13201K, committed 13288K, reserved 1048576K
GC Heap History (10 events):
Event: 67,828 GC heap before
{Heap before GC invocations=91 (full 4):
 PSYoungGen      total 172544K, used 157055K [0x00000000f0000000, 0x0000000100000000, 0x0000000100000000)
  eden space 88064K, 100% used [0x00000000f0000000,0x00000000f5600000,0x00000000f5600000)
  from space 84480K, 81% used [0x00000000fad80000,0x00000000ff0dfc50,0x0000000100000000)
  to   space 87040K, 0% used [0x00000000f5600000,0x00000000f5600000,0x00000000fab00000)
 ParOldGen       total 524288K, used 382313K [0x00000000d0000000, 0x00000000f0000000, 0x00000000f0000000)
  object space 524288K, 72% used [0x00000000d0000000,0x00000000e755a460,0x00000000f0000000)
 Metaspace       used 121255K, capacity 125052K, committed 125248K, reserved 1161216K
  class space    used 11847K, capacity 13065K, committed 13160K, reserved 1048576K
Event: 67,853 GC heap after
Heap after GC invocations=91 (full 4):
 PSYoungGen      total 175104K, used 63222K [0x00000000f0000000, 0x0000000100000000, 0x0000000100000000)
  eden space 88064K, 0% used [0x00000000f0000000,0x00000000f0000000,0x00000000f5600000)
  from space 87040K, 72% used [0x00000000f5600000,0x00000000f93bdb70,0x00000000fab00000)
  to   space 87040K, 0% used [0x00000000fab00000,0x00000000fab00000,0x0000000100000000)
 ParOldGen       total 524288K, used 388702K [0x00000000d0000000, 0x00000000f0000000, 0x00000000f0000000)
  object space 524288K, 74% used [0x00000000d0000000,0x00000000e7b97ab8,0x00000000f0000000)
 Metaspace       used 121255K, capacity 125052K, committed 125248K, reserved 1161216K
  class space    used 11847K, capacity 13065K, committed 13160K, reserved 1048576K
}
Event: 68,074 GC heap before
{Heap before GC invocations=92 (full 4):
 PSYoungGen      total 175104K, used 151286K [0x00000000f0000000, 0x0000000100000000, 0x0000000100000000)
  eden space 88064K, 100% used [0x00000000f0000000,0x00000000f5600000,0x00000000f5600000)
  from space 87040K, 72% used [0x00000000f5600000,0x00000000f93bdb70,0x00000000fab00000)
  to   space 87040K, 0% used [0x00000000fab00000,0x00000000fab00000,0x0000000100000000)
 ParOldGen       total 524288K, used 388702K [0x00000000d0000000, 0x00000000f0000000, 0x00000000f0000000)
  object space 524288K, 74% used [0x00000000d0000000,0x00000000e7b97ab8,0x00000000f0000000)
 Metaspace       used 121533K, capacity 125386K, committed 125632K, reserved 1161216K
  class space    used 11913K, capacity 13172K, committed 13288K, reserved 1048576K
Event: 68,097 GC heap after
Heap after GC invocations=92 (full 4):
 PSYoungGen      total 175104K, used 55366K [0x00000000f0000000, 0x0000000100000000, 0x0000000100000000)
  eden space 88064K, 0% used [0x00000000f0000000,0x00000000f0000000,0x00000000f5600000)
  from space 87040K, 63% used [0x00000000fab00000,0x00000000fe111b90,0x0000000100000000)
  to   space 87040K, 0% used [0x00000000f5600000,0x00000000f5600000,0x00000000fab00000)
 ParOldGen       total 524288K, used 398329K [0x00000000d0000000, 0x00000000f0000000, 0x00000000f0000000)
  object space 524288K, 75% used [0x00000000d0000000,0x00000000e84fe520,0x00000000f0000000)
 Metaspace       used 121533K, capacity 125386K, committed 125632K, reserved 1161216K
  class space    used 11913K, capacity 13172K, committed 13288K, reserved 1048576K
}
Event: 68,255 GC heap before
{Heap before GC invocations=93 (full 4):
 PSYoungGen      total 175104K, used 143368K [0x00000000f0000000, 0x0000000100000000, 0x0000000100000000)
  eden space 88064K, 99% used [0x00000000f0000000,0x00000000f55f0570,0x00000000f5600000)
  from space 87040K, 63% used [0x00000000fab00000,0x00000000fe111b90,0x0000000100000000)
  to   space 87040K, 0% used [0x00000000f5600000,0x00000000f5600000,0x00000000fab00000)
 ParOldGen       total 524288K, used 398329K [0x00000000d0000000, 0x00000000f0000000, 0x00000000f0000000)
  object space 524288K, 75% used [0x00000000d0000000,0x00000000e84fe520,0x00000000f0000000)
 Metaspace       used 121537K, capacity 125386K, committed 125632K, reserved 1161216K
  class space    used 11913K, capacity 13172K, committed 13288K, reserved 1048576K
Event: 68,273 GC heap after
Heap after GC invocations=93 (full 4):
 PSYoungGen      total 175104K, used 51753K [0x00000000f0000000, 0x0000000100000000, 0x0000000100000000)
  eden space 88064K, 0% used [0x00000000f0000000,0x00000000f0000000,0x00000000f5600000)
  from space 87040K, 59% used [0x00000000f5600000,0x00000000f888a448,0x00000000fab00000)
  to   space 85504K, 0% used [0x00000000fac80000,0x00000000fac80000,0x0000000100000000)
 ParOldGen       total 524288K, used 402279K [0x00000000d0000000, 0x00000000f0000000, 0x00000000f0000000)
  object space 524288K, 76% used [0x00000000d0000000,0x00000000e88d9c30,0x00000000f0000000)
 Metaspace       used 121537K, capacity 125386K, committed 125632K, reserved 1161216K
  class space    used 11913K, capacity 13172K, committed 13288K, reserved 1048576K
}
Event: 68,404 GC heap before
{Heap before GC invocations=94 (full 4):
 PSYoungGen      total 175104K, used 139817K [0x00000000f0000000, 0x0000000100000000, 0x0000000100000000)
  eden space 88064K, 100% used [0x00000000f0000000,0x00000000f5600000,0x00000000f5600000)
  from space 87040K, 59% used [0x00000000f5600000,0x00000000f888a448,0x00000000fab00000)
  to   space 85504K, 0% used [0x00000000fac80000,0x00000000fac80000,0x0000000100000000)
 ParOldGen       total 524288K, used 402279K [0x00000000d0000000, 0x00000000f0000000, 0x00000000f0000000)
  object space 524288K, 76% used [0x00000000d0000000,0x00000000e88d9c30,0x00000000f0000000)
 Metaspace       used 121537K, capacity 125386K, committed 125632K, reserved 1161216K
  class space    used 11913K, capacity 13172K, committed 13288K, reserved 1048576K
Event: 68,419 GC heap after
Heap after GC invocations=94 (full 4):
 PSYoungGen      total 175616K, used 25182K [0x00000000f0000000, 0x0000000100000000, 0x0000000100000000)
  eden space 90112K, 0% used [0x00000000f0000000,0x00000000f0000000,0x00000000f5800000)
  from space 85504K, 29% used [0x00000000fac80000,0x00000000fc517b00,0x0000000100000000)
  to   space 86016K, 0% used [0x00000000f5800000,0x00000000f5800000,0x00000000fac00000)
 ParOldGen       total 524288K, used 430581K [0x00000000d0000000, 0x00000000f0000000, 0x00000000f0000000)
  object space 524288K, 82% used [0x00000000d0000000,0x00000000ea47d4b0,0x00000000f0000000)
 Metaspace       used 121537K, capacity 125386K, committed 125632K, reserved 1161216K
  class space    used 11913K, capacity 13172K, committed 13288K, reserved 1048576K
}
Event: 68,868 GC heap before
{Heap before GC invocations=95 (full 4):
 PSYoungGen      total 175616K, used 115294K [0x00000000f0000000, 0x0000000100000000, 0x0000000100000000)
  eden space 90112K, 100% used [0x00000000f0000000,0x00000000f5800000,0x00000000f5800000)
  from space 85504K, 29% used [0x00000000fac80000,0x00000000fc517b00,0x0000000100000000)
  to   space 86016K, 0% used [0x00000000f5800000,0x00000000f5800000,0x00000000fac00000)
 ParOldGen       total 524288K, used 430581K [0x00000000d0000000, 0x00000000f0000000, 0x00000000f0000000)
  object space 524288K, 82% used [0x00000000d0000000,0x00000000ea47d4b0,0x00000000f0000000)
 Metaspace       used 121630K, capacity 125530K, committed 125632K, reserved 1161216K
  class space    used 11926K, capacity 13196K, committed 13288K, reserved 1048576K
Event: 68,886 GC heap after
Heap after GC invocations=95 (full 4):
 PSYoungGen      total 107520K, used 17132K [0x00000000f0000000, 0x0000000100000000, 0x0000000100000000)
  eden space 90112K, 0% used [0x00000000f0000000,0x00000000f0000000,0x00000000f5800000)
  from space 17408K, 98% used [0x00000000f5800000,0x00000000f68bb340,0x00000000f6900000)
  to   space 87040K, 0% used [0x00000000fab00000,0x00000000fab00000,0x0000000100000000)
 ParOldGen       total 524288K, used 435863K [0x00000000d0000000, 0x00000000f0000000, 0x00000000f0000000)
  object space 524288K, 83% used [0x00000000d0000000,0x00000000ea9a5d40,0x00000000f0000000)
 Metaspace       used 121630K, capacity 125530K, committed 125632K, reserved 1161216K
  class space    used 11926K, capacity 13196K, committed 13288K, reserved 1048576K
}

