# JRE version: Java(TM) SE Runtime Environment (8.0_221-b11) (build 1.8.0_221-b11)
# Java VM: Java HotSpot(TM) 64-Bit Server VM (25.221-b11 mixed mode linux-amd64 compressed oops)
Heap:
 PSYoungGen      total 221696K, used 160777K [0x00000000f0000000, 0x0000000100000000, 0x0000000100000000)
  eden space 195584K, 69% used [0x00000000f0000000,0x00000000f83e54b0,0x00000000fbf00000)
  from space 26112K, 98% used [0x00000000fbf00000,0x00000000fd81cf70,0x00000000fd880000)
  to   space 34304K, 0% used [0x00000000fde80000,0x00000000fde80000,0x0000000100000000)
 ParOldGen       total 524288K, used 434263K [0x00000000d0000000, 0x00000000f0000000, 0x00000000f0000000)
  object space 524288K, 82% used [0x00000000d0000000,0x00000000ea815c70,0x00000000f0000000)
 Metaspace       used 131865K, capacity 137428K, committed 137536K, reserved 1171456K
  class space    used 13511K, capacity 15112K, committed 15168K, reserved 1048576K
GC Heap History (10 events):
Event: 1549,881 GC heap before
{Heap before GC invocations=113 (full 4):
 PSYoungGen      total 226816K, used 212091K [0x00000000f0000000, 0x0000000100000000, 0x0000000100000000)
  eden space 190464K, 100% used [0x00000000f0000000,0x00000000fba00000,0x00000000fba00000)
  from space 36352K, 59% used [0x00000000fdc80000,0x00000000ff19eea0,0x0000000100000000)
  to   space 35328K, 0% used [0x00000000fba00000,0x00000000fba00000,0x00000000fdc80000)
 ParOldGen       total 524288K, used 429816K [0x00000000d0000000, 0x00000000f0000000, 0x00000000f0000000)
  object space 524288K, 81% used [0x00000000d0000000,0x00000000ea3be008,0x00000000f0000000)
 Metaspace       used 130408K, capacity 135760K, committed 136000K, reserved 1171456K
  class space    used 13338K, capacity 14880K, committed 14912K, reserved 1048576K
Event: 1549,893 GC heap after
Heap after GC invocations=113 (full 4):
 PSYoungGen      total 225792K, used 18823K [0x00000000f0000000, 0x0000000100000000, 0x0000000100000000)
  eden space 190464K, 0% used [0x00000000f0000000,0x00000000f0000000,0x00000000fba00000)
  from space 35328K, 53% used [0x00000000fba00000,0x00000000fcc61df0,0x00000000fdc80000)
  to   space 33792K, 0% used [0x00000000fdf00000,0x00000000fdf00000,0x0000000100000000)
 ParOldGen       total 524288K, used 430464K [0x00000000d0000000, 0x00000000f0000000, 0x00000000f0000000)
  object space 524288K, 82% used [0x00000000d0000000,0x00000000ea460018,0x00000000f0000000)
 Metaspace       used 130408K, capacity 135760K, committed 136000K, reserved 1171456K
  class space    used 13338K, capacity 14880K, committed 14912K, reserved 1048576K
}
Event: 1867,203 GC heap before
{Heap before GC invocations=114 (full 4):
 PSYoungGen      total 225792K, used 209287K [0x00000000f0000000, 0x0000000100000000, 0x0000000100000000)
  eden space 190464K, 100% used [0x00000000f0000000,0x00000000fba00000,0x00000000fba00000)
  from space 35328K, 53% used [0x00000000fba00000,0x00000000fcc61df0,0x00000000fdc80000)
  to   space 33792K, 0% used [0x00000000fdf00000,0x00000000fdf00000,0x0000000100000000)
 ParOldGen       total 524288K, used 430464K [0x00000000d0000000, 0x00000000f0000000, 0x00000000f0000000)
  object space 524288K, 82% used [0x00000000d0000000,0x00000000ea460018,0x00000000f0000000)
 Metaspace       used 130532K, capacity 135950K, committed 136128K, reserved 1171456K
  class space    used 13368K, capacity 14921K, committed 15040K, reserved 1048576K
Event: 1867,214 GC heap after
Heap after GC invocations=114 (full 4):
 PSYoungGen      total 229376K, used 17043K [0x00000000f0000000, 0x0000000100000000, 0x0000000100000000)
  eden space 195584K, 0% used [0x00000000f0000000,0x00000000f0000000,0x00000000fbf00000)
  from space 33792K, 50% used [0x00000000fdf00000,0x00000000fefa4df8,0x0000000100000000)
  to   space 32768K, 0% used [0x00000000fbf00000,0x00000000fbf00000,0x00000000fdf00000)
 ParOldGen       total 524288K, used 433226K [0x00000000d0000000, 0x00000000f0000000, 0x00000000f0000000)
  object space 524288K, 82% used [0x00000000d0000000,0x00000000ea712a60,0x00000000f0000000)
 Metaspace       used 130532K, capacity 135950K, committed 136128K, reserved 1171456K
  class space    used 13368K, capacity 14921K, committed 15040K, reserved 1048576K
}
Event: 1867,564 GC heap before
{Heap before GC invocations=115 (full 4):
 PSYoungGen      total 229376K, used 212627K [0x00000000f0000000, 0x0000000100000000, 0x0000000100000000)
  eden space 195584K, 100% used [0x00000000f0000000,0x00000000fbf00000,0x00000000fbf00000)
  from space 33792K, 50% used [0x00000000fdf00000,0x00000000fefa4df8,0x0000000100000000)
  to   space 32768K, 0% used [0x00000000fbf00000,0x00000000fbf00000,0x00000000fdf00000)
 ParOldGen       total 524288K, used 433226K [0x00000000d0000000, 0x00000000f0000000, 0x00000000f0000000)
  object space 524288K, 82% used [0x00000000d0000000,0x00000000ea712a60,0x00000000f0000000)
 Metaspace       used 130532K, capacity 135950K, committed 136128K, reserved 1171456K
  class space    used 13368K, capacity 14921K, committed 15040K, reserved 1048576K
Event: 1867,573 GC heap after
Heap after GC invocations=115 (full 4):
 PSYoungGen      total 228352K, used 13030K [0x00000000f0000000, 0x0000000100000000, 0x0000000100000000)
  eden space 195584K, 0% used [0x00000000f0000000,0x00000000f0000000,0x00000000fbf00000)
  from space 32768K, 39% used [0x00000000fbf00000,0x00000000fcbb9958,0x00000000fdf00000)
  to   space 32768K, 0% used [0x00000000fe000000,0x00000000fe000000,0x0000000100000000)
 ParOldGen       total 524288K, used 433314K [0x00000000d0000000, 0x00000000f0000000, 0x00000000f0000000)
  object space 524288K, 82% used [0x00000000d0000000,0x00000000ea728a60,0x00000000f0000000)
 Metaspace       used 130532K, capacity 135950K, committed 136128K, reserved 1171456K
  class space    used 13368K, capacity 14921K, committed 15040K, reserved 1048576K
}
Event: 1928,745 GC heap before
{Heap before GC invocations=116 (full 4):
 PSYoungGen      total 228352K, used 208614K [0x00000000f0000000, 0x0000000100000000, 0x0000000100000000)
  eden space 195584K, 100% used [0x00000000f0000000,0x00000000fbf00000,0x00000000fbf00000)
  from space 32768K, 39% used [0x00000000fbf00000,0x00000000fcbb9958,0x00000000fdf00000)
  to   space 32768K, 0% used [0x00000000fe000000,0x00000000fe000000,0x0000000100000000)
 ParOldGen       total 524288K, used 433314K [0x00000000d0000000, 0x00000000f0000000, 0x00000000f0000000)
  object space 524288K, 82% used [0x00000000d0000000,0x00000000ea728a60,0x00000000f0000000)
 Metaspace       used 131492K, capacity 136918K, committed 137152K, reserved 1171456K
  class space    used 13475K, capacity 15037K, committed 15040K, reserved 1048576K
Event: 1928,756 GC heap after
Heap after GC invocations=116 (full 4):
 PSYoungGen      total 228352K, used 23876K [0x00000000f0000000, 0x0000000100000000, 0x0000000100000000)
  eden space 195584K, 0% used [0x00000000f0000000,0x00000000f0000000,0x00000000fbf00000)
  from space 32768K, 72% used [0x00000000fe000000,0x00000000ff7513a8,0x0000000100000000)
  to   space 33280K, 0% used [0x00000000fbf00000,0x00000000fbf00000,0x00000000fdf80000)
 ParOldGen       total 524288K, used 433676K [0x00000000d0000000, 0x00000000f0000000, 0x00000000f0000000)
  object space 524288K, 82% used [0x00000000d0000000,0x00000000ea7832e0,0x00000000f0000000)
 Metaspace       used 131492K, capacity 136918K, committed 137152K, reserved 1171456K
  class space    used 13475K, capacity 15037K, committed 15040K, reserved 1048576K
}
Event: 1930,693 GC heap before
{Heap before GC invocations=117 (full 4):
 PSYoungGen      total 228352K, used 219460K [0x00000000f0000000, 0x0000000100000000, 0x0000000100000000)
  eden space 195584K, 100% used [0x00000000f0000000,0x00000000fbf00000,0x00000000fbf00000)
  from space 32768K, 72% used [0x00000000fe000000,0x00000000ff7513a8,0x0000000100000000)
  to   space 33280K, 0% used [0x00000000fbf00000,0x00000000fbf00000,0x00000000fdf80000)
 ParOldGen       total 524288K, used 433676K [0x00000000d0000000, 0x00000000f0000000, 0x00000000f0000000)
  object space 524288K, 82% used [0x00000000d0000000,0x00000000ea7832e0,0x00000000f0000000)
 Metaspace       used 131855K, capacity 137416K, committed 137536K, reserved 1171456K
  class space    used 13510K, capacity 15110K, committed 15168K, reserved 1048576K
Event: 1930,704 GC heap after
Heap after GC invocations=117 (full 4):
 PSYoungGen      total 221696K, used 25715K [0x00000000f0000000, 0x0000000100000000, 0x0000000100000000)
  eden space 195584K, 0% used [0x00000000f0000000,0x00000000f0000000,0x00000000fbf00000)
  from space 26112K, 98% used [0x00000000fbf00000,0x00000000fd81cf70,0x00000000fd880000)
  to   space 34304K, 0% used [0x00000000fde80000,0x00000000fde80000,0x0000000100000000)
 ParOldGen       total 524288K, used 434263K [0x00000000d0000000, 0x00000000f0000000, 0x00000000f0000000)
  object space 524288K, 82% used [0x00000000d0000000,0x00000000ea815c70,0x00000000f0000000)
 Metaspace       used 131855K, capacity 137416K, committed 137536K, reserved 1171456K
  class space    used 13510K, capacity 15110K, committed 15168K, reserved 1048576K
}

