# JRE version: Java(TM) SE Runtime Environment (8.0_221-b11) (build 1.8.0_221-b11)
# Java VM: Java HotSpot(TM) 64-Bit Server VM (25.221-b11 mixed mode linux-amd64 compressed oops)
Heap:
 PSYoungGen      total 195584K, used 83650K [0x00000000f0000000, 0x0000000100000000, 0x0000000100000000)
  eden space 131072K, 29% used [0x00000000f0000000,0x00000000f25736b0,0x00000000f8000000)
  from space 64512K, 70% used [0x00000000f8000000,0x00000000fac3d300,0x00000000fbf00000)
  to   space 62976K, 0% used [0x00000000fc280000,0x00000000fc280000,0x0000000100000000)
 ParOldGen       total 524288K, used 486681K [0x00000000d0000000, 0x00000000f0000000, 0x00000000f0000000)
  object space 524288K, 92% used [0x00000000d0000000,0x00000000edb46418,0x00000000f0000000)
 Metaspace       used 132119K, capacity 136596K, committed 136704K, reserved 1171456K
  class space    used 12584K, capacity 14078K, committed 14080K, reserved 1048576K
GC Heap History (10 events):
Event: 4796,492 GC heap before
{Heap before GC invocations=121 (full 4):
 PSYoungGen      total 193024K, used 173081K [0x00000000f0000000, 0x0000000100000000, 0x0000000100000000)
  eden space 123904K, 100% used [0x00000000f0000000,0x00000000f7900000,0x00000000f7900000)
  from space 69120K, 71% used [0x00000000fbc80000,0x00000000fec865a0,0x0000000100000000)
  to   space 69120K, 0% used [0x00000000f7900000,0x00000000f7900000,0x00000000fbc80000)
 ParOldGen       total 524288K, used 476267K [0x00000000d0000000, 0x00000000f0000000, 0x00000000f0000000)
  object space 524288K, 90% used [0x00000000d0000000,0x00000000ed11ac48,0x00000000f0000000)
 Metaspace       used 131568K, capacity 135800K, committed 136064K, reserved 1171456K
  class space    used 12488K, capacity 13872K, committed 13952K, reserved 1048576K
Event: 4796,514 GC heap after
Heap after GC invocations=121 (full 4):
 PSYoungGen      total 193024K, used 50986K [0x00000000f0000000, 0x0000000100000000, 0x0000000100000000)
  eden space 123904K, 0% used [0x00000000f0000000,0x00000000f0000000,0x00000000f7900000)
  from space 69120K, 73% used [0x00000000f7900000,0x00000000faacab28,0x00000000fbc80000)
  to   space 69120K, 0% used [0x00000000fbc80000,0x00000000fbc80000,0x0000000100000000)
 ParOldGen       total 524288K, used 476627K [0x00000000d0000000, 0x00000000f0000000, 0x00000000f0000000)
  object space 524288K, 90% used [0x00000000d0000000,0x00000000ed174c48,0x00000000f0000000)
 Metaspace       used 131568K, capacity 135800K, committed 136064K, reserved 1171456K
  class space    used 12488K, capacity 13872K, committed 13952K, reserved 1048576K
}
Event: 4796,824 GC heap before
{Heap before GC invocations=122 (full 4):
 PSYoungGen      total 193024K, used 174890K [0x00000000f0000000, 0x0000000100000000, 0x0000000100000000)
  eden space 123904K, 100% used [0x00000000f0000000,0x00000000f7900000,0x00000000f7900000)
  from space 69120K, 73% used [0x00000000f7900000,0x00000000faacab28,0x00000000fbc80000)
  to   space 69120K, 0% used [0x00000000fbc80000,0x00000000fbc80000,0x0000000100000000)
 ParOldGen       total 524288K, used 476627K [0x00000000d0000000, 0x00000000f0000000, 0x00000000f0000000)
  object space 524288K, 90% used [0x00000000d0000000,0x00000000ed174c48,0x00000000f0000000)
 Metaspace       used 131824K, capacity 136134K, committed 136320K, reserved 1171456K
  class space    used 12536K, capacity 13930K, committed 13952K, reserved 1048576K
Event: 4796,845 GC heap after
Heap after GC invocations=122 (full 4):
 PSYoungGen      total 194048K, used 47796K [0x00000000f0000000, 0x0000000100000000, 0x0000000100000000)
  eden space 124928K, 0% used [0x00000000f0000000,0x00000000f0000000,0x00000000f7a00000)
  from space 69120K, 69% used [0x00000000fbc80000,0x00000000feb2d168,0x0000000100000000)
  to   space 68096K, 0% used [0x00000000f7a00000,0x00000000f7a00000,0x00000000fbc80000)
 ParOldGen       total 524288K, used 482935K [0x00000000d0000000, 0x00000000f0000000, 0x00000000f0000000)
  object space 524288K, 92% used [0x00000000d0000000,0x00000000ed79df20,0x00000000f0000000)
 Metaspace       used 131824K, capacity 136134K, committed 136320K, reserved 1171456K
  class space    used 12536K, capacity 13930K, committed 13952K, reserved 1048576K
}
Event: 4797,034 GC heap before
{Heap before GC invocations=123 (full 4):
 PSYoungGen      total 194048K, used 172724K [0x00000000f0000000, 0x0000000100000000, 0x0000000100000000)
  eden space 124928K, 100% used [0x00000000f0000000,0x00000000f7a00000,0x00000000f7a00000)
  from space 69120K, 69% used [0x00000000fbc80000,0x00000000feb2d168,0x0000000100000000)
  to   space 68096K, 0% used [0x00000000f7a00000,0x00000000f7a00000,0x00000000fbc80000)
 ParOldGen       total 524288K, used 482935K [0x00000000d0000000, 0x00000000f0000000, 0x00000000f0000000)
  object space 524288K, 92% used [0x00000000d0000000,0x00000000ed79df20,0x00000000f0000000)
 Metaspace       used 131827K, capacity 136134K, committed 136320K, reserved 1171456K
  class space    used 12536K, capacity 13930K, committed 13952K, reserved 1048576K
Event: 4797,051 GC heap after
Heap after GC invocations=123 (full 4):
 PSYoungGen      total 193024K, used 47810K [0x00000000f0000000, 0x0000000100000000, 0x0000000100000000)
  eden space 124928K, 0% used [0x00000000f0000000,0x00000000f0000000,0x00000000f7a00000)
  from space 68096K, 70% used [0x00000000f7a00000,0x00000000fa8b0a98,0x00000000fbc80000)
  to   space 66560K, 0% used [0x00000000fbf00000,0x00000000fbf00000,0x0000000100000000)
 ParOldGen       total 524288K, used 484269K [0x00000000d0000000, 0x00000000f0000000, 0x00000000f0000000)
  object space 524288K, 92% used [0x00000000d0000000,0x00000000ed8eb798,0x00000000f0000000)
 Metaspace       used 131827K, capacity 136134K, committed 136320K, reserved 1171456K
  class space    used 12536K, capacity 13930K, committed 13952K, reserved 1048576K
}
Event: 4797,383 GC heap before
{Heap before GC invocations=124 (full 4):
 PSYoungGen      total 193024K, used 172422K [0x00000000f0000000, 0x0000000100000000, 0x0000000100000000)
  eden space 124928K, 99% used [0x00000000f0000000,0x00000000f79b0ec0,0x00000000f7a00000)
  from space 68096K, 70% used [0x00000000f7a00000,0x00000000fa8b0a98,0x00000000fbc80000)
  to   space 66560K, 0% used [0x00000000fbf00000,0x00000000fbf00000,0x0000000100000000)
 ParOldGen       total 524288K, used 484269K [0x00000000d0000000, 0x00000000f0000000, 0x00000000f0000000)
  object space 524288K, 92% used [0x00000000d0000000,0x00000000ed8eb798,0x00000000f0000000)
 Metaspace       used 131883K, capacity 136216K, committed 136320K, reserved 1171456K
  class space    used 12549K, capacity 13949K, committed 13952K, reserved 1048576K
Event: 4797,406 GC heap after
Heap after GC invocations=124 (full 4):
 PSYoungGen      total 197632K, used 45311K [0x00000000f0000000, 0x0000000100000000, 0x0000000100000000)
  eden space 131072K, 0% used [0x00000000f0000000,0x00000000f0000000,0x00000000f8000000)
  from space 66560K, 68% used [0x00000000fbf00000,0x00000000feb3fdb0,0x0000000100000000)
  to   space 64512K, 0% used [0x00000000f8000000,0x00000000f8000000,0x00000000fbf00000)
 ParOldGen       total 524288K, used 485854K [0x00000000d0000000, 0x00000000f0000000, 0x00000000f0000000)
  object space 524288K, 92% used [0x00000000d0000000,0x00000000eda77a18,0x00000000f0000000)
 Metaspace       used 131883K, capacity 136216K, committed 136320K, reserved 1171456K
  class space    used 12549K, capacity 13949K, committed 13952K, reserved 1048576K
}
Event: 4802,545 GC heap before
{Heap before GC invocations=125 (full 4):
 PSYoungGen      total 197632K, used 176383K [0x00000000f0000000, 0x0000000100000000, 0x0000000100000000)
  eden space 131072K, 100% used [0x00000000f0000000,0x00000000f8000000,0x00000000f8000000)
  from space 66560K, 68% used [0x00000000fbf00000,0x00000000feb3fdb0,0x0000000100000000)
  to   space 64512K, 0% used [0x00000000f8000000,0x00000000f8000000,0x00000000fbf00000)
 ParOldGen       total 524288K, used 485854K [0x00000000d0000000, 0x00000000f0000000, 0x00000000f0000000)
  object space 524288K, 92% used [0x00000000d0000000,0x00000000eda77a18,0x00000000f0000000)
 Metaspace       used 132070K, capacity 136504K, committed 136704K, reserved 1171456K
  class space    used 12575K, capacity 14035K, committed 14080K, reserved 1048576K
Event: 4802,565 GC heap after
Heap after GC invocations=125 (full 4):
 PSYoungGen      total 195584K, used 45300K [0x00000000f0000000, 0x0000000100000000, 0x0000000100000000)
  eden space 131072K, 0% used [0x00000000f0000000,0x00000000f0000000,0x00000000f8000000)
  from space 64512K, 70% used [0x00000000f8000000,0x00000000fac3d300,0x00000000fbf00000)
  to   space 62976K, 0% used [0x00000000fc280000,0x00000000fc280000,0x0000000100000000)
 ParOldGen       total 524288K, used 486681K [0x00000000d0000000, 0x00000000f0000000, 0x00000000f0000000)
  object space 524288K, 92% used [0x00000000d0000000,0x00000000edb46418,0x00000000f0000000)
 Metaspace       used 132070K, capacity 136504K, committed 136704K, reserved 1171456K
  class space    used 12575K, capacity 14035K, committed 14080K, reserved 1048576K
}

