# JRE version: Java(TM) SE Runtime Environment (8.0_221-b11) (build 1.8.0_221-b11)
# Java VM: Java HotSpot(TM) 64-Bit Server VM (25.221-b11 mixed mode linux-amd64 compressed oops)
Heap:
 PSYoungGen      total 241152K, used 191990K [0x00000000f0000000, 0x0000000100000000, 0x0000000100000000)
  eden space 219648K, 85% used [0x00000000f0000000,0x00000000fb6e5d30,0x00000000fd680000)
  from space 21504K, 21% used [0x00000000feb00000,0x00000000fef97ae0,0x0000000100000000)
  to   space 20992K, 0% used [0x00000000fd680000,0x00000000fd680000,0x00000000feb00000)
 ParOldGen       total 524288K, used 375637K [0x00000000d0000000, 0x00000000f0000000, 0x00000000f0000000)
  object space 524288K, 71% used [0x00000000d0000000,0x00000000e6ed57d8,0x00000000f0000000)
 Metaspace       used 137586K, capacity 143344K, committed 145152K, reserved 1179648K
  class space    used 13551K, capacity 15085K, committed 15616K, reserved 1048576K
GC Heap History (10 events):
Event: 6290,974 GC heap before
{Heap before GC invocations=189 (full 5):
 PSYoungGen      total 233984K, used 211107K [0x00000000f0000000, 0x0000000100000000, 0x0000000100000000)
  eden space 206848K, 100% used [0x00000000f0000000,0x00000000fca00000,0x00000000fca00000)
  from space 27136K, 15% used [0x00000000fca00000,0x00000000fce28d90,0x00000000fe480000)
  to   space 26112K, 0% used [0x00000000fe680000,0x00000000fe680000,0x0000000100000000)
 ParOldGen       total 524288K, used 375629K [0x00000000d0000000, 0x00000000f0000000, 0x00000000f0000000)
  object space 524288K, 71% used [0x00000000d0000000,0x00000000e6ed37d8,0x00000000f0000000)
 Metaspace       used 136628K, capacity 142258K, committed 144256K, reserved 1177600K
  class space    used 13465K, capacity 14985K, committed 15488K, reserved 1048576K
Event: 6290,978 GC heap after
Heap after GC invocations=189 (full 5):
 PSYoungGen      total 237056K, used 7339K [0x00000000f0000000, 0x0000000100000000, 0x0000000100000000)
  eden space 210944K, 0% used [0x00000000f0000000,0x00000000f0000000,0x00000000fce00000)
  from space 26112K, 28% used [0x00000000fe680000,0x00000000fedaafc8,0x0000000100000000)
  to   space 25088K, 0% used [0x00000000fce00000,0x00000000fce00000,0x00000000fe680000)
 ParOldGen       total 524288K, used 375629K [0x00000000d0000000, 0x00000000f0000000, 0x00000000f0000000)
  object space 524288K, 71% used [0x00000000d0000000,0x00000000e6ed37d8,0x00000000f0000000)
 Metaspace       used 136628K, capacity 142258K, committed 144256K, reserved 1177600K
  class space    used 13465K, capacity 14985K, committed 15488K, reserved 1048576K
}
Event: 6298,776 GC heap before
{Heap before GC invocations=190 (full 5):
 PSYoungGen      total 237056K, used 218283K [0x00000000f0000000, 0x0000000100000000, 0x0000000100000000)
  eden space 210944K, 100% used [0x00000000f0000000,0x00000000fce00000,0x00000000fce00000)
  from space 26112K, 28% used [0x00000000fe680000,0x00000000fedaafc8,0x0000000100000000)
  to   space 25088K, 0% used [0x00000000fce00000,0x00000000fce00000,0x00000000fe680000)
 ParOldGen       total 524288K, used 375629K [0x00000000d0000000, 0x00000000f0000000, 0x00000000f0000000)
  object space 524288K, 71% used [0x00000000d0000000,0x00000000e6ed37d8,0x00000000f0000000)
 Metaspace       used 136642K, capacity 142274K, committed 144256K, reserved 1177600K
  class space    used 13470K, capacity 14991K, committed 15488K, reserved 1048576K
Event: 6298,781 GC heap after
Heap after GC invocations=190 (full 5):
 PSYoungGen      total 236032K, used 5642K [0x00000000f0000000, 0x0000000100000000, 0x0000000100000000)
  eden space 210944K, 0% used [0x00000000f0000000,0x00000000f0000000,0x00000000fce00000)
  from space 25088K, 22% used [0x00000000fce00000,0x00000000fd382890,0x00000000fe680000)
  to   space 24064K, 0% used [0x00000000fe880000,0x00000000fe880000,0x0000000100000000)
 ParOldGen       total 524288K, used 375629K [0x00000000d0000000, 0x00000000f0000000, 0x00000000f0000000)
  object space 524288K, 71% used [0x00000000d0000000,0x00000000e6ed37d8,0x00000000f0000000)
 Metaspace       used 136642K, capacity 142274K, committed 144256K, reserved 1177600K
  class space    used 13470K, capacity 14991K, committed 15488K, reserved 1048576K
}
Event: 6299,141 GC heap before
{Heap before GC invocations=191 (full 5):
 PSYoungGen      total 236032K, used 216054K [0x00000000f0000000, 0x0000000100000000, 0x0000000100000000)
  eden space 210944K, 99% used [0x00000000f0000000,0x00000000fcd7b080,0x00000000fce00000)
  from space 25088K, 22% used [0x00000000fce00000,0x00000000fd382890,0x00000000fe680000)
  to   space 24064K, 0% used [0x00000000fe880000,0x00000000fe880000,0x0000000100000000)
 ParOldGen       total 524288K, used 375629K [0x00000000d0000000, 0x00000000f0000000, 0x00000000f0000000)
  object space 524288K, 71% used [0x00000000d0000000,0x00000000e6ed37d8,0x00000000f0000000)
 Metaspace       used 136642K, capacity 142274K, committed 144256K, reserved 1177600K
  class space    used 13470K, capacity 14991K, committed 15488K, reserved 1048576K
Event: 6299,149 GC heap after
Heap after GC invocations=191 (full 5):
 PSYoungGen      total 239616K, used 9352K [0x00000000f0000000, 0x0000000100000000, 0x0000000100000000)
  eden space 215552K, 0% used [0x00000000f0000000,0x00000000f0000000,0x00000000fd280000)
  from space 24064K, 38% used [0x00000000fe880000,0x00000000ff1a2160,0x0000000100000000)
  to   space 22528K, 0% used [0x00000000fd280000,0x00000000fd280000,0x00000000fe880000)
 ParOldGen       total 524288K, used 375629K [0x00000000d0000000, 0x00000000f0000000, 0x00000000f0000000)
  object space 524288K, 71% used [0x00000000d0000000,0x00000000e6ed37d8,0x00000000f0000000)
 Metaspace       used 136642K, capacity 142274K, committed 144256K, reserved 1177600K
  class space    used 13470K, capacity 14991K, committed 15488K, reserved 1048576K
}
Event: 6302,036 GC heap before
{Heap before GC invocations=192 (full 5):
 PSYoungGen      total 239616K, used 224904K [0x00000000f0000000, 0x0000000100000000, 0x0000000100000000)
  eden space 215552K, 100% used [0x00000000f0000000,0x00000000fd280000,0x00000000fd280000)
  from space 24064K, 38% used [0x00000000fe880000,0x00000000ff1a2160,0x0000000100000000)
  to   space 22528K, 0% used [0x00000000fd280000,0x00000000fd280000,0x00000000fe880000)
 ParOldGen       total 524288K, used 375629K [0x00000000d0000000, 0x00000000f0000000, 0x00000000f0000000)
  object space 524288K, 71% used [0x00000000d0000000,0x00000000e6ed37d8,0x00000000f0000000)
 Metaspace       used 136648K, capacity 142286K, committed 144256K, reserved 1177600K
  class space    used 13471K, capacity 14993K, committed 15488K, reserved 1048576K
Event: 6302,041 GC heap after
Heap after GC invocations=192 (full 5):
 PSYoungGen      total 238080K, used 6901K [0x00000000f0000000, 0x0000000100000000, 0x0000000100000000)
  eden space 215552K, 0% used [0x00000000f0000000,0x00000000f0000000,0x00000000fd280000)
  from space 22528K, 30% used [0x00000000fd280000,0x00000000fd93d630,0x00000000fe880000)
  to   space 21504K, 0% used [0x00000000feb00000,0x00000000feb00000,0x0000000100000000)
 ParOldGen       total 524288K, used 375629K [0x00000000d0000000, 0x00000000f0000000, 0x00000000f0000000)
  object space 524288K, 71% used [0x00000000d0000000,0x00000000e6ed37d8,0x00000000f0000000)
 Metaspace       used 136648K, capacity 142286K, committed 144256K, reserved 1177600K
  class space    used 13471K, capacity 14993K, committed 15488K, reserved 1048576K
}
Event: 6375,421 GC heap before
{Heap before GC invocations=193 (full 5):
 PSYoungGen      total 238080K, used 222453K [0x00000000f0000000, 0x0000000100000000, 0x0000000100000000)
  eden space 215552K, 100% used [0x00000000f0000000,0x00000000fd280000,0x00000000fd280000)
  from space 22528K, 30% used [0x00000000fd280000,0x00000000fd93d630,0x00000000fe880000)
  to   space 21504K, 0% used [0x00000000feb00000,0x00000000feb00000,0x0000000100000000)
 ParOldGen       total 524288K, used 375629K [0x00000000d0000000, 0x00000000f0000000, 0x00000000f0000000)
  object space 524288K, 71% used [0x00000000d0000000,0x00000000e6ed37d8,0x00000000f0000000)
 Metaspace       used 136675K, capacity 142378K, committed 144256K, reserved 1177600K
  class space    used 13479K, capacity 15035K, committed 15488K, reserved 1048576K
Event: 6375,430 GC heap after
Heap after GC invocations=193 (full 5):
 PSYoungGen      total 241152K, used 4702K [0x00000000f0000000, 0x0000000100000000, 0x0000000100000000)
  eden space 219648K, 0% used [0x00000000f0000000,0x00000000f0000000,0x00000000fd680000)
  from space 21504K, 21% used [0x00000000feb00000,0x00000000fef97ae0,0x0000000100000000)
  to   space 20992K, 0% used [0x00000000fd680000,0x00000000fd680000,0x00000000feb00000)
 ParOldGen       total 524288K, used 375637K [0x00000000d0000000, 0x00000000f0000000, 0x00000000f0000000)
  object space 524288K, 71% used [0x00000000d0000000,0x00000000e6ed57d8,0x00000000f0000000)
 Metaspace       used 136675K, capacity 142378K, committed 144256K, reserved 1177600K
  class space    used 13479K, capacity 15035K, committed 15488K, reserved 1048576K
}

