# JRE version: Java(TM) SE Runtime Environment (8.0_221-b11) (build 1.8.0_221-b11)
# Java VM: Java HotSpot(TM) 64-Bit Server VM (25.221-b11 mixed mode linux-amd64 compressed oops)
Heap:
 PSYoungGen      total 231936K, used 90260K [0x00000000f0000000, 0x0000000100000000, 0x0000000100000000)
  eden space 201216K, 39% used [0x00000000f0000000,0x00000000f4d95d68,0x00000000fc480000)
  from space 30720K, 35% used [0x00000000fe200000,0x00000000fec8f438,0x0000000100000000)
  to   space 30208K, 0% used [0x00000000fc480000,0x00000000fc480000,0x00000000fe200000)
 ParOldGen       total 524288K, used 450213K [0x00000000d0000000, 0x00000000f0000000, 0x00000000f0000000)
  object space 524288K, 85% used [0x00000000d0000000,0x00000000eb7a94a0,0x00000000f0000000)
 Metaspace       used 197114K, capacity 203342K, committed 205184K, reserved 1232896K
  class space    used 18296K, capacity 20353K, committed 20864K, reserved 1048576K
GC Heap History (10 events):
Event: 2399,337 GC heap before
{Heap before GC invocations=244 (full 6):
 PSYoungGen      total 221184K, used 220689K [0x00000000f0000000, 0x0000000100000000, 0x0000000100000000)
  eden space 206848K, 100% used [0x00000000f0000000,0x00000000fca00000,0x00000000fca00000)
  from space 14336K, 96% used [0x00000000fca00000,0x00000000fd784610,0x00000000fd800000)
  to   space 28672K, 0% used [0x00000000fe400000,0x00000000fe400000,0x0000000100000000)
 ParOldGen       total 524288K, used 444956K [0x00000000d0000000, 0x00000000f0000000, 0x00000000f0000000)
  object space 524288K, 84% used [0x00000000d0000000,0x00000000eb287378,0x00000000f0000000)
 Metaspace       used 196751K, capacity 202882K, committed 204928K, reserved 1232896K
  class space    used 18250K, capacity 20262K, committed 20864K, reserved 1048576K
Event: 2399,347 GC heap after
Heap after GC invocations=244 (full 6):
 PSYoungGen      total 232448K, used 12623K [0x00000000f0000000, 0x0000000100000000, 0x0000000100000000)
  eden space 203776K, 0% used [0x00000000f0000000,0x00000000f0000000,0x00000000fc700000)
  from space 28672K, 44% used [0x00000000fe400000,0x00000000ff053f28,0x0000000100000000)
  to   space 29184K, 0% used [0x00000000fc700000,0x00000000fc700000,0x00000000fe380000)
 ParOldGen       total 524288K, used 448589K [0x00000000d0000000, 0x00000000f0000000, 0x00000000f0000000)
  object space 524288K, 85% used [0x00000000d0000000,0x00000000eb6134a0,0x00000000f0000000)
 Metaspace       used 196751K, capacity 202882K, committed 204928K, reserved 1232896K
  class space    used 18250K, capacity 20262K, committed 20864K, reserved 1048576K
}
Event: 2410,645 GC heap before
{Heap before GC invocations=245 (full 6):
 PSYoungGen      total 232448K, used 216399K [0x00000000f0000000, 0x0000000100000000, 0x0000000100000000)
  eden space 203776K, 100% used [0x00000000f0000000,0x00000000fc700000,0x00000000fc700000)
  from space 28672K, 44% used [0x00000000fe400000,0x00000000ff053f28,0x0000000100000000)
  to   space 29184K, 0% used [0x00000000fc700000,0x00000000fc700000,0x00000000fe380000)
 ParOldGen       total 524288K, used 448589K [0x00000000d0000000, 0x00000000f0000000, 0x00000000f0000000)
  object space 524288K, 85% used [0x00000000d0000000,0x00000000eb6134a0,0x00000000f0000000)
 Metaspace       used 196980K, capacity 203074K, committed 205184K, reserved 1232896K
  class space    used 18256K, capacity 20262K, committed 20864K, reserved 1048576K
Event: 2410,655 GC heap after
Heap after GC invocations=245 (full 6):
 PSYoungGen      total 212480K, used 8616K [0x00000000f0000000, 0x0000000100000000, 0x0000000100000000)
  eden space 203776K, 0% used [0x00000000f0000000,0x00000000f0000000,0x00000000fc700000)
  from space 8704K, 98% used [0x00000000fc700000,0x00000000fcf6a028,0x00000000fcf80000)
  to   space 30208K, 0% used [0x00000000fe280000,0x00000000fe280000,0x0000000100000000)
 ParOldGen       total 524288K, used 448957K [0x00000000d0000000, 0x00000000f0000000, 0x00000000f0000000)
  object space 524288K, 85% used [0x00000000d0000000,0x00000000eb66f4a0,0x00000000f0000000)
 Metaspace       used 196980K, capacity 203074K, committed 205184K, reserved 1232896K
  class space    used 18256K, capacity 20262K, committed 20864K, reserved 1048576K
}
Event: 2411,053 GC heap before
{Heap before GC invocations=246 (full 6):
 PSYoungGen      total 212480K, used 212392K [0x00000000f0000000, 0x0000000100000000, 0x0000000100000000)
  eden space 203776K, 100% used [0x00000000f0000000,0x00000000fc700000,0x00000000fc700000)
  from space 8704K, 98% used [0x00000000fc700000,0x00000000fcf6a028,0x00000000fcf80000)
  to   space 30208K, 0% used [0x00000000fe280000,0x00000000fe280000,0x0000000100000000)
 ParOldGen       total 524288K, used 448957K [0x00000000d0000000, 0x00000000f0000000, 0x00000000f0000000)
  object space 524288K, 85% used [0x00000000d0000000,0x00000000eb66f4a0,0x00000000f0000000)
 Metaspace       used 196988K, capacity 203086K, committed 205184K, reserved 1232896K
  class space    used 18257K, capacity 20264K, committed 20864K, reserved 1048576K
Event: 2411,060 GC heap after
Heap after GC invocations=246 (full 6):
 PSYoungGen      total 231936K, used 10569K [0x00000000f0000000, 0x0000000100000000, 0x0000000100000000)
  eden space 201728K, 0% used [0x00000000f0000000,0x00000000f0000000,0x00000000fc500000)
  from space 30208K, 34% used [0x00000000fe280000,0x00000000fecd2508,0x0000000100000000)
  to   space 30208K, 0% used [0x00000000fc500000,0x00000000fc500000,0x00000000fe280000)
 ParOldGen       total 524288K, used 450005K [0x00000000d0000000, 0x00000000f0000000, 0x00000000f0000000)
  object space 524288K, 85% used [0x00000000d0000000,0x00000000eb7754a0,0x00000000f0000000)
 Metaspace       used 196988K, capacity 203086K, committed 205184K, reserved 1232896K
  class space    used 18257K, capacity 20264K, committed 20864K, reserved 1048576K
}
Event: 2414,039 GC heap before
{Heap before GC invocations=247 (full 6):
 PSYoungGen      total 231936K, used 212297K [0x00000000f0000000, 0x0000000100000000, 0x0000000100000000)
  eden space 201728K, 100% used [0x00000000f0000000,0x00000000fc500000,0x00000000fc500000)
  from space 30208K, 34% used [0x00000000fe280000,0x00000000fecd2508,0x0000000100000000)
  to   space 30208K, 0% used [0x00000000fc500000,0x00000000fc500000,0x00000000fe280000)
 ParOldGen       total 524288K, used 450005K [0x00000000d0000000, 0x00000000f0000000, 0x00000000f0000000)
  object space 524288K, 85% used [0x00000000d0000000,0x00000000eb7754a0,0x00000000f0000000)
 Metaspace       used 197002K, capacity 203122K, committed 205184K, reserved 1232896K
  class space    used 18260K, capacity 20270K, committed 20864K, reserved 1048576K
Event: 2414,045 GC heap after
Heap after GC invocations=247 (full 6):
 PSYoungGen      total 210432K, used 8440K [0x00000000f0000000, 0x0000000100000000, 0x0000000100000000)
  eden space 201728K, 0% used [0x00000000f0000000,0x00000000f0000000,0x00000000fc500000)
  from space 8704K, 96% used [0x00000000fc500000,0x00000000fcd3e238,0x00000000fcd80000)
  to   space 30720K, 0% used [0x00000000fe200000,0x00000000fe200000,0x0000000100000000)
 ParOldGen       total 524288K, used 450109K [0x00000000d0000000, 0x00000000f0000000, 0x00000000f0000000)
  object space 524288K, 85% used [0x00000000d0000000,0x00000000eb78f4a0,0x00000000f0000000)
 Metaspace       used 197002K, capacity 203122K, committed 205184K, reserved 1232896K
  class space    used 18260K, capacity 20270K, committed 20864K, reserved 1048576K
}
Event: 2414,384 GC heap before
{Heap before GC invocations=248 (full 6):
 PSYoungGen      total 210432K, used 209763K [0x00000000f0000000, 0x0000000100000000, 0x0000000100000000)
  eden space 201728K, 99% used [0x00000000f0000000,0x00000000fc49acf0,0x00000000fc500000)
  from space 8704K, 96% used [0x00000000fc500000,0x00000000fcd3e238,0x00000000fcd80000)
  to   space 30720K, 0% used [0x00000000fe200000,0x00000000fe200000,0x0000000100000000)
 ParOldGen       total 524288K, used 450109K [0x00000000d0000000, 0x00000000f0000000, 0x00000000f0000000)
  object space 524288K, 85% used [0x00000000d0000000,0x00000000eb78f4a0,0x00000000f0000000)
 Metaspace       used 197015K, capacity 203164K, committed 205184K, reserved 1232896K
  class space    used 18264K, capacity 20277K, committed 20864K, reserved 1048576K
Event: 2414,407 GC heap after
Heap after GC invocations=248 (full 6):
 PSYoungGen      total 231936K, used 10813K [0x00000000f0000000, 0x0000000100000000, 0x0000000100000000)
  eden space 201216K, 0% used [0x00000000f0000000,0x00000000f0000000,0x00000000fc480000)
  from space 30720K, 35% used [0x00000000fe200000,0x00000000fec8f438,0x0000000100000000)
  to   space 30208K, 0% used [0x00000000fc480000,0x00000000fc480000,0x00000000fe200000)
 ParOldGen       total 524288K, used 450213K [0x00000000d0000000, 0x00000000f0000000, 0x00000000f0000000)
  object space 524288K, 85% used [0x00000000d0000000,0x00000000eb7a94a0,0x00000000f0000000)
 Metaspace       used 197015K, capacity 203164K, committed 205184K, reserved 1232896K
  class space    used 18264K, capacity 20277K, committed 20864K, reserved 1048576K
}

