# JRE version: Java(TM) SE Runtime Environment (8.0_221-b11) (build 1.8.0_221-b11)
# Java VM: Java HotSpot(TM) 64-Bit Server VM (25.221-b11 mixed mode linux-amd64 compressed oops)
Heap:
 PSYoungGen      total 206336K, used 124222K [0x00000000f0000000, 0x0000000100000000, 0x0000000100000000)
  eden space 151552K, 59% used [0x00000000f0000000,0x00000000f589fa58,0x00000000f9400000)
  from space 54784K, 61% used [0x00000000fca80000,0x00000000feb2fef8,0x0000000100000000)
  to   space 55296K, 0% used [0x00000000f9400000,0x00000000f9400000,0x00000000fca00000)
 ParOldGen       total 524288K, used 465340K [0x00000000d0000000, 0x00000000f0000000, 0x00000000f0000000)
  object space 524288K, 88% used [0x00000000d0000000,0x00000000ec66f2b8,0x00000000f0000000)
 Metaspace       used 130322K, capacity 135832K, committed 136024K, reserved 1171456K
  class space    used 13269K, capacity 14897K, committed 14976K, reserved 1048576K
GC Heap History (10 events):
Event: 455,787 GC heap before
{Heap before GC invocations=124 (full 4):
 PSYoungGen      total 216576K, used 216335K [0x00000000f0000000, 0x0000000100000000, 0x0000000100000000)
  eden space 188416K, 100% used [0x00000000f0000000,0x00000000fb800000,0x00000000fb800000)
  from space 28160K, 99% used [0x00000000fb800000,0x00000000fd343e48,0x00000000fd380000)
  to   space 38912K, 0% used [0x00000000fda00000,0x00000000fda00000,0x0000000100000000)
 ParOldGen       total 524288K, used 456319K [0x00000000d0000000, 0x00000000f0000000, 0x00000000f0000000)
  object space 524288K, 87% used [0x00000000d0000000,0x00000000ebd9ff90,0x00000000f0000000)
 Metaspace       used 129542K, capacity 134980K, committed 135256K, reserved 1169408K
  class space    used 13096K, capacity 14686K, committed 14720K, reserved 1048576K
Event: 455,807 GC heap after
Heap after GC invocations=124 (full 4):
 PSYoungGen      total 207872K, used 38911K [0x00000000f0000000, 0x0000000100000000, 0x0000000100000000)
  eden space 168960K, 0% used [0x00000000f0000000,0x00000000f0000000,0x00000000fa500000)
  from space 38912K, 99% used [0x00000000fda00000,0x00000000fffffc90,0x0000000100000000)
  to   space 46592K, 0% used [0x00000000fa500000,0x00000000fa500000,0x00000000fd280000)
 ParOldGen       total 524288K, used 460730K [0x00000000d0000000, 0x00000000f0000000, 0x00000000f0000000)
  object space 524288K, 87% used [0x00000000d0000000,0x00000000ec1ee9d8,0x00000000f0000000)
 Metaspace       used 129542K, capacity 134980K, committed 135256K, reserved 1169408K
  class space    used 13096K, capacity 14686K, committed 14720K, reserved 1048576K
}
Event: 767,044 GC heap before
{Heap before GC invocations=125 (full 4):
 PSYoungGen      total 207872K, used 207871K [0x00000000f0000000, 0x0000000100000000, 0x0000000100000000)
  eden space 168960K, 100% used [0x00000000f0000000,0x00000000fa500000,0x00000000fa500000)
  from space 38912K, 99% used [0x00000000fda00000,0x00000000fffffc90,0x0000000100000000)
  to   space 46592K, 0% used [0x00000000fa500000,0x00000000fa500000,0x00000000fd280000)
 ParOldGen       total 524288K, used 460730K [0x00000000d0000000, 0x00000000f0000000, 0x00000000f0000000)
  object space 524288K, 87% used [0x00000000d0000000,0x00000000ec1ee9d8,0x00000000f0000000)
 Metaspace       used 129622K, capacity 135094K, committed 135384K, reserved 1169408K
  class space    used 13108K, capacity 14722K, committed 14848K, reserved 1048576K
Event: 767,063 GC heap after
Heap after GC invocations=125 (full 4):
 PSYoungGen      total 207872K, used 38591K [0x00000000f0000000, 0x0000000100000000, 0x0000000100000000)
  eden space 168960K, 0% used [0x00000000f0000000,0x00000000f0000000,0x00000000fa500000)
  from space 38912K, 99% used [0x00000000fa500000,0x00000000fcaafd70,0x00000000fcb00000)
  to   space 50688K, 0% used [0x00000000fce80000,0x00000000fce80000,0x0000000100000000)
 ParOldGen       total 524288K, used 463536K [0x00000000d0000000, 0x00000000f0000000, 0x00000000f0000000)
  object space 524288K, 88% used [0x00000000d0000000,0x00000000ec4ac210,0x00000000f0000000)
 Metaspace       used 129622K, capacity 135094K, committed 135384K, reserved 1169408K
  class space    used 13108K, capacity 14722K, committed 14848K, reserved 1048576K
}
Event: 767,445 GC heap before
{Heap before GC invocations=126 (full 4):
 PSYoungGen      total 207872K, used 207551K [0x00000000f0000000, 0x0000000100000000, 0x0000000100000000)
  eden space 168960K, 100% used [0x00000000f0000000,0x00000000fa500000,0x00000000fa500000)
  from space 38912K, 99% used [0x00000000fa500000,0x00000000fcaafd70,0x00000000fcb00000)
  to   space 50688K, 0% used [0x00000000fce80000,0x00000000fce80000,0x0000000100000000)
 ParOldGen       total 524288K, used 463536K [0x00000000d0000000, 0x00000000f0000000, 0x00000000f0000000)
  object space 524288K, 88% used [0x00000000d0000000,0x00000000ec4ac210,0x00000000f0000000)
 Metaspace       used 130228K, capacity 135726K, committed 136024K, reserved 1171456K
  class space    used 13264K, capacity 14890K, committed 14976K, reserved 1048576K
Event: 767,463 GC heap after
Heap after GC invocations=126 (full 4):
 PSYoungGen      total 206336K, used 35584K [0x00000000f0000000, 0x0000000100000000, 0x0000000100000000)
  eden space 155648K, 0% used [0x00000000f0000000,0x00000000f0000000,0x00000000f9800000)
  from space 50688K, 70% used [0x00000000fce80000,0x00000000ff140338,0x0000000100000000)
  to   space 53248K, 0% used [0x00000000f9800000,0x00000000f9800000,0x00000000fcc00000)
 ParOldGen       total 524288K, used 463536K [0x00000000d0000000, 0x00000000f0000000, 0x00000000f0000000)
  object space 524288K, 88% used [0x00000000d0000000,0x00000000ec4ac210,0x00000000f0000000)
 Metaspace       used 130228K, capacity 135726K, committed 136024K, reserved 1171456K
  class space    used 13264K, capacity 14890K, committed 14976K, reserved 1048576K
}
Event: 767,723 GC heap before
{Heap before GC invocations=127 (full 4):
 PSYoungGen      total 206336K, used 191232K [0x00000000f0000000, 0x0000000100000000, 0x0000000100000000)
  eden space 155648K, 100% used [0x00000000f0000000,0x00000000f9800000,0x00000000f9800000)
  from space 50688K, 70% used [0x00000000fce80000,0x00000000ff140338,0x0000000100000000)
  to   space 53248K, 0% used [0x00000000f9800000,0x00000000f9800000,0x00000000fcc00000)
 ParOldGen       total 524288K, used 463536K [0x00000000d0000000, 0x00000000f0000000, 0x00000000f0000000)
  object space 524288K, 88% used [0x00000000d0000000,0x00000000ec4ac210,0x00000000f0000000)
 Metaspace       used 130229K, capacity 135726K, committed 136024K, reserved 1171456K
  class space    used 13264K, capacity 14890K, committed 14976K, reserved 1048576K
Event: 767,738 GC heap after
Heap after GC invocations=127 (full 4):
 PSYoungGen      total 191488K, used 35734K [0x00000000f0000000, 0x0000000100000000, 0x0000000100000000)
  eden space 155648K, 0% used [0x00000000f0000000,0x00000000f0000000,0x00000000f9800000)
  from space 35840K, 99% used [0x00000000f9800000,0x00000000fbae5900,0x00000000fbb00000)
  to   space 54784K, 0% used [0x00000000fca80000,0x00000000fca80000,0x0000000100000000)
 ParOldGen       total 524288K, used 465164K [0x00000000d0000000, 0x00000000f0000000, 0x00000000f0000000)
  object space 524288K, 88% used [0x00000000d0000000,0x00000000ec6432b8,0x00000000f0000000)
 Metaspace       used 130229K, capacity 135726K, committed 136024K, reserved 1171456K
  class space    used 13264K, capacity 14890K, committed 14976K, reserved 1048576K
}
Event: 771,223 GC heap before
{Heap before GC invocations=128 (full 4):
 PSYoungGen      total 191488K, used 191382K [0x00000000f0000000, 0x0000000100000000, 0x0000000100000000)
  eden space 155648K, 100% used [0x00000000f0000000,0x00000000f9800000,0x00000000f9800000)
  from space 35840K, 99% used [0x00000000f9800000,0x00000000fbae5900,0x00000000fbb00000)
  to   space 54784K, 0% used [0x00000000fca80000,0x00000000fca80000,0x0000000100000000)
 ParOldGen       total 524288K, used 465164K [0x00000000d0000000, 0x00000000f0000000, 0x00000000f0000000)
  object space 524288K, 88% used [0x00000000d0000000,0x00000000ec6432b8,0x00000000f0000000)
 Metaspace       used 130311K, capacity 135808K, committed 136024K, reserved 1171456K
  class space    used 13267K, capacity 14893K, committed 14976K, reserved 1048576K
Event: 771,240 GC heap after
Heap after GC invocations=128 (full 4):
 PSYoungGen      total 206336K, used 33471K [0x00000000f0000000, 0x0000000100000000, 0x0000000100000000)
  eden space 151552K, 0% used [0x00000000f0000000,0x00000000f0000000,0x00000000f9400000)
  from space 54784K, 61% used [0x00000000fca80000,0x00000000feb2fef8,0x0000000100000000)
  to   space 55296K, 0% used [0x00000000f9400000,0x00000000f9400000,0x00000000fca00000)
 ParOldGen       total 524288K, used 465340K [0x00000000d0000000, 0x00000000f0000000, 0x00000000f0000000)
  object space 524288K, 88% used [0x00000000d0000000,0x00000000ec66f2b8,0x00000000f0000000)
 Metaspace       used 130311K, capacity 135808K, committed 136024K, reserved 1171456K
  class space    used 13267K, capacity 14893K, committed 14976K, reserved 1048576K
}

