# JRE version: Java(TM) SE Runtime Environment (8.0_221-b11) (build 1.8.0_221-b11)
# Java VM: Java HotSpot(TM) 64-Bit Server VM (25.221-b11 mixed mode linux-amd64 compressed oops)
Heap:
 PSYoungGen      total 218112K, used 185907K [0x00000000f0000000, 0x0000000100000000, 0x0000000100000000)
  eden space 178176K, 87% used [0x00000000f0000000,0x00000000f985d1c8,0x00000000fae00000)
  from space 39936K, 74% used [0x00000000fd900000,0x00000000ff62fc70,0x0000000100000000)
  to   space 41984K, 0% used [0x00000000fae00000,0x00000000fae00000,0x00000000fd700000)
 ParOldGen       total 524288K, used 417328K [0x00000000d0000000, 0x00000000f0000000, 0x00000000f0000000)
  object space 524288K, 79% used [0x00000000d0000000,0x00000000e978c200,0x00000000f0000000)
 Metaspace       used 150809K, capacity 155038K, committed 179904K, reserved 1206272K
  class space    used 13751K, capacity 15014K, committed 23000K, reserved 1048576K
GC Heap History (10 events):
Event: 9456,153 GC heap before
{Heap before GC invocations=345 (full 7):
 PSYoungGen      total 232960K, used 232712K [0x00000000f0000000, 0x0000000100000000, 0x0000000100000000)
  eden space 210944K, 100% used [0x00000000f0000000,0x00000000fce00000,0x00000000fce00000)
  from space 22016K, 98% used [0x00000000fce00000,0x00000000fe342270,0x00000000fe380000)
  to   space 27136K, 0% used [0x00000000fe580000,0x00000000fe580000,0x0000000100000000)
 ParOldGen       total 524288K, used 415549K [0x00000000d0000000, 0x00000000f0000000, 0x00000000f0000000)
  object space 524288K, 79% used [0x00000000d0000000,0x00000000e95cf610,0x00000000f0000000)
 Metaspace       used 150768K, capacity 154954K, committed 179904K, reserved 1206272K
  class space    used 13735K, capacity 14964K, committed 23000K, reserved 1048576K
Event: 9456,169 GC heap after
Heap after GC invocations=345 (full 7):
 PSYoungGen      total 227840K, used 27007K [0x00000000f0000000, 0x0000000100000000, 0x0000000100000000)
  eden space 200704K, 0% used [0x00000000f0000000,0x00000000f0000000,0x00000000fc400000)
  from space 27136K, 99% used [0x00000000fe580000,0x00000000fffdfc70,0x0000000100000000)
  to   space 30720K, 0% used [0x00000000fc400000,0x00000000fc400000,0x00000000fe200000)
 ParOldGen       total 524288K, used 415549K [0x00000000d0000000, 0x00000000f0000000, 0x00000000f0000000)
  object space 524288K, 79% used [0x00000000d0000000,0x00000000e95cf610,0x00000000f0000000)
 Metaspace       used 150768K, capacity 154954K, committed 179904K, reserved 1206272K
  class space    used 13735K, capacity 14964K, committed 23000K, reserved 1048576K
}
Event: 9456,395 GC heap before
{Heap before GC invocations=346 (full 7):
 PSYoungGen      total 227840K, used 227711K [0x00000000f0000000, 0x0000000100000000, 0x0000000100000000)
  eden space 200704K, 100% used [0x00000000f0000000,0x00000000fc400000,0x00000000fc400000)
  from space 27136K, 99% used [0x00000000fe580000,0x00000000fffdfc70,0x0000000100000000)
  to   space 30720K, 0% used [0x00000000fc400000,0x00000000fc400000,0x00000000fe200000)
 ParOldGen       total 524288K, used 415549K [0x00000000d0000000, 0x00000000f0000000, 0x00000000f0000000)
  object space 524288K, 79% used [0x00000000d0000000,0x00000000e95cf610,0x00000000f0000000)
 Metaspace       used 150776K, capacity 154966K, committed 179904K, reserved 1206272K
  class space    used 13736K, capacity 14966K, committed 23000K, reserved 1048576K
Event: 9456,413 GC heap after
Heap after GC invocations=346 (full 7):
 PSYoungGen      total 229888K, used 28815K [0x00000000f0000000, 0x0000000100000000, 0x0000000100000000)
  eden space 200704K, 0% used [0x00000000f0000000,0x00000000f0000000,0x00000000fc400000)
  from space 29184K, 98% used [0x00000000fc400000,0x00000000fe023c80,0x00000000fe080000)
  to   space 32256K, 0% used [0x00000000fe080000,0x00000000fe080000,0x0000000100000000)
 ParOldGen       total 524288K, used 415557K [0x00000000d0000000, 0x00000000f0000000, 0x00000000f0000000)
  object space 524288K, 79% used [0x00000000d0000000,0x00000000e95d1610,0x00000000f0000000)
 Metaspace       used 150776K, capacity 154966K, committed 179904K, reserved 1206272K
  class space    used 13736K, capacity 14966K, committed 23000K, reserved 1048576K
}
Event: 9456,597 GC heap before
{Heap before GC invocations=347 (full 7):
 PSYoungGen      total 229888K, used 229519K [0x00000000f0000000, 0x0000000100000000, 0x0000000100000000)
  eden space 200704K, 100% used [0x00000000f0000000,0x00000000fc400000,0x00000000fc400000)
  from space 29184K, 98% used [0x00000000fc400000,0x00000000fe023c80,0x00000000fe080000)
  to   space 32256K, 0% used [0x00000000fe080000,0x00000000fe080000,0x0000000100000000)
 ParOldGen       total 524288K, used 415557K [0x00000000d0000000, 0x00000000f0000000, 0x00000000f0000000)
  object space 524288K, 79% used [0x00000000d0000000,0x00000000e95d1610,0x00000000f0000000)
 Metaspace       used 150776K, capacity 154966K, committed 179904K, reserved 1206272K
  class space    used 13736K, capacity 14966K, committed 23000K, reserved 1048576K
Event: 9456,611 GC heap after
Heap after GC invocations=347 (full 7):
 PSYoungGen      total 219648K, used 30799K [0x00000000f0000000, 0x0000000100000000, 0x0000000100000000)
  eden space 187392K, 0% used [0x00000000f0000000,0x00000000f0000000,0x00000000fb700000)
  from space 32256K, 95% used [0x00000000fe080000,0x00000000ffe93c80,0x0000000100000000)
  to   space 37376K, 0% used [0x00000000fb700000,0x00000000fb700000,0x00000000fdb80000)
 ParOldGen       total 524288K, used 415565K [0x00000000d0000000, 0x00000000f0000000, 0x00000000f0000000)
  object space 524288K, 79% used [0x00000000d0000000,0x00000000e95d3610,0x00000000f0000000)
 Metaspace       used 150776K, capacity 154966K, committed 179904K, reserved 1206272K
  class space    used 13736K, capacity 14966K, committed 23000K, reserved 1048576K
}
Event: 9456,767 GC heap before
{Heap before GC invocations=348 (full 7):
 PSYoungGen      total 219648K, used 218191K [0x00000000f0000000, 0x0000000100000000, 0x0000000100000000)
  eden space 187392K, 100% used [0x00000000f0000000,0x00000000fb700000,0x00000000fb700000)
  from space 32256K, 95% used [0x00000000fe080000,0x00000000ffe93c80,0x0000000100000000)
  to   space 37376K, 0% used [0x00000000fb700000,0x00000000fb700000,0x00000000fdb80000)
 ParOldGen       total 524288K, used 415565K [0x00000000d0000000, 0x00000000f0000000, 0x00000000f0000000)
  object space 524288K, 79% used [0x00000000d0000000,0x00000000e95d3610,0x00000000f0000000)
 Metaspace       used 150776K, capacity 154966K, committed 179904K, reserved 1206272K
  class space    used 13736K, capacity 14966K, committed 23000K, reserved 1048576K
Event: 9456,784 GC heap after
Heap after GC invocations=348 (full 7):
 PSYoungGen      total 219136K, used 31551K [0x00000000f0000000, 0x0000000100000000, 0x0000000100000000)
  eden space 187392K, 0% used [0x00000000f0000000,0x00000000f0000000,0x00000000fb700000)
  from space 31744K, 99% used [0x00000000fb700000,0x00000000fd5cfc90,0x00000000fd600000)
  to   space 39936K, 0% used [0x00000000fd900000,0x00000000fd900000,0x0000000100000000)
 ParOldGen       total 524288K, used 415565K [0x00000000d0000000, 0x00000000f0000000, 0x00000000f0000000)
  object space 524288K, 79% used [0x00000000d0000000,0x00000000e95d3610,0x00000000f0000000)
 Metaspace       used 150776K, capacity 154966K, committed 179904K, reserved 1206272K
  class space    used 13736K, capacity 14966K, committed 23000K, reserved 1048576K
}
Event: 9456,925 GC heap before
{Heap before GC invocations=349 (full 7):
 PSYoungGen      total 219136K, used 218943K [0x00000000f0000000, 0x0000000100000000, 0x0000000100000000)
  eden space 187392K, 100% used [0x00000000f0000000,0x00000000fb700000,0x00000000fb700000)
  from space 31744K, 99% used [0x00000000fb700000,0x00000000fd5cfc90,0x00000000fd600000)
  to   space 39936K, 0% used [0x00000000fd900000,0x00000000fd900000,0x0000000100000000)
 ParOldGen       total 524288K, used 415565K [0x00000000d0000000, 0x00000000f0000000, 0x00000000f0000000)
  object space 524288K, 79% used [0x00000000d0000000,0x00000000e95d3610,0x00000000f0000000)
 Metaspace       used 150776K, capacity 154966K, committed 179904K, reserved 1206272K
  class space    used 13736K, capacity 14966K, committed 23000K, reserved 1048576K
Event: 9456,941 GC heap after
Heap after GC invocations=349 (full 7):
 PSYoungGen      total 218112K, used 29887K [0x00000000f0000000, 0x0000000100000000, 0x0000000100000000)
  eden space 178176K, 0% used [0x00000000f0000000,0x00000000f0000000,0x00000000fae00000)
  from space 39936K, 74% used [0x00000000fd900000,0x00000000ff62fc70,0x0000000100000000)
  to   space 41984K, 0% used [0x00000000fae00000,0x00000000fae00000,0x00000000fd700000)
 ParOldGen       total 524288K, used 417328K [0x00000000d0000000, 0x00000000f0000000, 0x00000000f0000000)
  object space 524288K, 79% used [0x00000000d0000000,0x00000000e978c200,0x00000000f0000000)
 Metaspace       used 150776K, capacity 154966K, committed 179904K, reserved 1206272K
  class space    used 13736K, capacity 14966K, committed 23000K, reserved 1048576K
}

