# JRE version: Java(TM) SE Runtime Environment (8.0_221-b11) (build 1.8.0_221-b11)
# Java VM: Java HotSpot(TM) 64-Bit Server VM (25.221-b11 mixed mode linux-amd64 compressed oops)
Heap:
 PSYoungGen      total 222720K, used 87883K [0x00000000f0000000, 0x0000000100000000, 0x0000000100000000)
  eden space 189440K, 33% used [0x00000000f0000000,0x00000000f3e8fdf8,0x00000000fb900000)
  from space 33280K, 71% used [0x00000000fdf80000,0x00000000ff6c3058,0x0000000100000000)
  to   space 36352K, 0% used [0x00000000fb900000,0x00000000fb900000,0x00000000fdc80000)
 ParOldGen       total 524288K, used 437365K [0x00000000d0000000, 0x00000000f0000000, 0x00000000f0000000)
  object space 524288K, 83% used [0x00000000d0000000,0x00000000eab1d688,0x00000000f0000000)
 Metaspace       used 128235K, capacity 133332K, committed 133568K, reserved 1169408K
  class space    used 12671K, capacity 14218K, committed 14336K, reserved 1048576K
GC Heap History (10 events):
Event: 566,170 GC heap before
{Heap before GC invocations=122 (full 4):
 PSYoungGen      total 221184K, used 189598K [0x00000000f0000000, 0x0000000100000000, 0x0000000100000000)
  eden space 182272K, 100% used [0x00000000f0000000,0x00000000fb200000,0x00000000fb200000)
  from space 38912K, 18% used [0x00000000fb200000,0x00000000fb9278d0,0x00000000fd800000)
  to   space 36352K, 0% used [0x00000000fdc80000,0x00000000fdc80000,0x0000000100000000)
 ParOldGen       total 524288K, used 437141K [0x00000000d0000000, 0x00000000f0000000, 0x00000000f0000000)
  object space 524288K, 83% used [0x00000000d0000000,0x00000000eaae5688,0x00000000f0000000)
 Metaspace       used 126420K, capacity 131336K, committed 131520K, reserved 1167360K
  class space    used 12494K, capacity 14001K, committed 14080K, reserved 1048576K
Event: 566,180 GC heap after
Heap after GC invocations=122 (full 4):
 PSYoungGen      total 227840K, used 4560K [0x00000000f0000000, 0x0000000100000000, 0x0000000100000000)
  eden space 191488K, 0% used [0x00000000f0000000,0x00000000f0000000,0x00000000fbb00000)
  from space 36352K, 12% used [0x00000000fdc80000,0x00000000fe0f43a0,0x0000000100000000)
  to   space 34304K, 0% used [0x00000000fbb00000,0x00000000fbb00000,0x00000000fdc80000)
 ParOldGen       total 524288K, used 437149K [0x00000000d0000000, 0x00000000f0000000, 0x00000000f0000000)
  object space 524288K, 83% used [0x00000000d0000000,0x00000000eaae7688,0x00000000f0000000)
 Metaspace       used 126420K, capacity 131336K, committed 131520K, reserved 1167360K
  class space    used 12494K, capacity 14001K, committed 14080K, reserved 1048576K
}
Event: 733,163 GC heap before
{Heap before GC invocations=123 (full 4):
 PSYoungGen      total 227840K, used 196048K [0x00000000f0000000, 0x0000000100000000, 0x0000000100000000)
  eden space 191488K, 100% used [0x00000000f0000000,0x00000000fbb00000,0x00000000fbb00000)
  from space 36352K, 12% used [0x00000000fdc80000,0x00000000fe0f43a0,0x0000000100000000)
  to   space 34304K, 0% used [0x00000000fbb00000,0x00000000fbb00000,0x00000000fdc80000)
 ParOldGen       total 524288K, used 437149K [0x00000000d0000000, 0x00000000f0000000, 0x00000000f0000000)
  object space 524288K, 83% used [0x00000000d0000000,0x00000000eaae7688,0x00000000f0000000)
 Metaspace       used 126426K, capacity 131348K, committed 131520K, reserved 1167360K
  class space    used 12495K, capacity 14003K, committed 14080K, reserved 1048576K
Event: 733,169 GC heap after
Heap after GC invocations=123 (full 4):
 PSYoungGen      total 225792K, used 6891K [0x00000000f0000000, 0x0000000100000000, 0x0000000100000000)
  eden space 191488K, 0% used [0x00000000f0000000,0x00000000f0000000,0x00000000fbb00000)
  from space 34304K, 20% used [0x00000000fbb00000,0x00000000fc1baec8,0x00000000fdc80000)
  to   space 32256K, 0% used [0x00000000fe080000,0x00000000fe080000,0x0000000100000000)
 ParOldGen       total 524288K, used 437213K [0x00000000d0000000, 0x00000000f0000000, 0x00000000f0000000)
  object space 524288K, 83% used [0x00000000d0000000,0x00000000eaaf7688,0x00000000f0000000)
 Metaspace       used 126426K, capacity 131348K, committed 131520K, reserved 1167360K
  class space    used 12495K, capacity 14003K, committed 14080K, reserved 1048576K
}
Event: 771,685 GC heap before
{Heap before GC invocations=124 (full 4):
 PSYoungGen      total 225792K, used 198379K [0x00000000f0000000, 0x0000000100000000, 0x0000000100000000)
  eden space 191488K, 100% used [0x00000000f0000000,0x00000000fbb00000,0x00000000fbb00000)
  from space 34304K, 20% used [0x00000000fbb00000,0x00000000fc1baec8,0x00000000fdc80000)
  to   space 32256K, 0% used [0x00000000fe080000,0x00000000fe080000,0x0000000100000000)
 ParOldGen       total 524288K, used 437213K [0x00000000d0000000, 0x00000000f0000000, 0x00000000f0000000)
  object space 524288K, 83% used [0x00000000d0000000,0x00000000eaaf7688,0x00000000f0000000)
 Metaspace       used 126496K, capacity 131444K, committed 131520K, reserved 1167360K
  class space    used 12507K, capacity 14019K, committed 14080K, reserved 1048576K
Event: 771,693 GC heap after
Heap after GC invocations=124 (full 4):
 PSYoungGen      total 231424K, used 4713K [0x00000000f0000000, 0x0000000100000000, 0x0000000100000000)
  eden space 199168K, 0% used [0x00000000f0000000,0x00000000f0000000,0x00000000fc280000)
  from space 32256K, 14% used [0x00000000fe080000,0x00000000fe51a508,0x0000000100000000)
  to   space 30720K, 0% used [0x00000000fc280000,0x00000000fc280000,0x00000000fe080000)
 ParOldGen       total 524288K, used 437277K [0x00000000d0000000, 0x00000000f0000000, 0x00000000f0000000)
  object space 524288K, 83% used [0x00000000d0000000,0x00000000eab07688,0x00000000f0000000)
 Metaspace       used 126496K, capacity 131444K, committed 131520K, reserved 1167360K
  class space    used 12507K, capacity 14019K, committed 14080K, reserved 1048576K
}
Event: 772,957 GC heap before
{Heap before GC invocations=125 (full 4):
 PSYoungGen      total 231424K, used 203881K [0x00000000f0000000, 0x0000000100000000, 0x0000000100000000)
  eden space 199168K, 100% used [0x00000000f0000000,0x00000000fc280000,0x00000000fc280000)
  from space 32256K, 14% used [0x00000000fe080000,0x00000000fe51a508,0x0000000100000000)
  to   space 30720K, 0% used [0x00000000fc280000,0x00000000fc280000,0x00000000fe080000)
 ParOldGen       total 524288K, used 437277K [0x00000000d0000000, 0x00000000f0000000, 0x00000000f0000000)
  object space 524288K, 83% used [0x00000000d0000000,0x00000000eab07688,0x00000000f0000000)
 Metaspace       used 127825K, capacity 132928K, committed 133184K, reserved 1169408K
  class space    used 12645K, capacity 14177K, committed 14208K, reserved 1048576K
Event: 772,968 GC heap after
Heap after GC invocations=125 (full 4):
 PSYoungGen      total 218112K, used 21376K [0x00000000f0000000, 0x0000000100000000, 0x0000000100000000)
  eden space 196608K, 0% used [0x00000000f0000000,0x00000000f0000000,0x00000000fc000000)
  from space 21504K, 99% used [0x00000000fc280000,0x00000000fd7600b8,0x00000000fd780000)
  to   space 33280K, 0% used [0x00000000fdf80000,0x00000000fdf80000,0x0000000100000000)
 ParOldGen       total 524288K, used 437293K [0x00000000d0000000, 0x00000000f0000000, 0x00000000f0000000)
  object space 524288K, 83% used [0x00000000d0000000,0x00000000eab0b688,0x00000000f0000000)
 Metaspace       used 127825K, capacity 132928K, committed 133184K, reserved 1169408K
  class space    used 12645K, capacity 14177K, committed 14208K, reserved 1048576K
}
Event: 774,277 GC heap before
{Heap before GC invocations=126 (full 4):
 PSYoungGen      total 218112K, used 217984K [0x00000000f0000000, 0x0000000100000000, 0x0000000100000000)
  eden space 196608K, 100% used [0x00000000f0000000,0x00000000fc000000,0x00000000fc000000)
  from space 21504K, 99% used [0x00000000fc280000,0x00000000fd7600b8,0x00000000fd780000)
  to   space 33280K, 0% used [0x00000000fdf80000,0x00000000fdf80000,0x0000000100000000)
 ParOldGen       total 524288K, used 437293K [0x00000000d0000000, 0x00000000f0000000, 0x00000000f0000000)
  object space 524288K, 83% used [0x00000000d0000000,0x00000000eab0b688,0x00000000f0000000)
 Metaspace       used 128231K, capacity 133326K, committed 133568K, reserved 1169408K
  class space    used 12669K, capacity 14216K, committed 14336K, reserved 1048576K
Event: 774,290 GC heap after
Heap after GC invocations=126 (full 4):
 PSYoungGen      total 222720K, used 23820K [0x00000000f0000000, 0x0000000100000000, 0x0000000100000000)
  eden space 189440K, 0% used [0x00000000f0000000,0x00000000f0000000,0x00000000fb900000)
  from space 33280K, 71% used [0x00000000fdf80000,0x00000000ff6c3058,0x0000000100000000)
  to   space 36352K, 0% used [0x00000000fb900000,0x00000000fb900000,0x00000000fdc80000)
 ParOldGen       total 524288K, used 437365K [0x00000000d0000000, 0x00000000f0000000, 0x00000000f0000000)
  object space 524288K, 83% used [0x00000000d0000000,0x00000000eab1d688,0x00000000f0000000)
 Metaspace       used 128231K, capacity 133326K, committed 133568K, reserved 1169408K
  class space    used 12669K, capacity 14216K, committed 14336K, reserved 1048576K
}

